CRITICAL - 2024-06-11 11:32:26 --> Invalid file: "{0}"
in SYSTEMPATH/Exceptions/FrameworkException.php on line 33.
 1 SYSTEMPATH/View/View.php(212): CodeIgniter\Exceptions\FrameworkException::forInvalidFile()
 2 SYSTEMPATH/Common.php(1180): CodeIgniter\View\View->render()
 3 APPPATH/Common.php(93): view()
 4 APPPATH/Views/themes/magazine/index.php(43): loadView()
 5 SYSTEMPATH/View/View.php(224): include('/var/www/company.qbuy.app/app/Views/themes/magazine/index.php')
 6 SYSTEMPATH/View/View.php(227): CodeIgniter\View\View->CodeIgniter\View\{closure}()
 7 SYSTEMPATH/Common.php(1180): CodeIgniter\View\View->render()
 8 APPPATH/Common.php(91): view()
 9 APPPATH/Controllers/HomeController.php(53): loadView()
10 SYSTEMPATH/CodeIgniter.php(932): App\Controllers\HomeController->index()
11 SYSTEMPATH/CodeIgniter.php(497): CodeIgniter\CodeIgniter->runController()
12 SYSTEMPATH/CodeIgniter.php(366): CodeIgniter\CodeIgniter->handleRequest()
13 FCPATH/index.php(78): CodeIgniter\CodeIgniter->run()
CRITICAL - 2024-06-11 11:32:58 --> Invalid file: "{0}"
in SYSTEMPATH/Exceptions/FrameworkException.php on line 33.
 1 SYSTEMPATH/View/View.php(212): CodeIgniter\Exceptions\FrameworkException::forInvalidFile()
 2 SYSTEMPATH/Common.php(1180): CodeIgniter\View\View->render()
 3 APPPATH/Common.php(93): view()
 4 APPPATH/Views/themes/magazine/index.php(43): loadView()
 5 SYSTEMPATH/View/View.php(224): include('/var/www/company.qbuy.app/app/Views/themes/magazine/index.php')
 6 SYSTEMPATH/View/View.php(227): CodeIgniter\View\View->CodeIgniter\View\{closure}()
 7 SYSTEMPATH/Common.php(1180): CodeIgniter\View\View->render()
 8 APPPATH/Common.php(91): view()
 9 APPPATH/Controllers/HomeController.php(53): loadView()
10 SYSTEMPATH/CodeIgniter.php(932): App\Controllers\HomeController->index()
11 SYSTEMPATH/CodeIgniter.php(497): CodeIgniter\CodeIgniter->runController()
12 SYSTEMPATH/CodeIgniter.php(366): CodeIgniter\CodeIgniter->handleRequest()
13 FCPATH/index.php(78): CodeIgniter\CodeIgniter->run()
CRITICAL - 2024-06-11 11:33:05 --> Invalid file: "{0}"
in SYSTEMPATH/Exceptions/FrameworkException.php on line 33.
 1 SYSTEMPATH/View/View.php(212): CodeIgniter\Exceptions\FrameworkException::forInvalidFile()
 2 SYSTEMPATH/Common.php(1180): CodeIgniter\View\View->render()
 3 APPPATH/Common.php(93): view()
 4 APPPATH/Views/themes/magazine/index.php(43): loadView()
 5 SYSTEMPATH/View/View.php(224): include('/var/www/company.qbuy.app/app/Views/themes/magazine/index.php')
 6 SYSTEMPATH/View/View.php(227): CodeIgniter\View\View->CodeIgniter\View\{closure}()
 7 SYSTEMPATH/Common.php(1180): CodeIgniter\View\View->render()
 8 APPPATH/Common.php(91): view()
 9 APPPATH/Controllers/HomeController.php(53): loadView()
10 SYSTEMPATH/CodeIgniter.php(932): App\Controllers\HomeController->index()
11 SYSTEMPATH/CodeIgniter.php(497): CodeIgniter\CodeIgniter->runController()
12 SYSTEMPATH/CodeIgniter.php(366): CodeIgniter\CodeIgniter->handleRequest()
13 FCPATH/index.php(78): CodeIgniter\CodeIgniter->run()
CRITICAL - 2024-06-11 11:37:27 --> Invalid file: "{0}"
in SYSTEMPATH/Exceptions/FrameworkException.php on line 33.
 1 SYSTEMPATH/View/View.php(212): CodeIgniter\Exceptions\FrameworkException::forInvalidFile()
 2 SYSTEMPATH/Common.php(1180): CodeIgniter\View\View->render()
 3 APPPATH/Common.php(93): view()
 4 APPPATH/Views/themes/magazine/index.php(45): loadView()
 5 SYSTEMPATH/View/View.php(224): include('/var/www/company.qbuy.app/app/Views/themes/magazine/index.php')
 6 SYSTEMPATH/View/View.php(227): CodeIgniter\View\View->CodeIgniter\View\{closure}()
 7 SYSTEMPATH/Common.php(1180): CodeIgniter\View\View->render()
 8 APPPATH/Common.php(91): view()
 9 APPPATH/Controllers/HomeController.php(53): loadView()
10 SYSTEMPATH/CodeIgniter.php(932): App\Controllers\HomeController->index()
11 SYSTEMPATH/CodeIgniter.php(497): CodeIgniter\CodeIgniter->runController()
12 SYSTEMPATH/CodeIgniter.php(366): CodeIgniter\CodeIgniter->handleRequest()
13 FCPATH/index.php(78): CodeIgniter\CodeIgniter->run()
CRITICAL - 2024-06-11 11:38:28 --> Call to undefined function iew()
in APPPATH/Views/themes/magazine/index.php on line 46.
 1 SYSTEMPATH/View/View.php(224): include()
 2 SYSTEMPATH/View/View.php(227): CodeIgniter\View\View->CodeIgniter\View\{closure}()
 3 SYSTEMPATH/Common.php(1180): CodeIgniter\View\View->render()
 4 APPPATH/Common.php(91): view()
 5 APPPATH/Controllers/HomeController.php(53): loadView()
 6 SYSTEMPATH/CodeIgniter.php(932): App\Controllers\HomeController->index()
 7 SYSTEMPATH/CodeIgniter.php(497): CodeIgniter\CodeIgniter->runController()
 8 SYSTEMPATH/CodeIgniter.php(366): CodeIgniter\CodeIgniter->handleRequest()
 9 FCPATH/index.php(78): CodeIgniter\CodeIgniter->run()
