CRITICAL - 2024-06-06 11:30:27 --> Undefined variable $category
in APPPATH/Views/themes/news/partials/_main_slider.php on line 162.
 1 APPPATH/Views/themes/news/partials/_main_slider.php(162): CodeIgniter\Debug\Exceptions->errorHandler()
 2 SYSTEMPATH/View/View.php(224): include('/var/www/company.qbuy.app/app/Views/themes/news/partials/_main_slider.php')
 3 SYSTEMPATH/View/View.php(227): CodeIgniter\View\View->CodeIgniter\View\{closure}()
 4 SYSTEMPATH/Common.php(1180): CodeIgniter\View\View->render()
 5 APPPATH/Views/themes/magazine/index.php(30): view()
 6 SYSTEMPATH/View/View.php(224): include('/var/www/company.qbuy.app/app/Views/themes/magazine/index.php')
 7 SYSTEMPATH/View/View.php(227): CodeIgniter\View\View->CodeIgniter\View\{closure}()
 8 SYSTEMPATH/Common.php(1180): CodeIgniter\View\View->render()
 9 APPPATH/Common.php(91): view()
10 APPPATH/Controllers/HomeController.php(53): loadView()
11 SYSTEMPATH/CodeIgniter.php(932): App\Controllers\HomeController->index()
12 SYSTEMPATH/CodeIgniter.php(497): CodeIgniter\CodeIgniter->runController()
13 SYSTEMPATH/CodeIgniter.php(366): CodeIgniter\CodeIgniter->handleRequest()
14 FCPATH/index.php(78): CodeIgniter\CodeIgniter->run()
CRITICAL - 2024-06-06 11:30:34 --> Undefined variable $category
in APPPATH/Views/themes/news/partials/_main_slider.php on line 164.
 1 APPPATH/Views/themes/news/partials/_main_slider.php(164): CodeIgniter\Debug\Exceptions->errorHandler()
 2 SYSTEMPATH/View/View.php(224): include('/var/www/company.qbuy.app/app/Views/themes/news/partials/_main_slider.php')
 3 SYSTEMPATH/View/View.php(227): CodeIgniter\View\View->CodeIgniter\View\{closure}()
 4 SYSTEMPATH/Common.php(1180): CodeIgniter\View\View->render()
 5 APPPATH/Views/themes/magazine/index.php(30): view()
 6 SYSTEMPATH/View/View.php(224): include('/var/www/company.qbuy.app/app/Views/themes/magazine/index.php')
 7 SYSTEMPATH/View/View.php(227): CodeIgniter\View\View->CodeIgniter\View\{closure}()
 8 SYSTEMPATH/Common.php(1180): CodeIgniter\View\View->render()
 9 APPPATH/Common.php(91): view()
10 APPPATH/Controllers/HomeController.php(53): loadView()
11 SYSTEMPATH/CodeIgniter.php(932): App\Controllers\HomeController->index()
12 SYSTEMPATH/CodeIgniter.php(497): CodeIgniter\CodeIgniter->runController()
13 SYSTEMPATH/CodeIgniter.php(366): CodeIgniter\CodeIgniter->handleRequest()
14 FCPATH/index.php(78): CodeIgniter\CodeIgniter->run()
CRITICAL - 2024-06-06 11:30:39 --> Undefined variable $category
in APPPATH/Views/themes/news/partials/_main_slider.php on line 164.
 1 APPPATH/Views/themes/news/partials/_main_slider.php(164): CodeIgniter\Debug\Exceptions->errorHandler()
 2 SYSTEMPATH/View/View.php(224): include('/var/www/company.qbuy.app/app/Views/themes/news/partials/_main_slider.php')
 3 SYSTEMPATH/View/View.php(227): CodeIgniter\View\View->CodeIgniter\View\{closure}()
 4 SYSTEMPATH/Common.php(1180): CodeIgniter\View\View->render()
 5 APPPATH/Views/themes/magazine/index.php(30): view()
 6 SYSTEMPATH/View/View.php(224): include('/var/www/company.qbuy.app/app/Views/themes/magazine/index.php')
 7 SYSTEMPATH/View/View.php(227): CodeIgniter\View\View->CodeIgniter\View\{closure}()
 8 SYSTEMPATH/Common.php(1180): CodeIgniter\View\View->render()
 9 APPPATH/Common.php(91): view()
10 APPPATH/Controllers/HomeController.php(53): loadView()
11 SYSTEMPATH/CodeIgniter.php(932): App\Controllers\HomeController->index()
12 SYSTEMPATH/CodeIgniter.php(497): CodeIgniter\CodeIgniter->runController()
13 SYSTEMPATH/CodeIgniter.php(366): CodeIgniter\CodeIgniter->handleRequest()
14 FCPATH/index.php(78): CodeIgniter\CodeIgniter->run()
CRITICAL - 2024-06-06 11:31:04 --> Undefined variable $category
in APPPATH/Views/themes/news/partials/_main_slider.php on line 164.
 1 APPPATH/Views/themes/news/partials/_main_slider.php(164): CodeIgniter\Debug\Exceptions->errorHandler()
 2 SYSTEMPATH/View/View.php(224): include('/var/www/company.qbuy.app/app/Views/themes/news/partials/_main_slider.php')
 3 SYSTEMPATH/View/View.php(227): CodeIgniter\View\View->CodeIgniter\View\{closure}()
 4 SYSTEMPATH/Common.php(1180): CodeIgniter\View\View->render()
 5 APPPATH/Views/themes/magazine/index.php(30): view()
 6 SYSTEMPATH/View/View.php(224): include('/var/www/company.qbuy.app/app/Views/themes/magazine/index.php')
 7 SYSTEMPATH/View/View.php(227): CodeIgniter\View\View->CodeIgniter\View\{closure}()
 8 SYSTEMPATH/Common.php(1180): CodeIgniter\View\View->render()
 9 APPPATH/Common.php(91): view()
10 APPPATH/Controllers/HomeController.php(53): loadView()
11 SYSTEMPATH/CodeIgniter.php(932): App\Controllers\HomeController->index()
12 SYSTEMPATH/CodeIgniter.php(497): CodeIgniter\CodeIgniter->runController()
13 SYSTEMPATH/CodeIgniter.php(366): CodeIgniter\CodeIgniter->handleRequest()
14 FCPATH/index.php(78): CodeIgniter\CodeIgniter->run()
CRITICAL - 2024-06-06 11:35:02 --> Undefined variable $category
in APPPATH/Views/themes/news/partials/_main_slider.php on line 134.
 1 APPPATH/Views/themes/news/partials/_main_slider.php(134): CodeIgniter\Debug\Exceptions->errorHandler()
 2 SYSTEMPATH/View/View.php(224): include('/var/www/company.qbuy.app/app/Views/themes/news/partials/_main_slider.php')
 3 SYSTEMPATH/View/View.php(227): CodeIgniter\View\View->CodeIgniter\View\{closure}()
 4 SYSTEMPATH/Common.php(1180): CodeIgniter\View\View->render()
 5 APPPATH/Views/themes/magazine/index.php(30): view()
 6 SYSTEMPATH/View/View.php(224): include('/var/www/company.qbuy.app/app/Views/themes/magazine/index.php')
 7 SYSTEMPATH/View/View.php(227): CodeIgniter\View\View->CodeIgniter\View\{closure}()
 8 SYSTEMPATH/Common.php(1180): CodeIgniter\View\View->render()
 9 APPPATH/Common.php(91): view()
10 APPPATH/Controllers/HomeController.php(53): loadView()
11 SYSTEMPATH/CodeIgniter.php(932): App\Controllers\HomeController->index()
12 SYSTEMPATH/CodeIgniter.php(497): CodeIgniter\CodeIgniter->runController()
13 SYSTEMPATH/CodeIgniter.php(366): CodeIgniter\CodeIgniter->handleRequest()
14 FCPATH/index.php(78): CodeIgniter\CodeIgniter->run()
