INFO - 2024-07-18 01:41:04 --> Session: Class initialized using 'CodeIgniter\Session\Handlers\DatabaseHandler' driver.
INFO - 2024-07-18 02:21:41 --> Session: Class initialized using 'CodeIgniter\Session\Handlers\DatabaseHandler' driver.
INFO - 2024-07-18 02:28:49 --> Session: Class initialized using 'CodeIgniter\Session\Handlers\DatabaseHandler' driver.
INFO - 2024-07-18 02:31:26 --> Session: Class initialized using 'CodeIgniter\Session\Handlers\DatabaseHandler' driver.
INFO - 2024-07-18 02:50:56 --> Session: Class initialized using 'CodeIgniter\Session\Handlers\DatabaseHandler' driver.
INFO - 2024-07-18 03:12:34 --> Session: Class initialized using 'CodeIgniter\Session\Handlers\DatabaseHandler' driver.
INFO - 2024-07-18 03:21:12 --> Session: Class initialized using 'CodeIgniter\Session\Handlers\DatabaseHandler' driver.
INFO - 2024-07-18 03:21:44 --> Session: Class initialized using 'CodeIgniter\Session\Handlers\DatabaseHandler' driver.
INFO - 2024-07-18 03:32:58 --> Session: Class initialized using 'CodeIgniter\Session\Handlers\DatabaseHandler' driver.
INFO - 2024-07-18 03:37:12 --> Session: Class initialized using 'CodeIgniter\Session\Handlers\DatabaseHandler' driver.
INFO - 2024-07-18 03:39:42 --> Session: Class initialized using 'CodeIgniter\Session\Handlers\DatabaseHandler' driver.
INFO - 2024-07-18 03:41:11 --> Session: Class initialized using 'CodeIgniter\Session\Handlers\DatabaseHandler' driver.
INFO - 2024-07-18 03:43:58 --> Session: Class initialized using 'CodeIgniter\Session\Handlers\DatabaseHandler' driver.
INFO - 2024-07-18 03:44:00 --> Session: Class initialized using 'CodeIgniter\Session\Handlers\DatabaseHandler' driver.
INFO - 2024-07-18 03:53:12 --> Session: Class initialized using 'CodeIgniter\Session\Handlers\DatabaseHandler' driver.
INFO - 2024-07-18 04:05:27 --> Session: Class initialized using 'CodeIgniter\Session\Handlers\DatabaseHandler' driver.
INFO - 2024-07-18 04:11:01 --> Session: Class initialized using 'CodeIgniter\Session\Handlers\DatabaseHandler' driver.
INFO - 2024-07-18 04:33:10 --> Session: Class initialized using 'CodeIgniter\Session\Handlers\DatabaseHandler' driver.
INFO - 2024-07-18 04:34:57 --> Session: Class initialized using 'CodeIgniter\Session\Handlers\DatabaseHandler' driver.
INFO - 2024-07-18 04:40:48 --> Session: Class initialized using 'CodeIgniter\Session\Handlers\DatabaseHandler' driver.
INFO - 2024-07-18 04:49:15 --> Session: Class initialized using 'CodeIgniter\Session\Handlers\DatabaseHandler' driver.
INFO - 2024-07-18 04:49:19 --> Session: Class initialized using 'CodeIgniter\Session\Handlers\DatabaseHandler' driver.
INFO - 2024-07-18 04:49:23 --> Session: Class initialized using 'CodeIgniter\Session\Handlers\DatabaseHandler' driver.
ERROR - 2024-07-18 06:51:31 --> Error connecting to the database: mysqli_sql_exception: No such file or directory in /var/www/company.qbuy.app/system/Database/MySQLi/Connection.php:173
Stack trace:
#0 /var/www/company.qbuy.app/system/Database/MySQLi/Connection.php(173): mysqli->real_connect()
#1 /var/www/company.qbuy.app/system/Database/BaseConnection.php(391): CodeIgniter\Database\MySQLi\Connection->connect()
#2 /var/www/company.qbuy.app/system/Session/Handlers/DatabaseHandler.php(109): CodeIgniter\Database\BaseConnection->initialize()
#3 [internal function]: CodeIgniter\Session\Handlers\DatabaseHandler->open()
#4 /var/www/company.qbuy.app/system/Session/Session.php(920): session_start()
#5 /var/www/company.qbuy.app/system/Session/Session.php(250): CodeIgniter\Session\Session->startSession()
#6 /var/www/company.qbuy.app/system/Config/Services.php(674): CodeIgniter\Session\Session->start()
#7 /var/www/company.qbuy.app/system/Config/BaseService.php(252): CodeIgniter\Config\Services::session()
#8 /var/www/company.qbuy.app/system/Config/BaseService.php(193): CodeIgniter\Config\BaseService::__callStatic()
#9 /var/www/company.qbuy.app/system/Config/Services.php(641): CodeIgniter\Config\BaseService::getSharedInstance()
#10 /var/www/company.qbuy.app/system/Config/BaseService.php(252): CodeIgniter\Config\Services::session()
#11 /var/www/company.qbuy.app/app/Config/Globals.php(29): CodeIgniter\Config\BaseService::__callStatic()
#12 /var/www/company.qbuy.app/app/Config/Globals.php(120): Config\Globals::setGlobals()
#13 /var/www/company.qbuy.app/system/Autoloader/Autoloader.php(312): include_once('...')
#14 /var/www/company.qbuy.app/system/Autoloader/Autoloader.php(289): CodeIgniter\Autoloader\Autoloader->includeFile()
#15 /var/www/company.qbuy.app/system/Autoloader/Autoloader.php(267): CodeIgniter\Autoloader\Autoloader->loadInNamespace()
#16 /var/www/company.qbuy.app/app/Config/Routes.php(7): CodeIgniter\Autoloader\Autoloader->loadClass()
#17 /var/www/company.qbuy.app/system/Router/RouteCollection.php(267): require('...')
#18 /var/www/company.qbuy.app/system/CodeIgniter.php(800): CodeIgniter\Router\RouteCollection->loadRoutes()
#19 /var/www/company.qbuy.app/system/CodeIgniter.php(447): CodeIgniter\CodeIgniter->tryToRouteIt()
#20 /var/www/company.qbuy.app/system/CodeIgniter.php(366): CodeIgniter\CodeIgniter->handleRequest()
#21 /var/www/company.qbuy.app/index.php(78): CodeIgniter\CodeIgniter->run()
#22 {main}

Next CodeIgniter\Database\Exceptions\DatabaseException: No such file or directory in /var/www/company.qbuy.app/system/Database/MySQLi/Connection.php:218
Stack trace:
#0 /var/www/company.qbuy.app/system/Database/BaseConnection.php(391): CodeIgniter\Database\MySQLi\Connection->connect()
#1 /var/www/company.qbuy.app/system/Session/Handlers/DatabaseHandler.php(109): CodeIgniter\Database\BaseConnection->initialize()
#2 [internal function]: CodeIgniter\Session\Handlers\DatabaseHandler->open()
#3 /var/www/company.qbuy.app/system/Session/Session.php(920): session_start()
#4 /var/www/company.qbuy.app/system/Session/Session.php(250): CodeIgniter\Session\Session->startSession()
#5 /var/www/company.qbuy.app/system/Config/Services.php(674): CodeIgniter\Session\Session->start()
#6 /var/www/company.qbuy.app/system/Config/BaseService.php(252): CodeIgniter\Config\Services::session()
#7 /var/www/company.qbuy.app/system/Config/BaseService.php(193): CodeIgniter\Config\BaseService::__callStatic()
#8 /var/www/company.qbuy.app/system/Config/Services.php(641): CodeIgniter\Config\BaseService::getSharedInstance()
#9 /var/www/company.qbuy.app/system/Config/BaseService.php(252): CodeIgniter\Config\Services::session()
#10 /var/www/company.qbuy.app/app/Config/Globals.php(29): CodeIgniter\Config\BaseService::__callStatic()
#11 /var/www/company.qbuy.app/app/Config/Globals.php(120): Config\Globals::setGlobals()
#12 /var/www/company.qbuy.app/system/Autoloader/Autoloader.php(312): include_once('...')
#13 /var/www/company.qbuy.app/system/Autoloader/Autoloader.php(289): CodeIgniter\Autoloader\Autoloader->includeFile()
#14 /var/www/company.qbuy.app/system/Autoloader/Autoloader.php(267): CodeIgniter\Autoloader\Autoloader->loadInNamespace()
#15 /var/www/company.qbuy.app/app/Config/Routes.php(7): CodeIgniter\Autoloader\Autoloader->loadClass()
#16 /var/www/company.qbuy.app/system/Router/RouteCollection.php(267): require('...')
#17 /var/www/company.qbuy.app/system/CodeIgniter.php(800): CodeIgniter\Router\RouteCollection->loadRoutes()
#18 /var/www/company.qbuy.app/system/CodeIgniter.php(447): CodeIgniter\CodeIgniter->tryToRouteIt()
#19 /var/www/company.qbuy.app/system/CodeIgniter.php(366): CodeIgniter\CodeIgniter->handleRequest()
#20 /var/www/company.qbuy.app/index.php(78): CodeIgniter\CodeIgniter->run()
#21 {main}
CRITICAL - 2024-07-18 06:51:31 --> Unable to connect to the database.
Main connection [MySQLi]: No such file or directory
in SYSTEMPATH/Database/BaseConnection.php on line 427.
 1 SYSTEMPATH/Session/Handlers/DatabaseHandler.php(109): CodeIgniter\Database\BaseConnection->initialize()
 2 [internal function]: CodeIgniter\Session\Handlers\DatabaseHandler->open()
 3 SYSTEMPATH/Session/Session.php(920): session_start()
 4 SYSTEMPATH/Session/Session.php(250): CodeIgniter\Session\Session->startSession()
 5 SYSTEMPATH/Config/Services.php(674): CodeIgniter\Session\Session->start()
 6 SYSTEMPATH/Config/BaseService.php(252): CodeIgniter\Config\Services::session()
 7 SYSTEMPATH/Config/BaseService.php(193): CodeIgniter\Config\BaseService::__callStatic()
 8 SYSTEMPATH/Config/Services.php(641): CodeIgniter\Config\BaseService::getSharedInstance()
 9 SYSTEMPATH/Config/BaseService.php(252): CodeIgniter\Config\Services::session()
10 APPPATH/Config/Globals.php(29): CodeIgniter\Config\BaseService::__callStatic()
11 APPPATH/Config/Globals.php(120): Config\Globals::setGlobals()
12 SYSTEMPATH/Autoloader/Autoloader.php(312): include_once('/var/www/company.qbuy.app/app/Config/Globals.php')
13 SYSTEMPATH/Autoloader/Autoloader.php(289): CodeIgniter\Autoloader\Autoloader->includeFile()
14 SYSTEMPATH/Autoloader/Autoloader.php(267): CodeIgniter\Autoloader\Autoloader->loadInNamespace()
15 APPPATH/Config/Routes.php(7): CodeIgniter\Autoloader\Autoloader->loadClass()
16 SYSTEMPATH/Router/RouteCollection.php(267): require('/var/www/company.qbuy.app/app/Config/Routes.php')
17 SYSTEMPATH/CodeIgniter.php(800): CodeIgniter\Router\RouteCollection->loadRoutes()
18 SYSTEMPATH/CodeIgniter.php(447): CodeIgniter\CodeIgniter->tryToRouteIt()
19 SYSTEMPATH/CodeIgniter.php(366): CodeIgniter\CodeIgniter->handleRequest()
20 FCPATH/index.php(78): CodeIgniter\CodeIgniter->run()
ERROR - 2024-07-18 06:51:32 --> Error connecting to the database: mysqli_sql_exception: No such file or directory in /var/www/company.qbuy.app/system/Database/MySQLi/Connection.php:173
Stack trace:
#0 /var/www/company.qbuy.app/system/Database/MySQLi/Connection.php(173): mysqli->real_connect()
#1 /var/www/company.qbuy.app/system/Database/BaseConnection.php(391): CodeIgniter\Database\MySQLi\Connection->connect()
#2 /var/www/company.qbuy.app/system/Session/Handlers/DatabaseHandler.php(109): CodeIgniter\Database\BaseConnection->initialize()
#3 [internal function]: CodeIgniter\Session\Handlers\DatabaseHandler->open()
#4 /var/www/company.qbuy.app/system/Session/Session.php(920): session_start()
#5 /var/www/company.qbuy.app/system/Session/Session.php(250): CodeIgniter\Session\Session->startSession()
#6 /var/www/company.qbuy.app/system/Config/Services.php(674): CodeIgniter\Session\Session->start()
#7 /var/www/company.qbuy.app/system/Config/BaseService.php(252): CodeIgniter\Config\Services::session()
#8 /var/www/company.qbuy.app/system/Config/BaseService.php(193): CodeIgniter\Config\BaseService::__callStatic()
#9 /var/www/company.qbuy.app/system/Config/Services.php(641): CodeIgniter\Config\BaseService::getSharedInstance()
#10 /var/www/company.qbuy.app/system/Config/BaseService.php(252): CodeIgniter\Config\Services::session()
#11 /var/www/company.qbuy.app/app/Config/Globals.php(29): CodeIgniter\Config\BaseService::__callStatic()
#12 /var/www/company.qbuy.app/app/Config/Globals.php(120): Config\Globals::setGlobals()
#13 /var/www/company.qbuy.app/system/Autoloader/Autoloader.php(312): include_once('...')
#14 /var/www/company.qbuy.app/system/Autoloader/Autoloader.php(289): CodeIgniter\Autoloader\Autoloader->includeFile()
#15 /var/www/company.qbuy.app/system/Autoloader/Autoloader.php(267): CodeIgniter\Autoloader\Autoloader->loadInNamespace()
#16 /var/www/company.qbuy.app/app/Config/Routes.php(7): CodeIgniter\Autoloader\Autoloader->loadClass()
#17 /var/www/company.qbuy.app/system/Router/RouteCollection.php(267): require('...')
#18 /var/www/company.qbuy.app/system/CodeIgniter.php(800): CodeIgniter\Router\RouteCollection->loadRoutes()
#19 /var/www/company.qbuy.app/system/CodeIgniter.php(447): CodeIgniter\CodeIgniter->tryToRouteIt()
#20 /var/www/company.qbuy.app/system/CodeIgniter.php(366): CodeIgniter\CodeIgniter->handleRequest()
#21 /var/www/company.qbuy.app/index.php(78): CodeIgniter\CodeIgniter->run()
#22 {main}

Next CodeIgniter\Database\Exceptions\DatabaseException: No such file or directory in /var/www/company.qbuy.app/system/Database/MySQLi/Connection.php:218
Stack trace:
#0 /var/www/company.qbuy.app/system/Database/BaseConnection.php(391): CodeIgniter\Database\MySQLi\Connection->connect()
#1 /var/www/company.qbuy.app/system/Session/Handlers/DatabaseHandler.php(109): CodeIgniter\Database\BaseConnection->initialize()
#2 [internal function]: CodeIgniter\Session\Handlers\DatabaseHandler->open()
#3 /var/www/company.qbuy.app/system/Session/Session.php(920): session_start()
#4 /var/www/company.qbuy.app/system/Session/Session.php(250): CodeIgniter\Session\Session->startSession()
#5 /var/www/company.qbuy.app/system/Config/Services.php(674): CodeIgniter\Session\Session->start()
#6 /var/www/company.qbuy.app/system/Config/BaseService.php(252): CodeIgniter\Config\Services::session()
#7 /var/www/company.qbuy.app/system/Config/BaseService.php(193): CodeIgniter\Config\BaseService::__callStatic()
#8 /var/www/company.qbuy.app/system/Config/Services.php(641): CodeIgniter\Config\BaseService::getSharedInstance()
#9 /var/www/company.qbuy.app/system/Config/BaseService.php(252): CodeIgniter\Config\Services::session()
#10 /var/www/company.qbuy.app/app/Config/Globals.php(29): CodeIgniter\Config\BaseService::__callStatic()
#11 /var/www/company.qbuy.app/app/Config/Globals.php(120): Config\Globals::setGlobals()
#12 /var/www/company.qbuy.app/system/Autoloader/Autoloader.php(312): include_once('...')
#13 /var/www/company.qbuy.app/system/Autoloader/Autoloader.php(289): CodeIgniter\Autoloader\Autoloader->includeFile()
#14 /var/www/company.qbuy.app/system/Autoloader/Autoloader.php(267): CodeIgniter\Autoloader\Autoloader->loadInNamespace()
#15 /var/www/company.qbuy.app/app/Config/Routes.php(7): CodeIgniter\Autoloader\Autoloader->loadClass()
#16 /var/www/company.qbuy.app/system/Router/RouteCollection.php(267): require('...')
#17 /var/www/company.qbuy.app/system/CodeIgniter.php(800): CodeIgniter\Router\RouteCollection->loadRoutes()
#18 /var/www/company.qbuy.app/system/CodeIgniter.php(447): CodeIgniter\CodeIgniter->tryToRouteIt()
#19 /var/www/company.qbuy.app/system/CodeIgniter.php(366): CodeIgniter\CodeIgniter->handleRequest()
#20 /var/www/company.qbuy.app/index.php(78): CodeIgniter\CodeIgniter->run()
#21 {main}
CRITICAL - 2024-07-18 06:51:32 --> Unable to connect to the database.
Main connection [MySQLi]: No such file or directory
in SYSTEMPATH/Database/BaseConnection.php on line 427.
 1 SYSTEMPATH/Session/Handlers/DatabaseHandler.php(109): CodeIgniter\Database\BaseConnection->initialize()
 2 [internal function]: CodeIgniter\Session\Handlers\DatabaseHandler->open()
 3 SYSTEMPATH/Session/Session.php(920): session_start()
 4 SYSTEMPATH/Session/Session.php(250): CodeIgniter\Session\Session->startSession()
 5 SYSTEMPATH/Config/Services.php(674): CodeIgniter\Session\Session->start()
 6 SYSTEMPATH/Config/BaseService.php(252): CodeIgniter\Config\Services::session()
 7 SYSTEMPATH/Config/BaseService.php(193): CodeIgniter\Config\BaseService::__callStatic()
 8 SYSTEMPATH/Config/Services.php(641): CodeIgniter\Config\BaseService::getSharedInstance()
 9 SYSTEMPATH/Config/BaseService.php(252): CodeIgniter\Config\Services::session()
10 APPPATH/Config/Globals.php(29): CodeIgniter\Config\BaseService::__callStatic()
11 APPPATH/Config/Globals.php(120): Config\Globals::setGlobals()
12 SYSTEMPATH/Autoloader/Autoloader.php(312): include_once('/var/www/company.qbuy.app/app/Config/Globals.php')
13 SYSTEMPATH/Autoloader/Autoloader.php(289): CodeIgniter\Autoloader\Autoloader->includeFile()
14 SYSTEMPATH/Autoloader/Autoloader.php(267): CodeIgniter\Autoloader\Autoloader->loadInNamespace()
15 APPPATH/Config/Routes.php(7): CodeIgniter\Autoloader\Autoloader->loadClass()
16 SYSTEMPATH/Router/RouteCollection.php(267): require('/var/www/company.qbuy.app/app/Config/Routes.php')
17 SYSTEMPATH/CodeIgniter.php(800): CodeIgniter\Router\RouteCollection->loadRoutes()
18 SYSTEMPATH/CodeIgniter.php(447): CodeIgniter\CodeIgniter->tryToRouteIt()
19 SYSTEMPATH/CodeIgniter.php(366): CodeIgniter\CodeIgniter->handleRequest()
20 FCPATH/index.php(78): CodeIgniter\CodeIgniter->run()
ERROR - 2024-07-18 06:51:32 --> Error connecting to the database: mysqli_sql_exception: No such file or directory in /var/www/company.qbuy.app/system/Database/MySQLi/Connection.php:173
Stack trace:
#0 /var/www/company.qbuy.app/system/Database/MySQLi/Connection.php(173): mysqli->real_connect()
#1 /var/www/company.qbuy.app/system/Database/BaseConnection.php(391): CodeIgniter\Database\MySQLi\Connection->connect()
#2 /var/www/company.qbuy.app/system/Session/Handlers/DatabaseHandler.php(109): CodeIgniter\Database\BaseConnection->initialize()
#3 [internal function]: CodeIgniter\Session\Handlers\DatabaseHandler->open()
#4 /var/www/company.qbuy.app/system/Session/Session.php(920): session_start()
#5 /var/www/company.qbuy.app/system/Session/Session.php(250): CodeIgniter\Session\Session->startSession()
#6 /var/www/company.qbuy.app/system/Config/Services.php(674): CodeIgniter\Session\Session->start()
#7 /var/www/company.qbuy.app/system/Config/BaseService.php(252): CodeIgniter\Config\Services::session()
#8 /var/www/company.qbuy.app/system/Config/BaseService.php(193): CodeIgniter\Config\BaseService::__callStatic()
#9 /var/www/company.qbuy.app/system/Config/Services.php(641): CodeIgniter\Config\BaseService::getSharedInstance()
#10 /var/www/company.qbuy.app/system/Config/BaseService.php(252): CodeIgniter\Config\Services::session()
#11 /var/www/company.qbuy.app/app/Config/Globals.php(29): CodeIgniter\Config\BaseService::__callStatic()
#12 /var/www/company.qbuy.app/app/Config/Globals.php(120): Config\Globals::setGlobals()
#13 /var/www/company.qbuy.app/system/Autoloader/Autoloader.php(312): include_once('...')
#14 /var/www/company.qbuy.app/system/Autoloader/Autoloader.php(289): CodeIgniter\Autoloader\Autoloader->includeFile()
#15 /var/www/company.qbuy.app/system/Autoloader/Autoloader.php(267): CodeIgniter\Autoloader\Autoloader->loadInNamespace()
#16 /var/www/company.qbuy.app/app/Config/Routes.php(7): CodeIgniter\Autoloader\Autoloader->loadClass()
#17 /var/www/company.qbuy.app/system/Router/RouteCollection.php(267): require('...')
#18 /var/www/company.qbuy.app/system/CodeIgniter.php(800): CodeIgniter\Router\RouteCollection->loadRoutes()
#19 /var/www/company.qbuy.app/system/CodeIgniter.php(447): CodeIgniter\CodeIgniter->tryToRouteIt()
#20 /var/www/company.qbuy.app/system/CodeIgniter.php(366): CodeIgniter\CodeIgniter->handleRequest()
#21 /var/www/company.qbuy.app/index.php(78): CodeIgniter\CodeIgniter->run()
#22 {main}

Next CodeIgniter\Database\Exceptions\DatabaseException: No such file or directory in /var/www/company.qbuy.app/system/Database/MySQLi/Connection.php:218
Stack trace:
#0 /var/www/company.qbuy.app/system/Database/BaseConnection.php(391): CodeIgniter\Database\MySQLi\Connection->connect()
#1 /var/www/company.qbuy.app/system/Session/Handlers/DatabaseHandler.php(109): CodeIgniter\Database\BaseConnection->initialize()
#2 [internal function]: CodeIgniter\Session\Handlers\DatabaseHandler->open()
#3 /var/www/company.qbuy.app/system/Session/Session.php(920): session_start()
#4 /var/www/company.qbuy.app/system/Session/Session.php(250): CodeIgniter\Session\Session->startSession()
#5 /var/www/company.qbuy.app/system/Config/Services.php(674): CodeIgniter\Session\Session->start()
#6 /var/www/company.qbuy.app/system/Config/BaseService.php(252): CodeIgniter\Config\Services::session()
#7 /var/www/company.qbuy.app/system/Config/BaseService.php(193): CodeIgniter\Config\BaseService::__callStatic()
#8 /var/www/company.qbuy.app/system/Config/Services.php(641): CodeIgniter\Config\BaseService::getSharedInstance()
#9 /var/www/company.qbuy.app/system/Config/BaseService.php(252): CodeIgniter\Config\Services::session()
#10 /var/www/company.qbuy.app/app/Config/Globals.php(29): CodeIgniter\Config\BaseService::__callStatic()
#11 /var/www/company.qbuy.app/app/Config/Globals.php(120): Config\Globals::setGlobals()
#12 /var/www/company.qbuy.app/system/Autoloader/Autoloader.php(312): include_once('...')
#13 /var/www/company.qbuy.app/system/Autoloader/Autoloader.php(289): CodeIgniter\Autoloader\Autoloader->includeFile()
#14 /var/www/company.qbuy.app/system/Autoloader/Autoloader.php(267): CodeIgniter\Autoloader\Autoloader->loadInNamespace()
#15 /var/www/company.qbuy.app/app/Config/Routes.php(7): CodeIgniter\Autoloader\Autoloader->loadClass()
#16 /var/www/company.qbuy.app/system/Router/RouteCollection.php(267): require('...')
#17 /var/www/company.qbuy.app/system/CodeIgniter.php(800): CodeIgniter\Router\RouteCollection->loadRoutes()
#18 /var/www/company.qbuy.app/system/CodeIgniter.php(447): CodeIgniter\CodeIgniter->tryToRouteIt()
#19 /var/www/company.qbuy.app/system/CodeIgniter.php(366): CodeIgniter\CodeIgniter->handleRequest()
#20 /var/www/company.qbuy.app/index.php(78): CodeIgniter\CodeIgniter->run()
#21 {main}
CRITICAL - 2024-07-18 06:51:32 --> Unable to connect to the database.
Main connection [MySQLi]: No such file or directory
in SYSTEMPATH/Database/BaseConnection.php on line 427.
 1 SYSTEMPATH/Session/Handlers/DatabaseHandler.php(109): CodeIgniter\Database\BaseConnection->initialize()
 2 [internal function]: CodeIgniter\Session\Handlers\DatabaseHandler->open()
 3 SYSTEMPATH/Session/Session.php(920): session_start()
 4 SYSTEMPATH/Session/Session.php(250): CodeIgniter\Session\Session->startSession()
 5 SYSTEMPATH/Config/Services.php(674): CodeIgniter\Session\Session->start()
 6 SYSTEMPATH/Config/BaseService.php(252): CodeIgniter\Config\Services::session()
 7 SYSTEMPATH/Config/BaseService.php(193): CodeIgniter\Config\BaseService::__callStatic()
 8 SYSTEMPATH/Config/Services.php(641): CodeIgniter\Config\BaseService::getSharedInstance()
 9 SYSTEMPATH/Config/BaseService.php(252): CodeIgniter\Config\Services::session()
10 APPPATH/Config/Globals.php(29): CodeIgniter\Config\BaseService::__callStatic()
11 APPPATH/Config/Globals.php(120): Config\Globals::setGlobals()
12 SYSTEMPATH/Autoloader/Autoloader.php(312): include_once('/var/www/company.qbuy.app/app/Config/Globals.php')
13 SYSTEMPATH/Autoloader/Autoloader.php(289): CodeIgniter\Autoloader\Autoloader->includeFile()
14 SYSTEMPATH/Autoloader/Autoloader.php(267): CodeIgniter\Autoloader\Autoloader->loadInNamespace()
15 APPPATH/Config/Routes.php(7): CodeIgniter\Autoloader\Autoloader->loadClass()
16 SYSTEMPATH/Router/RouteCollection.php(267): require('/var/www/company.qbuy.app/app/Config/Routes.php')
17 SYSTEMPATH/CodeIgniter.php(800): CodeIgniter\Router\RouteCollection->loadRoutes()
18 SYSTEMPATH/CodeIgniter.php(447): CodeIgniter\CodeIgniter->tryToRouteIt()
19 SYSTEMPATH/CodeIgniter.php(366): CodeIgniter\CodeIgniter->handleRequest()
20 FCPATH/index.php(78): CodeIgniter\CodeIgniter->run()
INFO - 2024-07-18 06:52:16 --> Session: Class initialized using 'CodeIgniter\Session\Handlers\DatabaseHandler' driver.
INFO - 2024-07-18 07:07:09 --> Session: Class initialized using 'CodeIgniter\Session\Handlers\DatabaseHandler' driver.
INFO - 2024-07-18 08:33:20 --> Session: Class initialized using 'CodeIgniter\Session\Handlers\DatabaseHandler' driver.
INFO - 2024-07-18 08:39:37 --> Session: Class initialized using 'CodeIgniter\Session\Handlers\DatabaseHandler' driver.
INFO - 2024-07-18 08:55:21 --> Session: Class initialized using 'CodeIgniter\Session\Handlers\DatabaseHandler' driver.
INFO - 2024-07-18 08:59:51 --> Session: Class initialized using 'CodeIgniter\Session\Handlers\DatabaseHandler' driver.
INFO - 2024-07-18 09:01:06 --> Session: Class initialized using 'CodeIgniter\Session\Handlers\DatabaseHandler' driver.
INFO - 2024-07-18 09:01:11 --> Session: Class initialized using 'CodeIgniter\Session\Handlers\DatabaseHandler' driver.
INFO - 2024-07-18 09:01:15 --> Session: Class initialized using 'CodeIgniter\Session\Handlers\DatabaseHandler' driver.
INFO - 2024-07-18 09:18:24 --> Session: Class initialized using 'CodeIgniter\Session\Handlers\DatabaseHandler' driver.
INFO - 2024-07-18 09:18:28 --> Session: Class initialized using 'CodeIgniter\Session\Handlers\DatabaseHandler' driver.
INFO - 2024-07-18 09:18:30 --> Session: Class initialized using 'CodeIgniter\Session\Handlers\DatabaseHandler' driver.
INFO - 2024-07-18 09:24:37 --> Session: Class initialized using 'CodeIgniter\Session\Handlers\DatabaseHandler' driver.
INFO - 2024-07-18 09:25:07 --> Session: Class initialized using 'CodeIgniter\Session\Handlers\DatabaseHandler' driver.
INFO - 2024-07-18 09:26:48 --> Session: Class initialized using 'CodeIgniter\Session\Handlers\DatabaseHandler' driver.
INFO - 2024-07-18 09:36:05 --> Session: Class initialized using 'CodeIgniter\Session\Handlers\DatabaseHandler' driver.
INFO - 2024-07-18 09:43:58 --> Session: Class initialized using 'CodeIgniter\Session\Handlers\DatabaseHandler' driver.
INFO - 2024-07-18 09:51:01 --> Session: Class initialized using 'CodeIgniter\Session\Handlers\DatabaseHandler' driver.
INFO - 2024-07-18 09:51:09 --> Session: Class initialized using 'CodeIgniter\Session\Handlers\DatabaseHandler' driver.
INFO - 2024-07-18 09:51:19 --> Session: Class initialized using 'CodeIgniter\Session\Handlers\DatabaseHandler' driver.
INFO - 2024-07-18 09:57:28 --> Session: Class initialized using 'CodeIgniter\Session\Handlers\DatabaseHandler' driver.
INFO - 2024-07-18 09:57:34 --> Session: Class initialized using 'CodeIgniter\Session\Handlers\DatabaseHandler' driver.
INFO - 2024-07-18 09:57:37 --> Session: Class initialized using 'CodeIgniter\Session\Handlers\DatabaseHandler' driver.
INFO - 2024-07-18 10:03:56 --> Session: Class initialized using 'CodeIgniter\Session\Handlers\DatabaseHandler' driver.
INFO - 2024-07-18 10:05:48 --> Session: Class initialized using 'CodeIgniter\Session\Handlers\DatabaseHandler' driver.
INFO - 2024-07-18 10:05:48 --> Session: Class initialized using 'CodeIgniter\Session\Handlers\DatabaseHandler' driver.
INFO - 2024-07-18 10:05:49 --> Session: Class initialized using 'CodeIgniter\Session\Handlers\DatabaseHandler' driver.
INFO - 2024-07-18 10:05:49 --> Session: Class initialized using 'CodeIgniter\Session\Handlers\DatabaseHandler' driver.
INFO - 2024-07-18 10:05:51 --> Session: Class initialized using 'CodeIgniter\Session\Handlers\DatabaseHandler' driver.
INFO - 2024-07-18 10:05:51 --> Session: Class initialized using 'CodeIgniter\Session\Handlers\DatabaseHandler' driver.
INFO - 2024-07-18 10:05:51 --> Session: Class initialized using 'CodeIgniter\Session\Handlers\DatabaseHandler' driver.
INFO - 2024-07-18 10:05:51 --> Session: Class initialized using 'CodeIgniter\Session\Handlers\DatabaseHandler' driver.
INFO - 2024-07-18 10:05:52 --> Session: Class initialized using 'CodeIgniter\Session\Handlers\DatabaseHandler' driver.
INFO - 2024-07-18 10:05:52 --> Session: Class initialized using 'CodeIgniter\Session\Handlers\DatabaseHandler' driver.
INFO - 2024-07-18 10:05:52 --> Session: Class initialized using 'CodeIgniter\Session\Handlers\DatabaseHandler' driver.
INFO - 2024-07-18 10:05:52 --> Session: Class initialized using 'CodeIgniter\Session\Handlers\DatabaseHandler' driver.
INFO - 2024-07-18 10:05:52 --> Session: Class initialized using 'CodeIgniter\Session\Handlers\DatabaseHandler' driver.
INFO - 2024-07-18 10:05:54 --> Session: Class initialized using 'CodeIgniter\Session\Handlers\DatabaseHandler' driver.
INFO - 2024-07-18 10:05:55 --> Session: Class initialized using 'CodeIgniter\Session\Handlers\DatabaseHandler' driver.
INFO - 2024-07-18 10:08:58 --> Session: Class initialized using 'CodeIgniter\Session\Handlers\DatabaseHandler' driver.
INFO - 2024-07-18 10:09:12 --> Session: Class initialized using 'CodeIgniter\Session\Handlers\DatabaseHandler' driver.
INFO - 2024-07-18 10:09:12 --> Session: Class initialized using 'CodeIgniter\Session\Handlers\DatabaseHandler' driver.
INFO - 2024-07-18 10:09:13 --> Session: Class initialized using 'CodeIgniter\Session\Handlers\DatabaseHandler' driver.
INFO - 2024-07-18 10:09:13 --> Session: Class initialized using 'CodeIgniter\Session\Handlers\DatabaseHandler' driver.
INFO - 2024-07-18 10:09:15 --> Session: Class initialized using 'CodeIgniter\Session\Handlers\DatabaseHandler' driver.
INFO - 2024-07-18 10:09:15 --> Session: Class initialized using 'CodeIgniter\Session\Handlers\DatabaseHandler' driver.
INFO - 2024-07-18 10:09:15 --> Session: Class initialized using 'CodeIgniter\Session\Handlers\DatabaseHandler' driver.
INFO - 2024-07-18 10:09:15 --> Session: Class initialized using 'CodeIgniter\Session\Handlers\DatabaseHandler' driver.
INFO - 2024-07-18 10:09:16 --> Session: Class initialized using 'CodeIgniter\Session\Handlers\DatabaseHandler' driver.
INFO - 2024-07-18 10:09:16 --> Session: Class initialized using 'CodeIgniter\Session\Handlers\DatabaseHandler' driver.
INFO - 2024-07-18 10:09:16 --> Session: Class initialized using 'CodeIgniter\Session\Handlers\DatabaseHandler' driver.
INFO - 2024-07-18 10:09:16 --> Session: Class initialized using 'CodeIgniter\Session\Handlers\DatabaseHandler' driver.
INFO - 2024-07-18 10:09:17 --> Session: Class initialized using 'CodeIgniter\Session\Handlers\DatabaseHandler' driver.
INFO - 2024-07-18 10:09:18 --> Session: Class initialized using 'CodeIgniter\Session\Handlers\DatabaseHandler' driver.
INFO - 2024-07-18 10:09:19 --> Session: Class initialized using 'CodeIgniter\Session\Handlers\DatabaseHandler' driver.
INFO - 2024-07-18 10:09:37 --> Session: Class initialized using 'CodeIgniter\Session\Handlers\DatabaseHandler' driver.
INFO - 2024-07-18 10:14:18 --> Session: Class initialized using 'CodeIgniter\Session\Handlers\DatabaseHandler' driver.
INFO - 2024-07-18 10:26:07 --> Session: Class initialized using 'CodeIgniter\Session\Handlers\DatabaseHandler' driver.
INFO - 2024-07-18 10:26:14 --> Session: Class initialized using 'CodeIgniter\Session\Handlers\DatabaseHandler' driver.
INFO - 2024-07-18 10:30:45 --> Session: Class initialized using 'CodeIgniter\Session\Handlers\DatabaseHandler' driver.
INFO - 2024-07-18 10:34:39 --> Session: Class initialized using 'CodeIgniter\Session\Handlers\DatabaseHandler' driver.
INFO - 2024-07-18 10:34:40 --> Session: Class initialized using 'CodeIgniter\Session\Handlers\DatabaseHandler' driver.
WARNING - 2024-07-18 17:34:41 --> [DEPRECATED] explode(): Passing null to parameter #2 ($string) of type string is deprecated in APPPATH/Common.php on line 330.
 1 APPPATH/Common.php(330): explode('|', null)
 2 APPPATH/Views/themes/magazine/partials/_footer.php(14): formatAbouteFooter(null)
 3 SYSTEMPATH/View/View.php(224): include('/var/www/company.qbuy.app/app/Views/themes/magazine/partials/_footer.php')
 4 SYSTEMPATH/View/View.php(227): CodeIgniter\View\View->CodeIgniter\View\{closure}()
 5 SYSTEMPATH/Common.php(1180): CodeIgniter\View\View->render('themes/magazine/partials/_footer', [], true)
 6 APPPATH/Common.php(91): view('themes/magazine/partials/_footer', [...])
 7 APPPATH/Controllers/HomeController.php(54): loadView('partials/_footer', [...])
 8 SYSTEMPATH/CodeIgniter.php(932): App\Controllers\HomeController->index()
 9 SYSTEMPATH/CodeIgniter.php(497): CodeIgniter\CodeIgniter->runController(Object(App\Controllers\HomeController))
10 SYSTEMPATH/CodeIgniter.php(366): CodeIgniter\CodeIgniter->handleRequest(null, Object(Config\Cache), false)
11 FCPATH/index.php(78): CodeIgniter\CodeIgniter->run()
INFO - 2024-07-18 10:37:58 --> Session: Class initialized using 'CodeIgniter\Session\Handlers\DatabaseHandler' driver.
INFO - 2024-07-18 10:38:08 --> Session: Class initialized using 'CodeIgniter\Session\Handlers\DatabaseHandler' driver.
INFO - 2024-07-18 10:50:25 --> Session: Class initialized using 'CodeIgniter\Session\Handlers\DatabaseHandler' driver.
INFO - 2024-07-18 10:50:41 --> Session: Class initialized using 'CodeIgniter\Session\Handlers\DatabaseHandler' driver.
INFO - 2024-07-18 10:50:41 --> Session: Class initialized using 'CodeIgniter\Session\Handlers\DatabaseHandler' driver.
INFO - 2024-07-18 10:50:41 --> Session: Class initialized using 'CodeIgniter\Session\Handlers\DatabaseHandler' driver.
INFO - 2024-07-18 10:50:41 --> Session: Class initialized using 'CodeIgniter\Session\Handlers\DatabaseHandler' driver.
INFO - 2024-07-18 10:50:41 --> Session: Class initialized using 'CodeIgniter\Session\Handlers\DatabaseHandler' driver.
INFO - 2024-07-18 10:50:41 --> Session: Class initialized using 'CodeIgniter\Session\Handlers\DatabaseHandler' driver.
INFO - 2024-07-18 10:50:41 --> Session: Class initialized using 'CodeIgniter\Session\Handlers\DatabaseHandler' driver.
INFO - 2024-07-18 10:50:41 --> Session: Class initialized using 'CodeIgniter\Session\Handlers\DatabaseHandler' driver.
INFO - 2024-07-18 10:51:08 --> Session: Class initialized using 'CodeIgniter\Session\Handlers\DatabaseHandler' driver.
INFO - 2024-07-18 10:51:08 --> Session: Class initialized using 'CodeIgniter\Session\Handlers\DatabaseHandler' driver.
INFO - 2024-07-18 10:51:08 --> Session: Class initialized using 'CodeIgniter\Session\Handlers\DatabaseHandler' driver.
INFO - 2024-07-18 10:51:08 --> Session: Class initialized using 'CodeIgniter\Session\Handlers\DatabaseHandler' driver.
INFO - 2024-07-18 10:51:08 --> Session: Class initialized using 'CodeIgniter\Session\Handlers\DatabaseHandler' driver.
INFO - 2024-07-18 10:51:08 --> Session: Class initialized using 'CodeIgniter\Session\Handlers\DatabaseHandler' driver.
INFO - 2024-07-18 10:51:08 --> Session: Class initialized using 'CodeIgniter\Session\Handlers\DatabaseHandler' driver.
INFO - 2024-07-18 10:51:08 --> Session: Class initialized using 'CodeIgniter\Session\Handlers\DatabaseHandler' driver.
INFO - 2024-07-18 10:51:34 --> Session: Class initialized using 'CodeIgniter\Session\Handlers\DatabaseHandler' driver.
INFO - 2024-07-18 10:51:34 --> Session: Class initialized using 'CodeIgniter\Session\Handlers\DatabaseHandler' driver.
INFO - 2024-07-18 10:51:34 --> Session: Class initialized using 'CodeIgniter\Session\Handlers\DatabaseHandler' driver.
INFO - 2024-07-18 10:51:34 --> Session: Class initialized using 'CodeIgniter\Session\Handlers\DatabaseHandler' driver.
INFO - 2024-07-18 10:51:34 --> Session: Class initialized using 'CodeIgniter\Session\Handlers\DatabaseHandler' driver.
INFO - 2024-07-18 10:51:34 --> Session: Class initialized using 'CodeIgniter\Session\Handlers\DatabaseHandler' driver.
INFO - 2024-07-18 10:51:34 --> Session: Class initialized using 'CodeIgniter\Session\Handlers\DatabaseHandler' driver.
INFO - 2024-07-18 10:51:34 --> Session: Class initialized using 'CodeIgniter\Session\Handlers\DatabaseHandler' driver.
INFO - 2024-07-18 10:52:03 --> Session: Class initialized using 'CodeIgniter\Session\Handlers\DatabaseHandler' driver.
