ERROR - 2024-05-31 08:09:12 --> Error connecting to the database: mysqli_sql_exception: Access denied for user 'qbuy_news_adm'@'localhost' (using password: YES) in /www/wwwroot/dodacdiachinh.net/system/Database/MySQLi/Connection.php:173
Stack trace:
#0 /www/wwwroot/dodacdiachinh.net/system/Database/MySQLi/Connection.php(173): mysqli->real_connect()
#1 /www/wwwroot/dodacdiachinh.net/system/Database/BaseConnection.php(391): CodeIgniter\Database\MySQLi\Connection->connect()
#2 /www/wwwroot/dodacdiachinh.net/system/Session/Handlers/DatabaseHandler.php(109): CodeIgniter\Database\BaseConnection->initialize()
#3 [internal function]: CodeIgniter\Session\Handlers\DatabaseHandler->open()
#4 /www/wwwroot/dodacdiachinh.net/system/Session/Session.php(920): session_start()
#5 /www/wwwroot/dodacdiachinh.net/system/Session/Session.php(250): CodeIgniter\Session\Session->startSession()
#6 /www/wwwroot/dodacdiachinh.net/system/Config/Services.php(674): CodeIgniter\Session\Session->start()
#7 /www/wwwroot/dodacdiachinh.net/system/Config/BaseService.php(252): CodeIgniter\Config\Services::session()
#8 /www/wwwroot/dodacdiachinh.net/system/Config/BaseService.php(193): CodeIgniter\Config\BaseService::__callStatic()
#9 /www/wwwroot/dodacdiachinh.net/system/Config/Services.php(641): CodeIgniter\Config\BaseService::getSharedInstance()
#10 /www/wwwroot/dodacdiachinh.net/system/Config/BaseService.php(252): CodeIgniter\Config\Services::session()
#11 /www/wwwroot/dodacdiachinh.net/app/Config/Globals.php(29): CodeIgniter\Config\BaseService::__callStatic()
#12 /www/wwwroot/dodacdiachinh.net/app/Config/Globals.php(120): Config\Globals::setGlobals()
#13 /www/wwwroot/dodacdiachinh.net/system/Autoloader/Autoloader.php(312): include_once('...')
#14 /www/wwwroot/dodacdiachinh.net/system/Autoloader/Autoloader.php(289): CodeIgniter\Autoloader\Autoloader->includeFile()
#15 /www/wwwroot/dodacdiachinh.net/system/Autoloader/Autoloader.php(267): CodeIgniter\Autoloader\Autoloader->loadInNamespace()
#16 /www/wwwroot/dodacdiachinh.net/app/Config/Routes.php(7): CodeIgniter\Autoloader\Autoloader->loadClass()
#17 /www/wwwroot/dodacdiachinh.net/system/Router/RouteCollection.php(267): require('...')
#18 /www/wwwroot/dodacdiachinh.net/system/CodeIgniter.php(800): CodeIgniter\Router\RouteCollection->loadRoutes()
#19 /www/wwwroot/dodacdiachinh.net/system/CodeIgniter.php(447): CodeIgniter\CodeIgniter->tryToRouteIt()
#20 /www/wwwroot/dodacdiachinh.net/system/CodeIgniter.php(366): CodeIgniter\CodeIgniter->handleRequest()
#21 /www/wwwroot/dodacdiachinh.net/index.php(78): CodeIgniter\CodeIgniter->run()
#22 {main}

Next CodeIgniter\Database\Exceptions\DatabaseException: Access denied for user '****'@'localhost' (using password: YES) in /www/wwwroot/dodacdiachinh.net/system/Database/MySQLi/Connection.php:218
Stack trace:
#0 /www/wwwroot/dodacdiachinh.net/system/Database/BaseConnection.php(391): CodeIgniter\Database\MySQLi\Connection->connect()
#1 /www/wwwroot/dodacdiachinh.net/system/Session/Handlers/DatabaseHandler.php(109): CodeIgniter\Database\BaseConnection->initialize()
#2 [internal function]: CodeIgniter\Session\Handlers\DatabaseHandler->open()
#3 /www/wwwroot/dodacdiachinh.net/system/Session/Session.php(920): session_start()
#4 /www/wwwroot/dodacdiachinh.net/system/Session/Session.php(250): CodeIgniter\Session\Session->startSession()
#5 /www/wwwroot/dodacdiachinh.net/system/Config/Services.php(674): CodeIgniter\Session\Session->start()
#6 /www/wwwroot/dodacdiachinh.net/system/Config/BaseService.php(252): CodeIgniter\Config\Services::session()
#7 /www/wwwroot/dodacdiachinh.net/system/Config/BaseService.php(193): CodeIgniter\Config\BaseService::__callStatic()
#8 /www/wwwroot/dodacdiachinh.net/system/Config/Services.php(641): CodeIgniter\Config\BaseService::getSharedInstance()
#9 /www/wwwroot/dodacdiachinh.net/system/Config/BaseService.php(252): CodeIgniter\Config\Services::session()
#10 /www/wwwroot/dodacdiachinh.net/app/Config/Globals.php(29): CodeIgniter\Config\BaseService::__callStatic()
#11 /www/wwwroot/dodacdiachinh.net/app/Config/Globals.php(120): Config\Globals::setGlobals()
#12 /www/wwwroot/dodacdiachinh.net/system/Autoloader/Autoloader.php(312): include_once('...')
#13 /www/wwwroot/dodacdiachinh.net/system/Autoloader/Autoloader.php(289): CodeIgniter\Autoloader\Autoloader->includeFile()
#14 /www/wwwroot/dodacdiachinh.net/system/Autoloader/Autoloader.php(267): CodeIgniter\Autoloader\Autoloader->loadInNamespace()
#15 /www/wwwroot/dodacdiachinh.net/app/Config/Routes.php(7): CodeIgniter\Autoloader\Autoloader->loadClass()
#16 /www/wwwroot/dodacdiachinh.net/system/Router/RouteCollection.php(267): require('...')
#17 /www/wwwroot/dodacdiachinh.net/system/CodeIgniter.php(800): CodeIgniter\Router\RouteCollection->loadRoutes()
#18 /www/wwwroot/dodacdiachinh.net/system/CodeIgniter.php(447): CodeIgniter\CodeIgniter->tryToRouteIt()
#19 /www/wwwroot/dodacdiachinh.net/system/CodeIgniter.php(366): CodeIgniter\CodeIgniter->handleRequest()
#20 /www/wwwroot/dodacdiachinh.net/index.php(78): CodeIgniter\CodeIgniter->run()
#21 {main}
CRITICAL - 2024-05-31 08:09:12 --> Unable to connect to the database.
Main connection [MySQLi]: Access denied for user '****'@'localhost' (using password: YES)
in SYSTEMPATH/Database/BaseConnection.php on line 427.
 1 SYSTEMPATH/Session/Handlers/DatabaseHandler.php(109): CodeIgniter\Database\BaseConnection->initialize()
 2 [internal function]: CodeIgniter\Session\Handlers\DatabaseHandler->open()
 3 SYSTEMPATH/Session/Session.php(920): session_start()
 4 SYSTEMPATH/Session/Session.php(250): CodeIgniter\Session\Session->startSession()
 5 SYSTEMPATH/Config/Services.php(674): CodeIgniter\Session\Session->start()
 6 SYSTEMPATH/Config/BaseService.php(252): CodeIgniter\Config\Services::session()
 7 SYSTEMPATH/Config/BaseService.php(193): CodeIgniter\Config\BaseService::__callStatic()
 8 SYSTEMPATH/Config/Services.php(641): CodeIgniter\Config\BaseService::getSharedInstance()
 9 SYSTEMPATH/Config/BaseService.php(252): CodeIgniter\Config\Services::session()
10 APPPATH/Config/Globals.php(29): CodeIgniter\Config\BaseService::__callStatic()
11 APPPATH/Config/Globals.php(120): Config\Globals::setGlobals()
12 SYSTEMPATH/Autoloader/Autoloader.php(312): include_once('/www/wwwroot/dodacdiachinh.net/app/Config/Globals.php')
13 SYSTEMPATH/Autoloader/Autoloader.php(289): CodeIgniter\Autoloader\Autoloader->includeFile()
14 SYSTEMPATH/Autoloader/Autoloader.php(267): CodeIgniter\Autoloader\Autoloader->loadInNamespace()
15 APPPATH/Config/Routes.php(7): CodeIgniter\Autoloader\Autoloader->loadClass()
16 SYSTEMPATH/Router/RouteCollection.php(267): require('/www/wwwroot/dodacdiachinh.net/app/Config/Routes.php')
17 SYSTEMPATH/CodeIgniter.php(800): CodeIgniter\Router\RouteCollection->loadRoutes()
18 SYSTEMPATH/CodeIgniter.php(447): CodeIgniter\CodeIgniter->tryToRouteIt()
19 SYSTEMPATH/CodeIgniter.php(366): CodeIgniter\CodeIgniter->handleRequest()
20 FCPATH/index.php(78): CodeIgniter\CodeIgniter->run()
ERROR - 2024-05-31 08:09:55 --> Error connecting to the database: mysqli_sql_exception: Access denied for user 'qbuy_news_adm'@'localhost' (using password: YES) in /www/wwwroot/dodacdiachinh.net/system/Database/MySQLi/Connection.php:173
Stack trace:
#0 /www/wwwroot/dodacdiachinh.net/system/Database/MySQLi/Connection.php(173): mysqli->real_connect()
#1 /www/wwwroot/dodacdiachinh.net/system/Database/BaseConnection.php(391): CodeIgniter\Database\MySQLi\Connection->connect()
#2 /www/wwwroot/dodacdiachinh.net/system/Session/Handlers/DatabaseHandler.php(109): CodeIgniter\Database\BaseConnection->initialize()
#3 [internal function]: CodeIgniter\Session\Handlers\DatabaseHandler->open()
#4 /www/wwwroot/dodacdiachinh.net/system/Session/Session.php(920): session_start()
#5 /www/wwwroot/dodacdiachinh.net/system/Session/Session.php(250): CodeIgniter\Session\Session->startSession()
#6 /www/wwwroot/dodacdiachinh.net/system/Config/Services.php(674): CodeIgniter\Session\Session->start()
#7 /www/wwwroot/dodacdiachinh.net/system/Config/BaseService.php(252): CodeIgniter\Config\Services::session()
#8 /www/wwwroot/dodacdiachinh.net/system/Config/BaseService.php(193): CodeIgniter\Config\BaseService::__callStatic()
#9 /www/wwwroot/dodacdiachinh.net/system/Config/Services.php(641): CodeIgniter\Config\BaseService::getSharedInstance()
#10 /www/wwwroot/dodacdiachinh.net/system/Config/BaseService.php(252): CodeIgniter\Config\Services::session()
#11 /www/wwwroot/dodacdiachinh.net/app/Config/Globals.php(29): CodeIgniter\Config\BaseService::__callStatic()
#12 /www/wwwroot/dodacdiachinh.net/app/Config/Globals.php(120): Config\Globals::setGlobals()
#13 /www/wwwroot/dodacdiachinh.net/system/Autoloader/Autoloader.php(312): include_once('...')
#14 /www/wwwroot/dodacdiachinh.net/system/Autoloader/Autoloader.php(289): CodeIgniter\Autoloader\Autoloader->includeFile()
#15 /www/wwwroot/dodacdiachinh.net/system/Autoloader/Autoloader.php(267): CodeIgniter\Autoloader\Autoloader->loadInNamespace()
#16 /www/wwwroot/dodacdiachinh.net/app/Config/Routes.php(7): CodeIgniter\Autoloader\Autoloader->loadClass()
#17 /www/wwwroot/dodacdiachinh.net/system/Router/RouteCollection.php(267): require('...')
#18 /www/wwwroot/dodacdiachinh.net/system/CodeIgniter.php(800): CodeIgniter\Router\RouteCollection->loadRoutes()
#19 /www/wwwroot/dodacdiachinh.net/system/CodeIgniter.php(447): CodeIgniter\CodeIgniter->tryToRouteIt()
#20 /www/wwwroot/dodacdiachinh.net/system/CodeIgniter.php(366): CodeIgniter\CodeIgniter->handleRequest()
#21 /www/wwwroot/dodacdiachinh.net/index.php(78): CodeIgniter\CodeIgniter->run()
#22 {main}

Next CodeIgniter\Database\Exceptions\DatabaseException: Access denied for user '****'@'localhost' (using password: YES) in /www/wwwroot/dodacdiachinh.net/system/Database/MySQLi/Connection.php:218
Stack trace:
#0 /www/wwwroot/dodacdiachinh.net/system/Database/BaseConnection.php(391): CodeIgniter\Database\MySQLi\Connection->connect()
#1 /www/wwwroot/dodacdiachinh.net/system/Session/Handlers/DatabaseHandler.php(109): CodeIgniter\Database\BaseConnection->initialize()
#2 [internal function]: CodeIgniter\Session\Handlers\DatabaseHandler->open()
#3 /www/wwwroot/dodacdiachinh.net/system/Session/Session.php(920): session_start()
#4 /www/wwwroot/dodacdiachinh.net/system/Session/Session.php(250): CodeIgniter\Session\Session->startSession()
#5 /www/wwwroot/dodacdiachinh.net/system/Config/Services.php(674): CodeIgniter\Session\Session->start()
#6 /www/wwwroot/dodacdiachinh.net/system/Config/BaseService.php(252): CodeIgniter\Config\Services::session()
#7 /www/wwwroot/dodacdiachinh.net/system/Config/BaseService.php(193): CodeIgniter\Config\BaseService::__callStatic()
#8 /www/wwwroot/dodacdiachinh.net/system/Config/Services.php(641): CodeIgniter\Config\BaseService::getSharedInstance()
#9 /www/wwwroot/dodacdiachinh.net/system/Config/BaseService.php(252): CodeIgniter\Config\Services::session()
#10 /www/wwwroot/dodacdiachinh.net/app/Config/Globals.php(29): CodeIgniter\Config\BaseService::__callStatic()
#11 /www/wwwroot/dodacdiachinh.net/app/Config/Globals.php(120): Config\Globals::setGlobals()
#12 /www/wwwroot/dodacdiachinh.net/system/Autoloader/Autoloader.php(312): include_once('...')
#13 /www/wwwroot/dodacdiachinh.net/system/Autoloader/Autoloader.php(289): CodeIgniter\Autoloader\Autoloader->includeFile()
#14 /www/wwwroot/dodacdiachinh.net/system/Autoloader/Autoloader.php(267): CodeIgniter\Autoloader\Autoloader->loadInNamespace()
#15 /www/wwwroot/dodacdiachinh.net/app/Config/Routes.php(7): CodeIgniter\Autoloader\Autoloader->loadClass()
#16 /www/wwwroot/dodacdiachinh.net/system/Router/RouteCollection.php(267): require('...')
#17 /www/wwwroot/dodacdiachinh.net/system/CodeIgniter.php(800): CodeIgniter\Router\RouteCollection->loadRoutes()
#18 /www/wwwroot/dodacdiachinh.net/system/CodeIgniter.php(447): CodeIgniter\CodeIgniter->tryToRouteIt()
#19 /www/wwwroot/dodacdiachinh.net/system/CodeIgniter.php(366): CodeIgniter\CodeIgniter->handleRequest()
#20 /www/wwwroot/dodacdiachinh.net/index.php(78): CodeIgniter\CodeIgniter->run()
#21 {main}
CRITICAL - 2024-05-31 08:09:55 --> Unable to connect to the database.
Main connection [MySQLi]: Access denied for user '****'@'localhost' (using password: YES)
in SYSTEMPATH/Database/BaseConnection.php on line 427.
 1 SYSTEMPATH/Session/Handlers/DatabaseHandler.php(109): CodeIgniter\Database\BaseConnection->initialize()
 2 [internal function]: CodeIgniter\Session\Handlers\DatabaseHandler->open()
 3 SYSTEMPATH/Session/Session.php(920): session_start()
 4 SYSTEMPATH/Session/Session.php(250): CodeIgniter\Session\Session->startSession()
 5 SYSTEMPATH/Config/Services.php(674): CodeIgniter\Session\Session->start()
 6 SYSTEMPATH/Config/BaseService.php(252): CodeIgniter\Config\Services::session()
 7 SYSTEMPATH/Config/BaseService.php(193): CodeIgniter\Config\BaseService::__callStatic()
 8 SYSTEMPATH/Config/Services.php(641): CodeIgniter\Config\BaseService::getSharedInstance()
 9 SYSTEMPATH/Config/BaseService.php(252): CodeIgniter\Config\Services::session()
10 APPPATH/Config/Globals.php(29): CodeIgniter\Config\BaseService::__callStatic()
11 APPPATH/Config/Globals.php(120): Config\Globals::setGlobals()
12 SYSTEMPATH/Autoloader/Autoloader.php(312): include_once('/www/wwwroot/dodacdiachinh.net/app/Config/Globals.php')
13 SYSTEMPATH/Autoloader/Autoloader.php(289): CodeIgniter\Autoloader\Autoloader->includeFile()
14 SYSTEMPATH/Autoloader/Autoloader.php(267): CodeIgniter\Autoloader\Autoloader->loadInNamespace()
15 APPPATH/Config/Routes.php(7): CodeIgniter\Autoloader\Autoloader->loadClass()
16 SYSTEMPATH/Router/RouteCollection.php(267): require('/www/wwwroot/dodacdiachinh.net/app/Config/Routes.php')
17 SYSTEMPATH/CodeIgniter.php(800): CodeIgniter\Router\RouteCollection->loadRoutes()
18 SYSTEMPATH/CodeIgniter.php(447): CodeIgniter\CodeIgniter->tryToRouteIt()
19 SYSTEMPATH/CodeIgniter.php(366): CodeIgniter\CodeIgniter->handleRequest()
20 FCPATH/index.php(78): CodeIgniter\CodeIgniter->run()
ERROR - 2024-05-31 08:15:17 --> Error connecting to the database: mysqli_sql_exception: Access denied for user 'dodacdiachinh_db'@'localhost' (using password: YES) in /www/wwwroot/dodacdiachinh.net/system/Database/MySQLi/Connection.php:173
Stack trace:
#0 /www/wwwroot/dodacdiachinh.net/system/Database/MySQLi/Connection.php(173): mysqli->real_connect()
#1 /www/wwwroot/dodacdiachinh.net/system/Database/BaseConnection.php(391): CodeIgniter\Database\MySQLi\Connection->connect()
#2 /www/wwwroot/dodacdiachinh.net/system/Session/Handlers/DatabaseHandler.php(109): CodeIgniter\Database\BaseConnection->initialize()
#3 [internal function]: CodeIgniter\Session\Handlers\DatabaseHandler->open()
#4 /www/wwwroot/dodacdiachinh.net/system/Session/Session.php(920): session_start()
#5 /www/wwwroot/dodacdiachinh.net/system/Session/Session.php(250): CodeIgniter\Session\Session->startSession()
#6 /www/wwwroot/dodacdiachinh.net/system/Config/Services.php(674): CodeIgniter\Session\Session->start()
#7 /www/wwwroot/dodacdiachinh.net/system/Config/BaseService.php(252): CodeIgniter\Config\Services::session()
#8 /www/wwwroot/dodacdiachinh.net/system/Config/BaseService.php(193): CodeIgniter\Config\BaseService::__callStatic()
#9 /www/wwwroot/dodacdiachinh.net/system/Config/Services.php(641): CodeIgniter\Config\BaseService::getSharedInstance()
#10 /www/wwwroot/dodacdiachinh.net/system/Config/BaseService.php(252): CodeIgniter\Config\Services::session()
#11 /www/wwwroot/dodacdiachinh.net/app/Config/Globals.php(29): CodeIgniter\Config\BaseService::__callStatic()
#12 /www/wwwroot/dodacdiachinh.net/app/Config/Globals.php(120): Config\Globals::setGlobals()
#13 /www/wwwroot/dodacdiachinh.net/system/Autoloader/Autoloader.php(312): include_once('...')
#14 /www/wwwroot/dodacdiachinh.net/system/Autoloader/Autoloader.php(289): CodeIgniter\Autoloader\Autoloader->includeFile()
#15 /www/wwwroot/dodacdiachinh.net/system/Autoloader/Autoloader.php(267): CodeIgniter\Autoloader\Autoloader->loadInNamespace()
#16 /www/wwwroot/dodacdiachinh.net/app/Config/Routes.php(7): CodeIgniter\Autoloader\Autoloader->loadClass()
#17 /www/wwwroot/dodacdiachinh.net/system/Router/RouteCollection.php(267): require('...')
#18 /www/wwwroot/dodacdiachinh.net/system/CodeIgniter.php(800): CodeIgniter\Router\RouteCollection->loadRoutes()
#19 /www/wwwroot/dodacdiachinh.net/system/CodeIgniter.php(447): CodeIgniter\CodeIgniter->tryToRouteIt()
#20 /www/wwwroot/dodacdiachinh.net/system/CodeIgniter.php(366): CodeIgniter\CodeIgniter->handleRequest()
#21 /www/wwwroot/dodacdiachinh.net/index.php(78): CodeIgniter\CodeIgniter->run()
#22 {main}

Next CodeIgniter\Database\Exceptions\DatabaseException: Access denied for user '****'@'localhost' (using password: YES) in /www/wwwroot/dodacdiachinh.net/system/Database/MySQLi/Connection.php:218
Stack trace:
#0 /www/wwwroot/dodacdiachinh.net/system/Database/BaseConnection.php(391): CodeIgniter\Database\MySQLi\Connection->connect()
#1 /www/wwwroot/dodacdiachinh.net/system/Session/Handlers/DatabaseHandler.php(109): CodeIgniter\Database\BaseConnection->initialize()
#2 [internal function]: CodeIgniter\Session\Handlers\DatabaseHandler->open()
#3 /www/wwwroot/dodacdiachinh.net/system/Session/Session.php(920): session_start()
#4 /www/wwwroot/dodacdiachinh.net/system/Session/Session.php(250): CodeIgniter\Session\Session->startSession()
#5 /www/wwwroot/dodacdiachinh.net/system/Config/Services.php(674): CodeIgniter\Session\Session->start()
#6 /www/wwwroot/dodacdiachinh.net/system/Config/BaseService.php(252): CodeIgniter\Config\Services::session()
#7 /www/wwwroot/dodacdiachinh.net/system/Config/BaseService.php(193): CodeIgniter\Config\BaseService::__callStatic()
#8 /www/wwwroot/dodacdiachinh.net/system/Config/Services.php(641): CodeIgniter\Config\BaseService::getSharedInstance()
#9 /www/wwwroot/dodacdiachinh.net/system/Config/BaseService.php(252): CodeIgniter\Config\Services::session()
#10 /www/wwwroot/dodacdiachinh.net/app/Config/Globals.php(29): CodeIgniter\Config\BaseService::__callStatic()
#11 /www/wwwroot/dodacdiachinh.net/app/Config/Globals.php(120): Config\Globals::setGlobals()
#12 /www/wwwroot/dodacdiachinh.net/system/Autoloader/Autoloader.php(312): include_once('...')
#13 /www/wwwroot/dodacdiachinh.net/system/Autoloader/Autoloader.php(289): CodeIgniter\Autoloader\Autoloader->includeFile()
#14 /www/wwwroot/dodacdiachinh.net/system/Autoloader/Autoloader.php(267): CodeIgniter\Autoloader\Autoloader->loadInNamespace()
#15 /www/wwwroot/dodacdiachinh.net/app/Config/Routes.php(7): CodeIgniter\Autoloader\Autoloader->loadClass()
#16 /www/wwwroot/dodacdiachinh.net/system/Router/RouteCollection.php(267): require('...')
#17 /www/wwwroot/dodacdiachinh.net/system/CodeIgniter.php(800): CodeIgniter\Router\RouteCollection->loadRoutes()
#18 /www/wwwroot/dodacdiachinh.net/system/CodeIgniter.php(447): CodeIgniter\CodeIgniter->tryToRouteIt()
#19 /www/wwwroot/dodacdiachinh.net/system/CodeIgniter.php(366): CodeIgniter\CodeIgniter->handleRequest()
#20 /www/wwwroot/dodacdiachinh.net/index.php(78): CodeIgniter\CodeIgniter->run()
#21 {main}
CRITICAL - 2024-05-31 08:15:17 --> Unable to connect to the database.
Main connection [MySQLi]: Access denied for user '****'@'localhost' (using password: YES)
in SYSTEMPATH/Database/BaseConnection.php on line 427.
 1 SYSTEMPATH/Session/Handlers/DatabaseHandler.php(109): CodeIgniter\Database\BaseConnection->initialize()
 2 [internal function]: CodeIgniter\Session\Handlers\DatabaseHandler->open()
 3 SYSTEMPATH/Session/Session.php(920): session_start()
 4 SYSTEMPATH/Session/Session.php(250): CodeIgniter\Session\Session->startSession()
 5 SYSTEMPATH/Config/Services.php(674): CodeIgniter\Session\Session->start()
 6 SYSTEMPATH/Config/BaseService.php(252): CodeIgniter\Config\Services::session()
 7 SYSTEMPATH/Config/BaseService.php(193): CodeIgniter\Config\BaseService::__callStatic()
 8 SYSTEMPATH/Config/Services.php(641): CodeIgniter\Config\BaseService::getSharedInstance()
 9 SYSTEMPATH/Config/BaseService.php(252): CodeIgniter\Config\Services::session()
10 APPPATH/Config/Globals.php(29): CodeIgniter\Config\BaseService::__callStatic()
11 APPPATH/Config/Globals.php(120): Config\Globals::setGlobals()
12 SYSTEMPATH/Autoloader/Autoloader.php(312): include_once('/www/wwwroot/dodacdiachinh.net/app/Config/Globals.php')
13 SYSTEMPATH/Autoloader/Autoloader.php(289): CodeIgniter\Autoloader\Autoloader->includeFile()
14 SYSTEMPATH/Autoloader/Autoloader.php(267): CodeIgniter\Autoloader\Autoloader->loadInNamespace()
15 APPPATH/Config/Routes.php(7): CodeIgniter\Autoloader\Autoloader->loadClass()
16 SYSTEMPATH/Router/RouteCollection.php(267): require('/www/wwwroot/dodacdiachinh.net/app/Config/Routes.php')
17 SYSTEMPATH/CodeIgniter.php(800): CodeIgniter\Router\RouteCollection->loadRoutes()
18 SYSTEMPATH/CodeIgniter.php(447): CodeIgniter\CodeIgniter->tryToRouteIt()
19 SYSTEMPATH/CodeIgniter.php(366): CodeIgniter\CodeIgniter->handleRequest()
20 FCPATH/index.php(78): CodeIgniter\CodeIgniter->run()
ERROR - 2024-05-31 08:15:18 --> Error connecting to the database: mysqli_sql_exception: Access denied for user 'dodacdiachinh_db'@'localhost' (using password: YES) in /www/wwwroot/dodacdiachinh.net/system/Database/MySQLi/Connection.php:173
Stack trace:
#0 /www/wwwroot/dodacdiachinh.net/system/Database/MySQLi/Connection.php(173): mysqli->real_connect()
#1 /www/wwwroot/dodacdiachinh.net/system/Database/BaseConnection.php(391): CodeIgniter\Database\MySQLi\Connection->connect()
#2 /www/wwwroot/dodacdiachinh.net/system/Session/Handlers/DatabaseHandler.php(109): CodeIgniter\Database\BaseConnection->initialize()
#3 [internal function]: CodeIgniter\Session\Handlers\DatabaseHandler->open()
#4 /www/wwwroot/dodacdiachinh.net/system/Session/Session.php(920): session_start()
#5 /www/wwwroot/dodacdiachinh.net/system/Session/Session.php(250): CodeIgniter\Session\Session->startSession()
#6 /www/wwwroot/dodacdiachinh.net/system/Config/Services.php(674): CodeIgniter\Session\Session->start()
#7 /www/wwwroot/dodacdiachinh.net/system/Config/BaseService.php(252): CodeIgniter\Config\Services::session()
#8 /www/wwwroot/dodacdiachinh.net/system/Config/BaseService.php(193): CodeIgniter\Config\BaseService::__callStatic()
#9 /www/wwwroot/dodacdiachinh.net/system/Config/Services.php(641): CodeIgniter\Config\BaseService::getSharedInstance()
#10 /www/wwwroot/dodacdiachinh.net/system/Config/BaseService.php(252): CodeIgniter\Config\Services::session()
#11 /www/wwwroot/dodacdiachinh.net/app/Config/Globals.php(29): CodeIgniter\Config\BaseService::__callStatic()
#12 /www/wwwroot/dodacdiachinh.net/app/Config/Globals.php(120): Config\Globals::setGlobals()
#13 /www/wwwroot/dodacdiachinh.net/system/Autoloader/Autoloader.php(312): include_once('...')
#14 /www/wwwroot/dodacdiachinh.net/system/Autoloader/Autoloader.php(289): CodeIgniter\Autoloader\Autoloader->includeFile()
#15 /www/wwwroot/dodacdiachinh.net/system/Autoloader/Autoloader.php(267): CodeIgniter\Autoloader\Autoloader->loadInNamespace()
#16 /www/wwwroot/dodacdiachinh.net/app/Config/Routes.php(7): CodeIgniter\Autoloader\Autoloader->loadClass()
#17 /www/wwwroot/dodacdiachinh.net/system/Router/RouteCollection.php(267): require('...')
#18 /www/wwwroot/dodacdiachinh.net/system/CodeIgniter.php(800): CodeIgniter\Router\RouteCollection->loadRoutes()
#19 /www/wwwroot/dodacdiachinh.net/system/CodeIgniter.php(447): CodeIgniter\CodeIgniter->tryToRouteIt()
#20 /www/wwwroot/dodacdiachinh.net/system/CodeIgniter.php(366): CodeIgniter\CodeIgniter->handleRequest()
#21 /www/wwwroot/dodacdiachinh.net/index.php(78): CodeIgniter\CodeIgniter->run()
#22 {main}

Next CodeIgniter\Database\Exceptions\DatabaseException: Access denied for user '****'@'localhost' (using password: YES) in /www/wwwroot/dodacdiachinh.net/system/Database/MySQLi/Connection.php:218
Stack trace:
#0 /www/wwwroot/dodacdiachinh.net/system/Database/BaseConnection.php(391): CodeIgniter\Database\MySQLi\Connection->connect()
#1 /www/wwwroot/dodacdiachinh.net/system/Session/Handlers/DatabaseHandler.php(109): CodeIgniter\Database\BaseConnection->initialize()
#2 [internal function]: CodeIgniter\Session\Handlers\DatabaseHandler->open()
#3 /www/wwwroot/dodacdiachinh.net/system/Session/Session.php(920): session_start()
#4 /www/wwwroot/dodacdiachinh.net/system/Session/Session.php(250): CodeIgniter\Session\Session->startSession()
#5 /www/wwwroot/dodacdiachinh.net/system/Config/Services.php(674): CodeIgniter\Session\Session->start()
#6 /www/wwwroot/dodacdiachinh.net/system/Config/BaseService.php(252): CodeIgniter\Config\Services::session()
#7 /www/wwwroot/dodacdiachinh.net/system/Config/BaseService.php(193): CodeIgniter\Config\BaseService::__callStatic()
#8 /www/wwwroot/dodacdiachinh.net/system/Config/Services.php(641): CodeIgniter\Config\BaseService::getSharedInstance()
#9 /www/wwwroot/dodacdiachinh.net/system/Config/BaseService.php(252): CodeIgniter\Config\Services::session()
#10 /www/wwwroot/dodacdiachinh.net/app/Config/Globals.php(29): CodeIgniter\Config\BaseService::__callStatic()
#11 /www/wwwroot/dodacdiachinh.net/app/Config/Globals.php(120): Config\Globals::setGlobals()
#12 /www/wwwroot/dodacdiachinh.net/system/Autoloader/Autoloader.php(312): include_once('...')
#13 /www/wwwroot/dodacdiachinh.net/system/Autoloader/Autoloader.php(289): CodeIgniter\Autoloader\Autoloader->includeFile()
#14 /www/wwwroot/dodacdiachinh.net/system/Autoloader/Autoloader.php(267): CodeIgniter\Autoloader\Autoloader->loadInNamespace()
#15 /www/wwwroot/dodacdiachinh.net/app/Config/Routes.php(7): CodeIgniter\Autoloader\Autoloader->loadClass()
#16 /www/wwwroot/dodacdiachinh.net/system/Router/RouteCollection.php(267): require('...')
#17 /www/wwwroot/dodacdiachinh.net/system/CodeIgniter.php(800): CodeIgniter\Router\RouteCollection->loadRoutes()
#18 /www/wwwroot/dodacdiachinh.net/system/CodeIgniter.php(447): CodeIgniter\CodeIgniter->tryToRouteIt()
#19 /www/wwwroot/dodacdiachinh.net/system/CodeIgniter.php(366): CodeIgniter\CodeIgniter->handleRequest()
#20 /www/wwwroot/dodacdiachinh.net/index.php(78): CodeIgniter\CodeIgniter->run()
#21 {main}
CRITICAL - 2024-05-31 08:15:18 --> Unable to connect to the database.
Main connection [MySQLi]: Access denied for user '****'@'localhost' (using password: YES)
in SYSTEMPATH/Database/BaseConnection.php on line 427.
 1 SYSTEMPATH/Session/Handlers/DatabaseHandler.php(109): CodeIgniter\Database\BaseConnection->initialize()
 2 [internal function]: CodeIgniter\Session\Handlers\DatabaseHandler->open()
 3 SYSTEMPATH/Session/Session.php(920): session_start()
 4 SYSTEMPATH/Session/Session.php(250): CodeIgniter\Session\Session->startSession()
 5 SYSTEMPATH/Config/Services.php(674): CodeIgniter\Session\Session->start()
 6 SYSTEMPATH/Config/BaseService.php(252): CodeIgniter\Config\Services::session()
 7 SYSTEMPATH/Config/BaseService.php(193): CodeIgniter\Config\BaseService::__callStatic()
 8 SYSTEMPATH/Config/Services.php(641): CodeIgniter\Config\BaseService::getSharedInstance()
 9 SYSTEMPATH/Config/BaseService.php(252): CodeIgniter\Config\Services::session()
10 APPPATH/Config/Globals.php(29): CodeIgniter\Config\BaseService::__callStatic()
11 APPPATH/Config/Globals.php(120): Config\Globals::setGlobals()
12 SYSTEMPATH/Autoloader/Autoloader.php(312): include_once('/www/wwwroot/dodacdiachinh.net/app/Config/Globals.php')
13 SYSTEMPATH/Autoloader/Autoloader.php(289): CodeIgniter\Autoloader\Autoloader->includeFile()
14 SYSTEMPATH/Autoloader/Autoloader.php(267): CodeIgniter\Autoloader\Autoloader->loadInNamespace()
15 APPPATH/Config/Routes.php(7): CodeIgniter\Autoloader\Autoloader->loadClass()
16 SYSTEMPATH/Router/RouteCollection.php(267): require('/www/wwwroot/dodacdiachinh.net/app/Config/Routes.php')
17 SYSTEMPATH/CodeIgniter.php(800): CodeIgniter\Router\RouteCollection->loadRoutes()
18 SYSTEMPATH/CodeIgniter.php(447): CodeIgniter\CodeIgniter->tryToRouteIt()
19 SYSTEMPATH/CodeIgniter.php(366): CodeIgniter\CodeIgniter->handleRequest()
20 FCPATH/index.php(78): CodeIgniter\CodeIgniter->run()
ERROR - 2024-05-31 08:15:18 --> Error connecting to the database: mysqli_sql_exception: Access denied for user 'dodacdiachinh_db'@'localhost' (using password: YES) in /www/wwwroot/dodacdiachinh.net/system/Database/MySQLi/Connection.php:173
Stack trace:
#0 /www/wwwroot/dodacdiachinh.net/system/Database/MySQLi/Connection.php(173): mysqli->real_connect()
#1 /www/wwwroot/dodacdiachinh.net/system/Database/BaseConnection.php(391): CodeIgniter\Database\MySQLi\Connection->connect()
#2 /www/wwwroot/dodacdiachinh.net/system/Session/Handlers/DatabaseHandler.php(109): CodeIgniter\Database\BaseConnection->initialize()
#3 [internal function]: CodeIgniter\Session\Handlers\DatabaseHandler->open()
#4 /www/wwwroot/dodacdiachinh.net/system/Session/Session.php(920): session_start()
#5 /www/wwwroot/dodacdiachinh.net/system/Session/Session.php(250): CodeIgniter\Session\Session->startSession()
#6 /www/wwwroot/dodacdiachinh.net/system/Config/Services.php(674): CodeIgniter\Session\Session->start()
#7 /www/wwwroot/dodacdiachinh.net/system/Config/BaseService.php(252): CodeIgniter\Config\Services::session()
#8 /www/wwwroot/dodacdiachinh.net/system/Config/BaseService.php(193): CodeIgniter\Config\BaseService::__callStatic()
#9 /www/wwwroot/dodacdiachinh.net/system/Config/Services.php(641): CodeIgniter\Config\BaseService::getSharedInstance()
#10 /www/wwwroot/dodacdiachinh.net/system/Config/BaseService.php(252): CodeIgniter\Config\Services::session()
#11 /www/wwwroot/dodacdiachinh.net/app/Config/Globals.php(29): CodeIgniter\Config\BaseService::__callStatic()
#12 /www/wwwroot/dodacdiachinh.net/app/Config/Globals.php(120): Config\Globals::setGlobals()
#13 /www/wwwroot/dodacdiachinh.net/system/Autoloader/Autoloader.php(312): include_once('...')
#14 /www/wwwroot/dodacdiachinh.net/system/Autoloader/Autoloader.php(289): CodeIgniter\Autoloader\Autoloader->includeFile()
#15 /www/wwwroot/dodacdiachinh.net/system/Autoloader/Autoloader.php(267): CodeIgniter\Autoloader\Autoloader->loadInNamespace()
#16 /www/wwwroot/dodacdiachinh.net/app/Config/Routes.php(7): CodeIgniter\Autoloader\Autoloader->loadClass()
#17 /www/wwwroot/dodacdiachinh.net/system/Router/RouteCollection.php(267): require('...')
#18 /www/wwwroot/dodacdiachinh.net/system/CodeIgniter.php(800): CodeIgniter\Router\RouteCollection->loadRoutes()
#19 /www/wwwroot/dodacdiachinh.net/system/CodeIgniter.php(447): CodeIgniter\CodeIgniter->tryToRouteIt()
#20 /www/wwwroot/dodacdiachinh.net/system/CodeIgniter.php(366): CodeIgniter\CodeIgniter->handleRequest()
#21 /www/wwwroot/dodacdiachinh.net/index.php(78): CodeIgniter\CodeIgniter->run()
#22 {main}

Next CodeIgniter\Database\Exceptions\DatabaseException: Access denied for user '****'@'localhost' (using password: YES) in /www/wwwroot/dodacdiachinh.net/system/Database/MySQLi/Connection.php:218
Stack trace:
#0 /www/wwwroot/dodacdiachinh.net/system/Database/BaseConnection.php(391): CodeIgniter\Database\MySQLi\Connection->connect()
#1 /www/wwwroot/dodacdiachinh.net/system/Session/Handlers/DatabaseHandler.php(109): CodeIgniter\Database\BaseConnection->initialize()
#2 [internal function]: CodeIgniter\Session\Handlers\DatabaseHandler->open()
#3 /www/wwwroot/dodacdiachinh.net/system/Session/Session.php(920): session_start()
#4 /www/wwwroot/dodacdiachinh.net/system/Session/Session.php(250): CodeIgniter\Session\Session->startSession()
#5 /www/wwwroot/dodacdiachinh.net/system/Config/Services.php(674): CodeIgniter\Session\Session->start()
#6 /www/wwwroot/dodacdiachinh.net/system/Config/BaseService.php(252): CodeIgniter\Config\Services::session()
#7 /www/wwwroot/dodacdiachinh.net/system/Config/BaseService.php(193): CodeIgniter\Config\BaseService::__callStatic()
#8 /www/wwwroot/dodacdiachinh.net/system/Config/Services.php(641): CodeIgniter\Config\BaseService::getSharedInstance()
#9 /www/wwwroot/dodacdiachinh.net/system/Config/BaseService.php(252): CodeIgniter\Config\Services::session()
#10 /www/wwwroot/dodacdiachinh.net/app/Config/Globals.php(29): CodeIgniter\Config\BaseService::__callStatic()
#11 /www/wwwroot/dodacdiachinh.net/app/Config/Globals.php(120): Config\Globals::setGlobals()
#12 /www/wwwroot/dodacdiachinh.net/system/Autoloader/Autoloader.php(312): include_once('...')
#13 /www/wwwroot/dodacdiachinh.net/system/Autoloader/Autoloader.php(289): CodeIgniter\Autoloader\Autoloader->includeFile()
#14 /www/wwwroot/dodacdiachinh.net/system/Autoloader/Autoloader.php(267): CodeIgniter\Autoloader\Autoloader->loadInNamespace()
#15 /www/wwwroot/dodacdiachinh.net/app/Config/Routes.php(7): CodeIgniter\Autoloader\Autoloader->loadClass()
#16 /www/wwwroot/dodacdiachinh.net/system/Router/RouteCollection.php(267): require('...')
#17 /www/wwwroot/dodacdiachinh.net/system/CodeIgniter.php(800): CodeIgniter\Router\RouteCollection->loadRoutes()
#18 /www/wwwroot/dodacdiachinh.net/system/CodeIgniter.php(447): CodeIgniter\CodeIgniter->tryToRouteIt()
#19 /www/wwwroot/dodacdiachinh.net/system/CodeIgniter.php(366): CodeIgniter\CodeIgniter->handleRequest()
#20 /www/wwwroot/dodacdiachinh.net/index.php(78): CodeIgniter\CodeIgniter->run()
#21 {main}
CRITICAL - 2024-05-31 08:15:18 --> Unable to connect to the database.
Main connection [MySQLi]: Access denied for user '****'@'localhost' (using password: YES)
in SYSTEMPATH/Database/BaseConnection.php on line 427.
 1 SYSTEMPATH/Session/Handlers/DatabaseHandler.php(109): CodeIgniter\Database\BaseConnection->initialize()
 2 [internal function]: CodeIgniter\Session\Handlers\DatabaseHandler->open()
 3 SYSTEMPATH/Session/Session.php(920): session_start()
 4 SYSTEMPATH/Session/Session.php(250): CodeIgniter\Session\Session->startSession()
 5 SYSTEMPATH/Config/Services.php(674): CodeIgniter\Session\Session->start()
 6 SYSTEMPATH/Config/BaseService.php(252): CodeIgniter\Config\Services::session()
 7 SYSTEMPATH/Config/BaseService.php(193): CodeIgniter\Config\BaseService::__callStatic()
 8 SYSTEMPATH/Config/Services.php(641): CodeIgniter\Config\BaseService::getSharedInstance()
 9 SYSTEMPATH/Config/BaseService.php(252): CodeIgniter\Config\Services::session()
10 APPPATH/Config/Globals.php(29): CodeIgniter\Config\BaseService::__callStatic()
11 APPPATH/Config/Globals.php(120): Config\Globals::setGlobals()
12 SYSTEMPATH/Autoloader/Autoloader.php(312): include_once('/www/wwwroot/dodacdiachinh.net/app/Config/Globals.php')
13 SYSTEMPATH/Autoloader/Autoloader.php(289): CodeIgniter\Autoloader\Autoloader->includeFile()
14 SYSTEMPATH/Autoloader/Autoloader.php(267): CodeIgniter\Autoloader\Autoloader->loadInNamespace()
15 APPPATH/Config/Routes.php(7): CodeIgniter\Autoloader\Autoloader->loadClass()
16 SYSTEMPATH/Router/RouteCollection.php(267): require('/www/wwwroot/dodacdiachinh.net/app/Config/Routes.php')
17 SYSTEMPATH/CodeIgniter.php(800): CodeIgniter\Router\RouteCollection->loadRoutes()
18 SYSTEMPATH/CodeIgniter.php(447): CodeIgniter\CodeIgniter->tryToRouteIt()
19 SYSTEMPATH/CodeIgniter.php(366): CodeIgniter\CodeIgniter->handleRequest()
20 FCPATH/index.php(78): CodeIgniter\CodeIgniter->run()
ERROR - 2024-05-31 08:15:58 --> Error connecting to the database: mysqli_sql_exception: Access denied for user 'dodacdiachinh_db'@'localhost' (using password: YES) in /www/wwwroot/dodacdiachinh.net/system/Database/MySQLi/Connection.php:173
Stack trace:
#0 /www/wwwroot/dodacdiachinh.net/system/Database/MySQLi/Connection.php(173): mysqli->real_connect()
#1 /www/wwwroot/dodacdiachinh.net/system/Database/BaseConnection.php(391): CodeIgniter\Database\MySQLi\Connection->connect()
#2 /www/wwwroot/dodacdiachinh.net/system/Session/Handlers/DatabaseHandler.php(109): CodeIgniter\Database\BaseConnection->initialize()
#3 [internal function]: CodeIgniter\Session\Handlers\DatabaseHandler->open()
#4 /www/wwwroot/dodacdiachinh.net/system/Session/Session.php(920): session_start()
#5 /www/wwwroot/dodacdiachinh.net/system/Session/Session.php(250): CodeIgniter\Session\Session->startSession()
#6 /www/wwwroot/dodacdiachinh.net/system/Config/Services.php(674): CodeIgniter\Session\Session->start()
#7 /www/wwwroot/dodacdiachinh.net/system/Config/BaseService.php(252): CodeIgniter\Config\Services::session()
#8 /www/wwwroot/dodacdiachinh.net/system/Config/BaseService.php(193): CodeIgniter\Config\BaseService::__callStatic()
#9 /www/wwwroot/dodacdiachinh.net/system/Config/Services.php(641): CodeIgniter\Config\BaseService::getSharedInstance()
#10 /www/wwwroot/dodacdiachinh.net/system/Config/BaseService.php(252): CodeIgniter\Config\Services::session()
#11 /www/wwwroot/dodacdiachinh.net/app/Config/Globals.php(29): CodeIgniter\Config\BaseService::__callStatic()
#12 /www/wwwroot/dodacdiachinh.net/app/Config/Globals.php(120): Config\Globals::setGlobals()
#13 /www/wwwroot/dodacdiachinh.net/system/Autoloader/Autoloader.php(312): include_once('...')
#14 /www/wwwroot/dodacdiachinh.net/system/Autoloader/Autoloader.php(289): CodeIgniter\Autoloader\Autoloader->includeFile()
#15 /www/wwwroot/dodacdiachinh.net/system/Autoloader/Autoloader.php(267): CodeIgniter\Autoloader\Autoloader->loadInNamespace()
#16 /www/wwwroot/dodacdiachinh.net/app/Config/Routes.php(7): CodeIgniter\Autoloader\Autoloader->loadClass()
#17 /www/wwwroot/dodacdiachinh.net/system/Router/RouteCollection.php(267): require('...')
#18 /www/wwwroot/dodacdiachinh.net/system/CodeIgniter.php(800): CodeIgniter\Router\RouteCollection->loadRoutes()
#19 /www/wwwroot/dodacdiachinh.net/system/CodeIgniter.php(447): CodeIgniter\CodeIgniter->tryToRouteIt()
#20 /www/wwwroot/dodacdiachinh.net/system/CodeIgniter.php(366): CodeIgniter\CodeIgniter->handleRequest()
#21 /www/wwwroot/dodacdiachinh.net/index.php(78): CodeIgniter\CodeIgniter->run()
#22 {main}

Next CodeIgniter\Database\Exceptions\DatabaseException: Access denied for user '****'@'localhost' (using password: YES) in /www/wwwroot/dodacdiachinh.net/system/Database/MySQLi/Connection.php:218
Stack trace:
#0 /www/wwwroot/dodacdiachinh.net/system/Database/BaseConnection.php(391): CodeIgniter\Database\MySQLi\Connection->connect()
#1 /www/wwwroot/dodacdiachinh.net/system/Session/Handlers/DatabaseHandler.php(109): CodeIgniter\Database\BaseConnection->initialize()
#2 [internal function]: CodeIgniter\Session\Handlers\DatabaseHandler->open()
#3 /www/wwwroot/dodacdiachinh.net/system/Session/Session.php(920): session_start()
#4 /www/wwwroot/dodacdiachinh.net/system/Session/Session.php(250): CodeIgniter\Session\Session->startSession()
#5 /www/wwwroot/dodacdiachinh.net/system/Config/Services.php(674): CodeIgniter\Session\Session->start()
#6 /www/wwwroot/dodacdiachinh.net/system/Config/BaseService.php(252): CodeIgniter\Config\Services::session()
#7 /www/wwwroot/dodacdiachinh.net/system/Config/BaseService.php(193): CodeIgniter\Config\BaseService::__callStatic()
#8 /www/wwwroot/dodacdiachinh.net/system/Config/Services.php(641): CodeIgniter\Config\BaseService::getSharedInstance()
#9 /www/wwwroot/dodacdiachinh.net/system/Config/BaseService.php(252): CodeIgniter\Config\Services::session()
#10 /www/wwwroot/dodacdiachinh.net/app/Config/Globals.php(29): CodeIgniter\Config\BaseService::__callStatic()
#11 /www/wwwroot/dodacdiachinh.net/app/Config/Globals.php(120): Config\Globals::setGlobals()
#12 /www/wwwroot/dodacdiachinh.net/system/Autoloader/Autoloader.php(312): include_once('...')
#13 /www/wwwroot/dodacdiachinh.net/system/Autoloader/Autoloader.php(289): CodeIgniter\Autoloader\Autoloader->includeFile()
#14 /www/wwwroot/dodacdiachinh.net/system/Autoloader/Autoloader.php(267): CodeIgniter\Autoloader\Autoloader->loadInNamespace()
#15 /www/wwwroot/dodacdiachinh.net/app/Config/Routes.php(7): CodeIgniter\Autoloader\Autoloader->loadClass()
#16 /www/wwwroot/dodacdiachinh.net/system/Router/RouteCollection.php(267): require('...')
#17 /www/wwwroot/dodacdiachinh.net/system/CodeIgniter.php(800): CodeIgniter\Router\RouteCollection->loadRoutes()
#18 /www/wwwroot/dodacdiachinh.net/system/CodeIgniter.php(447): CodeIgniter\CodeIgniter->tryToRouteIt()
#19 /www/wwwroot/dodacdiachinh.net/system/CodeIgniter.php(366): CodeIgniter\CodeIgniter->handleRequest()
#20 /www/wwwroot/dodacdiachinh.net/index.php(78): CodeIgniter\CodeIgniter->run()
#21 {main}
CRITICAL - 2024-05-31 08:15:58 --> Unable to connect to the database.
Main connection [MySQLi]: Access denied for user '****'@'localhost' (using password: YES)
in SYSTEMPATH/Database/BaseConnection.php on line 427.
 1 SYSTEMPATH/Session/Handlers/DatabaseHandler.php(109): CodeIgniter\Database\BaseConnection->initialize()
 2 [internal function]: CodeIgniter\Session\Handlers\DatabaseHandler->open()
 3 SYSTEMPATH/Session/Session.php(920): session_start()
 4 SYSTEMPATH/Session/Session.php(250): CodeIgniter\Session\Session->startSession()
 5 SYSTEMPATH/Config/Services.php(674): CodeIgniter\Session\Session->start()
 6 SYSTEMPATH/Config/BaseService.php(252): CodeIgniter\Config\Services::session()
 7 SYSTEMPATH/Config/BaseService.php(193): CodeIgniter\Config\BaseService::__callStatic()
 8 SYSTEMPATH/Config/Services.php(641): CodeIgniter\Config\BaseService::getSharedInstance()
 9 SYSTEMPATH/Config/BaseService.php(252): CodeIgniter\Config\Services::session()
10 APPPATH/Config/Globals.php(29): CodeIgniter\Config\BaseService::__callStatic()
11 APPPATH/Config/Globals.php(120): Config\Globals::setGlobals()
12 SYSTEMPATH/Autoloader/Autoloader.php(312): include_once('/www/wwwroot/dodacdiachinh.net/app/Config/Globals.php')
13 SYSTEMPATH/Autoloader/Autoloader.php(289): CodeIgniter\Autoloader\Autoloader->includeFile()
14 SYSTEMPATH/Autoloader/Autoloader.php(267): CodeIgniter\Autoloader\Autoloader->loadInNamespace()
15 APPPATH/Config/Routes.php(7): CodeIgniter\Autoloader\Autoloader->loadClass()
16 SYSTEMPATH/Router/RouteCollection.php(267): require('/www/wwwroot/dodacdiachinh.net/app/Config/Routes.php')
17 SYSTEMPATH/CodeIgniter.php(800): CodeIgniter\Router\RouteCollection->loadRoutes()
18 SYSTEMPATH/CodeIgniter.php(447): CodeIgniter\CodeIgniter->tryToRouteIt()
19 SYSTEMPATH/CodeIgniter.php(366): CodeIgniter\CodeIgniter->handleRequest()
20 FCPATH/index.php(78): CodeIgniter\CodeIgniter->run()
ERROR - 2024-05-31 08:16:00 --> Error connecting to the database: mysqli_sql_exception: Access denied for user 'dodacdiachinh_db'@'localhost' (using password: YES) in /www/wwwroot/dodacdiachinh.net/system/Database/MySQLi/Connection.php:173
Stack trace:
#0 /www/wwwroot/dodacdiachinh.net/system/Database/MySQLi/Connection.php(173): mysqli->real_connect()
#1 /www/wwwroot/dodacdiachinh.net/system/Database/BaseConnection.php(391): CodeIgniter\Database\MySQLi\Connection->connect()
#2 /www/wwwroot/dodacdiachinh.net/system/Session/Handlers/DatabaseHandler.php(109): CodeIgniter\Database\BaseConnection->initialize()
#3 [internal function]: CodeIgniter\Session\Handlers\DatabaseHandler->open()
#4 /www/wwwroot/dodacdiachinh.net/system/Session/Session.php(920): session_start()
#5 /www/wwwroot/dodacdiachinh.net/system/Session/Session.php(250): CodeIgniter\Session\Session->startSession()
#6 /www/wwwroot/dodacdiachinh.net/system/Config/Services.php(674): CodeIgniter\Session\Session->start()
#7 /www/wwwroot/dodacdiachinh.net/system/Config/BaseService.php(252): CodeIgniter\Config\Services::session()
#8 /www/wwwroot/dodacdiachinh.net/system/Config/BaseService.php(193): CodeIgniter\Config\BaseService::__callStatic()
#9 /www/wwwroot/dodacdiachinh.net/system/Config/Services.php(641): CodeIgniter\Config\BaseService::getSharedInstance()
#10 /www/wwwroot/dodacdiachinh.net/system/Config/BaseService.php(252): CodeIgniter\Config\Services::session()
#11 /www/wwwroot/dodacdiachinh.net/app/Config/Globals.php(29): CodeIgniter\Config\BaseService::__callStatic()
#12 /www/wwwroot/dodacdiachinh.net/app/Config/Globals.php(120): Config\Globals::setGlobals()
#13 /www/wwwroot/dodacdiachinh.net/system/Autoloader/Autoloader.php(312): include_once('...')
#14 /www/wwwroot/dodacdiachinh.net/system/Autoloader/Autoloader.php(289): CodeIgniter\Autoloader\Autoloader->includeFile()
#15 /www/wwwroot/dodacdiachinh.net/system/Autoloader/Autoloader.php(267): CodeIgniter\Autoloader\Autoloader->loadInNamespace()
#16 /www/wwwroot/dodacdiachinh.net/app/Config/Routes.php(7): CodeIgniter\Autoloader\Autoloader->loadClass()
#17 /www/wwwroot/dodacdiachinh.net/system/Router/RouteCollection.php(267): require('...')
#18 /www/wwwroot/dodacdiachinh.net/system/CodeIgniter.php(800): CodeIgniter\Router\RouteCollection->loadRoutes()
#19 /www/wwwroot/dodacdiachinh.net/system/CodeIgniter.php(447): CodeIgniter\CodeIgniter->tryToRouteIt()
#20 /www/wwwroot/dodacdiachinh.net/system/CodeIgniter.php(366): CodeIgniter\CodeIgniter->handleRequest()
#21 /www/wwwroot/dodacdiachinh.net/index.php(78): CodeIgniter\CodeIgniter->run()
#22 {main}

Next CodeIgniter\Database\Exceptions\DatabaseException: Access denied for user '****'@'localhost' (using password: YES) in /www/wwwroot/dodacdiachinh.net/system/Database/MySQLi/Connection.php:218
Stack trace:
#0 /www/wwwroot/dodacdiachinh.net/system/Database/BaseConnection.php(391): CodeIgniter\Database\MySQLi\Connection->connect()
#1 /www/wwwroot/dodacdiachinh.net/system/Session/Handlers/DatabaseHandler.php(109): CodeIgniter\Database\BaseConnection->initialize()
#2 [internal function]: CodeIgniter\Session\Handlers\DatabaseHandler->open()
#3 /www/wwwroot/dodacdiachinh.net/system/Session/Session.php(920): session_start()
#4 /www/wwwroot/dodacdiachinh.net/system/Session/Session.php(250): CodeIgniter\Session\Session->startSession()
#5 /www/wwwroot/dodacdiachinh.net/system/Config/Services.php(674): CodeIgniter\Session\Session->start()
#6 /www/wwwroot/dodacdiachinh.net/system/Config/BaseService.php(252): CodeIgniter\Config\Services::session()
#7 /www/wwwroot/dodacdiachinh.net/system/Config/BaseService.php(193): CodeIgniter\Config\BaseService::__callStatic()
#8 /www/wwwroot/dodacdiachinh.net/system/Config/Services.php(641): CodeIgniter\Config\BaseService::getSharedInstance()
#9 /www/wwwroot/dodacdiachinh.net/system/Config/BaseService.php(252): CodeIgniter\Config\Services::session()
#10 /www/wwwroot/dodacdiachinh.net/app/Config/Globals.php(29): CodeIgniter\Config\BaseService::__callStatic()
#11 /www/wwwroot/dodacdiachinh.net/app/Config/Globals.php(120): Config\Globals::setGlobals()
#12 /www/wwwroot/dodacdiachinh.net/system/Autoloader/Autoloader.php(312): include_once('...')
#13 /www/wwwroot/dodacdiachinh.net/system/Autoloader/Autoloader.php(289): CodeIgniter\Autoloader\Autoloader->includeFile()
#14 /www/wwwroot/dodacdiachinh.net/system/Autoloader/Autoloader.php(267): CodeIgniter\Autoloader\Autoloader->loadInNamespace()
#15 /www/wwwroot/dodacdiachinh.net/app/Config/Routes.php(7): CodeIgniter\Autoloader\Autoloader->loadClass()
#16 /www/wwwroot/dodacdiachinh.net/system/Router/RouteCollection.php(267): require('...')
#17 /www/wwwroot/dodacdiachinh.net/system/CodeIgniter.php(800): CodeIgniter\Router\RouteCollection->loadRoutes()
#18 /www/wwwroot/dodacdiachinh.net/system/CodeIgniter.php(447): CodeIgniter\CodeIgniter->tryToRouteIt()
#19 /www/wwwroot/dodacdiachinh.net/system/CodeIgniter.php(366): CodeIgniter\CodeIgniter->handleRequest()
#20 /www/wwwroot/dodacdiachinh.net/index.php(78): CodeIgniter\CodeIgniter->run()
#21 {main}
CRITICAL - 2024-05-31 08:16:00 --> Unable to connect to the database.
Main connection [MySQLi]: Access denied for user '****'@'localhost' (using password: YES)
in SYSTEMPATH/Database/BaseConnection.php on line 427.
 1 SYSTEMPATH/Session/Handlers/DatabaseHandler.php(109): CodeIgniter\Database\BaseConnection->initialize()
 2 [internal function]: CodeIgniter\Session\Handlers\DatabaseHandler->open()
 3 SYSTEMPATH/Session/Session.php(920): session_start()
 4 SYSTEMPATH/Session/Session.php(250): CodeIgniter\Session\Session->startSession()
 5 SYSTEMPATH/Config/Services.php(674): CodeIgniter\Session\Session->start()
 6 SYSTEMPATH/Config/BaseService.php(252): CodeIgniter\Config\Services::session()
 7 SYSTEMPATH/Config/BaseService.php(193): CodeIgniter\Config\BaseService::__callStatic()
 8 SYSTEMPATH/Config/Services.php(641): CodeIgniter\Config\BaseService::getSharedInstance()
 9 SYSTEMPATH/Config/BaseService.php(252): CodeIgniter\Config\Services::session()
10 APPPATH/Config/Globals.php(29): CodeIgniter\Config\BaseService::__callStatic()
11 APPPATH/Config/Globals.php(120): Config\Globals::setGlobals()
12 SYSTEMPATH/Autoloader/Autoloader.php(312): include_once('/www/wwwroot/dodacdiachinh.net/app/Config/Globals.php')
13 SYSTEMPATH/Autoloader/Autoloader.php(289): CodeIgniter\Autoloader\Autoloader->includeFile()
14 SYSTEMPATH/Autoloader/Autoloader.php(267): CodeIgniter\Autoloader\Autoloader->loadInNamespace()
15 APPPATH/Config/Routes.php(7): CodeIgniter\Autoloader\Autoloader->loadClass()
16 SYSTEMPATH/Router/RouteCollection.php(267): require('/www/wwwroot/dodacdiachinh.net/app/Config/Routes.php')
17 SYSTEMPATH/CodeIgniter.php(800): CodeIgniter\Router\RouteCollection->loadRoutes()
18 SYSTEMPATH/CodeIgniter.php(447): CodeIgniter\CodeIgniter->tryToRouteIt()
19 SYSTEMPATH/CodeIgniter.php(366): CodeIgniter\CodeIgniter->handleRequest()
20 FCPATH/index.php(78): CodeIgniter\CodeIgniter->run()
ERROR - 2024-05-31 08:16:12 --> Error connecting to the database: mysqli_sql_exception: Access denied for user 'dodacdiachinh_db'@'localhost' (using password: YES) in /www/wwwroot/dodacdiachinh.net/system/Database/MySQLi/Connection.php:173
Stack trace:
#0 /www/wwwroot/dodacdiachinh.net/system/Database/MySQLi/Connection.php(173): mysqli->real_connect()
#1 /www/wwwroot/dodacdiachinh.net/system/Database/BaseConnection.php(391): CodeIgniter\Database\MySQLi\Connection->connect()
#2 /www/wwwroot/dodacdiachinh.net/system/Session/Handlers/DatabaseHandler.php(109): CodeIgniter\Database\BaseConnection->initialize()
#3 [internal function]: CodeIgniter\Session\Handlers\DatabaseHandler->open()
#4 /www/wwwroot/dodacdiachinh.net/system/Session/Session.php(920): session_start()
#5 /www/wwwroot/dodacdiachinh.net/system/Session/Session.php(250): CodeIgniter\Session\Session->startSession()
#6 /www/wwwroot/dodacdiachinh.net/system/Config/Services.php(674): CodeIgniter\Session\Session->start()
#7 /www/wwwroot/dodacdiachinh.net/system/Config/BaseService.php(252): CodeIgniter\Config\Services::session()
#8 /www/wwwroot/dodacdiachinh.net/system/Config/BaseService.php(193): CodeIgniter\Config\BaseService::__callStatic()
#9 /www/wwwroot/dodacdiachinh.net/system/Config/Services.php(641): CodeIgniter\Config\BaseService::getSharedInstance()
#10 /www/wwwroot/dodacdiachinh.net/system/Config/BaseService.php(252): CodeIgniter\Config\Services::session()
#11 /www/wwwroot/dodacdiachinh.net/app/Config/Globals.php(29): CodeIgniter\Config\BaseService::__callStatic()
#12 /www/wwwroot/dodacdiachinh.net/app/Config/Globals.php(120): Config\Globals::setGlobals()
#13 /www/wwwroot/dodacdiachinh.net/system/Autoloader/Autoloader.php(312): include_once('...')
#14 /www/wwwroot/dodacdiachinh.net/system/Autoloader/Autoloader.php(289): CodeIgniter\Autoloader\Autoloader->includeFile()
#15 /www/wwwroot/dodacdiachinh.net/system/Autoloader/Autoloader.php(267): CodeIgniter\Autoloader\Autoloader->loadInNamespace()
#16 /www/wwwroot/dodacdiachinh.net/app/Config/Routes.php(7): CodeIgniter\Autoloader\Autoloader->loadClass()
#17 /www/wwwroot/dodacdiachinh.net/system/Router/RouteCollection.php(267): require('...')
#18 /www/wwwroot/dodacdiachinh.net/system/CodeIgniter.php(800): CodeIgniter\Router\RouteCollection->loadRoutes()
#19 /www/wwwroot/dodacdiachinh.net/system/CodeIgniter.php(447): CodeIgniter\CodeIgniter->tryToRouteIt()
#20 /www/wwwroot/dodacdiachinh.net/system/CodeIgniter.php(366): CodeIgniter\CodeIgniter->handleRequest()
#21 /www/wwwroot/dodacdiachinh.net/index.php(78): CodeIgniter\CodeIgniter->run()
#22 {main}

Next CodeIgniter\Database\Exceptions\DatabaseException: Access denied for user '****'@'localhost' (using password: YES) in /www/wwwroot/dodacdiachinh.net/system/Database/MySQLi/Connection.php:218
Stack trace:
#0 /www/wwwroot/dodacdiachinh.net/system/Database/BaseConnection.php(391): CodeIgniter\Database\MySQLi\Connection->connect()
#1 /www/wwwroot/dodacdiachinh.net/system/Session/Handlers/DatabaseHandler.php(109): CodeIgniter\Database\BaseConnection->initialize()
#2 [internal function]: CodeIgniter\Session\Handlers\DatabaseHandler->open()
#3 /www/wwwroot/dodacdiachinh.net/system/Session/Session.php(920): session_start()
#4 /www/wwwroot/dodacdiachinh.net/system/Session/Session.php(250): CodeIgniter\Session\Session->startSession()
#5 /www/wwwroot/dodacdiachinh.net/system/Config/Services.php(674): CodeIgniter\Session\Session->start()
#6 /www/wwwroot/dodacdiachinh.net/system/Config/BaseService.php(252): CodeIgniter\Config\Services::session()
#7 /www/wwwroot/dodacdiachinh.net/system/Config/BaseService.php(193): CodeIgniter\Config\BaseService::__callStatic()
#8 /www/wwwroot/dodacdiachinh.net/system/Config/Services.php(641): CodeIgniter\Config\BaseService::getSharedInstance()
#9 /www/wwwroot/dodacdiachinh.net/system/Config/BaseService.php(252): CodeIgniter\Config\Services::session()
#10 /www/wwwroot/dodacdiachinh.net/app/Config/Globals.php(29): CodeIgniter\Config\BaseService::__callStatic()
#11 /www/wwwroot/dodacdiachinh.net/app/Config/Globals.php(120): Config\Globals::setGlobals()
#12 /www/wwwroot/dodacdiachinh.net/system/Autoloader/Autoloader.php(312): include_once('...')
#13 /www/wwwroot/dodacdiachinh.net/system/Autoloader/Autoloader.php(289): CodeIgniter\Autoloader\Autoloader->includeFile()
#14 /www/wwwroot/dodacdiachinh.net/system/Autoloader/Autoloader.php(267): CodeIgniter\Autoloader\Autoloader->loadInNamespace()
#15 /www/wwwroot/dodacdiachinh.net/app/Config/Routes.php(7): CodeIgniter\Autoloader\Autoloader->loadClass()
#16 /www/wwwroot/dodacdiachinh.net/system/Router/RouteCollection.php(267): require('...')
#17 /www/wwwroot/dodacdiachinh.net/system/CodeIgniter.php(800): CodeIgniter\Router\RouteCollection->loadRoutes()
#18 /www/wwwroot/dodacdiachinh.net/system/CodeIgniter.php(447): CodeIgniter\CodeIgniter->tryToRouteIt()
#19 /www/wwwroot/dodacdiachinh.net/system/CodeIgniter.php(366): CodeIgniter\CodeIgniter->handleRequest()
#20 /www/wwwroot/dodacdiachinh.net/index.php(78): CodeIgniter\CodeIgniter->run()
#21 {main}
CRITICAL - 2024-05-31 08:16:12 --> Unable to connect to the database.
Main connection [MySQLi]: Access denied for user '****'@'localhost' (using password: YES)
in SYSTEMPATH/Database/BaseConnection.php on line 427.
 1 SYSTEMPATH/Session/Handlers/DatabaseHandler.php(109): CodeIgniter\Database\BaseConnection->initialize()
 2 [internal function]: CodeIgniter\Session\Handlers\DatabaseHandler->open()
 3 SYSTEMPATH/Session/Session.php(920): session_start()
 4 SYSTEMPATH/Session/Session.php(250): CodeIgniter\Session\Session->startSession()
 5 SYSTEMPATH/Config/Services.php(674): CodeIgniter\Session\Session->start()
 6 SYSTEMPATH/Config/BaseService.php(252): CodeIgniter\Config\Services::session()
 7 SYSTEMPATH/Config/BaseService.php(193): CodeIgniter\Config\BaseService::__callStatic()
 8 SYSTEMPATH/Config/Services.php(641): CodeIgniter\Config\BaseService::getSharedInstance()
 9 SYSTEMPATH/Config/BaseService.php(252): CodeIgniter\Config\Services::session()
10 APPPATH/Config/Globals.php(29): CodeIgniter\Config\BaseService::__callStatic()
11 APPPATH/Config/Globals.php(120): Config\Globals::setGlobals()
12 SYSTEMPATH/Autoloader/Autoloader.php(312): include_once('/www/wwwroot/dodacdiachinh.net/app/Config/Globals.php')
13 SYSTEMPATH/Autoloader/Autoloader.php(289): CodeIgniter\Autoloader\Autoloader->includeFile()
14 SYSTEMPATH/Autoloader/Autoloader.php(267): CodeIgniter\Autoloader\Autoloader->loadInNamespace()
15 APPPATH/Config/Routes.php(7): CodeIgniter\Autoloader\Autoloader->loadClass()
16 SYSTEMPATH/Router/RouteCollection.php(267): require('/www/wwwroot/dodacdiachinh.net/app/Config/Routes.php')
17 SYSTEMPATH/CodeIgniter.php(800): CodeIgniter\Router\RouteCollection->loadRoutes()
18 SYSTEMPATH/CodeIgniter.php(447): CodeIgniter\CodeIgniter->tryToRouteIt()
19 SYSTEMPATH/CodeIgniter.php(366): CodeIgniter\CodeIgniter->handleRequest()
20 FCPATH/index.php(78): CodeIgniter\CodeIgniter->run()
ERROR - 2024-05-31 08:16:13 --> Error connecting to the database: mysqli_sql_exception: Access denied for user 'dodacdiachinh_db'@'localhost' (using password: YES) in /www/wwwroot/dodacdiachinh.net/system/Database/MySQLi/Connection.php:173
Stack trace:
#0 /www/wwwroot/dodacdiachinh.net/system/Database/MySQLi/Connection.php(173): mysqli->real_connect()
#1 /www/wwwroot/dodacdiachinh.net/system/Database/BaseConnection.php(391): CodeIgniter\Database\MySQLi\Connection->connect()
#2 /www/wwwroot/dodacdiachinh.net/system/Session/Handlers/DatabaseHandler.php(109): CodeIgniter\Database\BaseConnection->initialize()
#3 [internal function]: CodeIgniter\Session\Handlers\DatabaseHandler->open()
#4 /www/wwwroot/dodacdiachinh.net/system/Session/Session.php(920): session_start()
#5 /www/wwwroot/dodacdiachinh.net/system/Session/Session.php(250): CodeIgniter\Session\Session->startSession()
#6 /www/wwwroot/dodacdiachinh.net/system/Config/Services.php(674): CodeIgniter\Session\Session->start()
#7 /www/wwwroot/dodacdiachinh.net/system/Config/BaseService.php(252): CodeIgniter\Config\Services::session()
#8 /www/wwwroot/dodacdiachinh.net/system/Config/BaseService.php(193): CodeIgniter\Config\BaseService::__callStatic()
#9 /www/wwwroot/dodacdiachinh.net/system/Config/Services.php(641): CodeIgniter\Config\BaseService::getSharedInstance()
#10 /www/wwwroot/dodacdiachinh.net/system/Config/BaseService.php(252): CodeIgniter\Config\Services::session()
#11 /www/wwwroot/dodacdiachinh.net/app/Config/Globals.php(29): CodeIgniter\Config\BaseService::__callStatic()
#12 /www/wwwroot/dodacdiachinh.net/app/Config/Globals.php(120): Config\Globals::setGlobals()
#13 /www/wwwroot/dodacdiachinh.net/system/Autoloader/Autoloader.php(312): include_once('...')
#14 /www/wwwroot/dodacdiachinh.net/system/Autoloader/Autoloader.php(289): CodeIgniter\Autoloader\Autoloader->includeFile()
#15 /www/wwwroot/dodacdiachinh.net/system/Autoloader/Autoloader.php(267): CodeIgniter\Autoloader\Autoloader->loadInNamespace()
#16 /www/wwwroot/dodacdiachinh.net/app/Config/Routes.php(7): CodeIgniter\Autoloader\Autoloader->loadClass()
#17 /www/wwwroot/dodacdiachinh.net/system/Router/RouteCollection.php(267): require('...')
#18 /www/wwwroot/dodacdiachinh.net/system/CodeIgniter.php(800): CodeIgniter\Router\RouteCollection->loadRoutes()
#19 /www/wwwroot/dodacdiachinh.net/system/CodeIgniter.php(447): CodeIgniter\CodeIgniter->tryToRouteIt()
#20 /www/wwwroot/dodacdiachinh.net/system/CodeIgniter.php(366): CodeIgniter\CodeIgniter->handleRequest()
#21 /www/wwwroot/dodacdiachinh.net/index.php(78): CodeIgniter\CodeIgniter->run()
#22 {main}

Next CodeIgniter\Database\Exceptions\DatabaseException: Access denied for user '****'@'localhost' (using password: YES) in /www/wwwroot/dodacdiachinh.net/system/Database/MySQLi/Connection.php:218
Stack trace:
#0 /www/wwwroot/dodacdiachinh.net/system/Database/BaseConnection.php(391): CodeIgniter\Database\MySQLi\Connection->connect()
#1 /www/wwwroot/dodacdiachinh.net/system/Session/Handlers/DatabaseHandler.php(109): CodeIgniter\Database\BaseConnection->initialize()
#2 [internal function]: CodeIgniter\Session\Handlers\DatabaseHandler->open()
#3 /www/wwwroot/dodacdiachinh.net/system/Session/Session.php(920): session_start()
#4 /www/wwwroot/dodacdiachinh.net/system/Session/Session.php(250): CodeIgniter\Session\Session->startSession()
#5 /www/wwwroot/dodacdiachinh.net/system/Config/Services.php(674): CodeIgniter\Session\Session->start()
#6 /www/wwwroot/dodacdiachinh.net/system/Config/BaseService.php(252): CodeIgniter\Config\Services::session()
#7 /www/wwwroot/dodacdiachinh.net/system/Config/BaseService.php(193): CodeIgniter\Config\BaseService::__callStatic()
#8 /www/wwwroot/dodacdiachinh.net/system/Config/Services.php(641): CodeIgniter\Config\BaseService::getSharedInstance()
#9 /www/wwwroot/dodacdiachinh.net/system/Config/BaseService.php(252): CodeIgniter\Config\Services::session()
#10 /www/wwwroot/dodacdiachinh.net/app/Config/Globals.php(29): CodeIgniter\Config\BaseService::__callStatic()
#11 /www/wwwroot/dodacdiachinh.net/app/Config/Globals.php(120): Config\Globals::setGlobals()
#12 /www/wwwroot/dodacdiachinh.net/system/Autoloader/Autoloader.php(312): include_once('...')
#13 /www/wwwroot/dodacdiachinh.net/system/Autoloader/Autoloader.php(289): CodeIgniter\Autoloader\Autoloader->includeFile()
#14 /www/wwwroot/dodacdiachinh.net/system/Autoloader/Autoloader.php(267): CodeIgniter\Autoloader\Autoloader->loadInNamespace()
#15 /www/wwwroot/dodacdiachinh.net/app/Config/Routes.php(7): CodeIgniter\Autoloader\Autoloader->loadClass()
#16 /www/wwwroot/dodacdiachinh.net/system/Router/RouteCollection.php(267): require('...')
#17 /www/wwwroot/dodacdiachinh.net/system/CodeIgniter.php(800): CodeIgniter\Router\RouteCollection->loadRoutes()
#18 /www/wwwroot/dodacdiachinh.net/system/CodeIgniter.php(447): CodeIgniter\CodeIgniter->tryToRouteIt()
#19 /www/wwwroot/dodacdiachinh.net/system/CodeIgniter.php(366): CodeIgniter\CodeIgniter->handleRequest()
#20 /www/wwwroot/dodacdiachinh.net/index.php(78): CodeIgniter\CodeIgniter->run()
#21 {main}
CRITICAL - 2024-05-31 08:16:13 --> Unable to connect to the database.
Main connection [MySQLi]: Access denied for user '****'@'localhost' (using password: YES)
in SYSTEMPATH/Database/BaseConnection.php on line 427.
 1 SYSTEMPATH/Session/Handlers/DatabaseHandler.php(109): CodeIgniter\Database\BaseConnection->initialize()
 2 [internal function]: CodeIgniter\Session\Handlers\DatabaseHandler->open()
 3 SYSTEMPATH/Session/Session.php(920): session_start()
 4 SYSTEMPATH/Session/Session.php(250): CodeIgniter\Session\Session->startSession()
 5 SYSTEMPATH/Config/Services.php(674): CodeIgniter\Session\Session->start()
 6 SYSTEMPATH/Config/BaseService.php(252): CodeIgniter\Config\Services::session()
 7 SYSTEMPATH/Config/BaseService.php(193): CodeIgniter\Config\BaseService::__callStatic()
 8 SYSTEMPATH/Config/Services.php(641): CodeIgniter\Config\BaseService::getSharedInstance()
 9 SYSTEMPATH/Config/BaseService.php(252): CodeIgniter\Config\Services::session()
10 APPPATH/Config/Globals.php(29): CodeIgniter\Config\BaseService::__callStatic()
11 APPPATH/Config/Globals.php(120): Config\Globals::setGlobals()
12 SYSTEMPATH/Autoloader/Autoloader.php(312): include_once('/www/wwwroot/dodacdiachinh.net/app/Config/Globals.php')
13 SYSTEMPATH/Autoloader/Autoloader.php(289): CodeIgniter\Autoloader\Autoloader->includeFile()
14 SYSTEMPATH/Autoloader/Autoloader.php(267): CodeIgniter\Autoloader\Autoloader->loadInNamespace()
15 APPPATH/Config/Routes.php(7): CodeIgniter\Autoloader\Autoloader->loadClass()
16 SYSTEMPATH/Router/RouteCollection.php(267): require('/www/wwwroot/dodacdiachinh.net/app/Config/Routes.php')
17 SYSTEMPATH/CodeIgniter.php(800): CodeIgniter\Router\RouteCollection->loadRoutes()
18 SYSTEMPATH/CodeIgniter.php(447): CodeIgniter\CodeIgniter->tryToRouteIt()
19 SYSTEMPATH/CodeIgniter.php(366): CodeIgniter\CodeIgniter->handleRequest()
20 FCPATH/index.php(78): CodeIgniter\CodeIgniter->run()
ERROR - 2024-05-31 08:17:50 --> Error connecting to the database: mysqli_sql_exception: Access denied for user 'dodacdiachinh_db'@'localhost' (using password: YES) in /www/wwwroot/dodacdiachinh.net/system/Database/MySQLi/Connection.php:173
Stack trace:
#0 /www/wwwroot/dodacdiachinh.net/system/Database/MySQLi/Connection.php(173): mysqli->real_connect()
#1 /www/wwwroot/dodacdiachinh.net/system/Database/BaseConnection.php(391): CodeIgniter\Database\MySQLi\Connection->connect()
#2 /www/wwwroot/dodacdiachinh.net/system/Session/Handlers/DatabaseHandler.php(109): CodeIgniter\Database\BaseConnection->initialize()
#3 [internal function]: CodeIgniter\Session\Handlers\DatabaseHandler->open()
#4 /www/wwwroot/dodacdiachinh.net/system/Session/Session.php(920): session_start()
#5 /www/wwwroot/dodacdiachinh.net/system/Session/Session.php(250): CodeIgniter\Session\Session->startSession()
#6 /www/wwwroot/dodacdiachinh.net/system/Config/Services.php(674): CodeIgniter\Session\Session->start()
#7 /www/wwwroot/dodacdiachinh.net/system/Config/BaseService.php(252): CodeIgniter\Config\Services::session()
#8 /www/wwwroot/dodacdiachinh.net/system/Config/BaseService.php(193): CodeIgniter\Config\BaseService::__callStatic()
#9 /www/wwwroot/dodacdiachinh.net/system/Config/Services.php(641): CodeIgniter\Config\BaseService::getSharedInstance()
#10 /www/wwwroot/dodacdiachinh.net/system/Config/BaseService.php(252): CodeIgniter\Config\Services::session()
#11 /www/wwwroot/dodacdiachinh.net/app/Config/Globals.php(29): CodeIgniter\Config\BaseService::__callStatic()
#12 /www/wwwroot/dodacdiachinh.net/app/Config/Globals.php(120): Config\Globals::setGlobals()
#13 /www/wwwroot/dodacdiachinh.net/system/Autoloader/Autoloader.php(312): include_once('...')
#14 /www/wwwroot/dodacdiachinh.net/system/Autoloader/Autoloader.php(289): CodeIgniter\Autoloader\Autoloader->includeFile()
#15 /www/wwwroot/dodacdiachinh.net/system/Autoloader/Autoloader.php(267): CodeIgniter\Autoloader\Autoloader->loadInNamespace()
#16 /www/wwwroot/dodacdiachinh.net/app/Config/Routes.php(7): CodeIgniter\Autoloader\Autoloader->loadClass()
#17 /www/wwwroot/dodacdiachinh.net/system/Router/RouteCollection.php(267): require('...')
#18 /www/wwwroot/dodacdiachinh.net/system/CodeIgniter.php(800): CodeIgniter\Router\RouteCollection->loadRoutes()
#19 /www/wwwroot/dodacdiachinh.net/system/CodeIgniter.php(447): CodeIgniter\CodeIgniter->tryToRouteIt()
#20 /www/wwwroot/dodacdiachinh.net/system/CodeIgniter.php(366): CodeIgniter\CodeIgniter->handleRequest()
#21 /www/wwwroot/dodacdiachinh.net/index.php(78): CodeIgniter\CodeIgniter->run()
#22 {main}

Next CodeIgniter\Database\Exceptions\DatabaseException: Access denied for user '****'@'localhost' (using password: YES) in /www/wwwroot/dodacdiachinh.net/system/Database/MySQLi/Connection.php:218
Stack trace:
#0 /www/wwwroot/dodacdiachinh.net/system/Database/BaseConnection.php(391): CodeIgniter\Database\MySQLi\Connection->connect()
#1 /www/wwwroot/dodacdiachinh.net/system/Session/Handlers/DatabaseHandler.php(109): CodeIgniter\Database\BaseConnection->initialize()
#2 [internal function]: CodeIgniter\Session\Handlers\DatabaseHandler->open()
#3 /www/wwwroot/dodacdiachinh.net/system/Session/Session.php(920): session_start()
#4 /www/wwwroot/dodacdiachinh.net/system/Session/Session.php(250): CodeIgniter\Session\Session->startSession()
#5 /www/wwwroot/dodacdiachinh.net/system/Config/Services.php(674): CodeIgniter\Session\Session->start()
#6 /www/wwwroot/dodacdiachinh.net/system/Config/BaseService.php(252): CodeIgniter\Config\Services::session()
#7 /www/wwwroot/dodacdiachinh.net/system/Config/BaseService.php(193): CodeIgniter\Config\BaseService::__callStatic()
#8 /www/wwwroot/dodacdiachinh.net/system/Config/Services.php(641): CodeIgniter\Config\BaseService::getSharedInstance()
#9 /www/wwwroot/dodacdiachinh.net/system/Config/BaseService.php(252): CodeIgniter\Config\Services::session()
#10 /www/wwwroot/dodacdiachinh.net/app/Config/Globals.php(29): CodeIgniter\Config\BaseService::__callStatic()
#11 /www/wwwroot/dodacdiachinh.net/app/Config/Globals.php(120): Config\Globals::setGlobals()
#12 /www/wwwroot/dodacdiachinh.net/system/Autoloader/Autoloader.php(312): include_once('...')
#13 /www/wwwroot/dodacdiachinh.net/system/Autoloader/Autoloader.php(289): CodeIgniter\Autoloader\Autoloader->includeFile()
#14 /www/wwwroot/dodacdiachinh.net/system/Autoloader/Autoloader.php(267): CodeIgniter\Autoloader\Autoloader->loadInNamespace()
#15 /www/wwwroot/dodacdiachinh.net/app/Config/Routes.php(7): CodeIgniter\Autoloader\Autoloader->loadClass()
#16 /www/wwwroot/dodacdiachinh.net/system/Router/RouteCollection.php(267): require('...')
#17 /www/wwwroot/dodacdiachinh.net/system/CodeIgniter.php(800): CodeIgniter\Router\RouteCollection->loadRoutes()
#18 /www/wwwroot/dodacdiachinh.net/system/CodeIgniter.php(447): CodeIgniter\CodeIgniter->tryToRouteIt()
#19 /www/wwwroot/dodacdiachinh.net/system/CodeIgniter.php(366): CodeIgniter\CodeIgniter->handleRequest()
#20 /www/wwwroot/dodacdiachinh.net/index.php(78): CodeIgniter\CodeIgniter->run()
#21 {main}
CRITICAL - 2024-05-31 08:17:50 --> Unable to connect to the database.
Main connection [MySQLi]: Access denied for user '****'@'localhost' (using password: YES)
in SYSTEMPATH/Database/BaseConnection.php on line 427.
 1 SYSTEMPATH/Session/Handlers/DatabaseHandler.php(109): CodeIgniter\Database\BaseConnection->initialize()
 2 [internal function]: CodeIgniter\Session\Handlers\DatabaseHandler->open()
 3 SYSTEMPATH/Session/Session.php(920): session_start()
 4 SYSTEMPATH/Session/Session.php(250): CodeIgniter\Session\Session->startSession()
 5 SYSTEMPATH/Config/Services.php(674): CodeIgniter\Session\Session->start()
 6 SYSTEMPATH/Config/BaseService.php(252): CodeIgniter\Config\Services::session()
 7 SYSTEMPATH/Config/BaseService.php(193): CodeIgniter\Config\BaseService::__callStatic()
 8 SYSTEMPATH/Config/Services.php(641): CodeIgniter\Config\BaseService::getSharedInstance()
 9 SYSTEMPATH/Config/BaseService.php(252): CodeIgniter\Config\Services::session()
10 APPPATH/Config/Globals.php(29): CodeIgniter\Config\BaseService::__callStatic()
11 APPPATH/Config/Globals.php(120): Config\Globals::setGlobals()
12 SYSTEMPATH/Autoloader/Autoloader.php(312): include_once('/www/wwwroot/dodacdiachinh.net/app/Config/Globals.php')
13 SYSTEMPATH/Autoloader/Autoloader.php(289): CodeIgniter\Autoloader\Autoloader->includeFile()
14 SYSTEMPATH/Autoloader/Autoloader.php(267): CodeIgniter\Autoloader\Autoloader->loadInNamespace()
15 APPPATH/Config/Routes.php(7): CodeIgniter\Autoloader\Autoloader->loadClass()
16 SYSTEMPATH/Router/RouteCollection.php(267): require('/www/wwwroot/dodacdiachinh.net/app/Config/Routes.php')
17 SYSTEMPATH/CodeIgniter.php(800): CodeIgniter\Router\RouteCollection->loadRoutes()
18 SYSTEMPATH/CodeIgniter.php(447): CodeIgniter\CodeIgniter->tryToRouteIt()
19 SYSTEMPATH/CodeIgniter.php(366): CodeIgniter\CodeIgniter->handleRequest()
20 FCPATH/index.php(78): CodeIgniter\CodeIgniter->run()
ERROR - 2024-05-31 08:17:51 --> Error connecting to the database: mysqli_sql_exception: Access denied for user 'dodacdiachinh_db'@'localhost' (using password: YES) in /www/wwwroot/dodacdiachinh.net/system/Database/MySQLi/Connection.php:173
Stack trace:
#0 /www/wwwroot/dodacdiachinh.net/system/Database/MySQLi/Connection.php(173): mysqli->real_connect()
#1 /www/wwwroot/dodacdiachinh.net/system/Database/BaseConnection.php(391): CodeIgniter\Database\MySQLi\Connection->connect()
#2 /www/wwwroot/dodacdiachinh.net/system/Session/Handlers/DatabaseHandler.php(109): CodeIgniter\Database\BaseConnection->initialize()
#3 [internal function]: CodeIgniter\Session\Handlers\DatabaseHandler->open()
#4 /www/wwwroot/dodacdiachinh.net/system/Session/Session.php(920): session_start()
#5 /www/wwwroot/dodacdiachinh.net/system/Session/Session.php(250): CodeIgniter\Session\Session->startSession()
#6 /www/wwwroot/dodacdiachinh.net/system/Config/Services.php(674): CodeIgniter\Session\Session->start()
#7 /www/wwwroot/dodacdiachinh.net/system/Config/BaseService.php(252): CodeIgniter\Config\Services::session()
#8 /www/wwwroot/dodacdiachinh.net/system/Config/BaseService.php(193): CodeIgniter\Config\BaseService::__callStatic()
#9 /www/wwwroot/dodacdiachinh.net/system/Config/Services.php(641): CodeIgniter\Config\BaseService::getSharedInstance()
#10 /www/wwwroot/dodacdiachinh.net/system/Config/BaseService.php(252): CodeIgniter\Config\Services::session()
#11 /www/wwwroot/dodacdiachinh.net/app/Config/Globals.php(29): CodeIgniter\Config\BaseService::__callStatic()
#12 /www/wwwroot/dodacdiachinh.net/app/Config/Globals.php(120): Config\Globals::setGlobals()
#13 /www/wwwroot/dodacdiachinh.net/system/Autoloader/Autoloader.php(312): include_once('...')
#14 /www/wwwroot/dodacdiachinh.net/system/Autoloader/Autoloader.php(289): CodeIgniter\Autoloader\Autoloader->includeFile()
#15 /www/wwwroot/dodacdiachinh.net/system/Autoloader/Autoloader.php(267): CodeIgniter\Autoloader\Autoloader->loadInNamespace()
#16 /www/wwwroot/dodacdiachinh.net/app/Config/Routes.php(7): CodeIgniter\Autoloader\Autoloader->loadClass()
#17 /www/wwwroot/dodacdiachinh.net/system/Router/RouteCollection.php(267): require('...')
#18 /www/wwwroot/dodacdiachinh.net/system/CodeIgniter.php(800): CodeIgniter\Router\RouteCollection->loadRoutes()
#19 /www/wwwroot/dodacdiachinh.net/system/CodeIgniter.php(447): CodeIgniter\CodeIgniter->tryToRouteIt()
#20 /www/wwwroot/dodacdiachinh.net/system/CodeIgniter.php(366): CodeIgniter\CodeIgniter->handleRequest()
#21 /www/wwwroot/dodacdiachinh.net/index.php(78): CodeIgniter\CodeIgniter->run()
#22 {main}

Next CodeIgniter\Database\Exceptions\DatabaseException: Access denied for user '****'@'localhost' (using password: YES) in /www/wwwroot/dodacdiachinh.net/system/Database/MySQLi/Connection.php:218
Stack trace:
#0 /www/wwwroot/dodacdiachinh.net/system/Database/BaseConnection.php(391): CodeIgniter\Database\MySQLi\Connection->connect()
#1 /www/wwwroot/dodacdiachinh.net/system/Session/Handlers/DatabaseHandler.php(109): CodeIgniter\Database\BaseConnection->initialize()
#2 [internal function]: CodeIgniter\Session\Handlers\DatabaseHandler->open()
#3 /www/wwwroot/dodacdiachinh.net/system/Session/Session.php(920): session_start()
#4 /www/wwwroot/dodacdiachinh.net/system/Session/Session.php(250): CodeIgniter\Session\Session->startSession()
#5 /www/wwwroot/dodacdiachinh.net/system/Config/Services.php(674): CodeIgniter\Session\Session->start()
#6 /www/wwwroot/dodacdiachinh.net/system/Config/BaseService.php(252): CodeIgniter\Config\Services::session()
#7 /www/wwwroot/dodacdiachinh.net/system/Config/BaseService.php(193): CodeIgniter\Config\BaseService::__callStatic()
#8 /www/wwwroot/dodacdiachinh.net/system/Config/Services.php(641): CodeIgniter\Config\BaseService::getSharedInstance()
#9 /www/wwwroot/dodacdiachinh.net/system/Config/BaseService.php(252): CodeIgniter\Config\Services::session()
#10 /www/wwwroot/dodacdiachinh.net/app/Config/Globals.php(29): CodeIgniter\Config\BaseService::__callStatic()
#11 /www/wwwroot/dodacdiachinh.net/app/Config/Globals.php(120): Config\Globals::setGlobals()
#12 /www/wwwroot/dodacdiachinh.net/system/Autoloader/Autoloader.php(312): include_once('...')
#13 /www/wwwroot/dodacdiachinh.net/system/Autoloader/Autoloader.php(289): CodeIgniter\Autoloader\Autoloader->includeFile()
#14 /www/wwwroot/dodacdiachinh.net/system/Autoloader/Autoloader.php(267): CodeIgniter\Autoloader\Autoloader->loadInNamespace()
#15 /www/wwwroot/dodacdiachinh.net/app/Config/Routes.php(7): CodeIgniter\Autoloader\Autoloader->loadClass()
#16 /www/wwwroot/dodacdiachinh.net/system/Router/RouteCollection.php(267): require('...')
#17 /www/wwwroot/dodacdiachinh.net/system/CodeIgniter.php(800): CodeIgniter\Router\RouteCollection->loadRoutes()
#18 /www/wwwroot/dodacdiachinh.net/system/CodeIgniter.php(447): CodeIgniter\CodeIgniter->tryToRouteIt()
#19 /www/wwwroot/dodacdiachinh.net/system/CodeIgniter.php(366): CodeIgniter\CodeIgniter->handleRequest()
#20 /www/wwwroot/dodacdiachinh.net/index.php(78): CodeIgniter\CodeIgniter->run()
#21 {main}
CRITICAL - 2024-05-31 08:17:51 --> Unable to connect to the database.
Main connection [MySQLi]: Access denied for user '****'@'localhost' (using password: YES)
in SYSTEMPATH/Database/BaseConnection.php on line 427.
 1 SYSTEMPATH/Session/Handlers/DatabaseHandler.php(109): CodeIgniter\Database\BaseConnection->initialize()
 2 [internal function]: CodeIgniter\Session\Handlers\DatabaseHandler->open()
 3 SYSTEMPATH/Session/Session.php(920): session_start()
 4 SYSTEMPATH/Session/Session.php(250): CodeIgniter\Session\Session->startSession()
 5 SYSTEMPATH/Config/Services.php(674): CodeIgniter\Session\Session->start()
 6 SYSTEMPATH/Config/BaseService.php(252): CodeIgniter\Config\Services::session()
 7 SYSTEMPATH/Config/BaseService.php(193): CodeIgniter\Config\BaseService::__callStatic()
 8 SYSTEMPATH/Config/Services.php(641): CodeIgniter\Config\BaseService::getSharedInstance()
 9 SYSTEMPATH/Config/BaseService.php(252): CodeIgniter\Config\Services::session()
10 APPPATH/Config/Globals.php(29): CodeIgniter\Config\BaseService::__callStatic()
11 APPPATH/Config/Globals.php(120): Config\Globals::setGlobals()
12 SYSTEMPATH/Autoloader/Autoloader.php(312): include_once('/www/wwwroot/dodacdiachinh.net/app/Config/Globals.php')
13 SYSTEMPATH/Autoloader/Autoloader.php(289): CodeIgniter\Autoloader\Autoloader->includeFile()
14 SYSTEMPATH/Autoloader/Autoloader.php(267): CodeIgniter\Autoloader\Autoloader->loadInNamespace()
15 APPPATH/Config/Routes.php(7): CodeIgniter\Autoloader\Autoloader->loadClass()
16 SYSTEMPATH/Router/RouteCollection.php(267): require('/www/wwwroot/dodacdiachinh.net/app/Config/Routes.php')
17 SYSTEMPATH/CodeIgniter.php(800): CodeIgniter\Router\RouteCollection->loadRoutes()
18 SYSTEMPATH/CodeIgniter.php(447): CodeIgniter\CodeIgniter->tryToRouteIt()
19 SYSTEMPATH/CodeIgniter.php(366): CodeIgniter\CodeIgniter->handleRequest()
20 FCPATH/index.php(78): CodeIgniter\CodeIgniter->run()
INFO - 2024-05-31 08:19:09 --> Session: Class initialized using 'CodeIgniter\Session\Handlers\DatabaseHandler' driver.
