CRITICAL - 2024-06-20 08:59:12 --> Undefined array key "HTTP_HOST"
in APPPATH/Common.php on line 2242.
 1 APPPATH/Common.php(2242): CodeIgniter\Debug\Exceptions->errorHandler()
 2 APPPATH/Views/themes/news/partials/_dodac.php(24): urlInWeb()
 3 SYSTEMPATH/View/View.php(224): include('/var/www/company.qbuy.app/app/Views/themes/news/partials/_dodac.php')
 4 SYSTEMPATH/View/View.php(227): CodeIgniter\View\View->CodeIgniter\View\{closure}()
 5 SYSTEMPATH/Common.php(1180): CodeIgniter\View\View->render()
 6 APPPATH/Views/themes/magazine/index.php(41): view()
 7 SYSTEMPATH/View/View.php(224): include('/var/www/company.qbuy.app/app/Views/themes/magazine/index.php')
 8 SYSTEMPATH/View/View.php(227): CodeIgniter\View\View->CodeIgniter\View\{closure}()
 9 SYSTEMPATH/Common.php(1180): CodeIgniter\View\View->render()
10 APPPATH/Common.php(91): view()
11 APPPATH/Controllers/HomeController.php(53): loadView()
12 SYSTEMPATH/CodeIgniter.php(932): App\Controllers\HomeController->index()
13 SYSTEMPATH/CodeIgniter.php(497): CodeIgniter\CodeIgniter->runController()
14 SYSTEMPATH/CodeIgniter.php(366): CodeIgniter\CodeIgniter->handleRequest()
15 FCPATH/index.php(78): CodeIgniter\CodeIgniter->run()
CRITICAL - 2024-06-20 08:59:18 --> Undefined array key "HTTP_HOST"
in APPPATH/Common.php on line 2242.
 1 APPPATH/Common.php(2242): CodeIgniter\Debug\Exceptions->errorHandler()
 2 APPPATH/Views/themes/news/partials/_dodac.php(24): urlInWeb()
 3 SYSTEMPATH/View/View.php(224): include('/var/www/company.qbuy.app/app/Views/themes/news/partials/_dodac.php')
 4 SYSTEMPATH/View/View.php(227): CodeIgniter\View\View->CodeIgniter\View\{closure}()
 5 SYSTEMPATH/Common.php(1180): CodeIgniter\View\View->render()
 6 APPPATH/Views/themes/magazine/index.php(41): view()
 7 SYSTEMPATH/View/View.php(224): include('/var/www/company.qbuy.app/app/Views/themes/magazine/index.php')
 8 SYSTEMPATH/View/View.php(227): CodeIgniter\View\View->CodeIgniter\View\{closure}()
 9 SYSTEMPATH/Common.php(1180): CodeIgniter\View\View->render()
10 APPPATH/Common.php(91): view()
11 APPPATH/Controllers/HomeController.php(53): loadView()
12 SYSTEMPATH/CodeIgniter.php(932): App\Controllers\HomeController->index()
13 SYSTEMPATH/CodeIgniter.php(497): CodeIgniter\CodeIgniter->runController()
14 SYSTEMPATH/CodeIgniter.php(366): CodeIgniter\CodeIgniter->handleRequest()
15 FCPATH/index.php(78): CodeIgniter\CodeIgniter->run()
CRITICAL - 2024-06-20 09:10:26 --> Undefined array key "HTTP_HOST"
in APPPATH/Common.php on line 2242.
 1 APPPATH/Common.php(2242): CodeIgniter\Debug\Exceptions->errorHandler()
 2 APPPATH/Views/themes/news/partials/_dodac.php(24): urlInWeb()
 3 SYSTEMPATH/View/View.php(224): include('/var/www/company.qbuy.app/app/Views/themes/news/partials/_dodac.php')
 4 SYSTEMPATH/View/View.php(227): CodeIgniter\View\View->CodeIgniter\View\{closure}()
 5 SYSTEMPATH/Common.php(1180): CodeIgniter\View\View->render()
 6 APPPATH/Views/themes/magazine/index.php(41): view()
 7 SYSTEMPATH/View/View.php(224): include('/var/www/company.qbuy.app/app/Views/themes/magazine/index.php')
 8 SYSTEMPATH/View/View.php(227): CodeIgniter\View\View->CodeIgniter\View\{closure}()
 9 SYSTEMPATH/Common.php(1180): CodeIgniter\View\View->render()
10 APPPATH/Common.php(91): view()
11 APPPATH/Controllers/HomeController.php(53): loadView()
12 SYSTEMPATH/CodeIgniter.php(932): App\Controllers\HomeController->index()
13 SYSTEMPATH/CodeIgniter.php(497): CodeIgniter\CodeIgniter->runController()
14 SYSTEMPATH/CodeIgniter.php(366): CodeIgniter\CodeIgniter->handleRequest()
15 FCPATH/index.php(78): CodeIgniter\CodeIgniter->run()
CRITICAL - 2024-06-20 09:10:33 --> Undefined array key "HTTP_HOST"
in APPPATH/Common.php on line 2242.
 1 APPPATH/Common.php(2242): CodeIgniter\Debug\Exceptions->errorHandler()
 2 APPPATH/Views/themes/news/partials/_dodac.php(24): urlInWeb()
 3 SYSTEMPATH/View/View.php(224): include('/var/www/company.qbuy.app/app/Views/themes/news/partials/_dodac.php')
 4 SYSTEMPATH/View/View.php(227): CodeIgniter\View\View->CodeIgniter\View\{closure}()
 5 SYSTEMPATH/Common.php(1180): CodeIgniter\View\View->render()
 6 APPPATH/Views/themes/magazine/index.php(41): view()
 7 SYSTEMPATH/View/View.php(224): include('/var/www/company.qbuy.app/app/Views/themes/magazine/index.php')
 8 SYSTEMPATH/View/View.php(227): CodeIgniter\View\View->CodeIgniter\View\{closure}()
 9 SYSTEMPATH/Common.php(1180): CodeIgniter\View\View->render()
10 APPPATH/Common.php(91): view()
11 APPPATH/Controllers/HomeController.php(53): loadView()
12 SYSTEMPATH/CodeIgniter.php(932): App\Controllers\HomeController->index()
13 SYSTEMPATH/CodeIgniter.php(497): CodeIgniter\CodeIgniter->runController()
14 SYSTEMPATH/CodeIgniter.php(366): CodeIgniter\CodeIgniter->handleRequest()
15 FCPATH/index.php(78): CodeIgniter\CodeIgniter->run()
