CRITICAL - 2024-03-16 21:30:16 --> The action you requested is not allowed.
in SYSTEMPATH/Security/Security.php on line 306.
 1 SYSTEMPATH/Security/Security.php(306): CodeIgniter\Security\Exceptions\SecurityException::forDisallowedAction()
 2 SYSTEMPATH/Filters/CSRF.php(55): CodeIgniter\Security\Security->verify()
 3 SYSTEMPATH/Filters/Filters.php(173): CodeIgniter\Filters\CSRF->before()
 4 SYSTEMPATH/CodeIgniter.php(471): CodeIgniter\Filters\Filters->run()
 5 SYSTEMPATH/CodeIgniter.php(366): CodeIgniter\CodeIgniter->handleRequest()
 6 FCPATH/index.php(77): CodeIgniter\CodeIgniter->run()
CRITICAL - 2024-03-16 21:30:39 --> The action you requested is not allowed.
in SYSTEMPATH/Security/Security.php on line 306.
 1 SYSTEMPATH/Security/Security.php(306): CodeIgniter\Security\Exceptions\SecurityException::forDisallowedAction()
 2 SYSTEMPATH/Filters/CSRF.php(55): CodeIgniter\Security\Security->verify()
 3 SYSTEMPATH/Filters/Filters.php(173): CodeIgniter\Filters\CSRF->before()
 4 SYSTEMPATH/CodeIgniter.php(471): CodeIgniter\Filters\Filters->run()
 5 SYSTEMPATH/CodeIgniter.php(366): CodeIgniter\CodeIgniter->handleRequest()
 6 FCPATH/index.php(77): CodeIgniter\CodeIgniter->run()
CRITICAL - 2024-03-16 21:31:26 --> The action you requested is not allowed.
in SYSTEMPATH/Security/Security.php on line 306.
 1 SYSTEMPATH/Security/Security.php(306): CodeIgniter\Security\Exceptions\SecurityException::forDisallowedAction()
 2 SYSTEMPATH/Filters/CSRF.php(55): CodeIgniter\Security\Security->verify()
 3 SYSTEMPATH/Filters/Filters.php(173): CodeIgniter\Filters\CSRF->before()
 4 SYSTEMPATH/CodeIgniter.php(471): CodeIgniter\Filters\Filters->run()
 5 SYSTEMPATH/CodeIgniter.php(366): CodeIgniter\CodeIgniter->handleRequest()
 6 FCPATH/index.php(77): CodeIgniter\CodeIgniter->run()
CRITICAL - 2024-03-16 21:31:43 --> The action you requested is not allowed.
in SYSTEMPATH/Security/Security.php on line 306.
 1 SYSTEMPATH/Security/Security.php(306): CodeIgniter\Security\Exceptions\SecurityException::forDisallowedAction()
 2 SYSTEMPATH/Filters/CSRF.php(55): CodeIgniter\Security\Security->verify()
 3 SYSTEMPATH/Filters/Filters.php(173): CodeIgniter\Filters\CSRF->before()
 4 SYSTEMPATH/CodeIgniter.php(471): CodeIgniter\Filters\Filters->run()
 5 SYSTEMPATH/CodeIgniter.php(366): CodeIgniter\CodeIgniter->handleRequest()
 6 FCPATH/index.php(77): CodeIgniter\CodeIgniter->run()
CRITICAL - 2024-03-16 21:31:48 --> The action you requested is not allowed.
in SYSTEMPATH/Security/Security.php on line 306.
 1 SYSTEMPATH/Security/Security.php(306): CodeIgniter\Security\Exceptions\SecurityException::forDisallowedAction()
 2 SYSTEMPATH/Filters/CSRF.php(55): CodeIgniter\Security\Security->verify()
 3 SYSTEMPATH/Filters/Filters.php(173): CodeIgniter\Filters\CSRF->before()
 4 SYSTEMPATH/CodeIgniter.php(471): CodeIgniter\Filters\Filters->run()
 5 SYSTEMPATH/CodeIgniter.php(366): CodeIgniter\CodeIgniter->handleRequest()
 6 FCPATH/index.php(77): CodeIgniter\CodeIgniter->run()
CRITICAL - 2024-03-16 21:31:56 --> The action you requested is not allowed.
in SYSTEMPATH/Security/Security.php on line 306.
 1 SYSTEMPATH/Security/Security.php(306): CodeIgniter\Security\Exceptions\SecurityException::forDisallowedAction()
 2 SYSTEMPATH/Filters/CSRF.php(55): CodeIgniter\Security\Security->verify()
 3 SYSTEMPATH/Filters/Filters.php(173): CodeIgniter\Filters\CSRF->before()
 4 SYSTEMPATH/CodeIgniter.php(471): CodeIgniter\Filters\Filters->run()
 5 SYSTEMPATH/CodeIgniter.php(366): CodeIgniter\CodeIgniter->handleRequest()
 6 FCPATH/index.php(77): CodeIgniter\CodeIgniter->run()
CRITICAL - 2024-03-16 21:31:59 --> The action you requested is not allowed.
in SYSTEMPATH/Security/Security.php on line 306.
 1 SYSTEMPATH/Security/Security.php(306): CodeIgniter\Security\Exceptions\SecurityException::forDisallowedAction()
 2 SYSTEMPATH/Filters/CSRF.php(55): CodeIgniter\Security\Security->verify()
 3 SYSTEMPATH/Filters/Filters.php(173): CodeIgniter\Filters\CSRF->before()
 4 SYSTEMPATH/CodeIgniter.php(471): CodeIgniter\Filters\Filters->run()
 5 SYSTEMPATH/CodeIgniter.php(366): CodeIgniter\CodeIgniter->handleRequest()
 6 FCPATH/index.php(77): CodeIgniter\CodeIgniter->run()
CRITICAL - 2024-03-16 21:32:19 --> The action you requested is not allowed.
in SYSTEMPATH/Security/Security.php on line 306.
 1 SYSTEMPATH/Security/Security.php(306): CodeIgniter\Security\Exceptions\SecurityException::forDisallowedAction()
 2 SYSTEMPATH/Filters/CSRF.php(55): CodeIgniter\Security\Security->verify()
 3 SYSTEMPATH/Filters/Filters.php(173): CodeIgniter\Filters\CSRF->before()
 4 SYSTEMPATH/CodeIgniter.php(471): CodeIgniter\Filters\Filters->run()
 5 SYSTEMPATH/CodeIgniter.php(366): CodeIgniter\CodeIgniter->handleRequest()
 6 FCPATH/index.php(77): CodeIgniter\CodeIgniter->run()
CRITICAL - 2024-03-16 21:32:36 --> The action you requested is not allowed.
in SYSTEMPATH/Security/Security.php on line 306.
 1 SYSTEMPATH/Security/Security.php(306): CodeIgniter\Security\Exceptions\SecurityException::forDisallowedAction()
 2 SYSTEMPATH/Filters/CSRF.php(55): CodeIgniter\Security\Security->verify()
 3 SYSTEMPATH/Filters/Filters.php(173): CodeIgniter\Filters\CSRF->before()
 4 SYSTEMPATH/CodeIgniter.php(471): CodeIgniter\Filters\Filters->run()
 5 SYSTEMPATH/CodeIgniter.php(366): CodeIgniter\CodeIgniter->handleRequest()
 6 FCPATH/index.php(77): CodeIgniter\CodeIgniter->run()
CRITICAL - 2024-03-16 21:32:49 --> The action you requested is not allowed.
in SYSTEMPATH/Security/Security.php on line 306.
 1 SYSTEMPATH/Security/Security.php(306): CodeIgniter\Security\Exceptions\SecurityException::forDisallowedAction()
 2 SYSTEMPATH/Filters/CSRF.php(55): CodeIgniter\Security\Security->verify()
 3 SYSTEMPATH/Filters/Filters.php(173): CodeIgniter\Filters\CSRF->before()
 4 SYSTEMPATH/CodeIgniter.php(471): CodeIgniter\Filters\Filters->run()
 5 SYSTEMPATH/CodeIgniter.php(366): CodeIgniter\CodeIgniter->handleRequest()
 6 FCPATH/index.php(77): CodeIgniter\CodeIgniter->run()
CRITICAL - 2024-03-16 21:32:53 --> The action you requested is not allowed.
in SYSTEMPATH/Security/Security.php on line 306.
 1 SYSTEMPATH/Security/Security.php(306): CodeIgniter\Security\Exceptions\SecurityException::forDisallowedAction()
 2 SYSTEMPATH/Filters/CSRF.php(55): CodeIgniter\Security\Security->verify()
 3 SYSTEMPATH/Filters/Filters.php(173): CodeIgniter\Filters\CSRF->before()
 4 SYSTEMPATH/CodeIgniter.php(471): CodeIgniter\Filters\Filters->run()
 5 SYSTEMPATH/CodeIgniter.php(366): CodeIgniter\CodeIgniter->handleRequest()
 6 FCPATH/index.php(77): CodeIgniter\CodeIgniter->run()
CRITICAL - 2024-03-16 21:32:54 --> The action you requested is not allowed.
in SYSTEMPATH/Security/Security.php on line 306.
 1 SYSTEMPATH/Security/Security.php(306): CodeIgniter\Security\Exceptions\SecurityException::forDisallowedAction()
 2 SYSTEMPATH/Filters/CSRF.php(55): CodeIgniter\Security\Security->verify()
 3 SYSTEMPATH/Filters/Filters.php(173): CodeIgniter\Filters\CSRF->before()
 4 SYSTEMPATH/CodeIgniter.php(471): CodeIgniter\Filters\Filters->run()
 5 SYSTEMPATH/CodeIgniter.php(366): CodeIgniter\CodeIgniter->handleRequest()
 6 FCPATH/index.php(77): CodeIgniter\CodeIgniter->run()
CRITICAL - 2024-03-16 21:33:20 --> The action you requested is not allowed.
in SYSTEMPATH/Security/Security.php on line 306.
 1 SYSTEMPATH/Security/Security.php(306): CodeIgniter\Security\Exceptions\SecurityException::forDisallowedAction()
 2 SYSTEMPATH/Filters/CSRF.php(55): CodeIgniter\Security\Security->verify()
 3 SYSTEMPATH/Filters/Filters.php(173): CodeIgniter\Filters\CSRF->before()
 4 SYSTEMPATH/CodeIgniter.php(471): CodeIgniter\Filters\Filters->run()
 5 SYSTEMPATH/CodeIgniter.php(366): CodeIgniter\CodeIgniter->handleRequest()
 6 FCPATH/index.php(77): CodeIgniter\CodeIgniter->run()
CRITICAL - 2024-03-16 21:33:48 --> The action you requested is not allowed.
in SYSTEMPATH/Security/Security.php on line 306.
 1 SYSTEMPATH/Security/Security.php(306): CodeIgniter\Security\Exceptions\SecurityException::forDisallowedAction()
 2 SYSTEMPATH/Filters/CSRF.php(55): CodeIgniter\Security\Security->verify()
 3 SYSTEMPATH/Filters/Filters.php(173): CodeIgniter\Filters\CSRF->before()
 4 SYSTEMPATH/CodeIgniter.php(471): CodeIgniter\Filters\Filters->run()
 5 SYSTEMPATH/CodeIgniter.php(366): CodeIgniter\CodeIgniter->handleRequest()
 6 FCPATH/index.php(77): CodeIgniter\CodeIgniter->run()
