CRITICAL - 2024-05-08 03:46:01 --> Undefined variable $db
in APPPATH/Config/Globals.php on line 29.
 1 APPPATH/Config/Globals.php(29): CodeIgniter\Debug\Exceptions->errorHandler()
 2 APPPATH/Config/Globals.php(121): Config\Globals::setGlobals()
 3 SYSTEMPATH/Autoloader/Autoloader.php(312): include_once('/var/www/news.qbuy.app/app/Config/Globals.php')
 4 SYSTEMPATH/Autoloader/Autoloader.php(289): CodeIgniter\Autoloader\Autoloader->includeFile()
 5 SYSTEMPATH/Autoloader/Autoloader.php(267): CodeIgniter\Autoloader\Autoloader->loadInNamespace()
 6 APPPATH/Config/Routes.php(7): CodeIgniter\Autoloader\Autoloader->loadClass()
 7 SYSTEMPATH/Router/RouteCollection.php(267): require('/var/www/news.qbuy.app/app/Config/Routes.php')
 8 SYSTEMPATH/CodeIgniter.php(800): CodeIgniter\Router\RouteCollection->loadRoutes()
 9 SYSTEMPATH/CodeIgniter.php(447): CodeIgniter\CodeIgniter->tryToRouteIt()
10 SYSTEMPATH/CodeIgniter.php(366): CodeIgniter\CodeIgniter->handleRequest()
11 FCPATH/index.php(78): CodeIgniter\CodeIgniter->run()
CRITICAL - 2024-05-08 03:46:06 --> Undefined variable $db
in APPPATH/Config/Globals.php on line 29.
 1 APPPATH/Config/Globals.php(29): CodeIgniter\Debug\Exceptions->errorHandler()
 2 APPPATH/Config/Globals.php(121): Config\Globals::setGlobals()
 3 SYSTEMPATH/Autoloader/Autoloader.php(312): include_once('/var/www/news.qbuy.app/app/Config/Globals.php')
 4 SYSTEMPATH/Autoloader/Autoloader.php(289): CodeIgniter\Autoloader\Autoloader->includeFile()
 5 SYSTEMPATH/Autoloader/Autoloader.php(267): CodeIgniter\Autoloader\Autoloader->loadInNamespace()
 6 APPPATH/Config/Routes.php(7): CodeIgniter\Autoloader\Autoloader->loadClass()
 7 SYSTEMPATH/Router/RouteCollection.php(267): require('/var/www/news.qbuy.app/app/Config/Routes.php')
 8 SYSTEMPATH/CodeIgniter.php(800): CodeIgniter\Router\RouteCollection->loadRoutes()
 9 SYSTEMPATH/CodeIgniter.php(447): CodeIgniter\CodeIgniter->tryToRouteIt()
10 SYSTEMPATH/CodeIgniter.php(366): CodeIgniter\CodeIgniter->handleRequest()
11 FCPATH/index.php(78): CodeIgniter\CodeIgniter->run()
CRITICAL - 2024-05-08 03:46:06 --> Undefined variable $db
in APPPATH/Config/Globals.php on line 29.
 1 APPPATH/Config/Globals.php(29): CodeIgniter\Debug\Exceptions->errorHandler()
 2 APPPATH/Config/Globals.php(121): Config\Globals::setGlobals()
 3 SYSTEMPATH/Autoloader/Autoloader.php(312): include_once('/var/www/news.qbuy.app/app/Config/Globals.php')
 4 SYSTEMPATH/Autoloader/Autoloader.php(289): CodeIgniter\Autoloader\Autoloader->includeFile()
 5 SYSTEMPATH/Autoloader/Autoloader.php(267): CodeIgniter\Autoloader\Autoloader->loadInNamespace()
 6 APPPATH/Config/Routes.php(7): CodeIgniter\Autoloader\Autoloader->loadClass()
 7 SYSTEMPATH/Router/RouteCollection.php(267): require('/var/www/news.qbuy.app/app/Config/Routes.php')
 8 SYSTEMPATH/CodeIgniter.php(800): CodeIgniter\Router\RouteCollection->loadRoutes()
 9 SYSTEMPATH/CodeIgniter.php(447): CodeIgniter\CodeIgniter->tryToRouteIt()
10 SYSTEMPATH/CodeIgniter.php(366): CodeIgniter\CodeIgniter->handleRequest()
11 FCPATH/index.php(78): CodeIgniter\CodeIgniter->run()
CRITICAL - 2024-05-08 03:46:07 --> Undefined variable $db
in APPPATH/Config/Globals.php on line 29.
 1 APPPATH/Config/Globals.php(29): CodeIgniter\Debug\Exceptions->errorHandler()
 2 APPPATH/Config/Globals.php(121): Config\Globals::setGlobals()
 3 SYSTEMPATH/Autoloader/Autoloader.php(312): include_once('/var/www/news.qbuy.app/app/Config/Globals.php')
 4 SYSTEMPATH/Autoloader/Autoloader.php(289): CodeIgniter\Autoloader\Autoloader->includeFile()
 5 SYSTEMPATH/Autoloader/Autoloader.php(267): CodeIgniter\Autoloader\Autoloader->loadInNamespace()
 6 APPPATH/Config/Routes.php(7): CodeIgniter\Autoloader\Autoloader->loadClass()
 7 SYSTEMPATH/Router/RouteCollection.php(267): require('/var/www/news.qbuy.app/app/Config/Routes.php')
 8 SYSTEMPATH/CodeIgniter.php(800): CodeIgniter\Router\RouteCollection->loadRoutes()
 9 SYSTEMPATH/CodeIgniter.php(447): CodeIgniter\CodeIgniter->tryToRouteIt()
10 SYSTEMPATH/CodeIgniter.php(366): CodeIgniter\CodeIgniter->handleRequest()
11 FCPATH/index.php(78): CodeIgniter\CodeIgniter->run()
CRITICAL - 2024-05-08 03:46:18 --> Undefined variable $db
in APPPATH/Config/Globals.php on line 29.
 1 APPPATH/Config/Globals.php(29): CodeIgniter\Debug\Exceptions->errorHandler()
 2 APPPATH/Config/Globals.php(121): Config\Globals::setGlobals()
 3 SYSTEMPATH/Autoloader/Autoloader.php(312): include_once('/var/www/news.qbuy.app/app/Config/Globals.php')
 4 SYSTEMPATH/Autoloader/Autoloader.php(289): CodeIgniter\Autoloader\Autoloader->includeFile()
 5 SYSTEMPATH/Autoloader/Autoloader.php(267): CodeIgniter\Autoloader\Autoloader->loadInNamespace()
 6 APPPATH/Config/Routes.php(7): CodeIgniter\Autoloader\Autoloader->loadClass()
 7 SYSTEMPATH/Router/RouteCollection.php(267): require('/var/www/news.qbuy.app/app/Config/Routes.php')
 8 SYSTEMPATH/CodeIgniter.php(800): CodeIgniter\Router\RouteCollection->loadRoutes()
 9 SYSTEMPATH/CodeIgniter.php(447): CodeIgniter\CodeIgniter->tryToRouteIt()
10 SYSTEMPATH/CodeIgniter.php(366): CodeIgniter\CodeIgniter->handleRequest()
11 FCPATH/index.php(78): CodeIgniter\CodeIgniter->run()
CRITICAL - 2024-05-08 03:46:20 --> Undefined variable $db
in APPPATH/Config/Globals.php on line 29.
 1 APPPATH/Config/Globals.php(29): CodeIgniter\Debug\Exceptions->errorHandler()
 2 APPPATH/Config/Globals.php(121): Config\Globals::setGlobals()
 3 SYSTEMPATH/Autoloader/Autoloader.php(312): include_once('/var/www/news.qbuy.app/app/Config/Globals.php')
 4 SYSTEMPATH/Autoloader/Autoloader.php(289): CodeIgniter\Autoloader\Autoloader->includeFile()
 5 SYSTEMPATH/Autoloader/Autoloader.php(267): CodeIgniter\Autoloader\Autoloader->loadInNamespace()
 6 APPPATH/Config/Routes.php(7): CodeIgniter\Autoloader\Autoloader->loadClass()
 7 SYSTEMPATH/Router/RouteCollection.php(267): require('/var/www/news.qbuy.app/app/Config/Routes.php')
 8 SYSTEMPATH/CodeIgniter.php(800): CodeIgniter\Router\RouteCollection->loadRoutes()
 9 SYSTEMPATH/CodeIgniter.php(447): CodeIgniter\CodeIgniter->tryToRouteIt()
10 SYSTEMPATH/CodeIgniter.php(366): CodeIgniter\CodeIgniter->handleRequest()
11 FCPATH/index.php(78): CodeIgniter\CodeIgniter->run()
CRITICAL - 2024-05-08 03:46:21 --> Undefined variable $db
in APPPATH/Config/Globals.php on line 29.
 1 APPPATH/Config/Globals.php(29): CodeIgniter\Debug\Exceptions->errorHandler()
 2 APPPATH/Config/Globals.php(121): Config\Globals::setGlobals()
 3 SYSTEMPATH/Autoloader/Autoloader.php(312): include_once('/var/www/news.qbuy.app/app/Config/Globals.php')
 4 SYSTEMPATH/Autoloader/Autoloader.php(289): CodeIgniter\Autoloader\Autoloader->includeFile()
 5 SYSTEMPATH/Autoloader/Autoloader.php(267): CodeIgniter\Autoloader\Autoloader->loadInNamespace()
 6 APPPATH/Config/Routes.php(7): CodeIgniter\Autoloader\Autoloader->loadClass()
 7 SYSTEMPATH/Router/RouteCollection.php(267): require('/var/www/news.qbuy.app/app/Config/Routes.php')
 8 SYSTEMPATH/CodeIgniter.php(800): CodeIgniter\Router\RouteCollection->loadRoutes()
 9 SYSTEMPATH/CodeIgniter.php(447): CodeIgniter\CodeIgniter->tryToRouteIt()
10 SYSTEMPATH/CodeIgniter.php(366): CodeIgniter\CodeIgniter->handleRequest()
11 FCPATH/index.php(78): CodeIgniter\CodeIgniter->run()
CRITICAL - 2024-05-08 03:46:21 --> Undefined variable $db
in APPPATH/Config/Globals.php on line 29.
 1 APPPATH/Config/Globals.php(29): CodeIgniter\Debug\Exceptions->errorHandler()
 2 APPPATH/Config/Globals.php(121): Config\Globals::setGlobals()
 3 SYSTEMPATH/Autoloader/Autoloader.php(312): include_once('/var/www/news.qbuy.app/app/Config/Globals.php')
 4 SYSTEMPATH/Autoloader/Autoloader.php(289): CodeIgniter\Autoloader\Autoloader->includeFile()
 5 SYSTEMPATH/Autoloader/Autoloader.php(267): CodeIgniter\Autoloader\Autoloader->loadInNamespace()
 6 APPPATH/Config/Routes.php(7): CodeIgniter\Autoloader\Autoloader->loadClass()
 7 SYSTEMPATH/Router/RouteCollection.php(267): require('/var/www/news.qbuy.app/app/Config/Routes.php')
 8 SYSTEMPATH/CodeIgniter.php(800): CodeIgniter\Router\RouteCollection->loadRoutes()
 9 SYSTEMPATH/CodeIgniter.php(447): CodeIgniter\CodeIgniter->tryToRouteIt()
10 SYSTEMPATH/CodeIgniter.php(366): CodeIgniter\CodeIgniter->handleRequest()
11 FCPATH/index.php(78): CodeIgniter\CodeIgniter->run()
CRITICAL - 2024-05-08 03:46:21 --> Undefined variable $db
in APPPATH/Config/Globals.php on line 29.
 1 APPPATH/Config/Globals.php(29): CodeIgniter\Debug\Exceptions->errorHandler()
 2 APPPATH/Config/Globals.php(121): Config\Globals::setGlobals()
 3 SYSTEMPATH/Autoloader/Autoloader.php(312): include_once('/var/www/news.qbuy.app/app/Config/Globals.php')
 4 SYSTEMPATH/Autoloader/Autoloader.php(289): CodeIgniter\Autoloader\Autoloader->includeFile()
 5 SYSTEMPATH/Autoloader/Autoloader.php(267): CodeIgniter\Autoloader\Autoloader->loadInNamespace()
 6 APPPATH/Config/Routes.php(7): CodeIgniter\Autoloader\Autoloader->loadClass()
 7 SYSTEMPATH/Router/RouteCollection.php(267): require('/var/www/news.qbuy.app/app/Config/Routes.php')
 8 SYSTEMPATH/CodeIgniter.php(800): CodeIgniter\Router\RouteCollection->loadRoutes()
 9 SYSTEMPATH/CodeIgniter.php(447): CodeIgniter\CodeIgniter->tryToRouteIt()
10 SYSTEMPATH/CodeIgniter.php(366): CodeIgniter\CodeIgniter->handleRequest()
11 FCPATH/index.php(78): CodeIgniter\CodeIgniter->run()
CRITICAL - 2024-05-08 03:46:24 --> Undefined variable $db
in APPPATH/Config/Globals.php on line 29.
 1 APPPATH/Config/Globals.php(29): CodeIgniter\Debug\Exceptions->errorHandler()
 2 APPPATH/Config/Globals.php(121): Config\Globals::setGlobals()
 3 SYSTEMPATH/Autoloader/Autoloader.php(312): include_once('/var/www/news.qbuy.app/app/Config/Globals.php')
 4 SYSTEMPATH/Autoloader/Autoloader.php(289): CodeIgniter\Autoloader\Autoloader->includeFile()
 5 SYSTEMPATH/Autoloader/Autoloader.php(267): CodeIgniter\Autoloader\Autoloader->loadInNamespace()
 6 APPPATH/Config/Routes.php(7): CodeIgniter\Autoloader\Autoloader->loadClass()
 7 SYSTEMPATH/Router/RouteCollection.php(267): require('/var/www/news.qbuy.app/app/Config/Routes.php')
 8 SYSTEMPATH/CodeIgniter.php(800): CodeIgniter\Router\RouteCollection->loadRoutes()
 9 SYSTEMPATH/CodeIgniter.php(447): CodeIgniter\CodeIgniter->tryToRouteIt()
10 SYSTEMPATH/CodeIgniter.php(366): CodeIgniter\CodeIgniter->handleRequest()
11 FCPATH/index.php(78): CodeIgniter\CodeIgniter->run()
CRITICAL - 2024-05-08 03:47:02 --> Undefined variable $db
in APPPATH/Config/Globals.php on line 29.
 1 APPPATH/Config/Globals.php(29): CodeIgniter\Debug\Exceptions->errorHandler()
 2 APPPATH/Config/Globals.php(121): Config\Globals::setGlobals()
 3 SYSTEMPATH/Autoloader/Autoloader.php(312): include_once('/var/www/news.qbuy.app/app/Config/Globals.php')
 4 SYSTEMPATH/Autoloader/Autoloader.php(289): CodeIgniter\Autoloader\Autoloader->includeFile()
 5 SYSTEMPATH/Autoloader/Autoloader.php(267): CodeIgniter\Autoloader\Autoloader->loadInNamespace()
 6 APPPATH/Config/Routes.php(7): CodeIgniter\Autoloader\Autoloader->loadClass()
 7 SYSTEMPATH/Router/RouteCollection.php(267): require('/var/www/news.qbuy.app/app/Config/Routes.php')
 8 SYSTEMPATH/CodeIgniter.php(800): CodeIgniter\Router\RouteCollection->loadRoutes()
 9 SYSTEMPATH/CodeIgniter.php(447): CodeIgniter\CodeIgniter->tryToRouteIt()
10 SYSTEMPATH/CodeIgniter.php(366): CodeIgniter\CodeIgniter->handleRequest()
11 FCPATH/index.php(78): CodeIgniter\CodeIgniter->run()
CRITICAL - 2024-05-08 14:12:42 --> The action you requested is not allowed.
in SYSTEMPATH/Security/Security.php on line 306.
 1 SYSTEMPATH/Security/Security.php(306): CodeIgniter\Security\Exceptions\SecurityException::forDisallowedAction()
 2 SYSTEMPATH/Filters/CSRF.php(55): CodeIgniter\Security\Security->verify()
 3 SYSTEMPATH/Filters/Filters.php(173): CodeIgniter\Filters\CSRF->before()
 4 SYSTEMPATH/CodeIgniter.php(471): CodeIgniter\Filters\Filters->run()
 5 SYSTEMPATH/CodeIgniter.php(366): CodeIgniter\CodeIgniter->handleRequest()
 6 FCPATH/index.php(78): CodeIgniter\CodeIgniter->run()
CRITICAL - 2024-05-08 14:12:49 --> The action you requested is not allowed.
in SYSTEMPATH/Security/Security.php on line 306.
 1 SYSTEMPATH/Security/Security.php(306): CodeIgniter\Security\Exceptions\SecurityException::forDisallowedAction()
 2 SYSTEMPATH/Filters/CSRF.php(55): CodeIgniter\Security\Security->verify()
 3 SYSTEMPATH/Filters/Filters.php(173): CodeIgniter\Filters\CSRF->before()
 4 SYSTEMPATH/CodeIgniter.php(471): CodeIgniter\Filters\Filters->run()
 5 SYSTEMPATH/CodeIgniter.php(366): CodeIgniter\CodeIgniter->handleRequest()
 6 FCPATH/index.php(78): CodeIgniter\CodeIgniter->run()
CRITICAL - 2024-05-08 14:13:42 --> The action you requested is not allowed.
in SYSTEMPATH/Security/Security.php on line 306.
 1 SYSTEMPATH/Security/Security.php(306): CodeIgniter\Security\Exceptions\SecurityException::forDisallowedAction()
 2 SYSTEMPATH/Filters/CSRF.php(55): CodeIgniter\Security\Security->verify()
 3 SYSTEMPATH/Filters/Filters.php(173): CodeIgniter\Filters\CSRF->before()
 4 SYSTEMPATH/CodeIgniter.php(471): CodeIgniter\Filters\Filters->run()
 5 SYSTEMPATH/CodeIgniter.php(366): CodeIgniter\CodeIgniter->handleRequest()
 6 FCPATH/index.php(78): CodeIgniter\CodeIgniter->run()
CRITICAL - 2024-05-08 14:19:06 --> Undefined variable $baseSettings
in APPPATH/Common.php on line 343.
 1 APPPATH/Common.php(343): CodeIgniter\Debug\Exceptions->errorHandler()
 2 APPPATH/Views/themes/magazine/partials/_footer.php(12): getFormatAboutFooter()
 3 SYSTEMPATH/View/View.php(224): include('/var/www/news.qbuy.app/app/Views/themes/magazine/partials/_footer.php')
 4 SYSTEMPATH/View/View.php(227): CodeIgniter\View\View->CodeIgniter\View\{closure}()
 5 SYSTEMPATH/Common.php(1180): CodeIgniter\View\View->render()
 6 APPPATH/Common.php(91): view()
 7 APPPATH/Controllers/HomeController.php(54): loadView()
 8 SYSTEMPATH/CodeIgniter.php(932): App\Controllers\HomeController->index()
 9 SYSTEMPATH/CodeIgniter.php(497): CodeIgniter\CodeIgniter->runController()
10 SYSTEMPATH/CodeIgniter.php(366): CodeIgniter\CodeIgniter->handleRequest()
11 FCPATH/index.php(78): CodeIgniter\CodeIgniter->run()
CRITICAL - 2024-05-08 14:19:07 --> Undefined variable $baseSettings
in APPPATH/Common.php on line 343.
 1 APPPATH/Common.php(343): CodeIgniter\Debug\Exceptions->errorHandler()
 2 APPPATH/Views/themes/magazine/partials/_footer.php(12): getFormatAboutFooter()
 3 SYSTEMPATH/View/View.php(224): include('/var/www/news.qbuy.app/app/Views/themes/magazine/partials/_footer.php')
 4 SYSTEMPATH/View/View.php(227): CodeIgniter\View\View->CodeIgniter\View\{closure}()
 5 SYSTEMPATH/Common.php(1180): CodeIgniter\View\View->render()
 6 APPPATH/Common.php(91): view()
 7 APPPATH/Controllers/HomeController.php(54): loadView()
 8 SYSTEMPATH/CodeIgniter.php(932): App\Controllers\HomeController->index()
 9 SYSTEMPATH/CodeIgniter.php(497): CodeIgniter\CodeIgniter->runController()
10 SYSTEMPATH/CodeIgniter.php(366): CodeIgniter\CodeIgniter->handleRequest()
11 FCPATH/index.php(78): CodeIgniter\CodeIgniter->run()
CRITICAL - 2024-05-08 14:19:08 --> Undefined variable $baseSettings
in APPPATH/Common.php on line 343.
 1 APPPATH/Common.php(343): CodeIgniter\Debug\Exceptions->errorHandler()
 2 APPPATH/Views/themes/magazine/partials/_footer.php(12): getFormatAboutFooter()
 3 SYSTEMPATH/View/View.php(224): include('/var/www/news.qbuy.app/app/Views/themes/magazine/partials/_footer.php')
 4 SYSTEMPATH/View/View.php(227): CodeIgniter\View\View->CodeIgniter\View\{closure}()
 5 SYSTEMPATH/Common.php(1180): CodeIgniter\View\View->render()
 6 APPPATH/Common.php(91): view()
 7 APPPATH/Controllers/HomeController.php(54): loadView()
 8 SYSTEMPATH/CodeIgniter.php(932): App\Controllers\HomeController->index()
 9 SYSTEMPATH/CodeIgniter.php(497): CodeIgniter\CodeIgniter->runController()
10 SYSTEMPATH/CodeIgniter.php(366): CodeIgniter\CodeIgniter->handleRequest()
11 FCPATH/index.php(78): CodeIgniter\CodeIgniter->run()
CRITICAL - 2024-05-08 14:19:11 --> Undefined variable $baseSettings
in APPPATH/Common.php on line 343.
 1 APPPATH/Common.php(343): CodeIgniter\Debug\Exceptions->errorHandler()
 2 APPPATH/Views/themes/magazine/partials/_footer.php(12): getFormatAboutFooter()
 3 SYSTEMPATH/View/View.php(224): include('/var/www/news.qbuy.app/app/Views/themes/magazine/partials/_footer.php')
 4 SYSTEMPATH/View/View.php(227): CodeIgniter\View\View->CodeIgniter\View\{closure}()
 5 SYSTEMPATH/Common.php(1180): CodeIgniter\View\View->render()
 6 APPPATH/Common.php(91): view()
 7 APPPATH/Controllers/HomeController.php(54): loadView()
 8 SYSTEMPATH/CodeIgniter.php(932): App\Controllers\HomeController->index()
 9 SYSTEMPATH/CodeIgniter.php(497): CodeIgniter\CodeIgniter->runController()
10 SYSTEMPATH/CodeIgniter.php(366): CodeIgniter\CodeIgniter->handleRequest()
11 FCPATH/index.php(78): CodeIgniter\CodeIgniter->run()
CRITICAL - 2024-05-08 14:21:59 --> Undefined variable $baseSettings
in APPPATH/Common.php on line 343.
 1 APPPATH/Common.php(343): CodeIgniter\Debug\Exceptions->errorHandler()
 2 APPPATH/Views/themes/magazine/partials/_footer.php(12): getFormatAboutFooter()
 3 SYSTEMPATH/View/View.php(224): include('/var/www/news.qbuy.app/app/Views/themes/magazine/partials/_footer.php')
 4 SYSTEMPATH/View/View.php(227): CodeIgniter\View\View->CodeIgniter\View\{closure}()
 5 SYSTEMPATH/Common.php(1180): CodeIgniter\View\View->render()
 6 APPPATH/Common.php(91): view()
 7 APPPATH/Controllers/HomeController.php(54): loadView()
 8 SYSTEMPATH/CodeIgniter.php(932): App\Controllers\HomeController->index()
 9 SYSTEMPATH/CodeIgniter.php(497): CodeIgniter\CodeIgniter->runController()
10 SYSTEMPATH/CodeIgniter.php(366): CodeIgniter\CodeIgniter->handleRequest()
11 FCPATH/index.php(78): CodeIgniter\CodeIgniter->run()
CRITICAL - 2024-05-08 14:22:00 --> Undefined variable $baseSettings
in APPPATH/Common.php on line 343.
 1 APPPATH/Common.php(343): CodeIgniter\Debug\Exceptions->errorHandler()
 2 APPPATH/Views/themes/magazine/partials/_footer.php(12): getFormatAboutFooter()
 3 SYSTEMPATH/View/View.php(224): include('/var/www/news.qbuy.app/app/Views/themes/magazine/partials/_footer.php')
 4 SYSTEMPATH/View/View.php(227): CodeIgniter\View\View->CodeIgniter\View\{closure}()
 5 SYSTEMPATH/Common.php(1180): CodeIgniter\View\View->render()
 6 APPPATH/Common.php(91): view()
 7 APPPATH/Controllers/HomeController.php(54): loadView()
 8 SYSTEMPATH/CodeIgniter.php(932): App\Controllers\HomeController->index()
 9 SYSTEMPATH/CodeIgniter.php(497): CodeIgniter\CodeIgniter->runController()
10 SYSTEMPATH/CodeIgniter.php(366): CodeIgniter\CodeIgniter->handleRequest()
11 FCPATH/index.php(78): CodeIgniter\CodeIgniter->run()
CRITICAL - 2024-05-08 14:22:01 --> Undefined variable $baseSettings
in APPPATH/Common.php on line 343.
 1 APPPATH/Common.php(343): CodeIgniter\Debug\Exceptions->errorHandler()
 2 APPPATH/Views/themes/magazine/partials/_footer.php(12): getFormatAboutFooter()
 3 SYSTEMPATH/View/View.php(224): include('/var/www/news.qbuy.app/app/Views/themes/magazine/partials/_footer.php')
 4 SYSTEMPATH/View/View.php(227): CodeIgniter\View\View->CodeIgniter\View\{closure}()
 5 SYSTEMPATH/Common.php(1180): CodeIgniter\View\View->render()
 6 APPPATH/Common.php(91): view()
 7 APPPATH/Controllers/HomeController.php(54): loadView()
 8 SYSTEMPATH/CodeIgniter.php(932): App\Controllers\HomeController->index()
 9 SYSTEMPATH/CodeIgniter.php(497): CodeIgniter\CodeIgniter->runController()
10 SYSTEMPATH/CodeIgniter.php(366): CodeIgniter\CodeIgniter->handleRequest()
11 FCPATH/index.php(78): CodeIgniter\CodeIgniter->run()
CRITICAL - 2024-05-08 14:22:01 --> Undefined variable $baseSettings
in APPPATH/Common.php on line 343.
 1 APPPATH/Common.php(343): CodeIgniter\Debug\Exceptions->errorHandler()
 2 APPPATH/Views/themes/magazine/partials/_footer.php(12): getFormatAboutFooter()
 3 SYSTEMPATH/View/View.php(224): include('/var/www/news.qbuy.app/app/Views/themes/magazine/partials/_footer.php')
 4 SYSTEMPATH/View/View.php(227): CodeIgniter\View\View->CodeIgniter\View\{closure}()
 5 SYSTEMPATH/Common.php(1180): CodeIgniter\View\View->render()
 6 APPPATH/Common.php(91): view()
 7 APPPATH/Controllers/HomeController.php(54): loadView()
 8 SYSTEMPATH/CodeIgniter.php(932): App\Controllers\HomeController->index()
 9 SYSTEMPATH/CodeIgniter.php(497): CodeIgniter\CodeIgniter->runController()
10 SYSTEMPATH/CodeIgniter.php(366): CodeIgniter\CodeIgniter->handleRequest()
11 FCPATH/index.php(78): CodeIgniter\CodeIgniter->run()
CRITICAL - 2024-05-08 14:22:02 --> Undefined variable $baseSettings
in APPPATH/Common.php on line 343.
 1 APPPATH/Common.php(343): CodeIgniter\Debug\Exceptions->errorHandler()
 2 APPPATH/Views/themes/magazine/partials/_footer.php(12): getFormatAboutFooter()
 3 SYSTEMPATH/View/View.php(224): include('/var/www/news.qbuy.app/app/Views/themes/magazine/partials/_footer.php')
 4 SYSTEMPATH/View/View.php(227): CodeIgniter\View\View->CodeIgniter\View\{closure}()
 5 SYSTEMPATH/Common.php(1180): CodeIgniter\View\View->render()
 6 APPPATH/Common.php(91): view()
 7 APPPATH/Controllers/HomeController.php(54): loadView()
 8 SYSTEMPATH/CodeIgniter.php(932): App\Controllers\HomeController->index()
 9 SYSTEMPATH/CodeIgniter.php(497): CodeIgniter\CodeIgniter->runController()
10 SYSTEMPATH/CodeIgniter.php(366): CodeIgniter\CodeIgniter->handleRequest()
11 FCPATH/index.php(78): CodeIgniter\CodeIgniter->run()
CRITICAL - 2024-05-08 14:22:02 --> Undefined variable $baseSettings
in APPPATH/Common.php on line 343.
 1 APPPATH/Common.php(343): CodeIgniter\Debug\Exceptions->errorHandler()
 2 APPPATH/Views/themes/magazine/partials/_footer.php(12): getFormatAboutFooter()
 3 SYSTEMPATH/View/View.php(224): include('/var/www/news.qbuy.app/app/Views/themes/magazine/partials/_footer.php')
 4 SYSTEMPATH/View/View.php(227): CodeIgniter\View\View->CodeIgniter\View\{closure}()
 5 SYSTEMPATH/Common.php(1180): CodeIgniter\View\View->render()
 6 APPPATH/Common.php(91): view()
 7 APPPATH/Controllers/HomeController.php(54): loadView()
 8 SYSTEMPATH/CodeIgniter.php(932): App\Controllers\HomeController->index()
 9 SYSTEMPATH/CodeIgniter.php(497): CodeIgniter\CodeIgniter->runController()
10 SYSTEMPATH/CodeIgniter.php(366): CodeIgniter\CodeIgniter->handleRequest()
11 FCPATH/index.php(78): CodeIgniter\CodeIgniter->run()
CRITICAL - 2024-05-08 14:22:03 --> Undefined variable $baseSettings
in APPPATH/Common.php on line 343.
 1 APPPATH/Common.php(343): CodeIgniter\Debug\Exceptions->errorHandler()
 2 APPPATH/Views/themes/magazine/partials/_footer.php(12): getFormatAboutFooter()
 3 SYSTEMPATH/View/View.php(224): include('/var/www/news.qbuy.app/app/Views/themes/magazine/partials/_footer.php')
 4 SYSTEMPATH/View/View.php(227): CodeIgniter\View\View->CodeIgniter\View\{closure}()
 5 SYSTEMPATH/Common.php(1180): CodeIgniter\View\View->render()
 6 APPPATH/Common.php(91): view()
 7 APPPATH/Controllers/HomeController.php(54): loadView()
 8 SYSTEMPATH/CodeIgniter.php(932): App\Controllers\HomeController->index()
 9 SYSTEMPATH/CodeIgniter.php(497): CodeIgniter\CodeIgniter->runController()
10 SYSTEMPATH/CodeIgniter.php(366): CodeIgniter\CodeIgniter->handleRequest()
11 FCPATH/index.php(78): CodeIgniter\CodeIgniter->run()
CRITICAL - 2024-05-08 14:22:04 --> Undefined variable $baseSettings
in APPPATH/Common.php on line 343.
 1 APPPATH/Common.php(343): CodeIgniter\Debug\Exceptions->errorHandler()
 2 APPPATH/Views/themes/magazine/partials/_footer.php(12): getFormatAboutFooter()
 3 SYSTEMPATH/View/View.php(224): include('/var/www/news.qbuy.app/app/Views/themes/magazine/partials/_footer.php')
 4 SYSTEMPATH/View/View.php(227): CodeIgniter\View\View->CodeIgniter\View\{closure}()
 5 SYSTEMPATH/Common.php(1180): CodeIgniter\View\View->render()
 6 APPPATH/Common.php(91): view()
 7 APPPATH/Controllers/HomeController.php(54): loadView()
 8 SYSTEMPATH/CodeIgniter.php(932): App\Controllers\HomeController->index()
 9 SYSTEMPATH/CodeIgniter.php(497): CodeIgniter\CodeIgniter->runController()
10 SYSTEMPATH/CodeIgniter.php(366): CodeIgniter\CodeIgniter->handleRequest()
11 FCPATH/index.php(78): CodeIgniter\CodeIgniter->run()
CRITICAL - 2024-05-08 14:22:04 --> Undefined variable $baseSettings
in APPPATH/Common.php on line 343.
 1 APPPATH/Common.php(343): CodeIgniter\Debug\Exceptions->errorHandler()
 2 APPPATH/Views/themes/magazine/partials/_footer.php(12): getFormatAboutFooter()
 3 SYSTEMPATH/View/View.php(224): include('/var/www/news.qbuy.app/app/Views/themes/magazine/partials/_footer.php')
 4 SYSTEMPATH/View/View.php(227): CodeIgniter\View\View->CodeIgniter\View\{closure}()
 5 SYSTEMPATH/Common.php(1180): CodeIgniter\View\View->render()
 6 APPPATH/Common.php(91): view()
 7 APPPATH/Controllers/HomeController.php(54): loadView()
 8 SYSTEMPATH/CodeIgniter.php(932): App\Controllers\HomeController->index()
 9 SYSTEMPATH/CodeIgniter.php(497): CodeIgniter\CodeIgniter->runController()
10 SYSTEMPATH/CodeIgniter.php(366): CodeIgniter\CodeIgniter->handleRequest()
11 FCPATH/index.php(78): CodeIgniter\CodeIgniter->run()
CRITICAL - 2024-05-08 14:22:05 --> Undefined variable $baseSettings
in APPPATH/Common.php on line 343.
 1 APPPATH/Common.php(343): CodeIgniter\Debug\Exceptions->errorHandler()
 2 APPPATH/Views/themes/magazine/partials/_footer.php(12): getFormatAboutFooter()
 3 SYSTEMPATH/View/View.php(224): include('/var/www/news.qbuy.app/app/Views/themes/magazine/partials/_footer.php')
 4 SYSTEMPATH/View/View.php(227): CodeIgniter\View\View->CodeIgniter\View\{closure}()
 5 SYSTEMPATH/Common.php(1180): CodeIgniter\View\View->render()
 6 APPPATH/Common.php(91): view()
 7 APPPATH/Controllers/HomeController.php(54): loadView()
 8 SYSTEMPATH/CodeIgniter.php(932): App\Controllers\HomeController->index()
 9 SYSTEMPATH/CodeIgniter.php(497): CodeIgniter\CodeIgniter->runController()
10 SYSTEMPATH/CodeIgniter.php(366): CodeIgniter\CodeIgniter->handleRequest()
11 FCPATH/index.php(78): CodeIgniter\CodeIgniter->run()
CRITICAL - 2024-05-08 14:22:05 --> Undefined variable $baseSettings
in APPPATH/Common.php on line 343.
 1 APPPATH/Common.php(343): CodeIgniter\Debug\Exceptions->errorHandler()
 2 APPPATH/Views/themes/magazine/partials/_footer.php(12): getFormatAboutFooter()
 3 SYSTEMPATH/View/View.php(224): include('/var/www/news.qbuy.app/app/Views/themes/magazine/partials/_footer.php')
 4 SYSTEMPATH/View/View.php(227): CodeIgniter\View\View->CodeIgniter\View\{closure}()
 5 SYSTEMPATH/Common.php(1180): CodeIgniter\View\View->render()
 6 APPPATH/Common.php(91): view()
 7 APPPATH/Controllers/HomeController.php(54): loadView()
 8 SYSTEMPATH/CodeIgniter.php(932): App\Controllers\HomeController->index()
 9 SYSTEMPATH/CodeIgniter.php(497): CodeIgniter\CodeIgniter->runController()
10 SYSTEMPATH/CodeIgniter.php(366): CodeIgniter\CodeIgniter->handleRequest()
11 FCPATH/index.php(78): CodeIgniter\CodeIgniter->run()
CRITICAL - 2024-05-08 14:22:06 --> Undefined variable $baseSettings
in APPPATH/Common.php on line 343.
 1 APPPATH/Common.php(343): CodeIgniter\Debug\Exceptions->errorHandler()
 2 APPPATH/Views/themes/magazine/partials/_footer.php(12): getFormatAboutFooter()
 3 SYSTEMPATH/View/View.php(224): include('/var/www/news.qbuy.app/app/Views/themes/magazine/partials/_footer.php')
 4 SYSTEMPATH/View/View.php(227): CodeIgniter\View\View->CodeIgniter\View\{closure}()
 5 SYSTEMPATH/Common.php(1180): CodeIgniter\View\View->render()
 6 APPPATH/Common.php(91): view()
 7 APPPATH/Controllers/HomeController.php(54): loadView()
 8 SYSTEMPATH/CodeIgniter.php(932): App\Controllers\HomeController->index()
 9 SYSTEMPATH/CodeIgniter.php(497): CodeIgniter\CodeIgniter->runController()
10 SYSTEMPATH/CodeIgniter.php(366): CodeIgniter\CodeIgniter->handleRequest()
11 FCPATH/index.php(78): CodeIgniter\CodeIgniter->run()
CRITICAL - 2024-05-08 14:22:06 --> Undefined variable $baseSettings
in APPPATH/Common.php on line 343.
 1 APPPATH/Common.php(343): CodeIgniter\Debug\Exceptions->errorHandler()
 2 APPPATH/Views/themes/magazine/partials/_footer.php(12): getFormatAboutFooter()
 3 SYSTEMPATH/View/View.php(224): include('/var/www/news.qbuy.app/app/Views/themes/magazine/partials/_footer.php')
 4 SYSTEMPATH/View/View.php(227): CodeIgniter\View\View->CodeIgniter\View\{closure}()
 5 SYSTEMPATH/Common.php(1180): CodeIgniter\View\View->render()
 6 APPPATH/Common.php(91): view()
 7 APPPATH/Controllers/HomeController.php(54): loadView()
 8 SYSTEMPATH/CodeIgniter.php(932): App\Controllers\HomeController->index()
 9 SYSTEMPATH/CodeIgniter.php(497): CodeIgniter\CodeIgniter->runController()
10 SYSTEMPATH/CodeIgniter.php(366): CodeIgniter\CodeIgniter->handleRequest()
11 FCPATH/index.php(78): CodeIgniter\CodeIgniter->run()
CRITICAL - 2024-05-08 14:22:07 --> Undefined variable $baseSettings
in APPPATH/Common.php on line 343.
 1 APPPATH/Common.php(343): CodeIgniter\Debug\Exceptions->errorHandler()
 2 APPPATH/Views/themes/magazine/partials/_footer.php(12): getFormatAboutFooter()
 3 SYSTEMPATH/View/View.php(224): include('/var/www/news.qbuy.app/app/Views/themes/magazine/partials/_footer.php')
 4 SYSTEMPATH/View/View.php(227): CodeIgniter\View\View->CodeIgniter\View\{closure}()
 5 SYSTEMPATH/Common.php(1180): CodeIgniter\View\View->render()
 6 APPPATH/Common.php(91): view()
 7 APPPATH/Controllers/HomeController.php(54): loadView()
 8 SYSTEMPATH/CodeIgniter.php(932): App\Controllers\HomeController->index()
 9 SYSTEMPATH/CodeIgniter.php(497): CodeIgniter\CodeIgniter->runController()
10 SYSTEMPATH/CodeIgniter.php(366): CodeIgniter\CodeIgniter->handleRequest()
11 FCPATH/index.php(78): CodeIgniter\CodeIgniter->run()
CRITICAL - 2024-05-08 14:22:08 --> Undefined variable $baseSettings
in APPPATH/Common.php on line 343.
 1 APPPATH/Common.php(343): CodeIgniter\Debug\Exceptions->errorHandler()
 2 APPPATH/Views/themes/magazine/partials/_footer.php(12): getFormatAboutFooter()
 3 SYSTEMPATH/View/View.php(224): include('/var/www/news.qbuy.app/app/Views/themes/magazine/partials/_footer.php')
 4 SYSTEMPATH/View/View.php(227): CodeIgniter\View\View->CodeIgniter\View\{closure}()
 5 SYSTEMPATH/Common.php(1180): CodeIgniter\View\View->render()
 6 APPPATH/Common.php(91): view()
 7 APPPATH/Controllers/HomeController.php(54): loadView()
 8 SYSTEMPATH/CodeIgniter.php(932): App\Controllers\HomeController->index()
 9 SYSTEMPATH/CodeIgniter.php(497): CodeIgniter\CodeIgniter->runController()
10 SYSTEMPATH/CodeIgniter.php(366): CodeIgniter\CodeIgniter->handleRequest()
11 FCPATH/index.php(78): CodeIgniter\CodeIgniter->run()
CRITICAL - 2024-05-08 14:22:08 --> Undefined variable $baseSettings
in APPPATH/Common.php on line 343.
 1 APPPATH/Common.php(343): CodeIgniter\Debug\Exceptions->errorHandler()
 2 APPPATH/Views/themes/magazine/partials/_footer.php(12): getFormatAboutFooter()
 3 SYSTEMPATH/View/View.php(224): include('/var/www/news.qbuy.app/app/Views/themes/magazine/partials/_footer.php')
 4 SYSTEMPATH/View/View.php(227): CodeIgniter\View\View->CodeIgniter\View\{closure}()
 5 SYSTEMPATH/Common.php(1180): CodeIgniter\View\View->render()
 6 APPPATH/Common.php(91): view()
 7 APPPATH/Controllers/HomeController.php(54): loadView()
 8 SYSTEMPATH/CodeIgniter.php(932): App\Controllers\HomeController->index()
 9 SYSTEMPATH/CodeIgniter.php(497): CodeIgniter\CodeIgniter->runController()
10 SYSTEMPATH/CodeIgniter.php(366): CodeIgniter\CodeIgniter->handleRequest()
11 FCPATH/index.php(78): CodeIgniter\CodeIgniter->run()
CRITICAL - 2024-05-08 14:22:09 --> Undefined variable $baseSettings
in APPPATH/Common.php on line 343.
 1 APPPATH/Common.php(343): CodeIgniter\Debug\Exceptions->errorHandler()
 2 APPPATH/Views/themes/magazine/partials/_footer.php(12): getFormatAboutFooter()
 3 SYSTEMPATH/View/View.php(224): include('/var/www/news.qbuy.app/app/Views/themes/magazine/partials/_footer.php')
 4 SYSTEMPATH/View/View.php(227): CodeIgniter\View\View->CodeIgniter\View\{closure}()
 5 SYSTEMPATH/Common.php(1180): CodeIgniter\View\View->render()
 6 APPPATH/Common.php(91): view()
 7 APPPATH/Controllers/HomeController.php(54): loadView()
 8 SYSTEMPATH/CodeIgniter.php(932): App\Controllers\HomeController->index()
 9 SYSTEMPATH/CodeIgniter.php(497): CodeIgniter\CodeIgniter->runController()
10 SYSTEMPATH/CodeIgniter.php(366): CodeIgniter\CodeIgniter->handleRequest()
11 FCPATH/index.php(78): CodeIgniter\CodeIgniter->run()
CRITICAL - 2024-05-08 14:22:09 --> Undefined variable $baseSettings
in APPPATH/Common.php on line 343.
 1 APPPATH/Common.php(343): CodeIgniter\Debug\Exceptions->errorHandler()
 2 APPPATH/Views/themes/magazine/partials/_footer.php(12): getFormatAboutFooter()
 3 SYSTEMPATH/View/View.php(224): include('/var/www/news.qbuy.app/app/Views/themes/magazine/partials/_footer.php')
 4 SYSTEMPATH/View/View.php(227): CodeIgniter\View\View->CodeIgniter\View\{closure}()
 5 SYSTEMPATH/Common.php(1180): CodeIgniter\View\View->render()
 6 APPPATH/Common.php(91): view()
 7 APPPATH/Controllers/HomeController.php(54): loadView()
 8 SYSTEMPATH/CodeIgniter.php(932): App\Controllers\HomeController->index()
 9 SYSTEMPATH/CodeIgniter.php(497): CodeIgniter\CodeIgniter->runController()
10 SYSTEMPATH/CodeIgniter.php(366): CodeIgniter\CodeIgniter->handleRequest()
11 FCPATH/index.php(78): CodeIgniter\CodeIgniter->run()
CRITICAL - 2024-05-08 14:22:10 --> Undefined variable $baseSettings
in APPPATH/Common.php on line 343.
 1 APPPATH/Common.php(343): CodeIgniter\Debug\Exceptions->errorHandler()
 2 APPPATH/Views/themes/magazine/partials/_footer.php(12): getFormatAboutFooter()
 3 SYSTEMPATH/View/View.php(224): include('/var/www/news.qbuy.app/app/Views/themes/magazine/partials/_footer.php')
 4 SYSTEMPATH/View/View.php(227): CodeIgniter\View\View->CodeIgniter\View\{closure}()
 5 SYSTEMPATH/Common.php(1180): CodeIgniter\View\View->render()
 6 APPPATH/Common.php(91): view()
 7 APPPATH/Controllers/HomeController.php(54): loadView()
 8 SYSTEMPATH/CodeIgniter.php(932): App\Controllers\HomeController->index()
 9 SYSTEMPATH/CodeIgniter.php(497): CodeIgniter\CodeIgniter->runController()
10 SYSTEMPATH/CodeIgniter.php(366): CodeIgniter\CodeIgniter->handleRequest()
11 FCPATH/index.php(78): CodeIgniter\CodeIgniter->run()
CRITICAL - 2024-05-08 14:22:10 --> Undefined variable $baseSettings
in APPPATH/Common.php on line 343.
 1 APPPATH/Common.php(343): CodeIgniter\Debug\Exceptions->errorHandler()
 2 APPPATH/Views/themes/magazine/partials/_footer.php(12): getFormatAboutFooter()
 3 SYSTEMPATH/View/View.php(224): include('/var/www/news.qbuy.app/app/Views/themes/magazine/partials/_footer.php')
 4 SYSTEMPATH/View/View.php(227): CodeIgniter\View\View->CodeIgniter\View\{closure}()
 5 SYSTEMPATH/Common.php(1180): CodeIgniter\View\View->render()
 6 APPPATH/Common.php(91): view()
 7 APPPATH/Controllers/HomeController.php(54): loadView()
 8 SYSTEMPATH/CodeIgniter.php(932): App\Controllers\HomeController->index()
 9 SYSTEMPATH/CodeIgniter.php(497): CodeIgniter\CodeIgniter->runController()
10 SYSTEMPATH/CodeIgniter.php(366): CodeIgniter\CodeIgniter->handleRequest()
11 FCPATH/index.php(78): CodeIgniter\CodeIgniter->run()
CRITICAL - 2024-05-08 14:22:11 --> Undefined variable $baseSettings
in APPPATH/Common.php on line 343.
 1 APPPATH/Common.php(343): CodeIgniter\Debug\Exceptions->errorHandler()
 2 APPPATH/Views/themes/magazine/partials/_footer.php(12): getFormatAboutFooter()
 3 SYSTEMPATH/View/View.php(224): include('/var/www/news.qbuy.app/app/Views/themes/magazine/partials/_footer.php')
 4 SYSTEMPATH/View/View.php(227): CodeIgniter\View\View->CodeIgniter\View\{closure}()
 5 SYSTEMPATH/Common.php(1180): CodeIgniter\View\View->render()
 6 APPPATH/Common.php(91): view()
 7 APPPATH/Controllers/HomeController.php(54): loadView()
 8 SYSTEMPATH/CodeIgniter.php(932): App\Controllers\HomeController->index()
 9 SYSTEMPATH/CodeIgniter.php(497): CodeIgniter\CodeIgniter->runController()
10 SYSTEMPATH/CodeIgniter.php(366): CodeIgniter\CodeIgniter->handleRequest()
11 FCPATH/index.php(78): CodeIgniter\CodeIgniter->run()
CRITICAL - 2024-05-08 14:22:12 --> Undefined variable $baseSettings
in APPPATH/Common.php on line 343.
 1 APPPATH/Common.php(343): CodeIgniter\Debug\Exceptions->errorHandler()
 2 APPPATH/Views/themes/magazine/partials/_footer.php(12): getFormatAboutFooter()
 3 SYSTEMPATH/View/View.php(224): include('/var/www/news.qbuy.app/app/Views/themes/magazine/partials/_footer.php')
 4 SYSTEMPATH/View/View.php(227): CodeIgniter\View\View->CodeIgniter\View\{closure}()
 5 SYSTEMPATH/Common.php(1180): CodeIgniter\View\View->render()
 6 APPPATH/Common.php(91): view()
 7 APPPATH/Controllers/HomeController.php(54): loadView()
 8 SYSTEMPATH/CodeIgniter.php(932): App\Controllers\HomeController->index()
 9 SYSTEMPATH/CodeIgniter.php(497): CodeIgniter\CodeIgniter->runController()
10 SYSTEMPATH/CodeIgniter.php(366): CodeIgniter\CodeIgniter->handleRequest()
11 FCPATH/index.php(78): CodeIgniter\CodeIgniter->run()
CRITICAL - 2024-05-08 14:22:12 --> Undefined variable $baseSettings
in APPPATH/Common.php on line 343.
 1 APPPATH/Common.php(343): CodeIgniter\Debug\Exceptions->errorHandler()
 2 APPPATH/Views/themes/magazine/partials/_footer.php(12): getFormatAboutFooter()
 3 SYSTEMPATH/View/View.php(224): include('/var/www/news.qbuy.app/app/Views/themes/magazine/partials/_footer.php')
 4 SYSTEMPATH/View/View.php(227): CodeIgniter\View\View->CodeIgniter\View\{closure}()
 5 SYSTEMPATH/Common.php(1180): CodeIgniter\View\View->render()
 6 APPPATH/Common.php(91): view()
 7 APPPATH/Controllers/HomeController.php(54): loadView()
 8 SYSTEMPATH/CodeIgniter.php(932): App\Controllers\HomeController->index()
 9 SYSTEMPATH/CodeIgniter.php(497): CodeIgniter\CodeIgniter->runController()
10 SYSTEMPATH/CodeIgniter.php(366): CodeIgniter\CodeIgniter->handleRequest()
11 FCPATH/index.php(78): CodeIgniter\CodeIgniter->run()
CRITICAL - 2024-05-08 14:22:13 --> Undefined variable $baseSettings
in APPPATH/Common.php on line 343.
 1 APPPATH/Common.php(343): CodeIgniter\Debug\Exceptions->errorHandler()
 2 APPPATH/Views/themes/magazine/partials/_footer.php(12): getFormatAboutFooter()
 3 SYSTEMPATH/View/View.php(224): include('/var/www/news.qbuy.app/app/Views/themes/magazine/partials/_footer.php')
 4 SYSTEMPATH/View/View.php(227): CodeIgniter\View\View->CodeIgniter\View\{closure}()
 5 SYSTEMPATH/Common.php(1180): CodeIgniter\View\View->render()
 6 APPPATH/Common.php(91): view()
 7 APPPATH/Controllers/HomeController.php(54): loadView()
 8 SYSTEMPATH/CodeIgniter.php(932): App\Controllers\HomeController->index()
 9 SYSTEMPATH/CodeIgniter.php(497): CodeIgniter\CodeIgniter->runController()
10 SYSTEMPATH/CodeIgniter.php(366): CodeIgniter\CodeIgniter->handleRequest()
11 FCPATH/index.php(78): CodeIgniter\CodeIgniter->run()
CRITICAL - 2024-05-08 14:22:13 --> Undefined variable $baseSettings
in APPPATH/Common.php on line 343.
 1 APPPATH/Common.php(343): CodeIgniter\Debug\Exceptions->errorHandler()
 2 APPPATH/Views/themes/magazine/partials/_footer.php(12): getFormatAboutFooter()
 3 SYSTEMPATH/View/View.php(224): include('/var/www/news.qbuy.app/app/Views/themes/magazine/partials/_footer.php')
 4 SYSTEMPATH/View/View.php(227): CodeIgniter\View\View->CodeIgniter\View\{closure}()
 5 SYSTEMPATH/Common.php(1180): CodeIgniter\View\View->render()
 6 APPPATH/Common.php(91): view()
 7 APPPATH/Controllers/HomeController.php(54): loadView()
 8 SYSTEMPATH/CodeIgniter.php(932): App\Controllers\HomeController->index()
 9 SYSTEMPATH/CodeIgniter.php(497): CodeIgniter\CodeIgniter->runController()
10 SYSTEMPATH/CodeIgniter.php(366): CodeIgniter\CodeIgniter->handleRequest()
11 FCPATH/index.php(78): CodeIgniter\CodeIgniter->run()
CRITICAL - 2024-05-08 14:22:14 --> Undefined variable $baseSettings
in APPPATH/Common.php on line 343.
 1 APPPATH/Common.php(343): CodeIgniter\Debug\Exceptions->errorHandler()
 2 APPPATH/Views/themes/magazine/partials/_footer.php(12): getFormatAboutFooter()
 3 SYSTEMPATH/View/View.php(224): include('/var/www/news.qbuy.app/app/Views/themes/magazine/partials/_footer.php')
 4 SYSTEMPATH/View/View.php(227): CodeIgniter\View\View->CodeIgniter\View\{closure}()
 5 SYSTEMPATH/Common.php(1180): CodeIgniter\View\View->render()
 6 APPPATH/Common.php(91): view()
 7 APPPATH/Controllers/HomeController.php(54): loadView()
 8 SYSTEMPATH/CodeIgniter.php(932): App\Controllers\HomeController->index()
 9 SYSTEMPATH/CodeIgniter.php(497): CodeIgniter\CodeIgniter->runController()
10 SYSTEMPATH/CodeIgniter.php(366): CodeIgniter\CodeIgniter->handleRequest()
11 FCPATH/index.php(78): CodeIgniter\CodeIgniter->run()
CRITICAL - 2024-05-08 14:22:15 --> Undefined variable $baseSettings
in APPPATH/Common.php on line 343.
 1 APPPATH/Common.php(343): CodeIgniter\Debug\Exceptions->errorHandler()
 2 APPPATH/Views/themes/magazine/partials/_footer.php(12): getFormatAboutFooter()
 3 SYSTEMPATH/View/View.php(224): include('/var/www/news.qbuy.app/app/Views/themes/magazine/partials/_footer.php')
 4 SYSTEMPATH/View/View.php(227): CodeIgniter\View\View->CodeIgniter\View\{closure}()
 5 SYSTEMPATH/Common.php(1180): CodeIgniter\View\View->render()
 6 APPPATH/Common.php(91): view()
 7 APPPATH/Controllers/HomeController.php(54): loadView()
 8 SYSTEMPATH/CodeIgniter.php(932): App\Controllers\HomeController->index()
 9 SYSTEMPATH/CodeIgniter.php(497): CodeIgniter\CodeIgniter->runController()
10 SYSTEMPATH/CodeIgniter.php(366): CodeIgniter\CodeIgniter->handleRequest()
11 FCPATH/index.php(78): CodeIgniter\CodeIgniter->run()
CRITICAL - 2024-05-08 14:22:16 --> Undefined variable $baseSettings
in APPPATH/Common.php on line 343.
 1 APPPATH/Common.php(343): CodeIgniter\Debug\Exceptions->errorHandler()
 2 APPPATH/Views/themes/magazine/partials/_footer.php(12): getFormatAboutFooter()
 3 SYSTEMPATH/View/View.php(224): include('/var/www/news.qbuy.app/app/Views/themes/magazine/partials/_footer.php')
 4 SYSTEMPATH/View/View.php(227): CodeIgniter\View\View->CodeIgniter\View\{closure}()
 5 SYSTEMPATH/Common.php(1180): CodeIgniter\View\View->render()
 6 APPPATH/Common.php(91): view()
 7 APPPATH/Controllers/HomeController.php(54): loadView()
 8 SYSTEMPATH/CodeIgniter.php(932): App\Controllers\HomeController->index()
 9 SYSTEMPATH/CodeIgniter.php(497): CodeIgniter\CodeIgniter->runController()
10 SYSTEMPATH/CodeIgniter.php(366): CodeIgniter\CodeIgniter->handleRequest()
11 FCPATH/index.php(78): CodeIgniter\CodeIgniter->run()
CRITICAL - 2024-05-08 14:22:16 --> Undefined variable $baseSettings
in APPPATH/Common.php on line 343.
 1 APPPATH/Common.php(343): CodeIgniter\Debug\Exceptions->errorHandler()
 2 APPPATH/Views/themes/magazine/partials/_footer.php(12): getFormatAboutFooter()
 3 SYSTEMPATH/View/View.php(224): include('/var/www/news.qbuy.app/app/Views/themes/magazine/partials/_footer.php')
 4 SYSTEMPATH/View/View.php(227): CodeIgniter\View\View->CodeIgniter\View\{closure}()
 5 SYSTEMPATH/Common.php(1180): CodeIgniter\View\View->render()
 6 APPPATH/Common.php(91): view()
 7 APPPATH/Controllers/HomeController.php(54): loadView()
 8 SYSTEMPATH/CodeIgniter.php(932): App\Controllers\HomeController->index()
 9 SYSTEMPATH/CodeIgniter.php(497): CodeIgniter\CodeIgniter->runController()
10 SYSTEMPATH/CodeIgniter.php(366): CodeIgniter\CodeIgniter->handleRequest()
11 FCPATH/index.php(78): CodeIgniter\CodeIgniter->run()
CRITICAL - 2024-05-08 14:22:17 --> Undefined variable $baseSettings
in APPPATH/Common.php on line 343.
 1 APPPATH/Common.php(343): CodeIgniter\Debug\Exceptions->errorHandler()
 2 APPPATH/Views/themes/magazine/partials/_footer.php(12): getFormatAboutFooter()
 3 SYSTEMPATH/View/View.php(224): include('/var/www/news.qbuy.app/app/Views/themes/magazine/partials/_footer.php')
 4 SYSTEMPATH/View/View.php(227): CodeIgniter\View\View->CodeIgniter\View\{closure}()
 5 SYSTEMPATH/Common.php(1180): CodeIgniter\View\View->render()
 6 APPPATH/Common.php(91): view()
 7 APPPATH/Controllers/HomeController.php(54): loadView()
 8 SYSTEMPATH/CodeIgniter.php(932): App\Controllers\HomeController->index()
 9 SYSTEMPATH/CodeIgniter.php(497): CodeIgniter\CodeIgniter->runController()
10 SYSTEMPATH/CodeIgniter.php(366): CodeIgniter\CodeIgniter->handleRequest()
11 FCPATH/index.php(78): CodeIgniter\CodeIgniter->run()
CRITICAL - 2024-05-08 14:22:17 --> Undefined variable $baseSettings
in APPPATH/Common.php on line 343.
 1 APPPATH/Common.php(343): CodeIgniter\Debug\Exceptions->errorHandler()
 2 APPPATH/Views/themes/magazine/partials/_footer.php(12): getFormatAboutFooter()
 3 SYSTEMPATH/View/View.php(224): include('/var/www/news.qbuy.app/app/Views/themes/magazine/partials/_footer.php')
 4 SYSTEMPATH/View/View.php(227): CodeIgniter\View\View->CodeIgniter\View\{closure}()
 5 SYSTEMPATH/Common.php(1180): CodeIgniter\View\View->render()
 6 APPPATH/Common.php(91): view()
 7 APPPATH/Controllers/HomeController.php(54): loadView()
 8 SYSTEMPATH/CodeIgniter.php(932): App\Controllers\HomeController->index()
 9 SYSTEMPATH/CodeIgniter.php(497): CodeIgniter\CodeIgniter->runController()
10 SYSTEMPATH/CodeIgniter.php(366): CodeIgniter\CodeIgniter->handleRequest()
11 FCPATH/index.php(78): CodeIgniter\CodeIgniter->run()
CRITICAL - 2024-05-08 14:22:17 --> Undefined variable $baseSettings
in APPPATH/Common.php on line 343.
 1 APPPATH/Common.php(343): CodeIgniter\Debug\Exceptions->errorHandler()
 2 APPPATH/Views/themes/magazine/partials/_footer.php(12): getFormatAboutFooter()
 3 SYSTEMPATH/View/View.php(224): include('/var/www/news.qbuy.app/app/Views/themes/magazine/partials/_footer.php')
 4 SYSTEMPATH/View/View.php(227): CodeIgniter\View\View->CodeIgniter\View\{closure}()
 5 SYSTEMPATH/Common.php(1180): CodeIgniter\View\View->render()
 6 APPPATH/Common.php(91): view()
 7 APPPATH/Controllers/HomeController.php(54): loadView()
 8 SYSTEMPATH/CodeIgniter.php(932): App\Controllers\HomeController->index()
 9 SYSTEMPATH/CodeIgniter.php(497): CodeIgniter\CodeIgniter->runController()
10 SYSTEMPATH/CodeIgniter.php(366): CodeIgniter\CodeIgniter->handleRequest()
11 FCPATH/index.php(78): CodeIgniter\CodeIgniter->run()
CRITICAL - 2024-05-08 14:22:18 --> Undefined variable $baseSettings
in APPPATH/Common.php on line 343.
 1 APPPATH/Common.php(343): CodeIgniter\Debug\Exceptions->errorHandler()
 2 APPPATH/Views/themes/magazine/partials/_footer.php(12): getFormatAboutFooter()
 3 SYSTEMPATH/View/View.php(224): include('/var/www/news.qbuy.app/app/Views/themes/magazine/partials/_footer.php')
 4 SYSTEMPATH/View/View.php(227): CodeIgniter\View\View->CodeIgniter\View\{closure}()
 5 SYSTEMPATH/Common.php(1180): CodeIgniter\View\View->render()
 6 APPPATH/Common.php(91): view()
 7 APPPATH/Controllers/HomeController.php(54): loadView()
 8 SYSTEMPATH/CodeIgniter.php(932): App\Controllers\HomeController->index()
 9 SYSTEMPATH/CodeIgniter.php(497): CodeIgniter\CodeIgniter->runController()
10 SYSTEMPATH/CodeIgniter.php(366): CodeIgniter\CodeIgniter->handleRequest()
11 FCPATH/index.php(78): CodeIgniter\CodeIgniter->run()
CRITICAL - 2024-05-08 14:22:18 --> Undefined variable $baseSettings
in APPPATH/Common.php on line 343.
 1 APPPATH/Common.php(343): CodeIgniter\Debug\Exceptions->errorHandler()
 2 APPPATH/Views/themes/magazine/partials/_footer.php(12): getFormatAboutFooter()
 3 SYSTEMPATH/View/View.php(224): include('/var/www/news.qbuy.app/app/Views/themes/magazine/partials/_footer.php')
 4 SYSTEMPATH/View/View.php(227): CodeIgniter\View\View->CodeIgniter\View\{closure}()
 5 SYSTEMPATH/Common.php(1180): CodeIgniter\View\View->render()
 6 APPPATH/Common.php(91): view()
 7 APPPATH/Controllers/HomeController.php(54): loadView()
 8 SYSTEMPATH/CodeIgniter.php(932): App\Controllers\HomeController->index()
 9 SYSTEMPATH/CodeIgniter.php(497): CodeIgniter\CodeIgniter->runController()
10 SYSTEMPATH/CodeIgniter.php(366): CodeIgniter\CodeIgniter->handleRequest()
11 FCPATH/index.php(78): CodeIgniter\CodeIgniter->run()
CRITICAL - 2024-05-08 14:22:19 --> Undefined variable $baseSettings
in APPPATH/Common.php on line 343.
 1 APPPATH/Common.php(343): CodeIgniter\Debug\Exceptions->errorHandler()
 2 APPPATH/Views/themes/magazine/partials/_footer.php(12): getFormatAboutFooter()
 3 SYSTEMPATH/View/View.php(224): include('/var/www/news.qbuy.app/app/Views/themes/magazine/partials/_footer.php')
 4 SYSTEMPATH/View/View.php(227): CodeIgniter\View\View->CodeIgniter\View\{closure}()
 5 SYSTEMPATH/Common.php(1180): CodeIgniter\View\View->render()
 6 APPPATH/Common.php(91): view()
 7 APPPATH/Controllers/HomeController.php(54): loadView()
 8 SYSTEMPATH/CodeIgniter.php(932): App\Controllers\HomeController->index()
 9 SYSTEMPATH/CodeIgniter.php(497): CodeIgniter\CodeIgniter->runController()
10 SYSTEMPATH/CodeIgniter.php(366): CodeIgniter\CodeIgniter->handleRequest()
11 FCPATH/index.php(78): CodeIgniter\CodeIgniter->run()
CRITICAL - 2024-05-08 14:22:20 --> Undefined variable $baseSettings
in APPPATH/Common.php on line 343.
 1 APPPATH/Common.php(343): CodeIgniter\Debug\Exceptions->errorHandler()
 2 APPPATH/Views/themes/magazine/partials/_footer.php(12): getFormatAboutFooter()
 3 SYSTEMPATH/View/View.php(224): include('/var/www/news.qbuy.app/app/Views/themes/magazine/partials/_footer.php')
 4 SYSTEMPATH/View/View.php(227): CodeIgniter\View\View->CodeIgniter\View\{closure}()
 5 SYSTEMPATH/Common.php(1180): CodeIgniter\View\View->render()
 6 APPPATH/Common.php(91): view()
 7 APPPATH/Controllers/HomeController.php(54): loadView()
 8 SYSTEMPATH/CodeIgniter.php(932): App\Controllers\HomeController->index()
 9 SYSTEMPATH/CodeIgniter.php(497): CodeIgniter\CodeIgniter->runController()
10 SYSTEMPATH/CodeIgniter.php(366): CodeIgniter\CodeIgniter->handleRequest()
11 FCPATH/index.php(78): CodeIgniter\CodeIgniter->run()
CRITICAL - 2024-05-08 14:22:20 --> Undefined variable $baseSettings
in APPPATH/Common.php on line 343.
 1 APPPATH/Common.php(343): CodeIgniter\Debug\Exceptions->errorHandler()
 2 APPPATH/Views/themes/magazine/partials/_footer.php(12): getFormatAboutFooter()
 3 SYSTEMPATH/View/View.php(224): include('/var/www/news.qbuy.app/app/Views/themes/magazine/partials/_footer.php')
 4 SYSTEMPATH/View/View.php(227): CodeIgniter\View\View->CodeIgniter\View\{closure}()
 5 SYSTEMPATH/Common.php(1180): CodeIgniter\View\View->render()
 6 APPPATH/Common.php(91): view()
 7 APPPATH/Controllers/HomeController.php(54): loadView()
 8 SYSTEMPATH/CodeIgniter.php(932): App\Controllers\HomeController->index()
 9 SYSTEMPATH/CodeIgniter.php(497): CodeIgniter\CodeIgniter->runController()
10 SYSTEMPATH/CodeIgniter.php(366): CodeIgniter\CodeIgniter->handleRequest()
11 FCPATH/index.php(78): CodeIgniter\CodeIgniter->run()
CRITICAL - 2024-05-08 14:22:21 --> Undefined variable $baseSettings
in APPPATH/Common.php on line 343.
 1 APPPATH/Common.php(343): CodeIgniter\Debug\Exceptions->errorHandler()
 2 APPPATH/Views/themes/magazine/partials/_footer.php(12): getFormatAboutFooter()
 3 SYSTEMPATH/View/View.php(224): include('/var/www/news.qbuy.app/app/Views/themes/magazine/partials/_footer.php')
 4 SYSTEMPATH/View/View.php(227): CodeIgniter\View\View->CodeIgniter\View\{closure}()
 5 SYSTEMPATH/Common.php(1180): CodeIgniter\View\View->render()
 6 APPPATH/Common.php(91): view()
 7 APPPATH/Controllers/HomeController.php(54): loadView()
 8 SYSTEMPATH/CodeIgniter.php(932): App\Controllers\HomeController->index()
 9 SYSTEMPATH/CodeIgniter.php(497): CodeIgniter\CodeIgniter->runController()
10 SYSTEMPATH/CodeIgniter.php(366): CodeIgniter\CodeIgniter->handleRequest()
11 FCPATH/index.php(78): CodeIgniter\CodeIgniter->run()
CRITICAL - 2024-05-08 14:22:22 --> Undefined variable $baseSettings
in APPPATH/Common.php on line 343.
 1 APPPATH/Common.php(343): CodeIgniter\Debug\Exceptions->errorHandler()
 2 APPPATH/Views/themes/magazine/partials/_footer.php(12): getFormatAboutFooter()
 3 SYSTEMPATH/View/View.php(224): include('/var/www/news.qbuy.app/app/Views/themes/magazine/partials/_footer.php')
 4 SYSTEMPATH/View/View.php(227): CodeIgniter\View\View->CodeIgniter\View\{closure}()
 5 SYSTEMPATH/Common.php(1180): CodeIgniter\View\View->render()
 6 APPPATH/Common.php(91): view()
 7 APPPATH/Controllers/HomeController.php(54): loadView()
 8 SYSTEMPATH/CodeIgniter.php(932): App\Controllers\HomeController->index()
 9 SYSTEMPATH/CodeIgniter.php(497): CodeIgniter\CodeIgniter->runController()
10 SYSTEMPATH/CodeIgniter.php(366): CodeIgniter\CodeIgniter->handleRequest()
11 FCPATH/index.php(78): CodeIgniter\CodeIgniter->run()
CRITICAL - 2024-05-08 14:22:22 --> Undefined variable $baseSettings
in APPPATH/Common.php on line 343.
 1 APPPATH/Common.php(343): CodeIgniter\Debug\Exceptions->errorHandler()
 2 APPPATH/Views/themes/magazine/partials/_footer.php(12): getFormatAboutFooter()
 3 SYSTEMPATH/View/View.php(224): include('/var/www/news.qbuy.app/app/Views/themes/magazine/partials/_footer.php')
 4 SYSTEMPATH/View/View.php(227): CodeIgniter\View\View->CodeIgniter\View\{closure}()
 5 SYSTEMPATH/Common.php(1180): CodeIgniter\View\View->render()
 6 APPPATH/Common.php(91): view()
 7 APPPATH/Controllers/HomeController.php(54): loadView()
 8 SYSTEMPATH/CodeIgniter.php(932): App\Controllers\HomeController->index()
 9 SYSTEMPATH/CodeIgniter.php(497): CodeIgniter\CodeIgniter->runController()
10 SYSTEMPATH/CodeIgniter.php(366): CodeIgniter\CodeIgniter->handleRequest()
11 FCPATH/index.php(78): CodeIgniter\CodeIgniter->run()
CRITICAL - 2024-05-08 14:22:23 --> Undefined variable $baseSettings
in APPPATH/Common.php on line 343.
 1 APPPATH/Common.php(343): CodeIgniter\Debug\Exceptions->errorHandler()
 2 APPPATH/Views/themes/magazine/partials/_footer.php(12): getFormatAboutFooter()
 3 SYSTEMPATH/View/View.php(224): include('/var/www/news.qbuy.app/app/Views/themes/magazine/partials/_footer.php')
 4 SYSTEMPATH/View/View.php(227): CodeIgniter\View\View->CodeIgniter\View\{closure}()
 5 SYSTEMPATH/Common.php(1180): CodeIgniter\View\View->render()
 6 APPPATH/Common.php(91): view()
 7 APPPATH/Controllers/HomeController.php(54): loadView()
 8 SYSTEMPATH/CodeIgniter.php(932): App\Controllers\HomeController->index()
 9 SYSTEMPATH/CodeIgniter.php(497): CodeIgniter\CodeIgniter->runController()
10 SYSTEMPATH/CodeIgniter.php(366): CodeIgniter\CodeIgniter->handleRequest()
11 FCPATH/index.php(78): CodeIgniter\CodeIgniter->run()
CRITICAL - 2024-05-08 14:22:24 --> Undefined variable $baseSettings
in APPPATH/Common.php on line 343.
 1 APPPATH/Common.php(343): CodeIgniter\Debug\Exceptions->errorHandler()
 2 APPPATH/Views/themes/magazine/partials/_footer.php(12): getFormatAboutFooter()
 3 SYSTEMPATH/View/View.php(224): include('/var/www/news.qbuy.app/app/Views/themes/magazine/partials/_footer.php')
 4 SYSTEMPATH/View/View.php(227): CodeIgniter\View\View->CodeIgniter\View\{closure}()
 5 SYSTEMPATH/Common.php(1180): CodeIgniter\View\View->render()
 6 APPPATH/Common.php(91): view()
 7 APPPATH/Controllers/HomeController.php(54): loadView()
 8 SYSTEMPATH/CodeIgniter.php(932): App\Controllers\HomeController->index()
 9 SYSTEMPATH/CodeIgniter.php(497): CodeIgniter\CodeIgniter->runController()
10 SYSTEMPATH/CodeIgniter.php(366): CodeIgniter\CodeIgniter->handleRequest()
11 FCPATH/index.php(78): CodeIgniter\CodeIgniter->run()
CRITICAL - 2024-05-08 14:22:24 --> Undefined variable $baseSettings
in APPPATH/Common.php on line 343.
 1 APPPATH/Common.php(343): CodeIgniter\Debug\Exceptions->errorHandler()
 2 APPPATH/Views/themes/magazine/partials/_footer.php(12): getFormatAboutFooter()
 3 SYSTEMPATH/View/View.php(224): include('/var/www/news.qbuy.app/app/Views/themes/magazine/partials/_footer.php')
 4 SYSTEMPATH/View/View.php(227): CodeIgniter\View\View->CodeIgniter\View\{closure}()
 5 SYSTEMPATH/Common.php(1180): CodeIgniter\View\View->render()
 6 APPPATH/Common.php(91): view()
 7 APPPATH/Controllers/HomeController.php(54): loadView()
 8 SYSTEMPATH/CodeIgniter.php(932): App\Controllers\HomeController->index()
 9 SYSTEMPATH/CodeIgniter.php(497): CodeIgniter\CodeIgniter->runController()
10 SYSTEMPATH/CodeIgniter.php(366): CodeIgniter\CodeIgniter->handleRequest()
11 FCPATH/index.php(78): CodeIgniter\CodeIgniter->run()
CRITICAL - 2024-05-08 14:22:25 --> Undefined variable $baseSettings
in APPPATH/Common.php on line 343.
 1 APPPATH/Common.php(343): CodeIgniter\Debug\Exceptions->errorHandler()
 2 APPPATH/Views/themes/magazine/partials/_footer.php(12): getFormatAboutFooter()
 3 SYSTEMPATH/View/View.php(224): include('/var/www/news.qbuy.app/app/Views/themes/magazine/partials/_footer.php')
 4 SYSTEMPATH/View/View.php(227): CodeIgniter\View\View->CodeIgniter\View\{closure}()
 5 SYSTEMPATH/Common.php(1180): CodeIgniter\View\View->render()
 6 APPPATH/Common.php(91): view()
 7 APPPATH/Controllers/HomeController.php(54): loadView()
 8 SYSTEMPATH/CodeIgniter.php(932): App\Controllers\HomeController->index()
 9 SYSTEMPATH/CodeIgniter.php(497): CodeIgniter\CodeIgniter->runController()
10 SYSTEMPATH/CodeIgniter.php(366): CodeIgniter\CodeIgniter->handleRequest()
11 FCPATH/index.php(78): CodeIgniter\CodeIgniter->run()
CRITICAL - 2024-05-08 14:22:25 --> Undefined variable $baseSettings
in APPPATH/Common.php on line 343.
 1 APPPATH/Common.php(343): CodeIgniter\Debug\Exceptions->errorHandler()
 2 APPPATH/Views/themes/magazine/partials/_footer.php(12): getFormatAboutFooter()
 3 SYSTEMPATH/View/View.php(224): include('/var/www/news.qbuy.app/app/Views/themes/magazine/partials/_footer.php')
 4 SYSTEMPATH/View/View.php(227): CodeIgniter\View\View->CodeIgniter\View\{closure}()
 5 SYSTEMPATH/Common.php(1180): CodeIgniter\View\View->render()
 6 APPPATH/Common.php(91): view()
 7 APPPATH/Controllers/HomeController.php(54): loadView()
 8 SYSTEMPATH/CodeIgniter.php(932): App\Controllers\HomeController->index()
 9 SYSTEMPATH/CodeIgniter.php(497): CodeIgniter\CodeIgniter->runController()
10 SYSTEMPATH/CodeIgniter.php(366): CodeIgniter\CodeIgniter->handleRequest()
11 FCPATH/index.php(78): CodeIgniter\CodeIgniter->run()
CRITICAL - 2024-05-08 14:22:26 --> Undefined variable $baseSettings
in APPPATH/Common.php on line 343.
 1 APPPATH/Common.php(343): CodeIgniter\Debug\Exceptions->errorHandler()
 2 APPPATH/Views/themes/magazine/partials/_footer.php(12): getFormatAboutFooter()
 3 SYSTEMPATH/View/View.php(224): include('/var/www/news.qbuy.app/app/Views/themes/magazine/partials/_footer.php')
 4 SYSTEMPATH/View/View.php(227): CodeIgniter\View\View->CodeIgniter\View\{closure}()
 5 SYSTEMPATH/Common.php(1180): CodeIgniter\View\View->render()
 6 APPPATH/Common.php(91): view()
 7 APPPATH/Controllers/HomeController.php(54): loadView()
 8 SYSTEMPATH/CodeIgniter.php(932): App\Controllers\HomeController->index()
 9 SYSTEMPATH/CodeIgniter.php(497): CodeIgniter\CodeIgniter->runController()
10 SYSTEMPATH/CodeIgniter.php(366): CodeIgniter\CodeIgniter->handleRequest()
11 FCPATH/index.php(78): CodeIgniter\CodeIgniter->run()
CRITICAL - 2024-05-08 14:22:27 --> Undefined variable $baseSettings
in APPPATH/Common.php on line 343.
 1 APPPATH/Common.php(343): CodeIgniter\Debug\Exceptions->errorHandler()
 2 APPPATH/Views/themes/magazine/partials/_footer.php(12): getFormatAboutFooter()
 3 SYSTEMPATH/View/View.php(224): include('/var/www/news.qbuy.app/app/Views/themes/magazine/partials/_footer.php')
 4 SYSTEMPATH/View/View.php(227): CodeIgniter\View\View->CodeIgniter\View\{closure}()
 5 SYSTEMPATH/Common.php(1180): CodeIgniter\View\View->render()
 6 APPPATH/Common.php(91): view()
 7 APPPATH/Controllers/HomeController.php(54): loadView()
 8 SYSTEMPATH/CodeIgniter.php(932): App\Controllers\HomeController->index()
 9 SYSTEMPATH/CodeIgniter.php(497): CodeIgniter\CodeIgniter->runController()
10 SYSTEMPATH/CodeIgniter.php(366): CodeIgniter\CodeIgniter->handleRequest()
11 FCPATH/index.php(78): CodeIgniter\CodeIgniter->run()
CRITICAL - 2024-05-08 14:22:28 --> Undefined variable $baseSettings
in APPPATH/Common.php on line 343.
 1 APPPATH/Common.php(343): CodeIgniter\Debug\Exceptions->errorHandler()
 2 APPPATH/Views/themes/magazine/partials/_footer.php(12): getFormatAboutFooter()
 3 SYSTEMPATH/View/View.php(224): include('/var/www/news.qbuy.app/app/Views/themes/magazine/partials/_footer.php')
 4 SYSTEMPATH/View/View.php(227): CodeIgniter\View\View->CodeIgniter\View\{closure}()
 5 SYSTEMPATH/Common.php(1180): CodeIgniter\View\View->render()
 6 APPPATH/Common.php(91): view()
 7 APPPATH/Controllers/HomeController.php(54): loadView()
 8 SYSTEMPATH/CodeIgniter.php(932): App\Controllers\HomeController->index()
 9 SYSTEMPATH/CodeIgniter.php(497): CodeIgniter\CodeIgniter->runController()
10 SYSTEMPATH/CodeIgniter.php(366): CodeIgniter\CodeIgniter->handleRequest()
11 FCPATH/index.php(78): CodeIgniter\CodeIgniter->run()
CRITICAL - 2024-05-08 14:22:29 --> Undefined variable $baseSettings
in APPPATH/Common.php on line 343.
 1 APPPATH/Common.php(343): CodeIgniter\Debug\Exceptions->errorHandler()
 2 APPPATH/Views/themes/magazine/partials/_footer.php(12): getFormatAboutFooter()
 3 SYSTEMPATH/View/View.php(224): include('/var/www/news.qbuy.app/app/Views/themes/magazine/partials/_footer.php')
 4 SYSTEMPATH/View/View.php(227): CodeIgniter\View\View->CodeIgniter\View\{closure}()
 5 SYSTEMPATH/Common.php(1180): CodeIgniter\View\View->render()
 6 APPPATH/Common.php(91): view()
 7 APPPATH/Controllers/HomeController.php(54): loadView()
 8 SYSTEMPATH/CodeIgniter.php(932): App\Controllers\HomeController->index()
 9 SYSTEMPATH/CodeIgniter.php(497): CodeIgniter\CodeIgniter->runController()
10 SYSTEMPATH/CodeIgniter.php(366): CodeIgniter\CodeIgniter->handleRequest()
11 FCPATH/index.php(78): CodeIgniter\CodeIgniter->run()
CRITICAL - 2024-05-08 14:22:30 --> Undefined variable $baseSettings
in APPPATH/Common.php on line 343.
 1 APPPATH/Common.php(343): CodeIgniter\Debug\Exceptions->errorHandler()
 2 APPPATH/Views/themes/magazine/partials/_footer.php(12): getFormatAboutFooter()
 3 SYSTEMPATH/View/View.php(224): include('/var/www/news.qbuy.app/app/Views/themes/magazine/partials/_footer.php')
 4 SYSTEMPATH/View/View.php(227): CodeIgniter\View\View->CodeIgniter\View\{closure}()
 5 SYSTEMPATH/Common.php(1180): CodeIgniter\View\View->render()
 6 APPPATH/Common.php(91): view()
 7 APPPATH/Controllers/HomeController.php(54): loadView()
 8 SYSTEMPATH/CodeIgniter.php(932): App\Controllers\HomeController->index()
 9 SYSTEMPATH/CodeIgniter.php(497): CodeIgniter\CodeIgniter->runController()
10 SYSTEMPATH/CodeIgniter.php(366): CodeIgniter\CodeIgniter->handleRequest()
11 FCPATH/index.php(78): CodeIgniter\CodeIgniter->run()
CRITICAL - 2024-05-08 14:22:31 --> Undefined variable $baseSettings
in APPPATH/Common.php on line 343.
 1 APPPATH/Common.php(343): CodeIgniter\Debug\Exceptions->errorHandler()
 2 APPPATH/Views/themes/magazine/partials/_footer.php(12): getFormatAboutFooter()
 3 SYSTEMPATH/View/View.php(224): include('/var/www/news.qbuy.app/app/Views/themes/magazine/partials/_footer.php')
 4 SYSTEMPATH/View/View.php(227): CodeIgniter\View\View->CodeIgniter\View\{closure}()
 5 SYSTEMPATH/Common.php(1180): CodeIgniter\View\View->render()
 6 APPPATH/Common.php(91): view()
 7 APPPATH/Controllers/HomeController.php(54): loadView()
 8 SYSTEMPATH/CodeIgniter.php(932): App\Controllers\HomeController->index()
 9 SYSTEMPATH/CodeIgniter.php(497): CodeIgniter\CodeIgniter->runController()
10 SYSTEMPATH/CodeIgniter.php(366): CodeIgniter\CodeIgniter->handleRequest()
11 FCPATH/index.php(78): CodeIgniter\CodeIgniter->run()
CRITICAL - 2024-05-08 14:22:32 --> Undefined variable $baseSettings
in APPPATH/Common.php on line 343.
 1 APPPATH/Common.php(343): CodeIgniter\Debug\Exceptions->errorHandler()
 2 APPPATH/Views/themes/magazine/partials/_footer.php(12): getFormatAboutFooter()
 3 SYSTEMPATH/View/View.php(224): include('/var/www/news.qbuy.app/app/Views/themes/magazine/partials/_footer.php')
 4 SYSTEMPATH/View/View.php(227): CodeIgniter\View\View->CodeIgniter\View\{closure}()
 5 SYSTEMPATH/Common.php(1180): CodeIgniter\View\View->render()
 6 APPPATH/Common.php(91): view()
 7 APPPATH/Controllers/HomeController.php(54): loadView()
 8 SYSTEMPATH/CodeIgniter.php(932): App\Controllers\HomeController->index()
 9 SYSTEMPATH/CodeIgniter.php(497): CodeIgniter\CodeIgniter->runController()
10 SYSTEMPATH/CodeIgniter.php(366): CodeIgniter\CodeIgniter->handleRequest()
11 FCPATH/index.php(78): CodeIgniter\CodeIgniter->run()
CRITICAL - 2024-05-08 14:22:33 --> Undefined variable $baseSettings
in APPPATH/Common.php on line 343.
 1 APPPATH/Common.php(343): CodeIgniter\Debug\Exceptions->errorHandler()
 2 APPPATH/Views/themes/magazine/partials/_footer.php(12): getFormatAboutFooter()
 3 SYSTEMPATH/View/View.php(224): include('/var/www/news.qbuy.app/app/Views/themes/magazine/partials/_footer.php')
 4 SYSTEMPATH/View/View.php(227): CodeIgniter\View\View->CodeIgniter\View\{closure}()
 5 SYSTEMPATH/Common.php(1180): CodeIgniter\View\View->render()
 6 APPPATH/Common.php(91): view()
 7 APPPATH/Controllers/HomeController.php(54): loadView()
 8 SYSTEMPATH/CodeIgniter.php(932): App\Controllers\HomeController->index()
 9 SYSTEMPATH/CodeIgniter.php(497): CodeIgniter\CodeIgniter->runController()
10 SYSTEMPATH/CodeIgniter.php(366): CodeIgniter\CodeIgniter->handleRequest()
11 FCPATH/index.php(78): CodeIgniter\CodeIgniter->run()
CRITICAL - 2024-05-08 14:22:34 --> Undefined variable $baseSettings
in APPPATH/Common.php on line 343.
 1 APPPATH/Common.php(343): CodeIgniter\Debug\Exceptions->errorHandler()
 2 APPPATH/Views/themes/magazine/partials/_footer.php(12): getFormatAboutFooter()
 3 SYSTEMPATH/View/View.php(224): include('/var/www/news.qbuy.app/app/Views/themes/magazine/partials/_footer.php')
 4 SYSTEMPATH/View/View.php(227): CodeIgniter\View\View->CodeIgniter\View\{closure}()
 5 SYSTEMPATH/Common.php(1180): CodeIgniter\View\View->render()
 6 APPPATH/Common.php(91): view()
 7 APPPATH/Controllers/HomeController.php(54): loadView()
 8 SYSTEMPATH/CodeIgniter.php(932): App\Controllers\HomeController->index()
 9 SYSTEMPATH/CodeIgniter.php(497): CodeIgniter\CodeIgniter->runController()
10 SYSTEMPATH/CodeIgniter.php(366): CodeIgniter\CodeIgniter->handleRequest()
11 FCPATH/index.php(78): CodeIgniter\CodeIgniter->run()
CRITICAL - 2024-05-08 14:22:36 --> Undefined variable $baseSettings
in APPPATH/Common.php on line 343.
 1 APPPATH/Common.php(343): CodeIgniter\Debug\Exceptions->errorHandler()
 2 APPPATH/Views/themes/magazine/partials/_footer.php(12): getFormatAboutFooter()
 3 SYSTEMPATH/View/View.php(224): include('/var/www/news.qbuy.app/app/Views/themes/magazine/partials/_footer.php')
 4 SYSTEMPATH/View/View.php(227): CodeIgniter\View\View->CodeIgniter\View\{closure}()
 5 SYSTEMPATH/Common.php(1180): CodeIgniter\View\View->render()
 6 APPPATH/Common.php(91): view()
 7 APPPATH/Controllers/HomeController.php(54): loadView()
 8 SYSTEMPATH/CodeIgniter.php(932): App\Controllers\HomeController->index()
 9 SYSTEMPATH/CodeIgniter.php(497): CodeIgniter\CodeIgniter->runController()
10 SYSTEMPATH/CodeIgniter.php(366): CodeIgniter\CodeIgniter->handleRequest()
11 FCPATH/index.php(78): CodeIgniter\CodeIgniter->run()
CRITICAL - 2024-05-08 14:22:37 --> Undefined variable $baseSettings
in APPPATH/Common.php on line 343.
 1 APPPATH/Common.php(343): CodeIgniter\Debug\Exceptions->errorHandler()
 2 APPPATH/Views/themes/magazine/partials/_footer.php(12): getFormatAboutFooter()
 3 SYSTEMPATH/View/View.php(224): include('/var/www/news.qbuy.app/app/Views/themes/magazine/partials/_footer.php')
 4 SYSTEMPATH/View/View.php(227): CodeIgniter\View\View->CodeIgniter\View\{closure}()
 5 SYSTEMPATH/Common.php(1180): CodeIgniter\View\View->render()
 6 APPPATH/Common.php(91): view()
 7 APPPATH/Controllers/HomeController.php(54): loadView()
 8 SYSTEMPATH/CodeIgniter.php(932): App\Controllers\HomeController->index()
 9 SYSTEMPATH/CodeIgniter.php(497): CodeIgniter\CodeIgniter->runController()
10 SYSTEMPATH/CodeIgniter.php(366): CodeIgniter\CodeIgniter->handleRequest()
11 FCPATH/index.php(78): CodeIgniter\CodeIgniter->run()
CRITICAL - 2024-05-08 14:22:38 --> Undefined variable $baseSettings
in APPPATH/Common.php on line 343.
 1 APPPATH/Common.php(343): CodeIgniter\Debug\Exceptions->errorHandler()
 2 APPPATH/Views/themes/magazine/partials/_footer.php(12): getFormatAboutFooter()
 3 SYSTEMPATH/View/View.php(224): include('/var/www/news.qbuy.app/app/Views/themes/magazine/partials/_footer.php')
 4 SYSTEMPATH/View/View.php(227): CodeIgniter\View\View->CodeIgniter\View\{closure}()
 5 SYSTEMPATH/Common.php(1180): CodeIgniter\View\View->render()
 6 APPPATH/Common.php(91): view()
 7 APPPATH/Controllers/HomeController.php(54): loadView()
 8 SYSTEMPATH/CodeIgniter.php(932): App\Controllers\HomeController->index()
 9 SYSTEMPATH/CodeIgniter.php(497): CodeIgniter\CodeIgniter->runController()
10 SYSTEMPATH/CodeIgniter.php(366): CodeIgniter\CodeIgniter->handleRequest()
11 FCPATH/index.php(78): CodeIgniter\CodeIgniter->run()
CRITICAL - 2024-05-08 14:22:39 --> Undefined variable $baseSettings
in APPPATH/Common.php on line 343.
 1 APPPATH/Common.php(343): CodeIgniter\Debug\Exceptions->errorHandler()
 2 APPPATH/Views/themes/magazine/partials/_footer.php(12): getFormatAboutFooter()
 3 SYSTEMPATH/View/View.php(224): include('/var/www/news.qbuy.app/app/Views/themes/magazine/partials/_footer.php')
 4 SYSTEMPATH/View/View.php(227): CodeIgniter\View\View->CodeIgniter\View\{closure}()
 5 SYSTEMPATH/Common.php(1180): CodeIgniter\View\View->render()
 6 APPPATH/Common.php(91): view()
 7 APPPATH/Controllers/HomeController.php(54): loadView()
 8 SYSTEMPATH/CodeIgniter.php(932): App\Controllers\HomeController->index()
 9 SYSTEMPATH/CodeIgniter.php(497): CodeIgniter\CodeIgniter->runController()
10 SYSTEMPATH/CodeIgniter.php(366): CodeIgniter\CodeIgniter->handleRequest()
11 FCPATH/index.php(78): CodeIgniter\CodeIgniter->run()
CRITICAL - 2024-05-08 14:22:40 --> Undefined variable $baseSettings
in APPPATH/Common.php on line 343.
 1 APPPATH/Common.php(343): CodeIgniter\Debug\Exceptions->errorHandler()
 2 APPPATH/Views/themes/magazine/partials/_footer.php(12): getFormatAboutFooter()
 3 SYSTEMPATH/View/View.php(224): include('/var/www/news.qbuy.app/app/Views/themes/magazine/partials/_footer.php')
 4 SYSTEMPATH/View/View.php(227): CodeIgniter\View\View->CodeIgniter\View\{closure}()
 5 SYSTEMPATH/Common.php(1180): CodeIgniter\View\View->render()
 6 APPPATH/Common.php(91): view()
 7 APPPATH/Controllers/HomeController.php(54): loadView()
 8 SYSTEMPATH/CodeIgniter.php(932): App\Controllers\HomeController->index()
 9 SYSTEMPATH/CodeIgniter.php(497): CodeIgniter\CodeIgniter->runController()
10 SYSTEMPATH/CodeIgniter.php(366): CodeIgniter\CodeIgniter->handleRequest()
11 FCPATH/index.php(78): CodeIgniter\CodeIgniter->run()
CRITICAL - 2024-05-08 14:22:42 --> Undefined variable $baseSettings
in APPPATH/Common.php on line 343.
 1 APPPATH/Common.php(343): CodeIgniter\Debug\Exceptions->errorHandler()
 2 APPPATH/Views/themes/magazine/partials/_footer.php(12): getFormatAboutFooter()
 3 SYSTEMPATH/View/View.php(224): include('/var/www/news.qbuy.app/app/Views/themes/magazine/partials/_footer.php')
 4 SYSTEMPATH/View/View.php(227): CodeIgniter\View\View->CodeIgniter\View\{closure}()
 5 SYSTEMPATH/Common.php(1180): CodeIgniter\View\View->render()
 6 APPPATH/Common.php(91): view()
 7 APPPATH/Controllers/HomeController.php(54): loadView()
 8 SYSTEMPATH/CodeIgniter.php(932): App\Controllers\HomeController->index()
 9 SYSTEMPATH/CodeIgniter.php(497): CodeIgniter\CodeIgniter->runController()
10 SYSTEMPATH/CodeIgniter.php(366): CodeIgniter\CodeIgniter->handleRequest()
11 FCPATH/index.php(78): CodeIgniter\CodeIgniter->run()
CRITICAL - 2024-05-08 14:22:43 --> Call to undefined function getFormatAboutFooter()
in APPPATH/Views/themes/magazine/partials/_footer.php on line 12.
 1 SYSTEMPATH/View/View.php(224): include()
 2 SYSTEMPATH/View/View.php(227): CodeIgniter\View\View->CodeIgniter\View\{closure}()
 3 SYSTEMPATH/Common.php(1180): CodeIgniter\View\View->render()
 4 APPPATH/Common.php(91): view()
 5 APPPATH/Controllers/HomeController.php(54): loadView()
 6 SYSTEMPATH/CodeIgniter.php(932): App\Controllers\HomeController->index()
 7 SYSTEMPATH/CodeIgniter.php(497): CodeIgniter\CodeIgniter->runController()
 8 SYSTEMPATH/CodeIgniter.php(366): CodeIgniter\CodeIgniter->handleRequest()
 9 FCPATH/index.php(78): CodeIgniter\CodeIgniter->run()
CRITICAL - 2024-05-08 14:22:44 --> Call to undefined function getFormatAboutFooter()
in APPPATH/Views/themes/magazine/partials/_footer.php on line 12.
 1 SYSTEMPATH/View/View.php(224): include()
 2 SYSTEMPATH/View/View.php(227): CodeIgniter\View\View->CodeIgniter\View\{closure}()
 3 SYSTEMPATH/Common.php(1180): CodeIgniter\View\View->render()
 4 APPPATH/Common.php(91): view()
 5 APPPATH/Controllers/HomeController.php(54): loadView()
 6 SYSTEMPATH/CodeIgniter.php(932): App\Controllers\HomeController->index()
 7 SYSTEMPATH/CodeIgniter.php(497): CodeIgniter\CodeIgniter->runController()
 8 SYSTEMPATH/CodeIgniter.php(366): CodeIgniter\CodeIgniter->handleRequest()
 9 FCPATH/index.php(78): CodeIgniter\CodeIgniter->run()
CRITICAL - 2024-05-08 14:22:45 --> Call to undefined function getFormatAboutFooter()
in APPPATH/Views/themes/magazine/partials/_footer.php on line 12.
 1 SYSTEMPATH/View/View.php(224): include()
 2 SYSTEMPATH/View/View.php(227): CodeIgniter\View\View->CodeIgniter\View\{closure}()
 3 SYSTEMPATH/Common.php(1180): CodeIgniter\View\View->render()
 4 APPPATH/Common.php(91): view()
 5 APPPATH/Controllers/HomeController.php(54): loadView()
 6 SYSTEMPATH/CodeIgniter.php(932): App\Controllers\HomeController->index()
 7 SYSTEMPATH/CodeIgniter.php(497): CodeIgniter\CodeIgniter->runController()
 8 SYSTEMPATH/CodeIgniter.php(366): CodeIgniter\CodeIgniter->handleRequest()
 9 FCPATH/index.php(78): CodeIgniter\CodeIgniter->run()
CRITICAL - 2024-05-08 14:22:45 --> Call to undefined function getFormatAboutFooter()
in APPPATH/Views/themes/magazine/partials/_footer.php on line 12.
 1 SYSTEMPATH/View/View.php(224): include()
 2 SYSTEMPATH/View/View.php(227): CodeIgniter\View\View->CodeIgniter\View\{closure}()
 3 SYSTEMPATH/Common.php(1180): CodeIgniter\View\View->render()
 4 APPPATH/Common.php(91): view()
 5 APPPATH/Controllers/HomeController.php(54): loadView()
 6 SYSTEMPATH/CodeIgniter.php(932): App\Controllers\HomeController->index()
 7 SYSTEMPATH/CodeIgniter.php(497): CodeIgniter\CodeIgniter->runController()
 8 SYSTEMPATH/CodeIgniter.php(366): CodeIgniter\CodeIgniter->handleRequest()
 9 FCPATH/index.php(78): CodeIgniter\CodeIgniter->run()
CRITICAL - 2024-05-08 14:22:46 --> Call to undefined function getFormatAboutFooter()
in APPPATH/Views/themes/magazine/partials/_footer.php on line 12.
 1 SYSTEMPATH/View/View.php(224): include()
 2 SYSTEMPATH/View/View.php(227): CodeIgniter\View\View->CodeIgniter\View\{closure}()
 3 SYSTEMPATH/Common.php(1180): CodeIgniter\View\View->render()
 4 APPPATH/Common.php(91): view()
 5 APPPATH/Controllers/HomeController.php(54): loadView()
 6 SYSTEMPATH/CodeIgniter.php(932): App\Controllers\HomeController->index()
 7 SYSTEMPATH/CodeIgniter.php(497): CodeIgniter\CodeIgniter->runController()
 8 SYSTEMPATH/CodeIgniter.php(366): CodeIgniter\CodeIgniter->handleRequest()
 9 FCPATH/index.php(78): CodeIgniter\CodeIgniter->run()
CRITICAL - 2024-05-08 14:22:47 --> Call to undefined function getFormatAboutFooter()
in APPPATH/Views/themes/magazine/partials/_footer.php on line 12.
 1 SYSTEMPATH/View/View.php(224): include()
 2 SYSTEMPATH/View/View.php(227): CodeIgniter\View\View->CodeIgniter\View\{closure}()
 3 SYSTEMPATH/Common.php(1180): CodeIgniter\View\View->render()
 4 APPPATH/Common.php(91): view()
 5 APPPATH/Controllers/HomeController.php(54): loadView()
 6 SYSTEMPATH/CodeIgniter.php(932): App\Controllers\HomeController->index()
 7 SYSTEMPATH/CodeIgniter.php(497): CodeIgniter\CodeIgniter->runController()
 8 SYSTEMPATH/CodeIgniter.php(366): CodeIgniter\CodeIgniter->handleRequest()
 9 FCPATH/index.php(78): CodeIgniter\CodeIgniter->run()
CRITICAL - 2024-05-08 14:22:48 --> Call to undefined function getFormatAboutFooter()
in APPPATH/Views/themes/magazine/partials/_footer.php on line 12.
 1 SYSTEMPATH/View/View.php(224): include()
 2 SYSTEMPATH/View/View.php(227): CodeIgniter\View\View->CodeIgniter\View\{closure}()
 3 SYSTEMPATH/Common.php(1180): CodeIgniter\View\View->render()
 4 APPPATH/Common.php(91): view()
 5 APPPATH/Controllers/HomeController.php(54): loadView()
 6 SYSTEMPATH/CodeIgniter.php(932): App\Controllers\HomeController->index()
 7 SYSTEMPATH/CodeIgniter.php(497): CodeIgniter\CodeIgniter->runController()
 8 SYSTEMPATH/CodeIgniter.php(366): CodeIgniter\CodeIgniter->handleRequest()
 9 FCPATH/index.php(78): CodeIgniter\CodeIgniter->run()
CRITICAL - 2024-05-08 14:22:49 --> Call to undefined function getFormatAboutFooter()
in APPPATH/Views/themes/magazine/partials/_footer.php on line 12.
 1 SYSTEMPATH/View/View.php(224): include()
 2 SYSTEMPATH/View/View.php(227): CodeIgniter\View\View->CodeIgniter\View\{closure}()
 3 SYSTEMPATH/Common.php(1180): CodeIgniter\View\View->render()
 4 APPPATH/Common.php(91): view()
 5 APPPATH/Controllers/HomeController.php(54): loadView()
 6 SYSTEMPATH/CodeIgniter.php(932): App\Controllers\HomeController->index()
 7 SYSTEMPATH/CodeIgniter.php(497): CodeIgniter\CodeIgniter->runController()
 8 SYSTEMPATH/CodeIgniter.php(366): CodeIgniter\CodeIgniter->handleRequest()
 9 FCPATH/index.php(78): CodeIgniter\CodeIgniter->run()
CRITICAL - 2024-05-08 14:22:50 --> Call to undefined function getFormatAboutFooter()
in APPPATH/Views/themes/magazine/partials/_footer.php on line 12.
 1 SYSTEMPATH/View/View.php(224): include()
 2 SYSTEMPATH/View/View.php(227): CodeIgniter\View\View->CodeIgniter\View\{closure}()
 3 SYSTEMPATH/Common.php(1180): CodeIgniter\View\View->render()
 4 APPPATH/Common.php(91): view()
 5 APPPATH/Controllers/HomeController.php(54): loadView()
 6 SYSTEMPATH/CodeIgniter.php(932): App\Controllers\HomeController->index()
 7 SYSTEMPATH/CodeIgniter.php(497): CodeIgniter\CodeIgniter->runController()
 8 SYSTEMPATH/CodeIgniter.php(366): CodeIgniter\CodeIgniter->handleRequest()
 9 FCPATH/index.php(78): CodeIgniter\CodeIgniter->run()
CRITICAL - 2024-05-08 14:22:52 --> Call to undefined function getFormatAboutFooter()
in APPPATH/Views/themes/magazine/partials/_footer.php on line 12.
 1 SYSTEMPATH/View/View.php(224): include()
 2 SYSTEMPATH/View/View.php(227): CodeIgniter\View\View->CodeIgniter\View\{closure}()
 3 SYSTEMPATH/Common.php(1180): CodeIgniter\View\View->render()
 4 APPPATH/Common.php(91): view()
 5 APPPATH/Controllers/HomeController.php(54): loadView()
 6 SYSTEMPATH/CodeIgniter.php(932): App\Controllers\HomeController->index()
 7 SYSTEMPATH/CodeIgniter.php(497): CodeIgniter\CodeIgniter->runController()
 8 SYSTEMPATH/CodeIgniter.php(366): CodeIgniter\CodeIgniter->handleRequest()
 9 FCPATH/index.php(78): CodeIgniter\CodeIgniter->run()
CRITICAL - 2024-05-08 14:22:52 --> Call to undefined function getFormatAboutFooter()
in APPPATH/Views/themes/magazine/partials/_footer.php on line 12.
 1 SYSTEMPATH/View/View.php(224): include()
 2 SYSTEMPATH/View/View.php(227): CodeIgniter\View\View->CodeIgniter\View\{closure}()
 3 SYSTEMPATH/Common.php(1180): CodeIgniter\View\View->render()
 4 APPPATH/Common.php(91): view()
 5 APPPATH/Controllers/HomeController.php(54): loadView()
 6 SYSTEMPATH/CodeIgniter.php(932): App\Controllers\HomeController->index()
 7 SYSTEMPATH/CodeIgniter.php(497): CodeIgniter\CodeIgniter->runController()
 8 SYSTEMPATH/CodeIgniter.php(366): CodeIgniter\CodeIgniter->handleRequest()
 9 FCPATH/index.php(78): CodeIgniter\CodeIgniter->run()
CRITICAL - 2024-05-08 14:22:54 --> Call to undefined function getFormatAboutFooter()
in APPPATH/Views/themes/magazine/partials/_footer.php on line 12.
 1 SYSTEMPATH/View/View.php(224): include()
 2 SYSTEMPATH/View/View.php(227): CodeIgniter\View\View->CodeIgniter\View\{closure}()
 3 SYSTEMPATH/Common.php(1180): CodeIgniter\View\View->render()
 4 APPPATH/Common.php(91): view()
 5 APPPATH/Controllers/HomeController.php(54): loadView()
 6 SYSTEMPATH/CodeIgniter.php(932): App\Controllers\HomeController->index()
 7 SYSTEMPATH/CodeIgniter.php(497): CodeIgniter\CodeIgniter->runController()
 8 SYSTEMPATH/CodeIgniter.php(366): CodeIgniter\CodeIgniter->handleRequest()
 9 FCPATH/index.php(78): CodeIgniter\CodeIgniter->run()
CRITICAL - 2024-05-08 14:22:55 --> Call to undefined function getFormatAboutFooter()
in APPPATH/Views/themes/magazine/partials/_footer.php on line 12.
 1 SYSTEMPATH/View/View.php(224): include()
 2 SYSTEMPATH/View/View.php(227): CodeIgniter\View\View->CodeIgniter\View\{closure}()
 3 SYSTEMPATH/Common.php(1180): CodeIgniter\View\View->render()
 4 APPPATH/Common.php(91): view()
 5 APPPATH/Controllers/HomeController.php(54): loadView()
 6 SYSTEMPATH/CodeIgniter.php(932): App\Controllers\HomeController->index()
 7 SYSTEMPATH/CodeIgniter.php(497): CodeIgniter\CodeIgniter->runController()
 8 SYSTEMPATH/CodeIgniter.php(366): CodeIgniter\CodeIgniter->handleRequest()
 9 FCPATH/index.php(78): CodeIgniter\CodeIgniter->run()
CRITICAL - 2024-05-08 14:22:56 --> Call to undefined function getFormatAboutFooter()
in APPPATH/Views/themes/magazine/partials/_footer.php on line 12.
 1 SYSTEMPATH/View/View.php(224): include()
 2 SYSTEMPATH/View/View.php(227): CodeIgniter\View\View->CodeIgniter\View\{closure}()
 3 SYSTEMPATH/Common.php(1180): CodeIgniter\View\View->render()
 4 APPPATH/Common.php(91): view()
 5 APPPATH/Controllers/HomeController.php(54): loadView()
 6 SYSTEMPATH/CodeIgniter.php(932): App\Controllers\HomeController->index()
 7 SYSTEMPATH/CodeIgniter.php(497): CodeIgniter\CodeIgniter->runController()
 8 SYSTEMPATH/CodeIgniter.php(366): CodeIgniter\CodeIgniter->handleRequest()
 9 FCPATH/index.php(78): CodeIgniter\CodeIgniter->run()
CRITICAL - 2024-05-08 14:22:56 --> Call to undefined function getFormatAboutFooter()
in APPPATH/Views/themes/magazine/partials/_footer.php on line 12.
 1 SYSTEMPATH/View/View.php(224): include()
 2 SYSTEMPATH/View/View.php(227): CodeIgniter\View\View->CodeIgniter\View\{closure}()
 3 SYSTEMPATH/Common.php(1180): CodeIgniter\View\View->render()
 4 APPPATH/Common.php(91): view()
 5 APPPATH/Controllers/HomeController.php(54): loadView()
 6 SYSTEMPATH/CodeIgniter.php(932): App\Controllers\HomeController->index()
 7 SYSTEMPATH/CodeIgniter.php(497): CodeIgniter\CodeIgniter->runController()
 8 SYSTEMPATH/CodeIgniter.php(366): CodeIgniter\CodeIgniter->handleRequest()
 9 FCPATH/index.php(78): CodeIgniter\CodeIgniter->run()
CRITICAL - 2024-05-08 14:30:17 --> preg_split(): Empty regular expression
in APPPATH/Views/themes/magazine/partials/_footer.php on line 16.
 1 [internal function]: CodeIgniter\Debug\Exceptions->errorHandler()
 2 APPPATH/Views/themes/magazine/partials/_footer.php(16): preg_split()
 3 SYSTEMPATH/View/View.php(224): include('/var/www/news.qbuy.app/app/Views/themes/magazine/partials/_footer.php')
 4 SYSTEMPATH/View/View.php(227): CodeIgniter\View\View->CodeIgniter\View\{closure}()
 5 SYSTEMPATH/Common.php(1180): CodeIgniter\View\View->render()
 6 APPPATH/Common.php(91): view()
 7 APPPATH/Controllers/HomeController.php(54): loadView()
 8 SYSTEMPATH/CodeIgniter.php(932): App\Controllers\HomeController->index()
 9 SYSTEMPATH/CodeIgniter.php(497): CodeIgniter\CodeIgniter->runController()
10 SYSTEMPATH/CodeIgniter.php(366): CodeIgniter\CodeIgniter->handleRequest()
11 FCPATH/index.php(78): CodeIgniter\CodeIgniter->run()
CRITICAL - 2024-05-08 14:39:06 --> preg_match_all(): Empty regular expression
in APPPATH/Views/themes/magazine/partials/_footer.php on line 19.
 1 [internal function]: CodeIgniter\Debug\Exceptions->errorHandler()
 2 APPPATH/Views/themes/magazine/partials/_footer.php(19): preg_match_all()
 3 SYSTEMPATH/View/View.php(224): include('/var/www/news.qbuy.app/app/Views/themes/magazine/partials/_footer.php')
 4 SYSTEMPATH/View/View.php(227): CodeIgniter\View\View->CodeIgniter\View\{closure}()
 5 SYSTEMPATH/Common.php(1180): CodeIgniter\View\View->render()
 6 APPPATH/Common.php(91): view()
 7 APPPATH/Controllers/HomeController.php(54): loadView()
 8 SYSTEMPATH/CodeIgniter.php(932): App\Controllers\HomeController->index()
 9 SYSTEMPATH/CodeIgniter.php(497): CodeIgniter\CodeIgniter->runController()
10 SYSTEMPATH/CodeIgniter.php(366): CodeIgniter\CodeIgniter->handleRequest()
11 FCPATH/index.php(78): CodeIgniter\CodeIgniter->run()
CRITICAL - 2024-05-08 14:39:12 --> preg_match_all(): Empty regular expression
in APPPATH/Views/themes/magazine/partials/_footer.php on line 19.
 1 [internal function]: CodeIgniter\Debug\Exceptions->errorHandler()
 2 APPPATH/Views/themes/magazine/partials/_footer.php(19): preg_match_all()
 3 SYSTEMPATH/View/View.php(224): include('/var/www/news.qbuy.app/app/Views/themes/magazine/partials/_footer.php')
 4 SYSTEMPATH/View/View.php(227): CodeIgniter\View\View->CodeIgniter\View\{closure}()
 5 SYSTEMPATH/Common.php(1180): CodeIgniter\View\View->render()
 6 APPPATH/Common.php(91): view()
 7 APPPATH/Controllers/HomeController.php(54): loadView()
 8 SYSTEMPATH/CodeIgniter.php(932): App\Controllers\HomeController->index()
 9 SYSTEMPATH/CodeIgniter.php(497): CodeIgniter\CodeIgniter->runController()
10 SYSTEMPATH/CodeIgniter.php(366): CodeIgniter\CodeIgniter->handleRequest()
11 FCPATH/index.php(78): CodeIgniter\CodeIgniter->run()
CRITICAL - 2024-05-08 07:57:25 --> ini_set(): Session ini settings cannot be changed when a session is active
in SYSTEMPATH/Session/Handlers/BaseHandler.php on line 192.
 1 [internal function]: CodeIgniter\Debug\Exceptions->errorHandler()
 2 SYSTEMPATH/Session/Handlers/BaseHandler.php(192): ini_set()
 3 SYSTEMPATH/Session/Handlers/Database/MySQLiHandler.php(33): CodeIgniter\Session\Handlers\BaseHandler->fail()
 4 SYSTEMPATH/Session/Handlers/DatabaseHandler.php(126): CodeIgniter\Session\Handlers\Database\MySQLiHandler->lockSession()
 5 [internal function]: CodeIgniter\Session\Handlers\DatabaseHandler->read()
 6 SYSTEMPATH/Session/Session.php(920): session_start()
 7 SYSTEMPATH/Session/Session.php(250): CodeIgniter\Session\Session->startSession()
 8 SYSTEMPATH/Config/Services.php(674): CodeIgniter\Session\Session->start()
 9 SYSTEMPATH/Config/BaseService.php(252): CodeIgniter\Config\Services::session()
10 SYSTEMPATH/Config/BaseService.php(193): CodeIgniter\Config\BaseService::__callStatic()
11 SYSTEMPATH/Config/Services.php(641): CodeIgniter\Config\BaseService::getSharedInstance()
12 SYSTEMPATH/Config/BaseService.php(252): CodeIgniter\Config\Services::session()
13 APPPATH/Config/Globals.php(29): CodeIgniter\Config\BaseService::__callStatic()
14 APPPATH/Config/Globals.php(120): Config\Globals::setGlobals()
15 SYSTEMPATH/Autoloader/Autoloader.php(312): include_once('/var/www/news.qbuy.app/app/Config/Globals.php')
16 SYSTEMPATH/Autoloader/Autoloader.php(289): CodeIgniter\Autoloader\Autoloader->includeFile()
17 SYSTEMPATH/Autoloader/Autoloader.php(267): CodeIgniter\Autoloader\Autoloader->loadInNamespace()
18 APPPATH/Config/Routes.php(7): CodeIgniter\Autoloader\Autoloader->loadClass()
19 SYSTEMPATH/Router/RouteCollection.php(267): require('/var/www/news.qbuy.app/app/Config/Routes.php')
20 SYSTEMPATH/CodeIgniter.php(800): CodeIgniter\Router\RouteCollection->loadRoutes()
21 SYSTEMPATH/CodeIgniter.php(447): CodeIgniter\CodeIgniter->tryToRouteIt()
22 SYSTEMPATH/CodeIgniter.php(366): CodeIgniter\CodeIgniter->handleRequest()
23 FCPATH/index.php(78): CodeIgniter\CodeIgniter->run()
CRITICAL - 2024-05-08 15:02:30 --> Undefined array key 0
in APPPATH/Views/themes/magazine/partials/_footer.php on line 34.
 1 APPPATH/Views/themes/magazine/partials/_footer.php(34): CodeIgniter\Debug\Exceptions->errorHandler()
 2 SYSTEMPATH/View/View.php(224): include('/var/www/news.qbuy.app/app/Views/themes/magazine/partials/_footer.php')
 3 SYSTEMPATH/View/View.php(227): CodeIgniter\View\View->CodeIgniter\View\{closure}()
 4 SYSTEMPATH/Common.php(1180): CodeIgniter\View\View->render()
 5 APPPATH/Common.php(91): view()
 6 APPPATH/Controllers/HomeController.php(54): loadView()
 7 SYSTEMPATH/CodeIgniter.php(932): App\Controllers\HomeController->index()
 8 SYSTEMPATH/CodeIgniter.php(497): CodeIgniter\CodeIgniter->runController()
 9 SYSTEMPATH/CodeIgniter.php(366): CodeIgniter\CodeIgniter->handleRequest()
10 FCPATH/index.php(78): CodeIgniter\CodeIgniter->run()
