CRITICAL - 2024-05-09 10:09:36 --> Call to undefined function the_permalink()
in APPPATH/Views/themes/magazine/post/_post_share.php on line 18.
 1 SYSTEMPATH/View/View.php(224): include()
 2 SYSTEMPATH/View/View.php(227): CodeIgniter\View\View->CodeIgniter\View\{closure}()
 3 SYSTEMPATH/Common.php(1180): CodeIgniter\View\View->render()
 4 APPPATH/Common.php(93): view()
 5 APPPATH/Views/themes/magazine/post/post.php(78): loadView()
 6 SYSTEMPATH/View/View.php(224): include('/var/www/news.qbuy.app/app/Views/themes/magazine/post/post.php')
 7 SYSTEMPATH/View/View.php(227): CodeIgniter\View\View->CodeIgniter\View\{closure}()
 8 SYSTEMPATH/Common.php(1180): CodeIgniter\View\View->render()
 9 APPPATH/Common.php(91): view()
10 APPPATH/Controllers/HomeController.php(182): loadView()
11 APPPATH/Controllers/HomeController.php(106): App\Controllers\HomeController->post()
12 SYSTEMPATH/CodeIgniter.php(932): App\Controllers\HomeController->any()
13 SYSTEMPATH/CodeIgniter.php(497): CodeIgniter\CodeIgniter->runController()
14 SYSTEMPATH/CodeIgniter.php(366): CodeIgniter\CodeIgniter->handleRequest()
15 FCPATH/index.php(78): CodeIgniter\CodeIgniter->run()
CRITICAL - 2024-05-09 10:09:48 --> Call to undefined function the_permalink()
in APPPATH/Views/themes/magazine/post/_post_share.php on line 18.
 1 SYSTEMPATH/View/View.php(224): include()
 2 SYSTEMPATH/View/View.php(227): CodeIgniter\View\View->CodeIgniter\View\{closure}()
 3 SYSTEMPATH/Common.php(1180): CodeIgniter\View\View->render()
 4 APPPATH/Common.php(93): view()
 5 APPPATH/Views/themes/magazine/post/post.php(78): loadView()
 6 SYSTEMPATH/View/View.php(224): include('/var/www/news.qbuy.app/app/Views/themes/magazine/post/post.php')
 7 SYSTEMPATH/View/View.php(227): CodeIgniter\View\View->CodeIgniter\View\{closure}()
 8 SYSTEMPATH/Common.php(1180): CodeIgniter\View\View->render()
 9 APPPATH/Common.php(91): view()
10 APPPATH/Controllers/HomeController.php(182): loadView()
11 APPPATH/Controllers/HomeController.php(106): App\Controllers\HomeController->post()
12 SYSTEMPATH/CodeIgniter.php(932): App\Controllers\HomeController->any()
13 SYSTEMPATH/CodeIgniter.php(497): CodeIgniter\CodeIgniter->runController()
14 SYSTEMPATH/CodeIgniter.php(366): CodeIgniter\CodeIgniter->handleRequest()
15 FCPATH/index.php(78): CodeIgniter\CodeIgniter->run()
CRITICAL - 2024-05-09 10:09:52 --> Call to undefined function the_permalink()
in APPPATH/Views/themes/magazine/post/_post_share.php on line 18.
 1 SYSTEMPATH/View/View.php(224): include()
 2 SYSTEMPATH/View/View.php(227): CodeIgniter\View\View->CodeIgniter\View\{closure}()
 3 SYSTEMPATH/Common.php(1180): CodeIgniter\View\View->render()
 4 APPPATH/Common.php(93): view()
 5 APPPATH/Views/themes/magazine/post/post.php(78): loadView()
 6 SYSTEMPATH/View/View.php(224): include('/var/www/news.qbuy.app/app/Views/themes/magazine/post/post.php')
 7 SYSTEMPATH/View/View.php(227): CodeIgniter\View\View->CodeIgniter\View\{closure}()
 8 SYSTEMPATH/Common.php(1180): CodeIgniter\View\View->render()
 9 APPPATH/Common.php(91): view()
10 APPPATH/Controllers/HomeController.php(182): loadView()
11 APPPATH/Controllers/HomeController.php(106): App\Controllers\HomeController->post()
12 SYSTEMPATH/CodeIgniter.php(932): App\Controllers\HomeController->any()
13 SYSTEMPATH/CodeIgniter.php(497): CodeIgniter\CodeIgniter->runController()
14 SYSTEMPATH/CodeIgniter.php(366): CodeIgniter\CodeIgniter->handleRequest()
15 FCPATH/index.php(78): CodeIgniter\CodeIgniter->run()
CRITICAL - 2024-05-09 10:10:01 --> Call to undefined function the_permalink()
in APPPATH/Views/themes/magazine/post/_post_share.php on line 18.
 1 SYSTEMPATH/View/View.php(224): include()
 2 SYSTEMPATH/View/View.php(227): CodeIgniter\View\View->CodeIgniter\View\{closure}()
 3 SYSTEMPATH/Common.php(1180): CodeIgniter\View\View->render()
 4 APPPATH/Common.php(93): view()
 5 APPPATH/Views/themes/magazine/post/post.php(78): loadView()
 6 SYSTEMPATH/View/View.php(224): include('/var/www/news.qbuy.app/app/Views/themes/magazine/post/post.php')
 7 SYSTEMPATH/View/View.php(227): CodeIgniter\View\View->CodeIgniter\View\{closure}()
 8 SYSTEMPATH/Common.php(1180): CodeIgniter\View\View->render()
 9 APPPATH/Common.php(91): view()
10 APPPATH/Controllers/HomeController.php(182): loadView()
11 APPPATH/Controllers/HomeController.php(106): App\Controllers\HomeController->post()
12 SYSTEMPATH/CodeIgniter.php(932): App\Controllers\HomeController->any()
13 SYSTEMPATH/CodeIgniter.php(497): CodeIgniter\CodeIgniter->runController()
14 SYSTEMPATH/CodeIgniter.php(366): CodeIgniter\CodeIgniter->handleRequest()
15 FCPATH/index.php(78): CodeIgniter\CodeIgniter->run()
CRITICAL - 2024-05-09 10:10:13 --> Call to undefined function the_permalink()
in APPPATH/Views/themes/magazine/post/_post_share.php on line 18.
 1 SYSTEMPATH/View/View.php(224): include()
 2 SYSTEMPATH/View/View.php(227): CodeIgniter\View\View->CodeIgniter\View\{closure}()
 3 SYSTEMPATH/Common.php(1180): CodeIgniter\View\View->render()
 4 APPPATH/Common.php(93): view()
 5 APPPATH/Views/themes/magazine/post/post.php(78): loadView()
 6 SYSTEMPATH/View/View.php(224): include('/var/www/news.qbuy.app/app/Views/themes/magazine/post/post.php')
 7 SYSTEMPATH/View/View.php(227): CodeIgniter\View\View->CodeIgniter\View\{closure}()
 8 SYSTEMPATH/Common.php(1180): CodeIgniter\View\View->render()
 9 APPPATH/Common.php(91): view()
10 APPPATH/Controllers/HomeController.php(182): loadView()
11 APPPATH/Controllers/HomeController.php(106): App\Controllers\HomeController->post()
12 SYSTEMPATH/CodeIgniter.php(932): App\Controllers\HomeController->any()
13 SYSTEMPATH/CodeIgniter.php(497): CodeIgniter\CodeIgniter->runController()
14 SYSTEMPATH/CodeIgniter.php(366): CodeIgniter\CodeIgniter->handleRequest()
15 FCPATH/index.php(78): CodeIgniter\CodeIgniter->run()
CRITICAL - 2024-05-09 11:30:48 --> Call to undefined function the_permalink()
in APPPATH/Views/themes/magazine/post/_post_share.php on line 10.
 1 SYSTEMPATH/View/View.php(224): include()
 2 SYSTEMPATH/View/View.php(227): CodeIgniter\View\View->CodeIgniter\View\{closure}()
 3 SYSTEMPATH/Common.php(1180): CodeIgniter\View\View->render()
 4 APPPATH/Common.php(93): view()
 5 APPPATH/Views/themes/magazine/post/post.php(78): loadView()
 6 SYSTEMPATH/View/View.php(224): include('/var/www/news.qbuy.app/app/Views/themes/magazine/post/post.php')
 7 SYSTEMPATH/View/View.php(227): CodeIgniter\View\View->CodeIgniter\View\{closure}()
 8 SYSTEMPATH/Common.php(1180): CodeIgniter\View\View->render()
 9 APPPATH/Common.php(91): view()
10 APPPATH/Controllers/HomeController.php(182): loadView()
11 APPPATH/Controllers/HomeController.php(106): App\Controllers\HomeController->post()
12 SYSTEMPATH/CodeIgniter.php(932): App\Controllers\HomeController->any()
13 SYSTEMPATH/CodeIgniter.php(497): CodeIgniter\CodeIgniter->runController()
14 SYSTEMPATH/CodeIgniter.php(366): CodeIgniter\CodeIgniter->handleRequest()
15 FCPATH/index.php(78): CodeIgniter\CodeIgniter->run()
CRITICAL - 2024-05-09 11:31:02 --> Call to undefined function the_permalink()
in APPPATH/Views/themes/magazine/post/_post_share.php on line 10.
 1 SYSTEMPATH/View/View.php(224): include()
 2 SYSTEMPATH/View/View.php(227): CodeIgniter\View\View->CodeIgniter\View\{closure}()
 3 SYSTEMPATH/Common.php(1180): CodeIgniter\View\View->render()
 4 APPPATH/Common.php(93): view()
 5 APPPATH/Views/themes/magazine/post/post.php(78): loadView()
 6 SYSTEMPATH/View/View.php(224): include('/var/www/news.qbuy.app/app/Views/themes/magazine/post/post.php')
 7 SYSTEMPATH/View/View.php(227): CodeIgniter\View\View->CodeIgniter\View\{closure}()
 8 SYSTEMPATH/Common.php(1180): CodeIgniter\View\View->render()
 9 APPPATH/Common.php(91): view()
10 APPPATH/Controllers/HomeController.php(182): loadView()
11 APPPATH/Controllers/HomeController.php(106): App\Controllers\HomeController->post()
12 SYSTEMPATH/CodeIgniter.php(932): App\Controllers\HomeController->any()
13 SYSTEMPATH/CodeIgniter.php(497): CodeIgniter\CodeIgniter->runController()
14 SYSTEMPATH/CodeIgniter.php(366): CodeIgniter\CodeIgniter->handleRequest()
15 FCPATH/index.php(78): CodeIgniter\CodeIgniter->run()
CRITICAL - 2024-05-09 11:31:09 --> Call to undefined function the_permalink()
in APPPATH/Views/themes/magazine/post/_post_share.php on line 10.
 1 SYSTEMPATH/View/View.php(224): include()
 2 SYSTEMPATH/View/View.php(227): CodeIgniter\View\View->CodeIgniter\View\{closure}()
 3 SYSTEMPATH/Common.php(1180): CodeIgniter\View\View->render()
 4 APPPATH/Common.php(93): view()
 5 APPPATH/Views/themes/magazine/post/post.php(78): loadView()
 6 SYSTEMPATH/View/View.php(224): include('/var/www/news.qbuy.app/app/Views/themes/magazine/post/post.php')
 7 SYSTEMPATH/View/View.php(227): CodeIgniter\View\View->CodeIgniter\View\{closure}()
 8 SYSTEMPATH/Common.php(1180): CodeIgniter\View\View->render()
 9 APPPATH/Common.php(91): view()
10 APPPATH/Controllers/HomeController.php(182): loadView()
11 APPPATH/Controllers/HomeController.php(106): App\Controllers\HomeController->post()
12 SYSTEMPATH/CodeIgniter.php(932): App\Controllers\HomeController->any()
13 SYSTEMPATH/CodeIgniter.php(497): CodeIgniter\CodeIgniter->runController()
14 SYSTEMPATH/CodeIgniter.php(366): CodeIgniter\CodeIgniter->handleRequest()
15 FCPATH/index.php(78): CodeIgniter\CodeIgniter->run()
CRITICAL - 2024-05-09 11:31:13 --> Call to undefined function the_permalink()
in APPPATH/Views/themes/magazine/post/_post_share.php on line 10.
 1 SYSTEMPATH/View/View.php(224): include()
 2 SYSTEMPATH/View/View.php(227): CodeIgniter\View\View->CodeIgniter\View\{closure}()
 3 SYSTEMPATH/Common.php(1180): CodeIgniter\View\View->render()
 4 APPPATH/Common.php(93): view()
 5 APPPATH/Views/themes/magazine/post/post.php(78): loadView()
 6 SYSTEMPATH/View/View.php(224): include('/var/www/news.qbuy.app/app/Views/themes/magazine/post/post.php')
 7 SYSTEMPATH/View/View.php(227): CodeIgniter\View\View->CodeIgniter\View\{closure}()
 8 SYSTEMPATH/Common.php(1180): CodeIgniter\View\View->render()
 9 APPPATH/Common.php(91): view()
10 APPPATH/Controllers/HomeController.php(182): loadView()
11 APPPATH/Controllers/HomeController.php(106): App\Controllers\HomeController->post()
12 SYSTEMPATH/CodeIgniter.php(932): App\Controllers\HomeController->any()
13 SYSTEMPATH/CodeIgniter.php(497): CodeIgniter\CodeIgniter->runController()
14 SYSTEMPATH/CodeIgniter.php(366): CodeIgniter\CodeIgniter->handleRequest()
15 FCPATH/index.php(78): CodeIgniter\CodeIgniter->run()
CRITICAL - 2024-05-09 11:31:14 --> Call to undefined function the_permalink()
in APPPATH/Views/themes/magazine/post/_post_share.php on line 10.
 1 SYSTEMPATH/View/View.php(224): include()
 2 SYSTEMPATH/View/View.php(227): CodeIgniter\View\View->CodeIgniter\View\{closure}()
 3 SYSTEMPATH/Common.php(1180): CodeIgniter\View\View->render()
 4 APPPATH/Common.php(93): view()
 5 APPPATH/Views/themes/magazine/post/post.php(78): loadView()
 6 SYSTEMPATH/View/View.php(224): include('/var/www/news.qbuy.app/app/Views/themes/magazine/post/post.php')
 7 SYSTEMPATH/View/View.php(227): CodeIgniter\View\View->CodeIgniter\View\{closure}()
 8 SYSTEMPATH/Common.php(1180): CodeIgniter\View\View->render()
 9 APPPATH/Common.php(91): view()
10 APPPATH/Controllers/HomeController.php(182): loadView()
11 APPPATH/Controllers/HomeController.php(106): App\Controllers\HomeController->post()
12 SYSTEMPATH/CodeIgniter.php(932): App\Controllers\HomeController->any()
13 SYSTEMPATH/CodeIgniter.php(497): CodeIgniter\CodeIgniter->runController()
14 SYSTEMPATH/CodeIgniter.php(366): CodeIgniter\CodeIgniter->handleRequest()
15 FCPATH/index.php(78): CodeIgniter\CodeIgniter->run()
CRITICAL - 2024-05-09 11:32:35 --> Call to undefined function the_permalink()
in APPPATH/Views/themes/magazine/post/_post_share.php on line 10.
 1 SYSTEMPATH/View/View.php(224): include()
 2 SYSTEMPATH/View/View.php(227): CodeIgniter\View\View->CodeIgniter\View\{closure}()
 3 SYSTEMPATH/Common.php(1180): CodeIgniter\View\View->render()
 4 APPPATH/Common.php(93): view()
 5 APPPATH/Views/themes/magazine/post/post.php(78): loadView()
 6 SYSTEMPATH/View/View.php(224): include('/var/www/news.qbuy.app/app/Views/themes/magazine/post/post.php')
 7 SYSTEMPATH/View/View.php(227): CodeIgniter\View\View->CodeIgniter\View\{closure}()
 8 SYSTEMPATH/Common.php(1180): CodeIgniter\View\View->render()
 9 APPPATH/Common.php(91): view()
10 APPPATH/Controllers/HomeController.php(182): loadView()
11 APPPATH/Controllers/HomeController.php(106): App\Controllers\HomeController->post()
12 SYSTEMPATH/CodeIgniter.php(932): App\Controllers\HomeController->any()
13 SYSTEMPATH/CodeIgniter.php(497): CodeIgniter\CodeIgniter->runController()
14 SYSTEMPATH/CodeIgniter.php(366): CodeIgniter\CodeIgniter->handleRequest()
15 FCPATH/index.php(78): CodeIgniter\CodeIgniter->run()
CRITICAL - 2024-05-09 13:49:21 --> Call to undefined function the_permalink()
in APPPATH/Views/themes/magazine/post/_post_share.php on line 14.
 1 SYSTEMPATH/View/View.php(224): include()
 2 SYSTEMPATH/View/View.php(227): CodeIgniter\View\View->CodeIgniter\View\{closure}()
 3 SYSTEMPATH/Common.php(1180): CodeIgniter\View\View->render()
 4 APPPATH/Common.php(93): view()
 5 APPPATH/Views/themes/magazine/post/post.php(78): loadView()
 6 SYSTEMPATH/View/View.php(224): include('/var/www/news.qbuy.app/app/Views/themes/magazine/post/post.php')
 7 SYSTEMPATH/View/View.php(227): CodeIgniter\View\View->CodeIgniter\View\{closure}()
 8 SYSTEMPATH/Common.php(1180): CodeIgniter\View\View->render()
 9 APPPATH/Common.php(91): view()
10 APPPATH/Controllers/HomeController.php(182): loadView()
11 APPPATH/Controllers/HomeController.php(106): App\Controllers\HomeController->post()
12 SYSTEMPATH/CodeIgniter.php(932): App\Controllers\HomeController->any()
13 SYSTEMPATH/CodeIgniter.php(497): CodeIgniter\CodeIgniter->runController()
14 SYSTEMPATH/CodeIgniter.php(366): CodeIgniter\CodeIgniter->handleRequest()
15 FCPATH/index.php(78): CodeIgniter\CodeIgniter->run()
CRITICAL - 2024-05-09 14:14:23 --> Undefined array key "HTTP_USER_AGENT"
in APPPATH/Common.php on line 2209.
 1 APPPATH/Common.php(2209): CodeIgniter\Debug\Exceptions->errorHandler()
 2 APPPATH/Models/PostModel.php(361): isBot()
 3 APPPATH/Controllers/HomeController.php(185): App\Models\PostModel->increasePostPageviews()
 4 APPPATH/Controllers/HomeController.php(106): App\Controllers\HomeController->post()
 5 SYSTEMPATH/CodeIgniter.php(932): App\Controllers\HomeController->any()
 6 SYSTEMPATH/CodeIgniter.php(497): CodeIgniter\CodeIgniter->runController()
 7 SYSTEMPATH/CodeIgniter.php(366): CodeIgniter\CodeIgniter->handleRequest()
 8 FCPATH/index.php(78): CodeIgniter\CodeIgniter->run()
