ERROR - 2024-05-10 02:35:06 --> Error connecting to the database: mysqli_sql_exception: No such file or directory in /var/www/news.qbuy.app/system/Database/MySQLi/Connection.php:173
Stack trace:
#0 /var/www/news.qbuy.app/system/Database/MySQLi/Connection.php(173): mysqli->real_connect()
#1 /var/www/news.qbuy.app/system/Database/BaseConnection.php(391): CodeIgniter\Database\MySQLi\Connection->connect()
#2 /var/www/news.qbuy.app/system/Session/Handlers/DatabaseHandler.php(109): CodeIgniter\Database\BaseConnection->initialize()
#3 [internal function]: CodeIgniter\Session\Handlers\DatabaseHandler->open()
#4 /var/www/news.qbuy.app/system/Session/Session.php(920): session_start()
#5 /var/www/news.qbuy.app/system/Session/Session.php(250): CodeIgniter\Session\Session->startSession()
#6 /var/www/news.qbuy.app/system/Config/Services.php(674): CodeIgniter\Session\Session->start()
#7 /var/www/news.qbuy.app/system/Config/BaseService.php(252): CodeIgniter\Config\Services::session()
#8 /var/www/news.qbuy.app/system/Config/BaseService.php(193): CodeIgniter\Config\BaseService::__callStatic()
#9 /var/www/news.qbuy.app/system/Config/Services.php(641): CodeIgniter\Config\BaseService::getSharedInstance()
#10 /var/www/news.qbuy.app/system/Config/BaseService.php(252): CodeIgniter\Config\Services::session()
#11 /var/www/news.qbuy.app/app/Config/Globals.php(29): CodeIgniter\Config\BaseService::__callStatic()
#12 /var/www/news.qbuy.app/app/Config/Globals.php(120): Config\Globals::setGlobals()
#13 /var/www/news.qbuy.app/system/Autoloader/Autoloader.php(312): include_once('...')
#14 /var/www/news.qbuy.app/system/Autoloader/Autoloader.php(289): CodeIgniter\Autoloader\Autoloader->includeFile()
#15 /var/www/news.qbuy.app/system/Autoloader/Autoloader.php(267): CodeIgniter\Autoloader\Autoloader->loadInNamespace()
#16 /var/www/news.qbuy.app/app/Config/Routes.php(7): CodeIgniter\Autoloader\Autoloader->loadClass()
#17 /var/www/news.qbuy.app/system/Router/RouteCollection.php(267): require('...')
#18 /var/www/news.qbuy.app/system/CodeIgniter.php(800): CodeIgniter\Router\RouteCollection->loadRoutes()
#19 /var/www/news.qbuy.app/system/CodeIgniter.php(447): CodeIgniter\CodeIgniter->tryToRouteIt()
#20 /var/www/news.qbuy.app/system/CodeIgniter.php(366): CodeIgniter\CodeIgniter->handleRequest()
#21 /var/www/news.qbuy.app/index.php(78): CodeIgniter\CodeIgniter->run()
#22 {main}

Next CodeIgniter\Database\Exceptions\DatabaseException: No such file or directory in /var/www/news.qbuy.app/system/Database/MySQLi/Connection.php:218
Stack trace:
#0 /var/www/news.qbuy.app/system/Database/BaseConnection.php(391): CodeIgniter\Database\MySQLi\Connection->connect()
#1 /var/www/news.qbuy.app/system/Session/Handlers/DatabaseHandler.php(109): CodeIgniter\Database\BaseConnection->initialize()
#2 [internal function]: CodeIgniter\Session\Handlers\DatabaseHandler->open()
#3 /var/www/news.qbuy.app/system/Session/Session.php(920): session_start()
#4 /var/www/news.qbuy.app/system/Session/Session.php(250): CodeIgniter\Session\Session->startSession()
#5 /var/www/news.qbuy.app/system/Config/Services.php(674): CodeIgniter\Session\Session->start()
#6 /var/www/news.qbuy.app/system/Config/BaseService.php(252): CodeIgniter\Config\Services::session()
#7 /var/www/news.qbuy.app/system/Config/BaseService.php(193): CodeIgniter\Config\BaseService::__callStatic()
#8 /var/www/news.qbuy.app/system/Config/Services.php(641): CodeIgniter\Config\BaseService::getSharedInstance()
#9 /var/www/news.qbuy.app/system/Config/BaseService.php(252): CodeIgniter\Config\Services::session()
#10 /var/www/news.qbuy.app/app/Config/Globals.php(29): CodeIgniter\Config\BaseService::__callStatic()
#11 /var/www/news.qbuy.app/app/Config/Globals.php(120): Config\Globals::setGlobals()
#12 /var/www/news.qbuy.app/system/Autoloader/Autoloader.php(312): include_once('...')
#13 /var/www/news.qbuy.app/system/Autoloader/Autoloader.php(289): CodeIgniter\Autoloader\Autoloader->includeFile()
#14 /var/www/news.qbuy.app/system/Autoloader/Autoloader.php(267): CodeIgniter\Autoloader\Autoloader->loadInNamespace()
#15 /var/www/news.qbuy.app/app/Config/Routes.php(7): CodeIgniter\Autoloader\Autoloader->loadClass()
#16 /var/www/news.qbuy.app/system/Router/RouteCollection.php(267): require('...')
#17 /var/www/news.qbuy.app/system/CodeIgniter.php(800): CodeIgniter\Router\RouteCollection->loadRoutes()
#18 /var/www/news.qbuy.app/system/CodeIgniter.php(447): CodeIgniter\CodeIgniter->tryToRouteIt()
#19 /var/www/news.qbuy.app/system/CodeIgniter.php(366): CodeIgniter\CodeIgniter->handleRequest()
#20 /var/www/news.qbuy.app/index.php(78): CodeIgniter\CodeIgniter->run()
#21 {main}
CRITICAL - 2024-05-10 02:35:06 --> Unable to connect to the database.
Main connection [MySQLi]: No such file or directory
in SYSTEMPATH/Database/BaseConnection.php on line 427.
 1 SYSTEMPATH/Session/Handlers/DatabaseHandler.php(109): CodeIgniter\Database\BaseConnection->initialize()
 2 [internal function]: CodeIgniter\Session\Handlers\DatabaseHandler->open()
 3 SYSTEMPATH/Session/Session.php(920): session_start()
 4 SYSTEMPATH/Session/Session.php(250): CodeIgniter\Session\Session->startSession()
 5 SYSTEMPATH/Config/Services.php(674): CodeIgniter\Session\Session->start()
 6 SYSTEMPATH/Config/BaseService.php(252): CodeIgniter\Config\Services::session()
 7 SYSTEMPATH/Config/BaseService.php(193): CodeIgniter\Config\BaseService::__callStatic()
 8 SYSTEMPATH/Config/Services.php(641): CodeIgniter\Config\BaseService::getSharedInstance()
 9 SYSTEMPATH/Config/BaseService.php(252): CodeIgniter\Config\Services::session()
10 APPPATH/Config/Globals.php(29): CodeIgniter\Config\BaseService::__callStatic()
11 APPPATH/Config/Globals.php(120): Config\Globals::setGlobals()
12 SYSTEMPATH/Autoloader/Autoloader.php(312): include_once('/var/www/news.qbuy.app/app/Config/Globals.php')
13 SYSTEMPATH/Autoloader/Autoloader.php(289): CodeIgniter\Autoloader\Autoloader->includeFile()
14 SYSTEMPATH/Autoloader/Autoloader.php(267): CodeIgniter\Autoloader\Autoloader->loadInNamespace()
15 APPPATH/Config/Routes.php(7): CodeIgniter\Autoloader\Autoloader->loadClass()
16 SYSTEMPATH/Router/RouteCollection.php(267): require('/var/www/news.qbuy.app/app/Config/Routes.php')
17 SYSTEMPATH/CodeIgniter.php(800): CodeIgniter\Router\RouteCollection->loadRoutes()
18 SYSTEMPATH/CodeIgniter.php(447): CodeIgniter\CodeIgniter->tryToRouteIt()
19 SYSTEMPATH/CodeIgniter.php(366): CodeIgniter\CodeIgniter->handleRequest()
20 FCPATH/index.php(78): CodeIgniter\CodeIgniter->run()
ERROR - 2024-05-10 02:35:07 --> Error connecting to the database: mysqli_sql_exception: No such file or directory in /var/www/news.qbuy.app/system/Database/MySQLi/Connection.php:173
Stack trace:
#0 /var/www/news.qbuy.app/system/Database/MySQLi/Connection.php(173): mysqli->real_connect()
#1 /var/www/news.qbuy.app/system/Database/BaseConnection.php(391): CodeIgniter\Database\MySQLi\Connection->connect()
#2 /var/www/news.qbuy.app/system/Session/Handlers/DatabaseHandler.php(109): CodeIgniter\Database\BaseConnection->initialize()
#3 [internal function]: CodeIgniter\Session\Handlers\DatabaseHandler->open()
#4 /var/www/news.qbuy.app/system/Session/Session.php(920): session_start()
#5 /var/www/news.qbuy.app/system/Session/Session.php(250): CodeIgniter\Session\Session->startSession()
#6 /var/www/news.qbuy.app/system/Config/Services.php(674): CodeIgniter\Session\Session->start()
#7 /var/www/news.qbuy.app/system/Config/BaseService.php(252): CodeIgniter\Config\Services::session()
#8 /var/www/news.qbuy.app/system/Config/BaseService.php(193): CodeIgniter\Config\BaseService::__callStatic()
#9 /var/www/news.qbuy.app/system/Config/Services.php(641): CodeIgniter\Config\BaseService::getSharedInstance()
#10 /var/www/news.qbuy.app/system/Config/BaseService.php(252): CodeIgniter\Config\Services::session()
#11 /var/www/news.qbuy.app/app/Config/Globals.php(29): CodeIgniter\Config\BaseService::__callStatic()
#12 /var/www/news.qbuy.app/app/Config/Globals.php(120): Config\Globals::setGlobals()
#13 /var/www/news.qbuy.app/system/Autoloader/Autoloader.php(312): include_once('...')
#14 /var/www/news.qbuy.app/system/Autoloader/Autoloader.php(289): CodeIgniter\Autoloader\Autoloader->includeFile()
#15 /var/www/news.qbuy.app/system/Autoloader/Autoloader.php(267): CodeIgniter\Autoloader\Autoloader->loadInNamespace()
#16 /var/www/news.qbuy.app/app/Config/Routes.php(7): CodeIgniter\Autoloader\Autoloader->loadClass()
#17 /var/www/news.qbuy.app/system/Router/RouteCollection.php(267): require('...')
#18 /var/www/news.qbuy.app/system/CodeIgniter.php(800): CodeIgniter\Router\RouteCollection->loadRoutes()
#19 /var/www/news.qbuy.app/system/CodeIgniter.php(447): CodeIgniter\CodeIgniter->tryToRouteIt()
#20 /var/www/news.qbuy.app/system/CodeIgniter.php(366): CodeIgniter\CodeIgniter->handleRequest()
#21 /var/www/news.qbuy.app/index.php(78): CodeIgniter\CodeIgniter->run()
#22 {main}

Next CodeIgniter\Database\Exceptions\DatabaseException: No such file or directory in /var/www/news.qbuy.app/system/Database/MySQLi/Connection.php:218
Stack trace:
#0 /var/www/news.qbuy.app/system/Database/BaseConnection.php(391): CodeIgniter\Database\MySQLi\Connection->connect()
#1 /var/www/news.qbuy.app/system/Session/Handlers/DatabaseHandler.php(109): CodeIgniter\Database\BaseConnection->initialize()
#2 [internal function]: CodeIgniter\Session\Handlers\DatabaseHandler->open()
#3 /var/www/news.qbuy.app/system/Session/Session.php(920): session_start()
#4 /var/www/news.qbuy.app/system/Session/Session.php(250): CodeIgniter\Session\Session->startSession()
#5 /var/www/news.qbuy.app/system/Config/Services.php(674): CodeIgniter\Session\Session->start()
#6 /var/www/news.qbuy.app/system/Config/BaseService.php(252): CodeIgniter\Config\Services::session()
#7 /var/www/news.qbuy.app/system/Config/BaseService.php(193): CodeIgniter\Config\BaseService::__callStatic()
#8 /var/www/news.qbuy.app/system/Config/Services.php(641): CodeIgniter\Config\BaseService::getSharedInstance()
#9 /var/www/news.qbuy.app/system/Config/BaseService.php(252): CodeIgniter\Config\Services::session()
#10 /var/www/news.qbuy.app/app/Config/Globals.php(29): CodeIgniter\Config\BaseService::__callStatic()
#11 /var/www/news.qbuy.app/app/Config/Globals.php(120): Config\Globals::setGlobals()
#12 /var/www/news.qbuy.app/system/Autoloader/Autoloader.php(312): include_once('...')
#13 /var/www/news.qbuy.app/system/Autoloader/Autoloader.php(289): CodeIgniter\Autoloader\Autoloader->includeFile()
#14 /var/www/news.qbuy.app/system/Autoloader/Autoloader.php(267): CodeIgniter\Autoloader\Autoloader->loadInNamespace()
#15 /var/www/news.qbuy.app/app/Config/Routes.php(7): CodeIgniter\Autoloader\Autoloader->loadClass()
#16 /var/www/news.qbuy.app/system/Router/RouteCollection.php(267): require('...')
#17 /var/www/news.qbuy.app/system/CodeIgniter.php(800): CodeIgniter\Router\RouteCollection->loadRoutes()
#18 /var/www/news.qbuy.app/system/CodeIgniter.php(447): CodeIgniter\CodeIgniter->tryToRouteIt()
#19 /var/www/news.qbuy.app/system/CodeIgniter.php(366): CodeIgniter\CodeIgniter->handleRequest()
#20 /var/www/news.qbuy.app/index.php(78): CodeIgniter\CodeIgniter->run()
#21 {main}
CRITICAL - 2024-05-10 02:35:07 --> Unable to connect to the database.
Main connection [MySQLi]: No such file or directory
in SYSTEMPATH/Database/BaseConnection.php on line 427.
 1 SYSTEMPATH/Session/Handlers/DatabaseHandler.php(109): CodeIgniter\Database\BaseConnection->initialize()
 2 [internal function]: CodeIgniter\Session\Handlers\DatabaseHandler->open()
 3 SYSTEMPATH/Session/Session.php(920): session_start()
 4 SYSTEMPATH/Session/Session.php(250): CodeIgniter\Session\Session->startSession()
 5 SYSTEMPATH/Config/Services.php(674): CodeIgniter\Session\Session->start()
 6 SYSTEMPATH/Config/BaseService.php(252): CodeIgniter\Config\Services::session()
 7 SYSTEMPATH/Config/BaseService.php(193): CodeIgniter\Config\BaseService::__callStatic()
 8 SYSTEMPATH/Config/Services.php(641): CodeIgniter\Config\BaseService::getSharedInstance()
 9 SYSTEMPATH/Config/BaseService.php(252): CodeIgniter\Config\Services::session()
10 APPPATH/Config/Globals.php(29): CodeIgniter\Config\BaseService::__callStatic()
11 APPPATH/Config/Globals.php(120): Config\Globals::setGlobals()
12 SYSTEMPATH/Autoloader/Autoloader.php(312): include_once('/var/www/news.qbuy.app/app/Config/Globals.php')
13 SYSTEMPATH/Autoloader/Autoloader.php(289): CodeIgniter\Autoloader\Autoloader->includeFile()
14 SYSTEMPATH/Autoloader/Autoloader.php(267): CodeIgniter\Autoloader\Autoloader->loadInNamespace()
15 APPPATH/Config/Routes.php(7): CodeIgniter\Autoloader\Autoloader->loadClass()
16 SYSTEMPATH/Router/RouteCollection.php(267): require('/var/www/news.qbuy.app/app/Config/Routes.php')
17 SYSTEMPATH/CodeIgniter.php(800): CodeIgniter\Router\RouteCollection->loadRoutes()
18 SYSTEMPATH/CodeIgniter.php(447): CodeIgniter\CodeIgniter->tryToRouteIt()
19 SYSTEMPATH/CodeIgniter.php(366): CodeIgniter\CodeIgniter->handleRequest()
20 FCPATH/index.php(78): CodeIgniter\CodeIgniter->run()
ERROR - 2024-05-10 10:17:25 --> Error connecting to the database: mysqli_sql_exception: No such file or directory in /var/www/news.qbuy.app/system/Database/MySQLi/Connection.php:173
Stack trace:
#0 /var/www/news.qbuy.app/system/Database/MySQLi/Connection.php(173): mysqli->real_connect()
#1 /var/www/news.qbuy.app/system/Database/BaseConnection.php(391): CodeIgniter\Database\MySQLi\Connection->connect()
#2 /var/www/news.qbuy.app/system/Session/Handlers/DatabaseHandler.php(109): CodeIgniter\Database\BaseConnection->initialize()
#3 [internal function]: CodeIgniter\Session\Handlers\DatabaseHandler->open()
#4 /var/www/news.qbuy.app/system/Session/Session.php(920): session_start()
#5 /var/www/news.qbuy.app/system/Session/Session.php(250): CodeIgniter\Session\Session->startSession()
#6 /var/www/news.qbuy.app/system/Config/Services.php(674): CodeIgniter\Session\Session->start()
#7 /var/www/news.qbuy.app/system/Config/BaseService.php(252): CodeIgniter\Config\Services::session()
#8 /var/www/news.qbuy.app/system/Config/BaseService.php(193): CodeIgniter\Config\BaseService::__callStatic()
#9 /var/www/news.qbuy.app/system/Config/Services.php(641): CodeIgniter\Config\BaseService::getSharedInstance()
#10 /var/www/news.qbuy.app/system/Config/BaseService.php(252): CodeIgniter\Config\Services::session()
#11 /var/www/news.qbuy.app/app/Config/Globals.php(29): CodeIgniter\Config\BaseService::__callStatic()
#12 /var/www/news.qbuy.app/app/Config/Globals.php(120): Config\Globals::setGlobals()
#13 /var/www/news.qbuy.app/system/Autoloader/Autoloader.php(312): include_once('...')
#14 /var/www/news.qbuy.app/system/Autoloader/Autoloader.php(289): CodeIgniter\Autoloader\Autoloader->includeFile()
#15 /var/www/news.qbuy.app/system/Autoloader/Autoloader.php(267): CodeIgniter\Autoloader\Autoloader->loadInNamespace()
#16 /var/www/news.qbuy.app/app/Config/Routes.php(7): CodeIgniter\Autoloader\Autoloader->loadClass()
#17 /var/www/news.qbuy.app/system/Router/RouteCollection.php(267): require('...')
#18 /var/www/news.qbuy.app/system/CodeIgniter.php(800): CodeIgniter\Router\RouteCollection->loadRoutes()
#19 /var/www/news.qbuy.app/system/CodeIgniter.php(447): CodeIgniter\CodeIgniter->tryToRouteIt()
#20 /var/www/news.qbuy.app/system/CodeIgniter.php(366): CodeIgniter\CodeIgniter->handleRequest()
#21 /var/www/news.qbuy.app/index.php(78): CodeIgniter\CodeIgniter->run()
#22 {main}

Next CodeIgniter\Database\Exceptions\DatabaseException: No such file or directory in /var/www/news.qbuy.app/system/Database/MySQLi/Connection.php:218
Stack trace:
#0 /var/www/news.qbuy.app/system/Database/BaseConnection.php(391): CodeIgniter\Database\MySQLi\Connection->connect()
#1 /var/www/news.qbuy.app/system/Session/Handlers/DatabaseHandler.php(109): CodeIgniter\Database\BaseConnection->initialize()
#2 [internal function]: CodeIgniter\Session\Handlers\DatabaseHandler->open()
#3 /var/www/news.qbuy.app/system/Session/Session.php(920): session_start()
#4 /var/www/news.qbuy.app/system/Session/Session.php(250): CodeIgniter\Session\Session->startSession()
#5 /var/www/news.qbuy.app/system/Config/Services.php(674): CodeIgniter\Session\Session->start()
#6 /var/www/news.qbuy.app/system/Config/BaseService.php(252): CodeIgniter\Config\Services::session()
#7 /var/www/news.qbuy.app/system/Config/BaseService.php(193): CodeIgniter\Config\BaseService::__callStatic()
#8 /var/www/news.qbuy.app/system/Config/Services.php(641): CodeIgniter\Config\BaseService::getSharedInstance()
#9 /var/www/news.qbuy.app/system/Config/BaseService.php(252): CodeIgniter\Config\Services::session()
#10 /var/www/news.qbuy.app/app/Config/Globals.php(29): CodeIgniter\Config\BaseService::__callStatic()
#11 /var/www/news.qbuy.app/app/Config/Globals.php(120): Config\Globals::setGlobals()
#12 /var/www/news.qbuy.app/system/Autoloader/Autoloader.php(312): include_once('...')
#13 /var/www/news.qbuy.app/system/Autoloader/Autoloader.php(289): CodeIgniter\Autoloader\Autoloader->includeFile()
#14 /var/www/news.qbuy.app/system/Autoloader/Autoloader.php(267): CodeIgniter\Autoloader\Autoloader->loadInNamespace()
#15 /var/www/news.qbuy.app/app/Config/Routes.php(7): CodeIgniter\Autoloader\Autoloader->loadClass()
#16 /var/www/news.qbuy.app/system/Router/RouteCollection.php(267): require('...')
#17 /var/www/news.qbuy.app/system/CodeIgniter.php(800): CodeIgniter\Router\RouteCollection->loadRoutes()
#18 /var/www/news.qbuy.app/system/CodeIgniter.php(447): CodeIgniter\CodeIgniter->tryToRouteIt()
#19 /var/www/news.qbuy.app/system/CodeIgniter.php(366): CodeIgniter\CodeIgniter->handleRequest()
#20 /var/www/news.qbuy.app/index.php(78): CodeIgniter\CodeIgniter->run()
#21 {main}
CRITICAL - 2024-05-10 10:17:25 --> Unable to connect to the database.
Main connection [MySQLi]: No such file or directory
in SYSTEMPATH/Database/BaseConnection.php on line 427.
 1 SYSTEMPATH/Session/Handlers/DatabaseHandler.php(109): CodeIgniter\Database\BaseConnection->initialize()
 2 [internal function]: CodeIgniter\Session\Handlers\DatabaseHandler->open()
 3 SYSTEMPATH/Session/Session.php(920): session_start()
 4 SYSTEMPATH/Session/Session.php(250): CodeIgniter\Session\Session->startSession()
 5 SYSTEMPATH/Config/Services.php(674): CodeIgniter\Session\Session->start()
 6 SYSTEMPATH/Config/BaseService.php(252): CodeIgniter\Config\Services::session()
 7 SYSTEMPATH/Config/BaseService.php(193): CodeIgniter\Config\BaseService::__callStatic()
 8 SYSTEMPATH/Config/Services.php(641): CodeIgniter\Config\BaseService::getSharedInstance()
 9 SYSTEMPATH/Config/BaseService.php(252): CodeIgniter\Config\Services::session()
10 APPPATH/Config/Globals.php(29): CodeIgniter\Config\BaseService::__callStatic()
11 APPPATH/Config/Globals.php(120): Config\Globals::setGlobals()
12 SYSTEMPATH/Autoloader/Autoloader.php(312): include_once('/var/www/news.qbuy.app/app/Config/Globals.php')
13 SYSTEMPATH/Autoloader/Autoloader.php(289): CodeIgniter\Autoloader\Autoloader->includeFile()
14 SYSTEMPATH/Autoloader/Autoloader.php(267): CodeIgniter\Autoloader\Autoloader->loadInNamespace()
15 APPPATH/Config/Routes.php(7): CodeIgniter\Autoloader\Autoloader->loadClass()
16 SYSTEMPATH/Router/RouteCollection.php(267): require('/var/www/news.qbuy.app/app/Config/Routes.php')
17 SYSTEMPATH/CodeIgniter.php(800): CodeIgniter\Router\RouteCollection->loadRoutes()
18 SYSTEMPATH/CodeIgniter.php(447): CodeIgniter\CodeIgniter->tryToRouteIt()
19 SYSTEMPATH/CodeIgniter.php(366): CodeIgniter\CodeIgniter->handleRequest()
20 FCPATH/index.php(78): CodeIgniter\CodeIgniter->run()
