CRITICAL - 2024-06-25 20:29:48 --> The original file is not a valid file.
in SYSTEMPATH/HTTP/Files/UploadedFile.php on line 137.
 1 SYSTEMPATH/HTTP/Files/UploadedFile.php(137): CodeIgniter\HTTP\Exceptions\HTTPException::forInvalidFile()
 2 APPPATH/Models/UploadModel.php(47): CodeIgniter\HTTP\Files\UploadedFile->move()
 3 APPPATH/Models/UploadModel.php(62): App\Models\UploadModel->upload()
 4 APPPATH/Models/GalleryModel.php(97): App\Models\UploadModel->uploadTempFile()
 5 APPPATH/Controllers/GalleryController.php(98): App\Models\GalleryModel->editImage()
 6 SYSTEMPATH/CodeIgniter.php(932): App\Controllers\GalleryController->editImagePost()
 7 SYSTEMPATH/CodeIgniter.php(497): CodeIgniter\CodeIgniter->runController()
 8 SYSTEMPATH/CodeIgniter.php(366): CodeIgniter\CodeIgniter->handleRequest()
 9 FCPATH/index.php(78): CodeIgniter\CodeIgniter->run()
CRITICAL - 2024-06-25 20:30:05 --> The original file is not a valid file.
in SYSTEMPATH/HTTP/Files/UploadedFile.php on line 137.
 1 SYSTEMPATH/HTTP/Files/UploadedFile.php(137): CodeIgniter\HTTP\Exceptions\HTTPException::forInvalidFile()
 2 APPPATH/Models/UploadModel.php(47): CodeIgniter\HTTP\Files\UploadedFile->move()
 3 APPPATH/Models/UploadModel.php(62): App\Models\UploadModel->upload()
 4 APPPATH/Models/GalleryModel.php(97): App\Models\UploadModel->uploadTempFile()
 5 APPPATH/Controllers/GalleryController.php(98): App\Models\GalleryModel->editImage()
 6 SYSTEMPATH/CodeIgniter.php(932): App\Controllers\GalleryController->editImagePost()
 7 SYSTEMPATH/CodeIgniter.php(497): CodeIgniter\CodeIgniter->runController()
 8 SYSTEMPATH/CodeIgniter.php(366): CodeIgniter\CodeIgniter->handleRequest()
 9 FCPATH/index.php(78): CodeIgniter\CodeIgniter->run()
CRITICAL - 2024-06-25 20:30:41 --> The original file is not a valid file.
in SYSTEMPATH/HTTP/Files/UploadedFile.php on line 137.
 1 SYSTEMPATH/HTTP/Files/UploadedFile.php(137): CodeIgniter\HTTP\Exceptions\HTTPException::forInvalidFile()
 2 APPPATH/Models/UploadModel.php(47): CodeIgniter\HTTP\Files\UploadedFile->move()
 3 APPPATH/Models/UploadModel.php(62): App\Models\UploadModel->upload()
 4 APPPATH/Models/GalleryModel.php(97): App\Models\UploadModel->uploadTempFile()
 5 APPPATH/Controllers/GalleryController.php(98): App\Models\GalleryModel->editImage()
 6 SYSTEMPATH/CodeIgniter.php(932): App\Controllers\GalleryController->editImagePost()
 7 SYSTEMPATH/CodeIgniter.php(497): CodeIgniter\CodeIgniter->runController()
 8 SYSTEMPATH/CodeIgniter.php(366): CodeIgniter\CodeIgniter->handleRequest()
 9 FCPATH/index.php(78): CodeIgniter\CodeIgniter->run()
CRITICAL - 2024-06-25 20:33:06 --> The original file is not a valid file.
in SYSTEMPATH/HTTP/Files/UploadedFile.php on line 137.
 1 SYSTEMPATH/HTTP/Files/UploadedFile.php(137): CodeIgniter\HTTP\Exceptions\HTTPException::forInvalidFile()
 2 APPPATH/Models/UploadModel.php(47): CodeIgniter\HTTP\Files\UploadedFile->move()
 3 APPPATH/Models/UploadModel.php(62): App\Models\UploadModel->upload()
 4 APPPATH/Models/GalleryModel.php(97): App\Models\UploadModel->uploadTempFile()
 5 APPPATH/Controllers/GalleryController.php(98): App\Models\GalleryModel->editImage()
 6 SYSTEMPATH/CodeIgniter.php(932): App\Controllers\GalleryController->editImagePost()
 7 SYSTEMPATH/CodeIgniter.php(497): CodeIgniter\CodeIgniter->runController()
 8 SYSTEMPATH/CodeIgniter.php(366): CodeIgniter\CodeIgniter->handleRequest()
 9 FCPATH/index.php(78): CodeIgniter\CodeIgniter->run()
CRITICAL - 2024-06-25 20:35:28 --> The original file is not a valid file.
in SYSTEMPATH/HTTP/Files/UploadedFile.php on line 137.
 1 SYSTEMPATH/HTTP/Files/UploadedFile.php(137): CodeIgniter\HTTP\Exceptions\HTTPException::forInvalidFile()
 2 APPPATH/Models/UploadModel.php(47): CodeIgniter\HTTP\Files\UploadedFile->move()
 3 APPPATH/Models/UploadModel.php(62): App\Models\UploadModel->upload()
 4 APPPATH/Models/GalleryModel.php(97): App\Models\UploadModel->uploadTempFile()
 5 APPPATH/Controllers/GalleryController.php(98): App\Models\GalleryModel->editImage()
 6 SYSTEMPATH/CodeIgniter.php(932): App\Controllers\GalleryController->editImagePost()
 7 SYSTEMPATH/CodeIgniter.php(497): CodeIgniter\CodeIgniter->runController()
 8 SYSTEMPATH/CodeIgniter.php(366): CodeIgniter\CodeIgniter->handleRequest()
 9 FCPATH/index.php(78): CodeIgniter\CodeIgniter->run()
CRITICAL - 2024-06-25 20:36:09 --> The original file is not a valid file.
in SYSTEMPATH/HTTP/Files/UploadedFile.php on line 137.
 1 SYSTEMPATH/HTTP/Files/UploadedFile.php(137): CodeIgniter\HTTP\Exceptions\HTTPException::forInvalidFile()
 2 APPPATH/Models/UploadModel.php(47): CodeIgniter\HTTP\Files\UploadedFile->move()
 3 APPPATH/Models/UploadModel.php(62): App\Models\UploadModel->upload()
 4 APPPATH/Models/GalleryModel.php(97): App\Models\UploadModel->uploadTempFile()
 5 APPPATH/Controllers/GalleryController.php(98): App\Models\GalleryModel->editImage()
 6 SYSTEMPATH/CodeIgniter.php(932): App\Controllers\GalleryController->editImagePost()
 7 SYSTEMPATH/CodeIgniter.php(497): CodeIgniter\CodeIgniter->runController()
 8 SYSTEMPATH/CodeIgniter.php(366): CodeIgniter\CodeIgniter->handleRequest()
 9 FCPATH/index.php(78): CodeIgniter\CodeIgniter->run()
CRITICAL - 2024-06-25 20:36:33 --> The original file is not a valid file.
in SYSTEMPATH/HTTP/Files/UploadedFile.php on line 137.
 1 SYSTEMPATH/HTTP/Files/UploadedFile.php(137): CodeIgniter\HTTP\Exceptions\HTTPException::forInvalidFile()
 2 APPPATH/Models/UploadModel.php(47): CodeIgniter\HTTP\Files\UploadedFile->move()
 3 APPPATH/Models/UploadModel.php(62): App\Models\UploadModel->upload()
 4 APPPATH/Models/GalleryModel.php(97): App\Models\UploadModel->uploadTempFile()
 5 APPPATH/Controllers/GalleryController.php(98): App\Models\GalleryModel->editImage()
 6 SYSTEMPATH/CodeIgniter.php(932): App\Controllers\GalleryController->editImagePost()
 7 SYSTEMPATH/CodeIgniter.php(497): CodeIgniter\CodeIgniter->runController()
 8 SYSTEMPATH/CodeIgniter.php(366): CodeIgniter\CodeIgniter->handleRequest()
 9 FCPATH/index.php(78): CodeIgniter\CodeIgniter->run()
CRITICAL - 2024-06-25 20:38:57 --> The original file is not a valid file.
in SYSTEMPATH/HTTP/Files/UploadedFile.php on line 137.
 1 SYSTEMPATH/HTTP/Files/UploadedFile.php(137): CodeIgniter\HTTP\Exceptions\HTTPException::forInvalidFile()
 2 APPPATH/Models/UploadModel.php(47): CodeIgniter\HTTP\Files\UploadedFile->move()
 3 APPPATH/Models/UploadModel.php(62): App\Models\UploadModel->upload()
 4 APPPATH/Models/GalleryModel.php(97): App\Models\UploadModel->uploadTempFile()
 5 APPPATH/Controllers/GalleryController.php(98): App\Models\GalleryModel->editImage()
 6 SYSTEMPATH/CodeIgniter.php(932): App\Controllers\GalleryController->editImagePost()
 7 SYSTEMPATH/CodeIgniter.php(497): CodeIgniter\CodeIgniter->runController()
 8 SYSTEMPATH/CodeIgniter.php(366): CodeIgniter\CodeIgniter->handleRequest()
 9 FCPATH/index.php(78): CodeIgniter\CodeIgniter->run()
CRITICAL - 2024-06-25 20:41:53 --> The original file is not a valid file.
in SYSTEMPATH/HTTP/Files/UploadedFile.php on line 137.
 1 SYSTEMPATH/HTTP/Files/UploadedFile.php(137): CodeIgniter\HTTP\Exceptions\HTTPException::forInvalidFile()
 2 APPPATH/Models/UploadModel.php(47): CodeIgniter\HTTP\Files\UploadedFile->move()
 3 APPPATH/Models/UploadModel.php(62): App\Models\UploadModel->upload()
 4 APPPATH/Models/GalleryModel.php(97): App\Models\UploadModel->uploadTempFile()
 5 APPPATH/Controllers/GalleryController.php(98): App\Models\GalleryModel->editImage()
 6 SYSTEMPATH/CodeIgniter.php(932): App\Controllers\GalleryController->editImagePost()
 7 SYSTEMPATH/CodeIgniter.php(497): CodeIgniter\CodeIgniter->runController()
 8 SYSTEMPATH/CodeIgniter.php(366): CodeIgniter\CodeIgniter->handleRequest()
 9 FCPATH/index.php(78): CodeIgniter\CodeIgniter->run()
CRITICAL - 2024-06-25 20:43:25 --> The original file is not a valid file.
in SYSTEMPATH/HTTP/Files/UploadedFile.php on line 137.
 1 SYSTEMPATH/HTTP/Files/UploadedFile.php(137): CodeIgniter\HTTP\Exceptions\HTTPException::forInvalidFile()
 2 APPPATH/Models/UploadModel.php(47): CodeIgniter\HTTP\Files\UploadedFile->move()
 3 APPPATH/Models/UploadModel.php(62): App\Models\UploadModel->upload()
 4 APPPATH/Models/GalleryModel.php(97): App\Models\UploadModel->uploadTempFile()
 5 APPPATH/Controllers/GalleryController.php(98): App\Models\GalleryModel->editImage()
 6 SYSTEMPATH/CodeIgniter.php(932): App\Controllers\GalleryController->editImagePost()
 7 SYSTEMPATH/CodeIgniter.php(497): CodeIgniter\CodeIgniter->runController()
 8 SYSTEMPATH/CodeIgniter.php(366): CodeIgniter\CodeIgniter->handleRequest()
 9 FCPATH/index.php(78): CodeIgniter\CodeIgniter->run()
