INFO - 2024-07-17 00:04:11 --> Session: Class initialized using 'CodeIgniter\Session\Handlers\DatabaseHandler' driver.
INFO - 2024-07-17 00:40:35 --> Session: Class initialized using 'CodeIgniter\Session\Handlers\DatabaseHandler' driver.
INFO - 2024-07-17 00:51:50 --> Session: Class initialized using 'CodeIgniter\Session\Handlers\DatabaseHandler' driver.
INFO - 2024-07-17 01:13:30 --> Session: Class initialized using 'CodeIgniter\Session\Handlers\DatabaseHandler' driver.
INFO - 2024-07-17 01:22:55 --> Session: Class initialized using 'CodeIgniter\Session\Handlers\DatabaseHandler' driver.
INFO - 2024-07-17 01:29:59 --> Session: Class initialized using 'CodeIgniter\Session\Handlers\DatabaseHandler' driver.
INFO - 2024-07-17 01:34:52 --> Session: Class initialized using 'CodeIgniter\Session\Handlers\DatabaseHandler' driver.
INFO - 2024-07-17 01:38:17 --> Session: Class initialized using 'CodeIgniter\Session\Handlers\DatabaseHandler' driver.
INFO - 2024-07-17 01:38:22 --> Session: Class initialized using 'CodeIgniter\Session\Handlers\DatabaseHandler' driver.
INFO - 2024-07-17 01:38:25 --> Session: Class initialized using 'CodeIgniter\Session\Handlers\DatabaseHandler' driver.
INFO - 2024-07-17 01:41:12 --> Session: Class initialized using 'CodeIgniter\Session\Handlers\DatabaseHandler' driver.
INFO - 2024-07-17 01:52:04 --> Session: Class initialized using 'CodeIgniter\Session\Handlers\DatabaseHandler' driver.
INFO - 2024-07-17 02:15:52 --> Session: Class initialized using 'CodeIgniter\Session\Handlers\DatabaseHandler' driver.
INFO - 2024-07-17 02:15:59 --> Session: Class initialized using 'CodeIgniter\Session\Handlers\DatabaseHandler' driver.
INFO - 2024-07-17 02:16:00 --> Session: Class initialized using 'CodeIgniter\Session\Handlers\DatabaseHandler' driver.
INFO - 2024-07-17 02:16:01 --> Session: Class initialized using 'CodeIgniter\Session\Handlers\DatabaseHandler' driver.
INFO - 2024-07-17 02:16:02 --> Session: Class initialized using 'CodeIgniter\Session\Handlers\DatabaseHandler' driver.
INFO - 2024-07-17 02:16:03 --> Session: Class initialized using 'CodeIgniter\Session\Handlers\DatabaseHandler' driver.
INFO - 2024-07-17 02:16:04 --> Session: Class initialized using 'CodeIgniter\Session\Handlers\DatabaseHandler' driver.
INFO - 2024-07-17 02:16:05 --> Session: Class initialized using 'CodeIgniter\Session\Handlers\DatabaseHandler' driver.
INFO - 2024-07-17 02:16:06 --> Session: Class initialized using 'CodeIgniter\Session\Handlers\DatabaseHandler' driver.
INFO - 2024-07-17 02:16:07 --> Session: Class initialized using 'CodeIgniter\Session\Handlers\DatabaseHandler' driver.
INFO - 2024-07-17 02:16:08 --> Session: Class initialized using 'CodeIgniter\Session\Handlers\DatabaseHandler' driver.
INFO - 2024-07-17 02:16:12 --> Session: Class initialized using 'CodeIgniter\Session\Handlers\DatabaseHandler' driver.
INFO - 2024-07-17 02:16:13 --> Session: Class initialized using 'CodeIgniter\Session\Handlers\DatabaseHandler' driver.
INFO - 2024-07-17 02:16:14 --> Session: Class initialized using 'CodeIgniter\Session\Handlers\DatabaseHandler' driver.
INFO - 2024-07-17 02:16:15 --> Session: Class initialized using 'CodeIgniter\Session\Handlers\DatabaseHandler' driver.
INFO - 2024-07-17 02:17:43 --> Session: Class initialized using 'CodeIgniter\Session\Handlers\DatabaseHandler' driver.
INFO - 2024-07-17 02:17:48 --> Session: Class initialized using 'CodeIgniter\Session\Handlers\DatabaseHandler' driver.
INFO - 2024-07-17 02:17:52 --> Session: Class initialized using 'CodeIgniter\Session\Handlers\DatabaseHandler' driver.
INFO - 2024-07-17 02:17:54 --> Session: Class initialized using 'CodeIgniter\Session\Handlers\DatabaseHandler' driver.
INFO - 2024-07-17 02:17:58 --> Session: Class initialized using 'CodeIgniter\Session\Handlers\DatabaseHandler' driver.
INFO - 2024-07-17 02:18:03 --> Session: Class initialized using 'CodeIgniter\Session\Handlers\DatabaseHandler' driver.
INFO - 2024-07-17 02:18:06 --> Session: Class initialized using 'CodeIgniter\Session\Handlers\DatabaseHandler' driver.
INFO - 2024-07-17 02:29:32 --> Session: Class initialized using 'CodeIgniter\Session\Handlers\DatabaseHandler' driver.
INFO - 2024-07-17 02:33:20 --> Session: Class initialized using 'CodeIgniter\Session\Handlers\DatabaseHandler' driver.
INFO - 2024-07-17 02:49:28 --> Session: Class initialized using 'CodeIgniter\Session\Handlers\DatabaseHandler' driver.
INFO - 2024-07-17 02:51:25 --> Session: Class initialized using 'CodeIgniter\Session\Handlers\DatabaseHandler' driver.
INFO - 2024-07-17 02:54:13 --> Session: Class initialized using 'CodeIgniter\Session\Handlers\DatabaseHandler' driver.
INFO - 2024-07-17 03:02:58 --> Session: Class initialized using 'CodeIgniter\Session\Handlers\DatabaseHandler' driver.
INFO - 2024-07-17 03:30:37 --> Session: Class initialized using 'CodeIgniter\Session\Handlers\DatabaseHandler' driver.
INFO - 2024-07-17 03:31:39 --> Session: Class initialized using 'CodeIgniter\Session\Handlers\DatabaseHandler' driver.
INFO - 2024-07-17 03:39:39 --> Session: Class initialized using 'CodeIgniter\Session\Handlers\DatabaseHandler' driver.
INFO - 2024-07-17 03:54:19 --> Session: Class initialized using 'CodeIgniter\Session\Handlers\DatabaseHandler' driver.
INFO - 2024-07-17 04:04:46 --> Session: Class initialized using 'CodeIgniter\Session\Handlers\DatabaseHandler' driver.
INFO - 2024-07-17 04:13:08 --> Session: Class initialized using 'CodeIgniter\Session\Handlers\DatabaseHandler' driver.
INFO - 2024-07-17 04:14:22 --> Session: Class initialized using 'CodeIgniter\Session\Handlers\DatabaseHandler' driver.
INFO - 2024-07-17 04:36:35 --> Session: Class initialized using 'CodeIgniter\Session\Handlers\DatabaseHandler' driver.
INFO - 2024-07-17 04:37:36 --> Session: Class initialized using 'CodeIgniter\Session\Handlers\DatabaseHandler' driver.
INFO - 2024-07-17 04:37:41 --> Session: Class initialized using 'CodeIgniter\Session\Handlers\DatabaseHandler' driver.
INFO - 2024-07-17 04:37:48 --> Session: Class initialized using 'CodeIgniter\Session\Handlers\DatabaseHandler' driver.
INFO - 2024-07-17 04:37:52 --> Session: Class initialized using 'CodeIgniter\Session\Handlers\DatabaseHandler' driver.
INFO - 2024-07-17 04:37:55 --> Session: Class initialized using 'CodeIgniter\Session\Handlers\DatabaseHandler' driver.
INFO - 2024-07-17 04:39:11 --> Session: Class initialized using 'CodeIgniter\Session\Handlers\DatabaseHandler' driver.
INFO - 2024-07-17 04:39:18 --> Session: Class initialized using 'CodeIgniter\Session\Handlers\DatabaseHandler' driver.
INFO - 2024-07-17 04:39:21 --> Session: Class initialized using 'CodeIgniter\Session\Handlers\DatabaseHandler' driver.
INFO - 2024-07-17 04:39:24 --> Session: Class initialized using 'CodeIgniter\Session\Handlers\DatabaseHandler' driver.
INFO - 2024-07-17 04:39:29 --> Session: Class initialized using 'CodeIgniter\Session\Handlers\DatabaseHandler' driver.
INFO - 2024-07-17 04:39:44 --> Session: Class initialized using 'CodeIgniter\Session\Handlers\DatabaseHandler' driver.
INFO - 2024-07-17 04:39:49 --> Session: Class initialized using 'CodeIgniter\Session\Handlers\DatabaseHandler' driver.
INFO - 2024-07-17 04:39:51 --> Session: Class initialized using 'CodeIgniter\Session\Handlers\DatabaseHandler' driver.
INFO - 2024-07-17 04:39:53 --> Session: Class initialized using 'CodeIgniter\Session\Handlers\DatabaseHandler' driver.
INFO - 2024-07-17 04:39:56 --> Session: Class initialized using 'CodeIgniter\Session\Handlers\DatabaseHandler' driver.
INFO - 2024-07-17 04:41:49 --> Session: Class initialized using 'CodeIgniter\Session\Handlers\DatabaseHandler' driver.
INFO - 2024-07-17 04:42:14 --> Session: Class initialized using 'CodeIgniter\Session\Handlers\DatabaseHandler' driver.
INFO - 2024-07-17 04:42:34 --> Session: Class initialized using 'CodeIgniter\Session\Handlers\DatabaseHandler' driver.
INFO - 2024-07-17 04:44:40 --> Session: Class initialized using 'CodeIgniter\Session\Handlers\DatabaseHandler' driver.
INFO - 2024-07-17 04:48:08 --> Session: Class initialized using 'CodeIgniter\Session\Handlers\DatabaseHandler' driver.
INFO - 2024-07-17 04:49:45 --> Session: Class initialized using 'CodeIgniter\Session\Handlers\DatabaseHandler' driver.
INFO - 2024-07-17 05:00:57 --> Session: Class initialized using 'CodeIgniter\Session\Handlers\DatabaseHandler' driver.
INFO - 2024-07-17 05:09:30 --> Session: Class initialized using 'CodeIgniter\Session\Handlers\DatabaseHandler' driver.
INFO - 2024-07-17 05:19:40 --> Session: Class initialized using 'CodeIgniter\Session\Handlers\DatabaseHandler' driver.
INFO - 2024-07-17 05:25:36 --> Session: Class initialized using 'CodeIgniter\Session\Handlers\DatabaseHandler' driver.
INFO - 2024-07-17 05:25:37 --> Session: Class initialized using 'CodeIgniter\Session\Handlers\DatabaseHandler' driver.
INFO - 2024-07-17 05:25:38 --> Session: Class initialized using 'CodeIgniter\Session\Handlers\DatabaseHandler' driver.
INFO - 2024-07-17 05:25:39 --> Session: Class initialized using 'CodeIgniter\Session\Handlers\DatabaseHandler' driver.
INFO - 2024-07-17 05:36:43 --> Session: Class initialized using 'CodeIgniter\Session\Handlers\DatabaseHandler' driver.
INFO - 2024-07-17 05:37:27 --> Session: Class initialized using 'CodeIgniter\Session\Handlers\DatabaseHandler' driver.
INFO - 2024-07-17 05:51:48 --> Session: Class initialized using 'CodeIgniter\Session\Handlers\DatabaseHandler' driver.
INFO - 2024-07-17 06:11:44 --> Session: Class initialized using 'CodeIgniter\Session\Handlers\DatabaseHandler' driver.
INFO - 2024-07-17 06:26:20 --> Session: Class initialized using 'CodeIgniter\Session\Handlers\DatabaseHandler' driver.
INFO - 2024-07-17 06:26:21 --> Session: Class initialized using 'CodeIgniter\Session\Handlers\DatabaseHandler' driver.
INFO - 2024-07-17 06:26:21 --> Session: Class initialized using 'CodeIgniter\Session\Handlers\DatabaseHandler' driver.
INFO - 2024-07-17 06:26:22 --> Session: Class initialized using 'CodeIgniter\Session\Handlers\DatabaseHandler' driver.
INFO - 2024-07-17 06:26:22 --> Session: Class initialized using 'CodeIgniter\Session\Handlers\DatabaseHandler' driver.
INFO - 2024-07-17 06:26:23 --> Session: Class initialized using 'CodeIgniter\Session\Handlers\DatabaseHandler' driver.
INFO - 2024-07-17 06:26:23 --> Session: Class initialized using 'CodeIgniter\Session\Handlers\DatabaseHandler' driver.
INFO - 2024-07-17 06:26:24 --> Session: Class initialized using 'CodeIgniter\Session\Handlers\DatabaseHandler' driver.
INFO - 2024-07-17 06:26:25 --> Session: Class initialized using 'CodeIgniter\Session\Handlers\DatabaseHandler' driver.
INFO - 2024-07-17 06:26:25 --> Session: Class initialized using 'CodeIgniter\Session\Handlers\DatabaseHandler' driver.
INFO - 2024-07-17 06:26:26 --> Session: Class initialized using 'CodeIgniter\Session\Handlers\DatabaseHandler' driver.
INFO - 2024-07-17 06:26:26 --> Session: Class initialized using 'CodeIgniter\Session\Handlers\DatabaseHandler' driver.
INFO - 2024-07-17 06:26:27 --> Session: Class initialized using 'CodeIgniter\Session\Handlers\DatabaseHandler' driver.
INFO - 2024-07-17 06:26:27 --> Session: Class initialized using 'CodeIgniter\Session\Handlers\DatabaseHandler' driver.
INFO - 2024-07-17 06:26:28 --> Session: Class initialized using 'CodeIgniter\Session\Handlers\DatabaseHandler' driver.
INFO - 2024-07-17 06:26:28 --> Session: Class initialized using 'CodeIgniter\Session\Handlers\DatabaseHandler' driver.
INFO - 2024-07-17 06:26:29 --> Session: Class initialized using 'CodeIgniter\Session\Handlers\DatabaseHandler' driver.
INFO - 2024-07-17 06:26:29 --> Session: Class initialized using 'CodeIgniter\Session\Handlers\DatabaseHandler' driver.
INFO - 2024-07-17 06:26:30 --> Session: Class initialized using 'CodeIgniter\Session\Handlers\DatabaseHandler' driver.
INFO - 2024-07-17 06:26:30 --> Session: Class initialized using 'CodeIgniter\Session\Handlers\DatabaseHandler' driver.
INFO - 2024-07-17 06:26:31 --> Session: Class initialized using 'CodeIgniter\Session\Handlers\DatabaseHandler' driver.
INFO - 2024-07-17 06:26:32 --> Session: Class initialized using 'CodeIgniter\Session\Handlers\DatabaseHandler' driver.
INFO - 2024-07-17 06:26:33 --> Session: Class initialized using 'CodeIgniter\Session\Handlers\DatabaseHandler' driver.
INFO - 2024-07-17 06:26:33 --> Session: Class initialized using 'CodeIgniter\Session\Handlers\DatabaseHandler' driver.
INFO - 2024-07-17 06:26:34 --> Session: Class initialized using 'CodeIgniter\Session\Handlers\DatabaseHandler' driver.
INFO - 2024-07-17 06:26:35 --> Session: Class initialized using 'CodeIgniter\Session\Handlers\DatabaseHandler' driver.
INFO - 2024-07-17 06:26:35 --> Session: Class initialized using 'CodeIgniter\Session\Handlers\DatabaseHandler' driver.
INFO - 2024-07-17 06:26:36 --> Session: Class initialized using 'CodeIgniter\Session\Handlers\DatabaseHandler' driver.
INFO - 2024-07-17 06:26:36 --> Session: Class initialized using 'CodeIgniter\Session\Handlers\DatabaseHandler' driver.
INFO - 2024-07-17 06:26:37 --> Session: Class initialized using 'CodeIgniter\Session\Handlers\DatabaseHandler' driver.
INFO - 2024-07-17 06:26:38 --> Session: Class initialized using 'CodeIgniter\Session\Handlers\DatabaseHandler' driver.
INFO - 2024-07-17 06:26:38 --> Session: Class initialized using 'CodeIgniter\Session\Handlers\DatabaseHandler' driver.
INFO - 2024-07-17 06:26:39 --> Session: Class initialized using 'CodeIgniter\Session\Handlers\DatabaseHandler' driver.
INFO - 2024-07-17 06:26:40 --> Session: Class initialized using 'CodeIgniter\Session\Handlers\DatabaseHandler' driver.
INFO - 2024-07-17 06:26:40 --> Session: Class initialized using 'CodeIgniter\Session\Handlers\DatabaseHandler' driver.
INFO - 2024-07-17 06:26:41 --> Session: Class initialized using 'CodeIgniter\Session\Handlers\DatabaseHandler' driver.
INFO - 2024-07-17 07:00:23 --> Session: Class initialized using 'CodeIgniter\Session\Handlers\DatabaseHandler' driver.
INFO - 2024-07-17 07:08:18 --> Session: Class initialized using 'CodeIgniter\Session\Handlers\DatabaseHandler' driver.
ERROR - 2024-07-17 07:27:49 --> Error connecting to the database: mysqli_sql_exception: No such file or directory in /var/www/company.qbuy.app/system/Database/MySQLi/Connection.php:173
Stack trace:
#0 /var/www/company.qbuy.app/system/Database/MySQLi/Connection.php(173): mysqli->real_connect()
#1 /var/www/company.qbuy.app/system/Database/BaseConnection.php(391): CodeIgniter\Database\MySQLi\Connection->connect()
#2 /var/www/company.qbuy.app/system/Session/Handlers/DatabaseHandler.php(109): CodeIgniter\Database\BaseConnection->initialize()
#3 [internal function]: CodeIgniter\Session\Handlers\DatabaseHandler->open()
#4 /var/www/company.qbuy.app/system/Session/Session.php(920): session_start()
#5 /var/www/company.qbuy.app/system/Session/Session.php(250): CodeIgniter\Session\Session->startSession()
#6 /var/www/company.qbuy.app/system/Config/Services.php(674): CodeIgniter\Session\Session->start()
#7 /var/www/company.qbuy.app/system/Config/BaseService.php(252): CodeIgniter\Config\Services::session()
#8 /var/www/company.qbuy.app/system/Config/BaseService.php(193): CodeIgniter\Config\BaseService::__callStatic()
#9 /var/www/company.qbuy.app/system/Config/Services.php(641): CodeIgniter\Config\BaseService::getSharedInstance()
#10 /var/www/company.qbuy.app/system/Config/BaseService.php(252): CodeIgniter\Config\Services::session()
#11 /var/www/company.qbuy.app/app/Config/Globals.php(29): CodeIgniter\Config\BaseService::__callStatic()
#12 /var/www/company.qbuy.app/app/Config/Globals.php(120): Config\Globals::setGlobals()
#13 /var/www/company.qbuy.app/system/Autoloader/Autoloader.php(312): include_once('...')
#14 /var/www/company.qbuy.app/system/Autoloader/Autoloader.php(289): CodeIgniter\Autoloader\Autoloader->includeFile()
#15 /var/www/company.qbuy.app/system/Autoloader/Autoloader.php(267): CodeIgniter\Autoloader\Autoloader->loadInNamespace()
#16 /var/www/company.qbuy.app/app/Config/Routes.php(7): CodeIgniter\Autoloader\Autoloader->loadClass()
#17 /var/www/company.qbuy.app/system/Router/RouteCollection.php(267): require('...')
#18 /var/www/company.qbuy.app/system/CodeIgniter.php(800): CodeIgniter\Router\RouteCollection->loadRoutes()
#19 /var/www/company.qbuy.app/system/CodeIgniter.php(447): CodeIgniter\CodeIgniter->tryToRouteIt()
#20 /var/www/company.qbuy.app/system/CodeIgniter.php(366): CodeIgniter\CodeIgniter->handleRequest()
#21 /var/www/company.qbuy.app/index.php(78): CodeIgniter\CodeIgniter->run()
#22 {main}

Next CodeIgniter\Database\Exceptions\DatabaseException: No such file or directory in /var/www/company.qbuy.app/system/Database/MySQLi/Connection.php:218
Stack trace:
#0 /var/www/company.qbuy.app/system/Database/BaseConnection.php(391): CodeIgniter\Database\MySQLi\Connection->connect()
#1 /var/www/company.qbuy.app/system/Session/Handlers/DatabaseHandler.php(109): CodeIgniter\Database\BaseConnection->initialize()
#2 [internal function]: CodeIgniter\Session\Handlers\DatabaseHandler->open()
#3 /var/www/company.qbuy.app/system/Session/Session.php(920): session_start()
#4 /var/www/company.qbuy.app/system/Session/Session.php(250): CodeIgniter\Session\Session->startSession()
#5 /var/www/company.qbuy.app/system/Config/Services.php(674): CodeIgniter\Session\Session->start()
#6 /var/www/company.qbuy.app/system/Config/BaseService.php(252): CodeIgniter\Config\Services::session()
#7 /var/www/company.qbuy.app/system/Config/BaseService.php(193): CodeIgniter\Config\BaseService::__callStatic()
#8 /var/www/company.qbuy.app/system/Config/Services.php(641): CodeIgniter\Config\BaseService::getSharedInstance()
#9 /var/www/company.qbuy.app/system/Config/BaseService.php(252): CodeIgniter\Config\Services::session()
#10 /var/www/company.qbuy.app/app/Config/Globals.php(29): CodeIgniter\Config\BaseService::__callStatic()
#11 /var/www/company.qbuy.app/app/Config/Globals.php(120): Config\Globals::setGlobals()
#12 /var/www/company.qbuy.app/system/Autoloader/Autoloader.php(312): include_once('...')
#13 /var/www/company.qbuy.app/system/Autoloader/Autoloader.php(289): CodeIgniter\Autoloader\Autoloader->includeFile()
#14 /var/www/company.qbuy.app/system/Autoloader/Autoloader.php(267): CodeIgniter\Autoloader\Autoloader->loadInNamespace()
#15 /var/www/company.qbuy.app/app/Config/Routes.php(7): CodeIgniter\Autoloader\Autoloader->loadClass()
#16 /var/www/company.qbuy.app/system/Router/RouteCollection.php(267): require('...')
#17 /var/www/company.qbuy.app/system/CodeIgniter.php(800): CodeIgniter\Router\RouteCollection->loadRoutes()
#18 /var/www/company.qbuy.app/system/CodeIgniter.php(447): CodeIgniter\CodeIgniter->tryToRouteIt()
#19 /var/www/company.qbuy.app/system/CodeIgniter.php(366): CodeIgniter\CodeIgniter->handleRequest()
#20 /var/www/company.qbuy.app/index.php(78): CodeIgniter\CodeIgniter->run()
#21 {main}
CRITICAL - 2024-07-17 07:27:49 --> Unable to connect to the database.
Main connection [MySQLi]: No such file or directory
in SYSTEMPATH/Database/BaseConnection.php on line 427.
 1 SYSTEMPATH/Session/Handlers/DatabaseHandler.php(109): CodeIgniter\Database\BaseConnection->initialize()
 2 [internal function]: CodeIgniter\Session\Handlers\DatabaseHandler->open()
 3 SYSTEMPATH/Session/Session.php(920): session_start()
 4 SYSTEMPATH/Session/Session.php(250): CodeIgniter\Session\Session->startSession()
 5 SYSTEMPATH/Config/Services.php(674): CodeIgniter\Session\Session->start()
 6 SYSTEMPATH/Config/BaseService.php(252): CodeIgniter\Config\Services::session()
 7 SYSTEMPATH/Config/BaseService.php(193): CodeIgniter\Config\BaseService::__callStatic()
 8 SYSTEMPATH/Config/Services.php(641): CodeIgniter\Config\BaseService::getSharedInstance()
 9 SYSTEMPATH/Config/BaseService.php(252): CodeIgniter\Config\Services::session()
10 APPPATH/Config/Globals.php(29): CodeIgniter\Config\BaseService::__callStatic()
11 APPPATH/Config/Globals.php(120): Config\Globals::setGlobals()
12 SYSTEMPATH/Autoloader/Autoloader.php(312): include_once('/var/www/company.qbuy.app/app/Config/Globals.php')
13 SYSTEMPATH/Autoloader/Autoloader.php(289): CodeIgniter\Autoloader\Autoloader->includeFile()
14 SYSTEMPATH/Autoloader/Autoloader.php(267): CodeIgniter\Autoloader\Autoloader->loadInNamespace()
15 APPPATH/Config/Routes.php(7): CodeIgniter\Autoloader\Autoloader->loadClass()
16 SYSTEMPATH/Router/RouteCollection.php(267): require('/var/www/company.qbuy.app/app/Config/Routes.php')
17 SYSTEMPATH/CodeIgniter.php(800): CodeIgniter\Router\RouteCollection->loadRoutes()
18 SYSTEMPATH/CodeIgniter.php(447): CodeIgniter\CodeIgniter->tryToRouteIt()
19 SYSTEMPATH/CodeIgniter.php(366): CodeIgniter\CodeIgniter->handleRequest()
20 FCPATH/index.php(78): CodeIgniter\CodeIgniter->run()
ERROR - 2024-07-17 07:27:50 --> Error connecting to the database: mysqli_sql_exception: No such file or directory in /var/www/company.qbuy.app/system/Database/MySQLi/Connection.php:173
Stack trace:
#0 /var/www/company.qbuy.app/system/Database/MySQLi/Connection.php(173): mysqli->real_connect()
#1 /var/www/company.qbuy.app/system/Database/BaseConnection.php(391): CodeIgniter\Database\MySQLi\Connection->connect()
#2 /var/www/company.qbuy.app/system/Session/Handlers/DatabaseHandler.php(109): CodeIgniter\Database\BaseConnection->initialize()
#3 [internal function]: CodeIgniter\Session\Handlers\DatabaseHandler->open()
#4 /var/www/company.qbuy.app/system/Session/Session.php(920): session_start()
#5 /var/www/company.qbuy.app/system/Session/Session.php(250): CodeIgniter\Session\Session->startSession()
#6 /var/www/company.qbuy.app/system/Config/Services.php(674): CodeIgniter\Session\Session->start()
#7 /var/www/company.qbuy.app/system/Config/BaseService.php(252): CodeIgniter\Config\Services::session()
#8 /var/www/company.qbuy.app/system/Config/BaseService.php(193): CodeIgniter\Config\BaseService::__callStatic()
#9 /var/www/company.qbuy.app/system/Config/Services.php(641): CodeIgniter\Config\BaseService::getSharedInstance()
#10 /var/www/company.qbuy.app/system/Config/BaseService.php(252): CodeIgniter\Config\Services::session()
#11 /var/www/company.qbuy.app/app/Config/Globals.php(29): CodeIgniter\Config\BaseService::__callStatic()
#12 /var/www/company.qbuy.app/app/Config/Globals.php(120): Config\Globals::setGlobals()
#13 /var/www/company.qbuy.app/system/Autoloader/Autoloader.php(312): include_once('...')
#14 /var/www/company.qbuy.app/system/Autoloader/Autoloader.php(289): CodeIgniter\Autoloader\Autoloader->includeFile()
#15 /var/www/company.qbuy.app/system/Autoloader/Autoloader.php(267): CodeIgniter\Autoloader\Autoloader->loadInNamespace()
#16 /var/www/company.qbuy.app/app/Config/Routes.php(7): CodeIgniter\Autoloader\Autoloader->loadClass()
#17 /var/www/company.qbuy.app/system/Router/RouteCollection.php(267): require('...')
#18 /var/www/company.qbuy.app/system/CodeIgniter.php(800): CodeIgniter\Router\RouteCollection->loadRoutes()
#19 /var/www/company.qbuy.app/system/CodeIgniter.php(447): CodeIgniter\CodeIgniter->tryToRouteIt()
#20 /var/www/company.qbuy.app/system/CodeIgniter.php(366): CodeIgniter\CodeIgniter->handleRequest()
#21 /var/www/company.qbuy.app/index.php(78): CodeIgniter\CodeIgniter->run()
#22 {main}

Next CodeIgniter\Database\Exceptions\DatabaseException: No such file or directory in /var/www/company.qbuy.app/system/Database/MySQLi/Connection.php:218
Stack trace:
#0 /var/www/company.qbuy.app/system/Database/BaseConnection.php(391): CodeIgniter\Database\MySQLi\Connection->connect()
#1 /var/www/company.qbuy.app/system/Session/Handlers/DatabaseHandler.php(109): CodeIgniter\Database\BaseConnection->initialize()
#2 [internal function]: CodeIgniter\Session\Handlers\DatabaseHandler->open()
#3 /var/www/company.qbuy.app/system/Session/Session.php(920): session_start()
#4 /var/www/company.qbuy.app/system/Session/Session.php(250): CodeIgniter\Session\Session->startSession()
#5 /var/www/company.qbuy.app/system/Config/Services.php(674): CodeIgniter\Session\Session->start()
#6 /var/www/company.qbuy.app/system/Config/BaseService.php(252): CodeIgniter\Config\Services::session()
#7 /var/www/company.qbuy.app/system/Config/BaseService.php(193): CodeIgniter\Config\BaseService::__callStatic()
#8 /var/www/company.qbuy.app/system/Config/Services.php(641): CodeIgniter\Config\BaseService::getSharedInstance()
#9 /var/www/company.qbuy.app/system/Config/BaseService.php(252): CodeIgniter\Config\Services::session()
#10 /var/www/company.qbuy.app/app/Config/Globals.php(29): CodeIgniter\Config\BaseService::__callStatic()
#11 /var/www/company.qbuy.app/app/Config/Globals.php(120): Config\Globals::setGlobals()
#12 /var/www/company.qbuy.app/system/Autoloader/Autoloader.php(312): include_once('...')
#13 /var/www/company.qbuy.app/system/Autoloader/Autoloader.php(289): CodeIgniter\Autoloader\Autoloader->includeFile()
#14 /var/www/company.qbuy.app/system/Autoloader/Autoloader.php(267): CodeIgniter\Autoloader\Autoloader->loadInNamespace()
#15 /var/www/company.qbuy.app/app/Config/Routes.php(7): CodeIgniter\Autoloader\Autoloader->loadClass()
#16 /var/www/company.qbuy.app/system/Router/RouteCollection.php(267): require('...')
#17 /var/www/company.qbuy.app/system/CodeIgniter.php(800): CodeIgniter\Router\RouteCollection->loadRoutes()
#18 /var/www/company.qbuy.app/system/CodeIgniter.php(447): CodeIgniter\CodeIgniter->tryToRouteIt()
#19 /var/www/company.qbuy.app/system/CodeIgniter.php(366): CodeIgniter\CodeIgniter->handleRequest()
#20 /var/www/company.qbuy.app/index.php(78): CodeIgniter\CodeIgniter->run()
#21 {main}
CRITICAL - 2024-07-17 07:27:50 --> Unable to connect to the database.
Main connection [MySQLi]: No such file or directory
in SYSTEMPATH/Database/BaseConnection.php on line 427.
 1 SYSTEMPATH/Session/Handlers/DatabaseHandler.php(109): CodeIgniter\Database\BaseConnection->initialize()
 2 [internal function]: CodeIgniter\Session\Handlers\DatabaseHandler->open()
 3 SYSTEMPATH/Session/Session.php(920): session_start()
 4 SYSTEMPATH/Session/Session.php(250): CodeIgniter\Session\Session->startSession()
 5 SYSTEMPATH/Config/Services.php(674): CodeIgniter\Session\Session->start()
 6 SYSTEMPATH/Config/BaseService.php(252): CodeIgniter\Config\Services::session()
 7 SYSTEMPATH/Config/BaseService.php(193): CodeIgniter\Config\BaseService::__callStatic()
 8 SYSTEMPATH/Config/Services.php(641): CodeIgniter\Config\BaseService::getSharedInstance()
 9 SYSTEMPATH/Config/BaseService.php(252): CodeIgniter\Config\Services::session()
10 APPPATH/Config/Globals.php(29): CodeIgniter\Config\BaseService::__callStatic()
11 APPPATH/Config/Globals.php(120): Config\Globals::setGlobals()
12 SYSTEMPATH/Autoloader/Autoloader.php(312): include_once('/var/www/company.qbuy.app/app/Config/Globals.php')
13 SYSTEMPATH/Autoloader/Autoloader.php(289): CodeIgniter\Autoloader\Autoloader->includeFile()
14 SYSTEMPATH/Autoloader/Autoloader.php(267): CodeIgniter\Autoloader\Autoloader->loadInNamespace()
15 APPPATH/Config/Routes.php(7): CodeIgniter\Autoloader\Autoloader->loadClass()
16 SYSTEMPATH/Router/RouteCollection.php(267): require('/var/www/company.qbuy.app/app/Config/Routes.php')
17 SYSTEMPATH/CodeIgniter.php(800): CodeIgniter\Router\RouteCollection->loadRoutes()
18 SYSTEMPATH/CodeIgniter.php(447): CodeIgniter\CodeIgniter->tryToRouteIt()
19 SYSTEMPATH/CodeIgniter.php(366): CodeIgniter\CodeIgniter->handleRequest()
20 FCPATH/index.php(78): CodeIgniter\CodeIgniter->run()
ERROR - 2024-07-17 07:27:51 --> Error connecting to the database: mysqli_sql_exception: No such file or directory in /var/www/company.qbuy.app/system/Database/MySQLi/Connection.php:173
Stack trace:
#0 /var/www/company.qbuy.app/system/Database/MySQLi/Connection.php(173): mysqli->real_connect()
#1 /var/www/company.qbuy.app/system/Database/BaseConnection.php(391): CodeIgniter\Database\MySQLi\Connection->connect()
#2 /var/www/company.qbuy.app/system/Session/Handlers/DatabaseHandler.php(109): CodeIgniter\Database\BaseConnection->initialize()
#3 [internal function]: CodeIgniter\Session\Handlers\DatabaseHandler->open()
#4 /var/www/company.qbuy.app/system/Session/Session.php(920): session_start()
#5 /var/www/company.qbuy.app/system/Session/Session.php(250): CodeIgniter\Session\Session->startSession()
#6 /var/www/company.qbuy.app/system/Config/Services.php(674): CodeIgniter\Session\Session->start()
#7 /var/www/company.qbuy.app/system/Config/BaseService.php(252): CodeIgniter\Config\Services::session()
#8 /var/www/company.qbuy.app/system/Config/BaseService.php(193): CodeIgniter\Config\BaseService::__callStatic()
#9 /var/www/company.qbuy.app/system/Config/Services.php(641): CodeIgniter\Config\BaseService::getSharedInstance()
#10 /var/www/company.qbuy.app/system/Config/BaseService.php(252): CodeIgniter\Config\Services::session()
#11 /var/www/company.qbuy.app/app/Config/Globals.php(29): CodeIgniter\Config\BaseService::__callStatic()
#12 /var/www/company.qbuy.app/app/Config/Globals.php(120): Config\Globals::setGlobals()
#13 /var/www/company.qbuy.app/system/Autoloader/Autoloader.php(312): include_once('...')
#14 /var/www/company.qbuy.app/system/Autoloader/Autoloader.php(289): CodeIgniter\Autoloader\Autoloader->includeFile()
#15 /var/www/company.qbuy.app/system/Autoloader/Autoloader.php(267): CodeIgniter\Autoloader\Autoloader->loadInNamespace()
#16 /var/www/company.qbuy.app/app/Config/Routes.php(7): CodeIgniter\Autoloader\Autoloader->loadClass()
#17 /var/www/company.qbuy.app/system/Router/RouteCollection.php(267): require('...')
#18 /var/www/company.qbuy.app/system/CodeIgniter.php(800): CodeIgniter\Router\RouteCollection->loadRoutes()
#19 /var/www/company.qbuy.app/system/CodeIgniter.php(447): CodeIgniter\CodeIgniter->tryToRouteIt()
#20 /var/www/company.qbuy.app/system/CodeIgniter.php(366): CodeIgniter\CodeIgniter->handleRequest()
#21 /var/www/company.qbuy.app/index.php(78): CodeIgniter\CodeIgniter->run()
#22 {main}

Next CodeIgniter\Database\Exceptions\DatabaseException: No such file or directory in /var/www/company.qbuy.app/system/Database/MySQLi/Connection.php:218
Stack trace:
#0 /var/www/company.qbuy.app/system/Database/BaseConnection.php(391): CodeIgniter\Database\MySQLi\Connection->connect()
#1 /var/www/company.qbuy.app/system/Session/Handlers/DatabaseHandler.php(109): CodeIgniter\Database\BaseConnection->initialize()
#2 [internal function]: CodeIgniter\Session\Handlers\DatabaseHandler->open()
#3 /var/www/company.qbuy.app/system/Session/Session.php(920): session_start()
#4 /var/www/company.qbuy.app/system/Session/Session.php(250): CodeIgniter\Session\Session->startSession()
#5 /var/www/company.qbuy.app/system/Config/Services.php(674): CodeIgniter\Session\Session->start()
#6 /var/www/company.qbuy.app/system/Config/BaseService.php(252): CodeIgniter\Config\Services::session()
#7 /var/www/company.qbuy.app/system/Config/BaseService.php(193): CodeIgniter\Config\BaseService::__callStatic()
#8 /var/www/company.qbuy.app/system/Config/Services.php(641): CodeIgniter\Config\BaseService::getSharedInstance()
#9 /var/www/company.qbuy.app/system/Config/BaseService.php(252): CodeIgniter\Config\Services::session()
#10 /var/www/company.qbuy.app/app/Config/Globals.php(29): CodeIgniter\Config\BaseService::__callStatic()
#11 /var/www/company.qbuy.app/app/Config/Globals.php(120): Config\Globals::setGlobals()
#12 /var/www/company.qbuy.app/system/Autoloader/Autoloader.php(312): include_once('...')
#13 /var/www/company.qbuy.app/system/Autoloader/Autoloader.php(289): CodeIgniter\Autoloader\Autoloader->includeFile()
#14 /var/www/company.qbuy.app/system/Autoloader/Autoloader.php(267): CodeIgniter\Autoloader\Autoloader->loadInNamespace()
#15 /var/www/company.qbuy.app/app/Config/Routes.php(7): CodeIgniter\Autoloader\Autoloader->loadClass()
#16 /var/www/company.qbuy.app/system/Router/RouteCollection.php(267): require('...')
#17 /var/www/company.qbuy.app/system/CodeIgniter.php(800): CodeIgniter\Router\RouteCollection->loadRoutes()
#18 /var/www/company.qbuy.app/system/CodeIgniter.php(447): CodeIgniter\CodeIgniter->tryToRouteIt()
#19 /var/www/company.qbuy.app/system/CodeIgniter.php(366): CodeIgniter\CodeIgniter->handleRequest()
#20 /var/www/company.qbuy.app/index.php(78): CodeIgniter\CodeIgniter->run()
#21 {main}
CRITICAL - 2024-07-17 07:27:51 --> Unable to connect to the database.
Main connection [MySQLi]: No such file or directory
in SYSTEMPATH/Database/BaseConnection.php on line 427.
 1 SYSTEMPATH/Session/Handlers/DatabaseHandler.php(109): CodeIgniter\Database\BaseConnection->initialize()
 2 [internal function]: CodeIgniter\Session\Handlers\DatabaseHandler->open()
 3 SYSTEMPATH/Session/Session.php(920): session_start()
 4 SYSTEMPATH/Session/Session.php(250): CodeIgniter\Session\Session->startSession()
 5 SYSTEMPATH/Config/Services.php(674): CodeIgniter\Session\Session->start()
 6 SYSTEMPATH/Config/BaseService.php(252): CodeIgniter\Config\Services::session()
 7 SYSTEMPATH/Config/BaseService.php(193): CodeIgniter\Config\BaseService::__callStatic()
 8 SYSTEMPATH/Config/Services.php(641): CodeIgniter\Config\BaseService::getSharedInstance()
 9 SYSTEMPATH/Config/BaseService.php(252): CodeIgniter\Config\Services::session()
10 APPPATH/Config/Globals.php(29): CodeIgniter\Config\BaseService::__callStatic()
11 APPPATH/Config/Globals.php(120): Config\Globals::setGlobals()
12 SYSTEMPATH/Autoloader/Autoloader.php(312): include_once('/var/www/company.qbuy.app/app/Config/Globals.php')
13 SYSTEMPATH/Autoloader/Autoloader.php(289): CodeIgniter\Autoloader\Autoloader->includeFile()
14 SYSTEMPATH/Autoloader/Autoloader.php(267): CodeIgniter\Autoloader\Autoloader->loadInNamespace()
15 APPPATH/Config/Routes.php(7): CodeIgniter\Autoloader\Autoloader->loadClass()
16 SYSTEMPATH/Router/RouteCollection.php(267): require('/var/www/company.qbuy.app/app/Config/Routes.php')
17 SYSTEMPATH/CodeIgniter.php(800): CodeIgniter\Router\RouteCollection->loadRoutes()
18 SYSTEMPATH/CodeIgniter.php(447): CodeIgniter\CodeIgniter->tryToRouteIt()
19 SYSTEMPATH/CodeIgniter.php(366): CodeIgniter\CodeIgniter->handleRequest()
20 FCPATH/index.php(78): CodeIgniter\CodeIgniter->run()
ERROR - 2024-07-17 07:27:52 --> Error connecting to the database: mysqli_sql_exception: No such file or directory in /var/www/company.qbuy.app/system/Database/MySQLi/Connection.php:173
Stack trace:
#0 /var/www/company.qbuy.app/system/Database/MySQLi/Connection.php(173): mysqli->real_connect()
#1 /var/www/company.qbuy.app/system/Database/BaseConnection.php(391): CodeIgniter\Database\MySQLi\Connection->connect()
#2 /var/www/company.qbuy.app/system/Session/Handlers/DatabaseHandler.php(109): CodeIgniter\Database\BaseConnection->initialize()
#3 [internal function]: CodeIgniter\Session\Handlers\DatabaseHandler->open()
#4 /var/www/company.qbuy.app/system/Session/Session.php(920): session_start()
#5 /var/www/company.qbuy.app/system/Session/Session.php(250): CodeIgniter\Session\Session->startSession()
#6 /var/www/company.qbuy.app/system/Config/Services.php(674): CodeIgniter\Session\Session->start()
#7 /var/www/company.qbuy.app/system/Config/BaseService.php(252): CodeIgniter\Config\Services::session()
#8 /var/www/company.qbuy.app/system/Config/BaseService.php(193): CodeIgniter\Config\BaseService::__callStatic()
#9 /var/www/company.qbuy.app/system/Config/Services.php(641): CodeIgniter\Config\BaseService::getSharedInstance()
#10 /var/www/company.qbuy.app/system/Config/BaseService.php(252): CodeIgniter\Config\Services::session()
#11 /var/www/company.qbuy.app/app/Config/Globals.php(29): CodeIgniter\Config\BaseService::__callStatic()
#12 /var/www/company.qbuy.app/app/Config/Globals.php(120): Config\Globals::setGlobals()
#13 /var/www/company.qbuy.app/system/Autoloader/Autoloader.php(312): include_once('...')
#14 /var/www/company.qbuy.app/system/Autoloader/Autoloader.php(289): CodeIgniter\Autoloader\Autoloader->includeFile()
#15 /var/www/company.qbuy.app/system/Autoloader/Autoloader.php(267): CodeIgniter\Autoloader\Autoloader->loadInNamespace()
#16 /var/www/company.qbuy.app/app/Config/Routes.php(7): CodeIgniter\Autoloader\Autoloader->loadClass()
#17 /var/www/company.qbuy.app/system/Router/RouteCollection.php(267): require('...')
#18 /var/www/company.qbuy.app/system/CodeIgniter.php(800): CodeIgniter\Router\RouteCollection->loadRoutes()
#19 /var/www/company.qbuy.app/system/CodeIgniter.php(447): CodeIgniter\CodeIgniter->tryToRouteIt()
#20 /var/www/company.qbuy.app/system/CodeIgniter.php(366): CodeIgniter\CodeIgniter->handleRequest()
#21 /var/www/company.qbuy.app/index.php(78): CodeIgniter\CodeIgniter->run()
#22 {main}

Next CodeIgniter\Database\Exceptions\DatabaseException: No such file or directory in /var/www/company.qbuy.app/system/Database/MySQLi/Connection.php:218
Stack trace:
#0 /var/www/company.qbuy.app/system/Database/BaseConnection.php(391): CodeIgniter\Database\MySQLi\Connection->connect()
#1 /var/www/company.qbuy.app/system/Session/Handlers/DatabaseHandler.php(109): CodeIgniter\Database\BaseConnection->initialize()
#2 [internal function]: CodeIgniter\Session\Handlers\DatabaseHandler->open()
#3 /var/www/company.qbuy.app/system/Session/Session.php(920): session_start()
#4 /var/www/company.qbuy.app/system/Session/Session.php(250): CodeIgniter\Session\Session->startSession()
#5 /var/www/company.qbuy.app/system/Config/Services.php(674): CodeIgniter\Session\Session->start()
#6 /var/www/company.qbuy.app/system/Config/BaseService.php(252): CodeIgniter\Config\Services::session()
#7 /var/www/company.qbuy.app/system/Config/BaseService.php(193): CodeIgniter\Config\BaseService::__callStatic()
#8 /var/www/company.qbuy.app/system/Config/Services.php(641): CodeIgniter\Config\BaseService::getSharedInstance()
#9 /var/www/company.qbuy.app/system/Config/BaseService.php(252): CodeIgniter\Config\Services::session()
#10 /var/www/company.qbuy.app/app/Config/Globals.php(29): CodeIgniter\Config\BaseService::__callStatic()
#11 /var/www/company.qbuy.app/app/Config/Globals.php(120): Config\Globals::setGlobals()
#12 /var/www/company.qbuy.app/system/Autoloader/Autoloader.php(312): include_once('...')
#13 /var/www/company.qbuy.app/system/Autoloader/Autoloader.php(289): CodeIgniter\Autoloader\Autoloader->includeFile()
#14 /var/www/company.qbuy.app/system/Autoloader/Autoloader.php(267): CodeIgniter\Autoloader\Autoloader->loadInNamespace()
#15 /var/www/company.qbuy.app/app/Config/Routes.php(7): CodeIgniter\Autoloader\Autoloader->loadClass()
#16 /var/www/company.qbuy.app/system/Router/RouteCollection.php(267): require('...')
#17 /var/www/company.qbuy.app/system/CodeIgniter.php(800): CodeIgniter\Router\RouteCollection->loadRoutes()
#18 /var/www/company.qbuy.app/system/CodeIgniter.php(447): CodeIgniter\CodeIgniter->tryToRouteIt()
#19 /var/www/company.qbuy.app/system/CodeIgniter.php(366): CodeIgniter\CodeIgniter->handleRequest()
#20 /var/www/company.qbuy.app/index.php(78): CodeIgniter\CodeIgniter->run()
#21 {main}
CRITICAL - 2024-07-17 07:27:52 --> Unable to connect to the database.
Main connection [MySQLi]: No such file or directory
in SYSTEMPATH/Database/BaseConnection.php on line 427.
 1 SYSTEMPATH/Session/Handlers/DatabaseHandler.php(109): CodeIgniter\Database\BaseConnection->initialize()
 2 [internal function]: CodeIgniter\Session\Handlers\DatabaseHandler->open()
 3 SYSTEMPATH/Session/Session.php(920): session_start()
 4 SYSTEMPATH/Session/Session.php(250): CodeIgniter\Session\Session->startSession()
 5 SYSTEMPATH/Config/Services.php(674): CodeIgniter\Session\Session->start()
 6 SYSTEMPATH/Config/BaseService.php(252): CodeIgniter\Config\Services::session()
 7 SYSTEMPATH/Config/BaseService.php(193): CodeIgniter\Config\BaseService::__callStatic()
 8 SYSTEMPATH/Config/Services.php(641): CodeIgniter\Config\BaseService::getSharedInstance()
 9 SYSTEMPATH/Config/BaseService.php(252): CodeIgniter\Config\Services::session()
10 APPPATH/Config/Globals.php(29): CodeIgniter\Config\BaseService::__callStatic()
11 APPPATH/Config/Globals.php(120): Config\Globals::setGlobals()
12 SYSTEMPATH/Autoloader/Autoloader.php(312): include_once('/var/www/company.qbuy.app/app/Config/Globals.php')
13 SYSTEMPATH/Autoloader/Autoloader.php(289): CodeIgniter\Autoloader\Autoloader->includeFile()
14 SYSTEMPATH/Autoloader/Autoloader.php(267): CodeIgniter\Autoloader\Autoloader->loadInNamespace()
15 APPPATH/Config/Routes.php(7): CodeIgniter\Autoloader\Autoloader->loadClass()
16 SYSTEMPATH/Router/RouteCollection.php(267): require('/var/www/company.qbuy.app/app/Config/Routes.php')
17 SYSTEMPATH/CodeIgniter.php(800): CodeIgniter\Router\RouteCollection->loadRoutes()
18 SYSTEMPATH/CodeIgniter.php(447): CodeIgniter\CodeIgniter->tryToRouteIt()
19 SYSTEMPATH/CodeIgniter.php(366): CodeIgniter\CodeIgniter->handleRequest()
20 FCPATH/index.php(78): CodeIgniter\CodeIgniter->run()
INFO - 2024-07-17 07:28:00 --> Session: Class initialized using 'CodeIgniter\Session\Handlers\DatabaseHandler' driver.
INFO - 2024-07-17 07:33:27 --> Session: Class initialized using 'CodeIgniter\Session\Handlers\DatabaseHandler' driver.
INFO - 2024-07-17 07:33:47 --> Session: Class initialized using 'CodeIgniter\Session\Handlers\DatabaseHandler' driver.
INFO - 2024-07-17 07:33:58 --> Session: Class initialized using 'CodeIgniter\Session\Handlers\DatabaseHandler' driver.
INFO - 2024-07-17 07:40:26 --> Session: Class initialized using 'CodeIgniter\Session\Handlers\DatabaseHandler' driver.
INFO - 2024-07-17 07:41:00 --> Session: Class initialized using 'CodeIgniter\Session\Handlers\DatabaseHandler' driver.
INFO - 2024-07-17 08:00:04 --> Session: Class initialized using 'CodeIgniter\Session\Handlers\DatabaseHandler' driver.
INFO - 2024-07-17 08:05:13 --> Session: Class initialized using 'CodeIgniter\Session\Handlers\DatabaseHandler' driver.
INFO - 2024-07-17 08:17:03 --> Session: Class initialized using 'CodeIgniter\Session\Handlers\DatabaseHandler' driver.
INFO - 2024-07-17 08:26:03 --> Session: Class initialized using 'CodeIgniter\Session\Handlers\DatabaseHandler' driver.
INFO - 2024-07-17 08:29:39 --> Session: Class initialized using 'CodeIgniter\Session\Handlers\DatabaseHandler' driver.
INFO - 2024-07-17 08:32:30 --> Session: Class initialized using 'CodeIgniter\Session\Handlers\DatabaseHandler' driver.
INFO - 2024-07-17 09:04:17 --> Session: Class initialized using 'CodeIgniter\Session\Handlers\DatabaseHandler' driver.
INFO - 2024-07-17 09:15:32 --> Session: Class initialized using 'CodeIgniter\Session\Handlers\DatabaseHandler' driver.
INFO - 2024-07-17 09:24:34 --> Session: Class initialized using 'CodeIgniter\Session\Handlers\DatabaseHandler' driver.
INFO - 2024-07-17 09:26:51 --> Session: Class initialized using 'CodeIgniter\Session\Handlers\DatabaseHandler' driver.
INFO - 2024-07-17 09:39:08 --> Session: Class initialized using 'CodeIgniter\Session\Handlers\DatabaseHandler' driver.
INFO - 2024-07-17 09:51:36 --> Session: Class initialized using 'CodeIgniter\Session\Handlers\DatabaseHandler' driver.
INFO - 2024-07-17 09:52:01 --> Session: Class initialized using 'CodeIgniter\Session\Handlers\DatabaseHandler' driver.
INFO - 2024-07-17 09:52:12 --> Session: Class initialized using 'CodeIgniter\Session\Handlers\DatabaseHandler' driver.
INFO - 2024-07-17 10:06:53 --> Session: Class initialized using 'CodeIgniter\Session\Handlers\DatabaseHandler' driver.
INFO - 2024-07-17 10:07:01 --> Session: Class initialized using 'CodeIgniter\Session\Handlers\DatabaseHandler' driver.
INFO - 2024-07-17 10:13:01 --> Session: Class initialized using 'CodeIgniter\Session\Handlers\DatabaseHandler' driver.
INFO - 2024-07-17 10:14:47 --> Session: Class initialized using 'CodeIgniter\Session\Handlers\DatabaseHandler' driver.
INFO - 2024-07-17 10:14:49 --> Session: Class initialized using 'CodeIgniter\Session\Handlers\DatabaseHandler' driver.
INFO - 2024-07-17 10:14:50 --> Session: Class initialized using 'CodeIgniter\Session\Handlers\DatabaseHandler' driver.
INFO - 2024-07-17 10:14:51 --> Session: Class initialized using 'CodeIgniter\Session\Handlers\DatabaseHandler' driver.
INFO - 2024-07-17 10:25:21 --> Session: Class initialized using 'CodeIgniter\Session\Handlers\DatabaseHandler' driver.
INFO - 2024-07-17 10:33:19 --> Session: Class initialized using 'CodeIgniter\Session\Handlers\DatabaseHandler' driver.
INFO - 2024-07-17 10:52:15 --> Session: Class initialized using 'CodeIgniter\Session\Handlers\DatabaseHandler' driver.
INFO - 2024-07-17 11:03:08 --> Session: Class initialized using 'CodeIgniter\Session\Handlers\DatabaseHandler' driver.
INFO - 2024-07-17 11:15:41 --> Session: Class initialized using 'CodeIgniter\Session\Handlers\DatabaseHandler' driver.
INFO - 2024-07-17 11:17:41 --> Session: Class initialized using 'CodeIgniter\Session\Handlers\DatabaseHandler' driver.
INFO - 2024-07-17 11:25:43 --> Session: Class initialized using 'CodeIgniter\Session\Handlers\DatabaseHandler' driver.
INFO - 2024-07-17 11:46:20 --> Session: Class initialized using 'CodeIgniter\Session\Handlers\DatabaseHandler' driver.
INFO - 2024-07-17 11:49:55 --> Session: Class initialized using 'CodeIgniter\Session\Handlers\DatabaseHandler' driver.
INFO - 2024-07-17 11:52:19 --> Session: Class initialized using 'CodeIgniter\Session\Handlers\DatabaseHandler' driver.
INFO - 2024-07-17 11:53:11 --> Session: Class initialized using 'CodeIgniter\Session\Handlers\DatabaseHandler' driver.
INFO - 2024-07-17 12:11:20 --> Session: Class initialized using 'CodeIgniter\Session\Handlers\DatabaseHandler' driver.
INFO - 2024-07-17 12:11:46 --> Session: Class initialized using 'CodeIgniter\Session\Handlers\DatabaseHandler' driver.
INFO - 2024-07-17 12:18:21 --> Session: Class initialized using 'CodeIgniter\Session\Handlers\DatabaseHandler' driver.
INFO - 2024-07-17 12:25:31 --> Session: Class initialized using 'CodeIgniter\Session\Handlers\DatabaseHandler' driver.
INFO - 2024-07-17 12:26:28 --> Session: Class initialized using 'CodeIgniter\Session\Handlers\DatabaseHandler' driver.
INFO - 2024-07-17 12:26:57 --> Session: Class initialized using 'CodeIgniter\Session\Handlers\DatabaseHandler' driver.
INFO - 2024-07-17 12:29:10 --> Session: Class initialized using 'CodeIgniter\Session\Handlers\DatabaseHandler' driver.
INFO - 2024-07-17 12:44:43 --> Session: Class initialized using 'CodeIgniter\Session\Handlers\DatabaseHandler' driver.
