CRITICAL - 2024-06-10 08:52:07 --> Undefined property: CodeIgniter\Database\MySQLi\Result::$name
in APPPATH/Views/themes/news/partials/_main_slider.php on line 175.
 1 APPPATH/Views/themes/news/partials/_main_slider.php(175): CodeIgniter\Debug\Exceptions->errorHandler()
 2 SYSTEMPATH/View/View.php(224): include('/var/www/company.qbuy.app/app/Views/themes/news/partials/_main_slider.php')
 3 SYSTEMPATH/View/View.php(227): CodeIgniter\View\View->CodeIgniter\View\{closure}()
 4 SYSTEMPATH/Common.php(1180): CodeIgniter\View\View->render()
 5 APPPATH/Views/themes/magazine/index.php(30): view()
 6 SYSTEMPATH/View/View.php(224): include('/var/www/company.qbuy.app/app/Views/themes/magazine/index.php')
 7 SYSTEMPATH/View/View.php(227): CodeIgniter\View\View->CodeIgniter\View\{closure}()
 8 SYSTEMPATH/Common.php(1180): CodeIgniter\View\View->render()
 9 APPPATH/Common.php(91): view()
10 APPPATH/Controllers/HomeController.php(53): loadView()
11 SYSTEMPATH/CodeIgniter.php(932): App\Controllers\HomeController->index()
12 SYSTEMPATH/CodeIgniter.php(497): CodeIgniter\CodeIgniter->runController()
13 SYSTEMPATH/CodeIgniter.php(366): CodeIgniter\CodeIgniter->handleRequest()
14 FCPATH/index.php(78): CodeIgniter\CodeIgniter->run()
CRITICAL - 2024-06-10 08:54:04 --> Attempt to read property "name" on array
in APPPATH/Views/themes/news/partials/_main_slider.php on line 175.
 1 APPPATH/Views/themes/news/partials/_main_slider.php(175): CodeIgniter\Debug\Exceptions->errorHandler()
 2 SYSTEMPATH/View/View.php(224): include('/var/www/company.qbuy.app/app/Views/themes/news/partials/_main_slider.php')
 3 SYSTEMPATH/View/View.php(227): CodeIgniter\View\View->CodeIgniter\View\{closure}()
 4 SYSTEMPATH/Common.php(1180): CodeIgniter\View\View->render()
 5 APPPATH/Views/themes/magazine/index.php(30): view()
 6 SYSTEMPATH/View/View.php(224): include('/var/www/company.qbuy.app/app/Views/themes/magazine/index.php')
 7 SYSTEMPATH/View/View.php(227): CodeIgniter\View\View->CodeIgniter\View\{closure}()
 8 SYSTEMPATH/Common.php(1180): CodeIgniter\View\View->render()
 9 APPPATH/Common.php(91): view()
10 APPPATH/Controllers/HomeController.php(53): loadView()
11 SYSTEMPATH/CodeIgniter.php(932): App\Controllers\HomeController->index()
12 SYSTEMPATH/CodeIgniter.php(497): CodeIgniter\CodeIgniter->runController()
13 SYSTEMPATH/CodeIgniter.php(366): CodeIgniter\CodeIgniter->handleRequest()
14 FCPATH/index.php(78): CodeIgniter\CodeIgniter->run()
CRITICAL - 2024-06-10 08:54:43 --> Attempt to read property "name" on array
in APPPATH/Views/themes/news/partials/_main_slider.php on line 175.
 1 APPPATH/Views/themes/news/partials/_main_slider.php(175): CodeIgniter\Debug\Exceptions->errorHandler()
 2 SYSTEMPATH/View/View.php(224): include('/var/www/company.qbuy.app/app/Views/themes/news/partials/_main_slider.php')
 3 SYSTEMPATH/View/View.php(227): CodeIgniter\View\View->CodeIgniter\View\{closure}()
 4 SYSTEMPATH/Common.php(1180): CodeIgniter\View\View->render()
 5 APPPATH/Views/themes/magazine/index.php(30): view()
 6 SYSTEMPATH/View/View.php(224): include('/var/www/company.qbuy.app/app/Views/themes/magazine/index.php')
 7 SYSTEMPATH/View/View.php(227): CodeIgniter\View\View->CodeIgniter\View\{closure}()
 8 SYSTEMPATH/Common.php(1180): CodeIgniter\View\View->render()
 9 APPPATH/Common.php(91): view()
10 APPPATH/Controllers/HomeController.php(53): loadView()
11 SYSTEMPATH/CodeIgniter.php(932): App\Controllers\HomeController->index()
12 SYSTEMPATH/CodeIgniter.php(497): CodeIgniter\CodeIgniter->runController()
13 SYSTEMPATH/CodeIgniter.php(366): CodeIgniter\CodeIgniter->handleRequest()
14 FCPATH/index.php(78): CodeIgniter\CodeIgniter->run()
CRITICAL - 2024-06-10 08:55:16 --> Attempt to read property "name" on array
in APPPATH/Views/themes/news/partials/_main_slider.php on line 175.
 1 APPPATH/Views/themes/news/partials/_main_slider.php(175): CodeIgniter\Debug\Exceptions->errorHandler()
 2 SYSTEMPATH/View/View.php(224): include('/var/www/company.qbuy.app/app/Views/themes/news/partials/_main_slider.php')
 3 SYSTEMPATH/View/View.php(227): CodeIgniter\View\View->CodeIgniter\View\{closure}()
 4 SYSTEMPATH/Common.php(1180): CodeIgniter\View\View->render()
 5 APPPATH/Views/themes/magazine/index.php(30): view()
 6 SYSTEMPATH/View/View.php(224): include('/var/www/company.qbuy.app/app/Views/themes/magazine/index.php')
 7 SYSTEMPATH/View/View.php(227): CodeIgniter\View\View->CodeIgniter\View\{closure}()
 8 SYSTEMPATH/Common.php(1180): CodeIgniter\View\View->render()
 9 APPPATH/Common.php(91): view()
10 APPPATH/Controllers/HomeController.php(53): loadView()
11 SYSTEMPATH/CodeIgniter.php(932): App\Controllers\HomeController->index()
12 SYSTEMPATH/CodeIgniter.php(497): CodeIgniter\CodeIgniter->runController()
13 SYSTEMPATH/CodeIgniter.php(366): CodeIgniter\CodeIgniter->handleRequest()
14 FCPATH/index.php(78): CodeIgniter\CodeIgniter->run()
CRITICAL - 2024-06-10 08:57:07 --> Attempt to read property "name" on null
in APPPATH/Views/themes/news/partials/_main_slider.php on line 175.
 1 APPPATH/Views/themes/news/partials/_main_slider.php(175): CodeIgniter\Debug\Exceptions->errorHandler()
 2 SYSTEMPATH/View/View.php(224): include('/var/www/company.qbuy.app/app/Views/themes/news/partials/_main_slider.php')
 3 SYSTEMPATH/View/View.php(227): CodeIgniter\View\View->CodeIgniter\View\{closure}()
 4 SYSTEMPATH/Common.php(1180): CodeIgniter\View\View->render()
 5 APPPATH/Views/themes/magazine/index.php(30): view()
 6 SYSTEMPATH/View/View.php(224): include('/var/www/company.qbuy.app/app/Views/themes/magazine/index.php')
 7 SYSTEMPATH/View/View.php(227): CodeIgniter\View\View->CodeIgniter\View\{closure}()
 8 SYSTEMPATH/Common.php(1180): CodeIgniter\View\View->render()
 9 APPPATH/Common.php(91): view()
10 APPPATH/Controllers/HomeController.php(53): loadView()
11 SYSTEMPATH/CodeIgniter.php(932): App\Controllers\HomeController->index()
12 SYSTEMPATH/CodeIgniter.php(497): CodeIgniter\CodeIgniter->runController()
13 SYSTEMPATH/CodeIgniter.php(366): CodeIgniter\CodeIgniter->handleRequest()
14 FCPATH/index.php(78): CodeIgniter\CodeIgniter->run()
CRITICAL - 2024-06-10 08:57:42 --> Call to undefined method CodeIgniter\Database\MySQLi\Builder::getAll()
in APPPATH/Models/CategoryModel.php on line 162.
 1 APPPATH/Common.php(1636): App\Models\CategoryModel->getCategoryByIDChild()
 2 APPPATH/Views/themes/news/partials/_main_slider.php(136): getCategoryByIDChild()
 3 SYSTEMPATH/View/View.php(224): include('/var/www/company.qbuy.app/app/Views/themes/news/partials/_main_slider.php')
 4 SYSTEMPATH/View/View.php(227): CodeIgniter\View\View->CodeIgniter\View\{closure}()
 5 SYSTEMPATH/Common.php(1180): CodeIgniter\View\View->render()
 6 APPPATH/Views/themes/magazine/index.php(30): view()
 7 SYSTEMPATH/View/View.php(224): include('/var/www/company.qbuy.app/app/Views/themes/magazine/index.php')
 8 SYSTEMPATH/View/View.php(227): CodeIgniter\View\View->CodeIgniter\View\{closure}()
 9 SYSTEMPATH/Common.php(1180): CodeIgniter\View\View->render()
10 APPPATH/Common.php(91): view()
11 APPPATH/Controllers/HomeController.php(53): loadView()
12 SYSTEMPATH/CodeIgniter.php(932): App\Controllers\HomeController->index()
13 SYSTEMPATH/CodeIgniter.php(497): CodeIgniter\CodeIgniter->runController()
14 SYSTEMPATH/CodeIgniter.php(366): CodeIgniter\CodeIgniter->handleRequest()
15 FCPATH/index.php(78): CodeIgniter\CodeIgniter->run()
CRITICAL - 2024-06-10 08:59:48 --> Attempt to read property "name" on array
in APPPATH/Views/themes/news/partials/_main_slider.php on line 175.
 1 APPPATH/Views/themes/news/partials/_main_slider.php(175): CodeIgniter\Debug\Exceptions->errorHandler()
 2 SYSTEMPATH/View/View.php(224): include('/var/www/company.qbuy.app/app/Views/themes/news/partials/_main_slider.php')
 3 SYSTEMPATH/View/View.php(227): CodeIgniter\View\View->CodeIgniter\View\{closure}()
 4 SYSTEMPATH/Common.php(1180): CodeIgniter\View\View->render()
 5 APPPATH/Views/themes/magazine/index.php(30): view()
 6 SYSTEMPATH/View/View.php(224): include('/var/www/company.qbuy.app/app/Views/themes/magazine/index.php')
 7 SYSTEMPATH/View/View.php(227): CodeIgniter\View\View->CodeIgniter\View\{closure}()
 8 SYSTEMPATH/Common.php(1180): CodeIgniter\View\View->render()
 9 APPPATH/Common.php(91): view()
10 APPPATH/Controllers/HomeController.php(53): loadView()
11 SYSTEMPATH/CodeIgniter.php(932): App\Controllers\HomeController->index()
12 SYSTEMPATH/CodeIgniter.php(497): CodeIgniter\CodeIgniter->runController()
13 SYSTEMPATH/CodeIgniter.php(366): CodeIgniter\CodeIgniter->handleRequest()
14 FCPATH/index.php(78): CodeIgniter\CodeIgniter->run()
CRITICAL - 2024-06-10 09:02:16 --> Attempt to read property "name" on array
in APPPATH/Views/themes/news/partials/_main_slider.php on line 175.
 1 APPPATH/Views/themes/news/partials/_main_slider.php(175): CodeIgniter\Debug\Exceptions->errorHandler()
 2 SYSTEMPATH/View/View.php(224): include('/var/www/company.qbuy.app/app/Views/themes/news/partials/_main_slider.php')
 3 SYSTEMPATH/View/View.php(227): CodeIgniter\View\View->CodeIgniter\View\{closure}()
 4 SYSTEMPATH/Common.php(1180): CodeIgniter\View\View->render()
 5 APPPATH/Views/themes/magazine/index.php(30): view()
 6 SYSTEMPATH/View/View.php(224): include('/var/www/company.qbuy.app/app/Views/themes/magazine/index.php')
 7 SYSTEMPATH/View/View.php(227): CodeIgniter\View\View->CodeIgniter\View\{closure}()
 8 SYSTEMPATH/Common.php(1180): CodeIgniter\View\View->render()
 9 APPPATH/Common.php(91): view()
10 APPPATH/Controllers/HomeController.php(53): loadView()
11 SYSTEMPATH/CodeIgniter.php(932): App\Controllers\HomeController->index()
12 SYSTEMPATH/CodeIgniter.php(497): CodeIgniter\CodeIgniter->runController()
13 SYSTEMPATH/CodeIgniter.php(366): CodeIgniter\CodeIgniter->handleRequest()
14 FCPATH/index.php(78): CodeIgniter\CodeIgniter->run()
CRITICAL - 2024-06-10 09:02:41 --> Attempt to read property "name" on array
in APPPATH/Views/themes/news/partials/_main_slider.php on line 175.
 1 APPPATH/Views/themes/news/partials/_main_slider.php(175): CodeIgniter\Debug\Exceptions->errorHandler()
 2 SYSTEMPATH/View/View.php(224): include('/var/www/company.qbuy.app/app/Views/themes/news/partials/_main_slider.php')
 3 SYSTEMPATH/View/View.php(227): CodeIgniter\View\View->CodeIgniter\View\{closure}()
 4 SYSTEMPATH/Common.php(1180): CodeIgniter\View\View->render()
 5 APPPATH/Views/themes/magazine/index.php(30): view()
 6 SYSTEMPATH/View/View.php(224): include('/var/www/company.qbuy.app/app/Views/themes/magazine/index.php')
 7 SYSTEMPATH/View/View.php(227): CodeIgniter\View\View->CodeIgniter\View\{closure}()
 8 SYSTEMPATH/Common.php(1180): CodeIgniter\View\View->render()
 9 APPPATH/Common.php(91): view()
10 APPPATH/Controllers/HomeController.php(53): loadView()
11 SYSTEMPATH/CodeIgniter.php(932): App\Controllers\HomeController->index()
12 SYSTEMPATH/CodeIgniter.php(497): CodeIgniter\CodeIgniter->runController()
13 SYSTEMPATH/CodeIgniter.php(366): CodeIgniter\CodeIgniter->handleRequest()
14 FCPATH/index.php(78): CodeIgniter\CodeIgniter->run()
CRITICAL - 2024-06-10 09:02:43 --> Attempt to read property "name" on array
in APPPATH/Views/themes/news/partials/_main_slider.php on line 175.
 1 APPPATH/Views/themes/news/partials/_main_slider.php(175): CodeIgniter\Debug\Exceptions->errorHandler()
 2 SYSTEMPATH/View/View.php(224): include('/var/www/company.qbuy.app/app/Views/themes/news/partials/_main_slider.php')
 3 SYSTEMPATH/View/View.php(227): CodeIgniter\View\View->CodeIgniter\View\{closure}()
 4 SYSTEMPATH/Common.php(1180): CodeIgniter\View\View->render()
 5 APPPATH/Views/themes/magazine/index.php(30): view()
 6 SYSTEMPATH/View/View.php(224): include('/var/www/company.qbuy.app/app/Views/themes/magazine/index.php')
 7 SYSTEMPATH/View/View.php(227): CodeIgniter\View\View->CodeIgniter\View\{closure}()
 8 SYSTEMPATH/Common.php(1180): CodeIgniter\View\View->render()
 9 APPPATH/Common.php(91): view()
10 APPPATH/Controllers/HomeController.php(53): loadView()
11 SYSTEMPATH/CodeIgniter.php(932): App\Controllers\HomeController->index()
12 SYSTEMPATH/CodeIgniter.php(497): CodeIgniter\CodeIgniter->runController()
13 SYSTEMPATH/CodeIgniter.php(366): CodeIgniter\CodeIgniter->handleRequest()
14 FCPATH/index.php(78): CodeIgniter\CodeIgniter->run()
CRITICAL - 2024-06-10 09:02:45 --> Attempt to read property "name" on array
in APPPATH/Views/themes/news/partials/_main_slider.php on line 175.
 1 APPPATH/Views/themes/news/partials/_main_slider.php(175): CodeIgniter\Debug\Exceptions->errorHandler()
 2 SYSTEMPATH/View/View.php(224): include('/var/www/company.qbuy.app/app/Views/themes/news/partials/_main_slider.php')
 3 SYSTEMPATH/View/View.php(227): CodeIgniter\View\View->CodeIgniter\View\{closure}()
 4 SYSTEMPATH/Common.php(1180): CodeIgniter\View\View->render()
 5 APPPATH/Views/themes/magazine/index.php(30): view()
 6 SYSTEMPATH/View/View.php(224): include('/var/www/company.qbuy.app/app/Views/themes/magazine/index.php')
 7 SYSTEMPATH/View/View.php(227): CodeIgniter\View\View->CodeIgniter\View\{closure}()
 8 SYSTEMPATH/Common.php(1180): CodeIgniter\View\View->render()
 9 APPPATH/Common.php(91): view()
10 APPPATH/Controllers/HomeController.php(53): loadView()
11 SYSTEMPATH/CodeIgniter.php(932): App\Controllers\HomeController->index()
12 SYSTEMPATH/CodeIgniter.php(497): CodeIgniter\CodeIgniter->runController()
13 SYSTEMPATH/CodeIgniter.php(366): CodeIgniter\CodeIgniter->handleRequest()
14 FCPATH/index.php(78): CodeIgniter\CodeIgniter->run()
ERROR - 2024-06-10 09:07:54 --> mysqli_sql_exception: You have an error in your SQL syntax; check the manual that corresponds to your MySQL server version for the right syntax to use near 'as `parent_slug`
FROM `categories`
LEFT JOIN `categories` as `tbl_categories` ON' at line 1 in /var/www/company.qbuy.app/system/Database/MySQLi/Connection.php:295
Stack trace:
#0 /var/www/company.qbuy.app/system/Database/MySQLi/Connection.php(295): mysqli->query()
#1 /var/www/company.qbuy.app/system/Database/BaseConnection.php(692): CodeIgniter\Database\MySQLi\Connection->execute()
#2 /var/www/company.qbuy.app/system/Database/BaseConnection.php(606): CodeIgniter\Database\BaseConnection->simpleQuery()
#3 /var/www/company.qbuy.app/system/Database/BaseBuilder.php(1616): CodeIgniter\Database\BaseConnection->query()
#4 /var/www/company.qbuy.app/app/Models/CategoryModel.php(166): CodeIgniter\Database\BaseBuilder->get()
#5 /var/www/company.qbuy.app/app/Common.php(1636): App\Models\CategoryModel->getCategoryByIDChild()
#6 /var/www/company.qbuy.app/app/Views/themes/news/partials/_main_slider.php(136): getCategoryByIDChild()
#7 /var/www/company.qbuy.app/system/View/View.php(224): include('...')
#8 /var/www/company.qbuy.app/system/View/View.php(227): CodeIgniter\View\View->CodeIgniter\View\{closure}()
#9 /var/www/company.qbuy.app/system/Common.php(1180): CodeIgniter\View\View->render()
#10 /var/www/company.qbuy.app/app/Views/themes/magazine/index.php(30): view()
#11 /var/www/company.qbuy.app/system/View/View.php(224): include('...')
#12 /var/www/company.qbuy.app/system/View/View.php(227): CodeIgniter\View\View->CodeIgniter\View\{closure}()
#13 /var/www/company.qbuy.app/system/Common.php(1180): CodeIgniter\View\View->render()
#14 /var/www/company.qbuy.app/app/Common.php(91): view()
#15 /var/www/company.qbuy.app/app/Controllers/HomeController.php(53): loadView()
#16 /var/www/company.qbuy.app/system/CodeIgniter.php(932): App\Controllers\HomeController->index()
#17 /var/www/company.qbuy.app/system/CodeIgniter.php(497): CodeIgniter\CodeIgniter->runController()
#18 /var/www/company.qbuy.app/system/CodeIgniter.php(366): CodeIgniter\CodeIgniter->handleRequest()
#19 /var/www/company.qbuy.app/index.php(78): CodeIgniter\CodeIgniter->run()
#20 {main}
CRITICAL - 2024-06-10 09:07:54 --> Call to a member function getResult() on false
in APPPATH/Models/CategoryModel.php on line 166.
 1 APPPATH/Common.php(1636): App\Models\CategoryModel->getCategoryByIDChild()
 2 APPPATH/Views/themes/news/partials/_main_slider.php(136): getCategoryByIDChild()
 3 SYSTEMPATH/View/View.php(224): include('/var/www/company.qbuy.app/app/Views/themes/news/partials/_main_slider.php')
 4 SYSTEMPATH/View/View.php(227): CodeIgniter\View\View->CodeIgniter\View\{closure}()
 5 SYSTEMPATH/Common.php(1180): CodeIgniter\View\View->render()
 6 APPPATH/Views/themes/magazine/index.php(30): view()
 7 SYSTEMPATH/View/View.php(224): include('/var/www/company.qbuy.app/app/Views/themes/magazine/index.php')
 8 SYSTEMPATH/View/View.php(227): CodeIgniter\View\View->CodeIgniter\View\{closure}()
 9 SYSTEMPATH/Common.php(1180): CodeIgniter\View\View->render()
10 APPPATH/Common.php(91): view()
11 APPPATH/Controllers/HomeController.php(53): loadView()
12 SYSTEMPATH/CodeIgniter.php(932): App\Controllers\HomeController->index()
13 SYSTEMPATH/CodeIgniter.php(497): CodeIgniter\CodeIgniter->runController()
14 SYSTEMPATH/CodeIgniter.php(366): CodeIgniter\CodeIgniter->handleRequest()
15 FCPATH/index.php(78): CodeIgniter\CodeIgniter->run()
ERROR - 2024-06-10 09:07:55 --> mysqli_sql_exception: You have an error in your SQL syntax; check the manual that corresponds to your MySQL server version for the right syntax to use near 'as `parent_slug`
FROM `categories`
LEFT JOIN `categories` as `tbl_categories` ON' at line 1 in /var/www/company.qbuy.app/system/Database/MySQLi/Connection.php:295
Stack trace:
#0 /var/www/company.qbuy.app/system/Database/MySQLi/Connection.php(295): mysqli->query()
#1 /var/www/company.qbuy.app/system/Database/BaseConnection.php(692): CodeIgniter\Database\MySQLi\Connection->execute()
#2 /var/www/company.qbuy.app/system/Database/BaseConnection.php(606): CodeIgniter\Database\BaseConnection->simpleQuery()
#3 /var/www/company.qbuy.app/system/Database/BaseBuilder.php(1616): CodeIgniter\Database\BaseConnection->query()
#4 /var/www/company.qbuy.app/app/Models/CategoryModel.php(166): CodeIgniter\Database\BaseBuilder->get()
#5 /var/www/company.qbuy.app/app/Common.php(1636): App\Models\CategoryModel->getCategoryByIDChild()
#6 /var/www/company.qbuy.app/app/Views/themes/news/partials/_main_slider.php(136): getCategoryByIDChild()
#7 /var/www/company.qbuy.app/system/View/View.php(224): include('...')
#8 /var/www/company.qbuy.app/system/View/View.php(227): CodeIgniter\View\View->CodeIgniter\View\{closure}()
#9 /var/www/company.qbuy.app/system/Common.php(1180): CodeIgniter\View\View->render()
#10 /var/www/company.qbuy.app/app/Views/themes/magazine/index.php(30): view()
#11 /var/www/company.qbuy.app/system/View/View.php(224): include('...')
#12 /var/www/company.qbuy.app/system/View/View.php(227): CodeIgniter\View\View->CodeIgniter\View\{closure}()
#13 /var/www/company.qbuy.app/system/Common.php(1180): CodeIgniter\View\View->render()
#14 /var/www/company.qbuy.app/app/Common.php(91): view()
#15 /var/www/company.qbuy.app/app/Controllers/HomeController.php(53): loadView()
#16 /var/www/company.qbuy.app/system/CodeIgniter.php(932): App\Controllers\HomeController->index()
#17 /var/www/company.qbuy.app/system/CodeIgniter.php(497): CodeIgniter\CodeIgniter->runController()
#18 /var/www/company.qbuy.app/system/CodeIgniter.php(366): CodeIgniter\CodeIgniter->handleRequest()
#19 /var/www/company.qbuy.app/index.php(78): CodeIgniter\CodeIgniter->run()
#20 {main}
CRITICAL - 2024-06-10 09:07:55 --> Call to a member function getResult() on false
in APPPATH/Models/CategoryModel.php on line 166.
 1 APPPATH/Common.php(1636): App\Models\CategoryModel->getCategoryByIDChild()
 2 APPPATH/Views/themes/news/partials/_main_slider.php(136): getCategoryByIDChild()
 3 SYSTEMPATH/View/View.php(224): include('/var/www/company.qbuy.app/app/Views/themes/news/partials/_main_slider.php')
 4 SYSTEMPATH/View/View.php(227): CodeIgniter\View\View->CodeIgniter\View\{closure}()
 5 SYSTEMPATH/Common.php(1180): CodeIgniter\View\View->render()
 6 APPPATH/Views/themes/magazine/index.php(30): view()
 7 SYSTEMPATH/View/View.php(224): include('/var/www/company.qbuy.app/app/Views/themes/magazine/index.php')
 8 SYSTEMPATH/View/View.php(227): CodeIgniter\View\View->CodeIgniter\View\{closure}()
 9 SYSTEMPATH/Common.php(1180): CodeIgniter\View\View->render()
10 APPPATH/Common.php(91): view()
11 APPPATH/Controllers/HomeController.php(53): loadView()
12 SYSTEMPATH/CodeIgniter.php(932): App\Controllers\HomeController->index()
13 SYSTEMPATH/CodeIgniter.php(497): CodeIgniter\CodeIgniter->runController()
14 SYSTEMPATH/CodeIgniter.php(366): CodeIgniter\CodeIgniter->handleRequest()
15 FCPATH/index.php(78): CodeIgniter\CodeIgniter->run()
CRITICAL - 2024-06-10 09:11:17 --> Call to undefined method CodeIgniter\Database\MySQLi\Builder::bindGroup()
in APPPATH/Models/CategoryModel.php on line 164.
 1 APPPATH/Common.php(1636): App\Models\CategoryModel->getCategoryByIDChild()
 2 APPPATH/Views/themes/news/partials/_main_slider.php(136): getCategoryByIDChild()
 3 SYSTEMPATH/View/View.php(224): include('/var/www/company.qbuy.app/app/Views/themes/news/partials/_main_slider.php')
 4 SYSTEMPATH/View/View.php(227): CodeIgniter\View\View->CodeIgniter\View\{closure}()
 5 SYSTEMPATH/Common.php(1180): CodeIgniter\View\View->render()
 6 APPPATH/Views/themes/magazine/index.php(30): view()
 7 SYSTEMPATH/View/View.php(224): include('/var/www/company.qbuy.app/app/Views/themes/magazine/index.php')
 8 SYSTEMPATH/View/View.php(227): CodeIgniter\View\View->CodeIgniter\View\{closure}()
 9 SYSTEMPATH/Common.php(1180): CodeIgniter\View\View->render()
10 APPPATH/Common.php(91): view()
11 APPPATH/Controllers/HomeController.php(53): loadView()
12 SYSTEMPATH/CodeIgniter.php(932): App\Controllers\HomeController->index()
13 SYSTEMPATH/CodeIgniter.php(497): CodeIgniter\CodeIgniter->runController()
14 SYSTEMPATH/CodeIgniter.php(366): CodeIgniter\CodeIgniter->handleRequest()
15 FCPATH/index.php(78): CodeIgniter\CodeIgniter->run()
CRITICAL - 2024-06-10 09:11:27 --> Attempt to read property "name" on null
in APPPATH/Views/themes/news/partials/_main_slider.php on line 175.
 1 APPPATH/Views/themes/news/partials/_main_slider.php(175): CodeIgniter\Debug\Exceptions->errorHandler()
 2 SYSTEMPATH/View/View.php(224): include('/var/www/company.qbuy.app/app/Views/themes/news/partials/_main_slider.php')
 3 SYSTEMPATH/View/View.php(227): CodeIgniter\View\View->CodeIgniter\View\{closure}()
 4 SYSTEMPATH/Common.php(1180): CodeIgniter\View\View->render()
 5 APPPATH/Views/themes/magazine/index.php(30): view()
 6 SYSTEMPATH/View/View.php(224): include('/var/www/company.qbuy.app/app/Views/themes/magazine/index.php')
 7 SYSTEMPATH/View/View.php(227): CodeIgniter\View\View->CodeIgniter\View\{closure}()
 8 SYSTEMPATH/Common.php(1180): CodeIgniter\View\View->render()
 9 APPPATH/Common.php(91): view()
10 APPPATH/Controllers/HomeController.php(53): loadView()
11 SYSTEMPATH/CodeIgniter.php(932): App\Controllers\HomeController->index()
12 SYSTEMPATH/CodeIgniter.php(497): CodeIgniter\CodeIgniter->runController()
13 SYSTEMPATH/CodeIgniter.php(366): CodeIgniter\CodeIgniter->handleRequest()
14 FCPATH/index.php(78): CodeIgniter\CodeIgniter->run()
CRITICAL - 2024-06-10 09:11:35 --> Attempt to read property "name" on null
in APPPATH/Views/themes/news/partials/_main_slider.php on line 175.
 1 APPPATH/Views/themes/news/partials/_main_slider.php(175): CodeIgniter\Debug\Exceptions->errorHandler()
 2 SYSTEMPATH/View/View.php(224): include('/var/www/company.qbuy.app/app/Views/themes/news/partials/_main_slider.php')
 3 SYSTEMPATH/View/View.php(227): CodeIgniter\View\View->CodeIgniter\View\{closure}()
 4 SYSTEMPATH/Common.php(1180): CodeIgniter\View\View->render()
 5 APPPATH/Views/themes/magazine/index.php(30): view()
 6 SYSTEMPATH/View/View.php(224): include('/var/www/company.qbuy.app/app/Views/themes/magazine/index.php')
 7 SYSTEMPATH/View/View.php(227): CodeIgniter\View\View->CodeIgniter\View\{closure}()
 8 SYSTEMPATH/Common.php(1180): CodeIgniter\View\View->render()
 9 APPPATH/Common.php(91): view()
10 APPPATH/Controllers/HomeController.php(53): loadView()
11 SYSTEMPATH/CodeIgniter.php(932): App\Controllers\HomeController->index()
12 SYSTEMPATH/CodeIgniter.php(497): CodeIgniter\CodeIgniter->runController()
13 SYSTEMPATH/CodeIgniter.php(366): CodeIgniter\CodeIgniter->handleRequest()
14 FCPATH/index.php(78): CodeIgniter\CodeIgniter->run()
CRITICAL - 2024-06-10 09:11:47 --> Call to undefined method CodeIgniter\Database\MySQLi\Builder::getResult()
in APPPATH/Models/CategoryModel.php on line 163.
 1 APPPATH/Common.php(1636): App\Models\CategoryModel->getCategoryByIDChild()
 2 APPPATH/Views/themes/news/partials/_main_slider.php(136): getCategoryByIDChild()
 3 SYSTEMPATH/View/View.php(224): include('/var/www/company.qbuy.app/app/Views/themes/news/partials/_main_slider.php')
 4 SYSTEMPATH/View/View.php(227): CodeIgniter\View\View->CodeIgniter\View\{closure}()
 5 SYSTEMPATH/Common.php(1180): CodeIgniter\View\View->render()
 6 APPPATH/Views/themes/magazine/index.php(30): view()
 7 SYSTEMPATH/View/View.php(224): include('/var/www/company.qbuy.app/app/Views/themes/magazine/index.php')
 8 SYSTEMPATH/View/View.php(227): CodeIgniter\View\View->CodeIgniter\View\{closure}()
 9 SYSTEMPATH/Common.php(1180): CodeIgniter\View\View->render()
10 APPPATH/Common.php(91): view()
11 APPPATH/Controllers/HomeController.php(53): loadView()
12 SYSTEMPATH/CodeIgniter.php(932): App\Controllers\HomeController->index()
13 SYSTEMPATH/CodeIgniter.php(497): CodeIgniter\CodeIgniter->runController()
14 SYSTEMPATH/CodeIgniter.php(366): CodeIgniter\CodeIgniter->handleRequest()
15 FCPATH/index.php(78): CodeIgniter\CodeIgniter->run()
CRITICAL - 2024-06-10 09:12:27 --> Attempt to read property "name" on null
in APPPATH/Views/themes/news/partials/_main_slider.php on line 175.
 1 APPPATH/Views/themes/news/partials/_main_slider.php(175): CodeIgniter\Debug\Exceptions->errorHandler()
 2 SYSTEMPATH/View/View.php(224): include('/var/www/company.qbuy.app/app/Views/themes/news/partials/_main_slider.php')
 3 SYSTEMPATH/View/View.php(227): CodeIgniter\View\View->CodeIgniter\View\{closure}()
 4 SYSTEMPATH/Common.php(1180): CodeIgniter\View\View->render()
 5 APPPATH/Views/themes/magazine/index.php(30): view()
 6 SYSTEMPATH/View/View.php(224): include('/var/www/company.qbuy.app/app/Views/themes/magazine/index.php')
 7 SYSTEMPATH/View/View.php(227): CodeIgniter\View\View->CodeIgniter\View\{closure}()
 8 SYSTEMPATH/Common.php(1180): CodeIgniter\View\View->render()
 9 APPPATH/Common.php(91): view()
10 APPPATH/Controllers/HomeController.php(53): loadView()
11 SYSTEMPATH/CodeIgniter.php(932): App\Controllers\HomeController->index()
12 SYSTEMPATH/CodeIgniter.php(497): CodeIgniter\CodeIgniter->runController()
13 SYSTEMPATH/CodeIgniter.php(366): CodeIgniter\CodeIgniter->handleRequest()
14 FCPATH/index.php(78): CodeIgniter\CodeIgniter->run()
CRITICAL - 2024-06-10 09:13:08 --> Attempt to read property "name" on array
in APPPATH/Views/themes/news/partials/_main_slider.php on line 175.
 1 APPPATH/Views/themes/news/partials/_main_slider.php(175): CodeIgniter\Debug\Exceptions->errorHandler()
 2 SYSTEMPATH/View/View.php(224): include('/var/www/company.qbuy.app/app/Views/themes/news/partials/_main_slider.php')
 3 SYSTEMPATH/View/View.php(227): CodeIgniter\View\View->CodeIgniter\View\{closure}()
 4 SYSTEMPATH/Common.php(1180): CodeIgniter\View\View->render()
 5 APPPATH/Views/themes/magazine/index.php(30): view()
 6 SYSTEMPATH/View/View.php(224): include('/var/www/company.qbuy.app/app/Views/themes/magazine/index.php')
 7 SYSTEMPATH/View/View.php(227): CodeIgniter\View\View->CodeIgniter\View\{closure}()
 8 SYSTEMPATH/Common.php(1180): CodeIgniter\View\View->render()
 9 APPPATH/Common.php(91): view()
10 APPPATH/Controllers/HomeController.php(53): loadView()
11 SYSTEMPATH/CodeIgniter.php(932): App\Controllers\HomeController->index()
12 SYSTEMPATH/CodeIgniter.php(497): CodeIgniter\CodeIgniter->runController()
13 SYSTEMPATH/CodeIgniter.php(366): CodeIgniter\CodeIgniter->handleRequest()
14 FCPATH/index.php(78): CodeIgniter\CodeIgniter->run()
CRITICAL - 2024-06-10 09:15:21 --> Attempt to read property "name" on array
in APPPATH/Views/themes/news/partials/_main_slider.php on line 175.
 1 APPPATH/Views/themes/news/partials/_main_slider.php(175): CodeIgniter\Debug\Exceptions->errorHandler()
 2 SYSTEMPATH/View/View.php(224): include('/var/www/company.qbuy.app/app/Views/themes/news/partials/_main_slider.php')
 3 SYSTEMPATH/View/View.php(227): CodeIgniter\View\View->CodeIgniter\View\{closure}()
 4 SYSTEMPATH/Common.php(1180): CodeIgniter\View\View->render()
 5 APPPATH/Views/themes/magazine/index.php(30): view()
 6 SYSTEMPATH/View/View.php(224): include('/var/www/company.qbuy.app/app/Views/themes/magazine/index.php')
 7 SYSTEMPATH/View/View.php(227): CodeIgniter\View\View->CodeIgniter\View\{closure}()
 8 SYSTEMPATH/Common.php(1180): CodeIgniter\View\View->render()
 9 APPPATH/Common.php(91): view()
10 APPPATH/Controllers/HomeController.php(53): loadView()
11 SYSTEMPATH/CodeIgniter.php(932): App\Controllers\HomeController->index()
12 SYSTEMPATH/CodeIgniter.php(497): CodeIgniter\CodeIgniter->runController()
13 SYSTEMPATH/CodeIgniter.php(366): CodeIgniter\CodeIgniter->handleRequest()
14 FCPATH/index.php(78): CodeIgniter\CodeIgniter->run()
CRITICAL - 2024-06-10 09:16:25 --> Attempt to read property "name" on array
in APPPATH/Views/themes/news/partials/_main_slider.php on line 175.
 1 APPPATH/Views/themes/news/partials/_main_slider.php(175): CodeIgniter\Debug\Exceptions->errorHandler()
 2 SYSTEMPATH/View/View.php(224): include('/var/www/company.qbuy.app/app/Views/themes/news/partials/_main_slider.php')
 3 SYSTEMPATH/View/View.php(227): CodeIgniter\View\View->CodeIgniter\View\{closure}()
 4 SYSTEMPATH/Common.php(1180): CodeIgniter\View\View->render()
 5 APPPATH/Views/themes/magazine/index.php(30): view()
 6 SYSTEMPATH/View/View.php(224): include('/var/www/company.qbuy.app/app/Views/themes/magazine/index.php')
 7 SYSTEMPATH/View/View.php(227): CodeIgniter\View\View->CodeIgniter\View\{closure}()
 8 SYSTEMPATH/Common.php(1180): CodeIgniter\View\View->render()
 9 APPPATH/Common.php(91): view()
10 APPPATH/Controllers/HomeController.php(53): loadView()
11 SYSTEMPATH/CodeIgniter.php(932): App\Controllers\HomeController->index()
12 SYSTEMPATH/CodeIgniter.php(497): CodeIgniter\CodeIgniter->runController()
13 SYSTEMPATH/CodeIgniter.php(366): CodeIgniter\CodeIgniter->handleRequest()
14 FCPATH/index.php(78): CodeIgniter\CodeIgniter->run()
CRITICAL - 2024-06-10 09:17:38 --> Attempt to read property "name" on array
in APPPATH/Views/themes/news/partials/_main_slider.php on line 175.
 1 APPPATH/Views/themes/news/partials/_main_slider.php(175): CodeIgniter\Debug\Exceptions->errorHandler()
 2 SYSTEMPATH/View/View.php(224): include('/var/www/company.qbuy.app/app/Views/themes/news/partials/_main_slider.php')
 3 SYSTEMPATH/View/View.php(227): CodeIgniter\View\View->CodeIgniter\View\{closure}()
 4 SYSTEMPATH/Common.php(1180): CodeIgniter\View\View->render()
 5 APPPATH/Views/themes/magazine/index.php(30): view()
 6 SYSTEMPATH/View/View.php(224): include('/var/www/company.qbuy.app/app/Views/themes/magazine/index.php')
 7 SYSTEMPATH/View/View.php(227): CodeIgniter\View\View->CodeIgniter\View\{closure}()
 8 SYSTEMPATH/Common.php(1180): CodeIgniter\View\View->render()
 9 APPPATH/Common.php(91): view()
10 APPPATH/Controllers/HomeController.php(53): loadView()
11 SYSTEMPATH/CodeIgniter.php(932): App\Controllers\HomeController->index()
12 SYSTEMPATH/CodeIgniter.php(497): CodeIgniter\CodeIgniter->runController()
13 SYSTEMPATH/CodeIgniter.php(366): CodeIgniter\CodeIgniter->handleRequest()
14 FCPATH/index.php(78): CodeIgniter\CodeIgniter->run()
CRITICAL - 2024-06-10 09:18:30 --> Attempt to read property "name" on array
in APPPATH/Views/themes/news/partials/_main_slider.php on line 175.
 1 APPPATH/Views/themes/news/partials/_main_slider.php(175): CodeIgniter\Debug\Exceptions->errorHandler()
 2 SYSTEMPATH/View/View.php(224): include('/var/www/company.qbuy.app/app/Views/themes/news/partials/_main_slider.php')
 3 SYSTEMPATH/View/View.php(227): CodeIgniter\View\View->CodeIgniter\View\{closure}()
 4 SYSTEMPATH/Common.php(1180): CodeIgniter\View\View->render()
 5 APPPATH/Views/themes/magazine/index.php(30): view()
 6 SYSTEMPATH/View/View.php(224): include('/var/www/company.qbuy.app/app/Views/themes/magazine/index.php')
 7 SYSTEMPATH/View/View.php(227): CodeIgniter\View\View->CodeIgniter\View\{closure}()
 8 SYSTEMPATH/Common.php(1180): CodeIgniter\View\View->render()
 9 APPPATH/Common.php(91): view()
10 APPPATH/Controllers/HomeController.php(53): loadView()
11 SYSTEMPATH/CodeIgniter.php(932): App\Controllers\HomeController->index()
12 SYSTEMPATH/CodeIgniter.php(497): CodeIgniter\CodeIgniter->runController()
13 SYSTEMPATH/CodeIgniter.php(366): CodeIgniter\CodeIgniter->handleRequest()
14 FCPATH/index.php(78): CodeIgniter\CodeIgniter->run()
CRITICAL - 2024-06-10 09:20:15 --> Attempt to read property "name" on array
in APPPATH/Views/themes/news/partials/_main_slider.php on line 175.
 1 APPPATH/Views/themes/news/partials/_main_slider.php(175): CodeIgniter\Debug\Exceptions->errorHandler()
 2 SYSTEMPATH/View/View.php(224): include('/var/www/company.qbuy.app/app/Views/themes/news/partials/_main_slider.php')
 3 SYSTEMPATH/View/View.php(227): CodeIgniter\View\View->CodeIgniter\View\{closure}()
 4 SYSTEMPATH/Common.php(1180): CodeIgniter\View\View->render()
 5 APPPATH/Views/themes/magazine/index.php(30): view()
 6 SYSTEMPATH/View/View.php(224): include('/var/www/company.qbuy.app/app/Views/themes/magazine/index.php')
 7 SYSTEMPATH/View/View.php(227): CodeIgniter\View\View->CodeIgniter\View\{closure}()
 8 SYSTEMPATH/Common.php(1180): CodeIgniter\View\View->render()
 9 APPPATH/Common.php(91): view()
10 APPPATH/Controllers/HomeController.php(53): loadView()
11 SYSTEMPATH/CodeIgniter.php(932): App\Controllers\HomeController->index()
12 SYSTEMPATH/CodeIgniter.php(497): CodeIgniter\CodeIgniter->runController()
13 SYSTEMPATH/CodeIgniter.php(366): CodeIgniter\CodeIgniter->handleRequest()
14 FCPATH/index.php(78): CodeIgniter\CodeIgniter->run()
CRITICAL - 2024-06-10 09:51:45 --> Undefined property: CodeIgniter\Database\MySQLi\Builder::$name
in APPPATH/Views/themes/news/partials/_main_slider.php on line 175.
 1 APPPATH/Views/themes/news/partials/_main_slider.php(175): CodeIgniter\Debug\Exceptions->errorHandler()
 2 SYSTEMPATH/View/View.php(224): include('/var/www/company.qbuy.app/app/Views/themes/news/partials/_main_slider.php')
 3 SYSTEMPATH/View/View.php(227): CodeIgniter\View\View->CodeIgniter\View\{closure}()
 4 SYSTEMPATH/Common.php(1180): CodeIgniter\View\View->render()
 5 APPPATH/Views/themes/magazine/index.php(30): view()
 6 SYSTEMPATH/View/View.php(224): include('/var/www/company.qbuy.app/app/Views/themes/magazine/index.php')
 7 SYSTEMPATH/View/View.php(227): CodeIgniter\View\View->CodeIgniter\View\{closure}()
 8 SYSTEMPATH/Common.php(1180): CodeIgniter\View\View->render()
 9 APPPATH/Common.php(91): view()
10 APPPATH/Controllers/HomeController.php(53): loadView()
11 SYSTEMPATH/CodeIgniter.php(932): App\Controllers\HomeController->index()
12 SYSTEMPATH/CodeIgniter.php(497): CodeIgniter\CodeIgniter->runController()
13 SYSTEMPATH/CodeIgniter.php(366): CodeIgniter\CodeIgniter->handleRequest()
14 FCPATH/index.php(78): CodeIgniter\CodeIgniter->run()
CRITICAL - 2024-06-10 09:53:43 --> Call to a member function where() on null
in APPPATH/Models/CategoryModel.php on line 161.
 1 APPPATH/Common.php(1636): App\Models\CategoryModel->getCategoryByIDChild()
 2 APPPATH/Views/themes/news/partials/_main_slider.php(136): getCategoryByIDChild()
 3 SYSTEMPATH/View/View.php(224): include('/var/www/company.qbuy.app/app/Views/themes/news/partials/_main_slider.php')
 4 SYSTEMPATH/View/View.php(227): CodeIgniter\View\View->CodeIgniter\View\{closure}()
 5 SYSTEMPATH/Common.php(1180): CodeIgniter\View\View->render()
 6 APPPATH/Views/themes/magazine/index.php(30): view()
 7 SYSTEMPATH/View/View.php(224): include('/var/www/company.qbuy.app/app/Views/themes/magazine/index.php')
 8 SYSTEMPATH/View/View.php(227): CodeIgniter\View\View->CodeIgniter\View\{closure}()
 9 SYSTEMPATH/Common.php(1180): CodeIgniter\View\View->render()
10 APPPATH/Common.php(91): view()
11 APPPATH/Controllers/HomeController.php(53): loadView()
12 SYSTEMPATH/CodeIgniter.php(932): App\Controllers\HomeController->index()
13 SYSTEMPATH/CodeIgniter.php(497): CodeIgniter\CodeIgniter->runController()
14 SYSTEMPATH/CodeIgniter.php(366): CodeIgniter\CodeIgniter->handleRequest()
15 FCPATH/index.php(78): CodeIgniter\CodeIgniter->run()
CRITICAL - 2024-06-10 09:54:08 --> Call to a member function where() on null
in APPPATH/Models/CategoryModel.php on line 161.
 1 APPPATH/Common.php(1636): App\Models\CategoryModel->getCategoryByIDChild()
 2 APPPATH/Views/themes/news/partials/_main_slider.php(136): getCategoryByIDChild()
 3 SYSTEMPATH/View/View.php(224): include('/var/www/company.qbuy.app/app/Views/themes/news/partials/_main_slider.php')
 4 SYSTEMPATH/View/View.php(227): CodeIgniter\View\View->CodeIgniter\View\{closure}()
 5 SYSTEMPATH/Common.php(1180): CodeIgniter\View\View->render()
 6 APPPATH/Views/themes/magazine/index.php(30): view()
 7 SYSTEMPATH/View/View.php(224): include('/var/www/company.qbuy.app/app/Views/themes/magazine/index.php')
 8 SYSTEMPATH/View/View.php(227): CodeIgniter\View\View->CodeIgniter\View\{closure}()
 9 SYSTEMPATH/Common.php(1180): CodeIgniter\View\View->render()
10 APPPATH/Common.php(91): view()
11 APPPATH/Controllers/HomeController.php(53): loadView()
12 SYSTEMPATH/CodeIgniter.php(932): App\Controllers\HomeController->index()
13 SYSTEMPATH/CodeIgniter.php(497): CodeIgniter\CodeIgniter->runController()
14 SYSTEMPATH/CodeIgniter.php(366): CodeIgniter\CodeIgniter->handleRequest()
15 FCPATH/index.php(78): CodeIgniter\CodeIgniter->run()
CRITICAL - 2024-06-10 09:59:07 --> Uncaught CodeIgniter\HTTP\Exceptions\HTTPException: Request URI segment is out of range: "{0}" in /var/www/company.qbuy.app/system/HTTP/URI.php:549
Stack trace:
#0 /var/www/company.qbuy.app/system/HTTP/URI.php(549): CodeIgniter\HTTP\Exceptions\HTTPException::forURISegmentOutOfRange()
#1 /var/www/company.qbuy.app/app/Common.php(971): CodeIgniter\HTTP\URI->getSegment()
#2 /var/www/company.qbuy.app/app/Views/admin/includes/_header.php(273): getSegmentValue()
#3 /var/www/company.qbuy.app/system/View/View.php(224): include('...')
#4 /var/www/company.qbuy.app/system/View/View.php(227): CodeIgniter\View\View->CodeIgniter\View\{closure}()
#5 /var/www/company.qbuy.app/system/Common.php(1180): CodeIgniter\View\View->render()
#6 /var/www/company.qbuy.app/app/Controllers/AdminController.php(69): view()
#7 /var/www/company.qbuy.app/system/CodeIgniter.php(932): App\Controllers\AdminController->index()
#8 /var/www/company.qbuy.app/system/CodeIgniter.php(497): CodeIgniter\CodeIgniter->runController()
#9 /var/www/company.qbuy.app/system/CodeIgniter.php(366): CodeIgniter\CodeIgniter->handleRequest()
#10 /var/www/company.qbuy.app/index.php(78): CodeIgniter\CodeIgniter->run()
#11 {main}
  thrown
in SYSTEMPATH/HTTP/URI.php on line 549.
 1 [internal function]: CodeIgniter\Debug\Exceptions->shutdownHandler()
CRITICAL - 2024-06-10 09:59:08 --> Uncaught CodeIgniter\HTTP\Exceptions\HTTPException: Request URI segment is out of range: "{0}" in /var/www/company.qbuy.app/system/HTTP/URI.php:549
Stack trace:
#0 /var/www/company.qbuy.app/system/HTTP/URI.php(549): CodeIgniter\HTTP\Exceptions\HTTPException::forURISegmentOutOfRange()
#1 /var/www/company.qbuy.app/app/Common.php(971): CodeIgniter\HTTP\URI->getSegment()
#2 /var/www/company.qbuy.app/app/Views/admin/includes/_header.php(273): getSegmentValue()
#3 /var/www/company.qbuy.app/system/View/View.php(224): include('...')
#4 /var/www/company.qbuy.app/system/View/View.php(227): CodeIgniter\View\View->CodeIgniter\View\{closure}()
#5 /var/www/company.qbuy.app/system/Common.php(1180): CodeIgniter\View\View->render()
#6 /var/www/company.qbuy.app/app/Controllers/AdminController.php(69): view()
#7 /var/www/company.qbuy.app/system/CodeIgniter.php(932): App\Controllers\AdminController->index()
#8 /var/www/company.qbuy.app/system/CodeIgniter.php(497): CodeIgniter\CodeIgniter->runController()
#9 /var/www/company.qbuy.app/system/CodeIgniter.php(366): CodeIgniter\CodeIgniter->handleRequest()
#10 /var/www/company.qbuy.app/index.php(78): CodeIgniter\CodeIgniter->run()
#11 {main}
  thrown
in SYSTEMPATH/HTTP/URI.php on line 549.
 1 [internal function]: CodeIgniter\Debug\Exceptions->shutdownHandler()
CRITICAL - 2024-06-10 10:03:12 --> Attempt to read property "name" on array
in APPPATH/Views/themes/news/partials/_main_slider.php on line 175.
 1 APPPATH/Views/themes/news/partials/_main_slider.php(175): CodeIgniter\Debug\Exceptions->errorHandler()
 2 SYSTEMPATH/View/View.php(224): include('/var/www/company.qbuy.app/app/Views/themes/news/partials/_main_slider.php')
 3 SYSTEMPATH/View/View.php(227): CodeIgniter\View\View->CodeIgniter\View\{closure}()
 4 SYSTEMPATH/Common.php(1180): CodeIgniter\View\View->render()
 5 APPPATH/Views/themes/magazine/index.php(30): view()
 6 SYSTEMPATH/View/View.php(224): include('/var/www/company.qbuy.app/app/Views/themes/magazine/index.php')
 7 SYSTEMPATH/View/View.php(227): CodeIgniter\View\View->CodeIgniter\View\{closure}()
 8 SYSTEMPATH/Common.php(1180): CodeIgniter\View\View->render()
 9 APPPATH/Common.php(91): view()
10 APPPATH/Controllers/HomeController.php(53): loadView()
11 SYSTEMPATH/CodeIgniter.php(932): App\Controllers\HomeController->index()
12 SYSTEMPATH/CodeIgniter.php(497): CodeIgniter\CodeIgniter->runController()
13 SYSTEMPATH/CodeIgniter.php(366): CodeIgniter\CodeIgniter->handleRequest()
14 FCPATH/index.php(78): CodeIgniter\CodeIgniter->run()
CRITICAL - 2024-06-10 10:03:58 --> Attempt to read property "name" on array
in APPPATH/Views/themes/news/partials/_main_slider.php on line 175.
 1 APPPATH/Views/themes/news/partials/_main_slider.php(175): CodeIgniter\Debug\Exceptions->errorHandler()
 2 SYSTEMPATH/View/View.php(224): include('/var/www/company.qbuy.app/app/Views/themes/news/partials/_main_slider.php')
 3 SYSTEMPATH/View/View.php(227): CodeIgniter\View\View->CodeIgniter\View\{closure}()
 4 SYSTEMPATH/Common.php(1180): CodeIgniter\View\View->render()
 5 APPPATH/Views/themes/magazine/index.php(30): view()
 6 SYSTEMPATH/View/View.php(224): include('/var/www/company.qbuy.app/app/Views/themes/magazine/index.php')
 7 SYSTEMPATH/View/View.php(227): CodeIgniter\View\View->CodeIgniter\View\{closure}()
 8 SYSTEMPATH/Common.php(1180): CodeIgniter\View\View->render()
 9 APPPATH/Common.php(91): view()
10 APPPATH/Controllers/HomeController.php(53): loadView()
11 SYSTEMPATH/CodeIgniter.php(932): App\Controllers\HomeController->index()
12 SYSTEMPATH/CodeIgniter.php(497): CodeIgniter\CodeIgniter->runController()
13 SYSTEMPATH/CodeIgniter.php(366): CodeIgniter\CodeIgniter->handleRequest()
14 FCPATH/index.php(78): CodeIgniter\CodeIgniter->run()
CRITICAL - 2024-06-10 10:03:59 --> Attempt to read property "name" on array
in APPPATH/Views/themes/news/partials/_main_slider.php on line 175.
 1 APPPATH/Views/themes/news/partials/_main_slider.php(175): CodeIgniter\Debug\Exceptions->errorHandler()
 2 SYSTEMPATH/View/View.php(224): include('/var/www/company.qbuy.app/app/Views/themes/news/partials/_main_slider.php')
 3 SYSTEMPATH/View/View.php(227): CodeIgniter\View\View->CodeIgniter\View\{closure}()
 4 SYSTEMPATH/Common.php(1180): CodeIgniter\View\View->render()
 5 APPPATH/Views/themes/magazine/index.php(30): view()
 6 SYSTEMPATH/View/View.php(224): include('/var/www/company.qbuy.app/app/Views/themes/magazine/index.php')
 7 SYSTEMPATH/View/View.php(227): CodeIgniter\View\View->CodeIgniter\View\{closure}()
 8 SYSTEMPATH/Common.php(1180): CodeIgniter\View\View->render()
 9 APPPATH/Common.php(91): view()
10 APPPATH/Controllers/HomeController.php(53): loadView()
11 SYSTEMPATH/CodeIgniter.php(932): App\Controllers\HomeController->index()
12 SYSTEMPATH/CodeIgniter.php(497): CodeIgniter\CodeIgniter->runController()
13 SYSTEMPATH/CodeIgniter.php(366): CodeIgniter\CodeIgniter->handleRequest()
14 FCPATH/index.php(78): CodeIgniter\CodeIgniter->run()
CRITICAL - 2024-06-10 10:04:00 --> Attempt to read property "name" on array
in APPPATH/Views/themes/news/partials/_main_slider.php on line 175.
 1 APPPATH/Views/themes/news/partials/_main_slider.php(175): CodeIgniter\Debug\Exceptions->errorHandler()
 2 SYSTEMPATH/View/View.php(224): include('/var/www/company.qbuy.app/app/Views/themes/news/partials/_main_slider.php')
 3 SYSTEMPATH/View/View.php(227): CodeIgniter\View\View->CodeIgniter\View\{closure}()
 4 SYSTEMPATH/Common.php(1180): CodeIgniter\View\View->render()
 5 APPPATH/Views/themes/magazine/index.php(30): view()
 6 SYSTEMPATH/View/View.php(224): include('/var/www/company.qbuy.app/app/Views/themes/magazine/index.php')
 7 SYSTEMPATH/View/View.php(227): CodeIgniter\View\View->CodeIgniter\View\{closure}()
 8 SYSTEMPATH/Common.php(1180): CodeIgniter\View\View->render()
 9 APPPATH/Common.php(91): view()
10 APPPATH/Controllers/HomeController.php(53): loadView()
11 SYSTEMPATH/CodeIgniter.php(932): App\Controllers\HomeController->index()
12 SYSTEMPATH/CodeIgniter.php(497): CodeIgniter\CodeIgniter->runController()
13 SYSTEMPATH/CodeIgniter.php(366): CodeIgniter\CodeIgniter->handleRequest()
14 FCPATH/index.php(78): CodeIgniter\CodeIgniter->run()
CRITICAL - 2024-06-10 10:04:00 --> Attempt to read property "name" on array
in APPPATH/Views/themes/news/partials/_main_slider.php on line 175.
 1 APPPATH/Views/themes/news/partials/_main_slider.php(175): CodeIgniter\Debug\Exceptions->errorHandler()
 2 SYSTEMPATH/View/View.php(224): include('/var/www/company.qbuy.app/app/Views/themes/news/partials/_main_slider.php')
 3 SYSTEMPATH/View/View.php(227): CodeIgniter\View\View->CodeIgniter\View\{closure}()
 4 SYSTEMPATH/Common.php(1180): CodeIgniter\View\View->render()
 5 APPPATH/Views/themes/magazine/index.php(30): view()
 6 SYSTEMPATH/View/View.php(224): include('/var/www/company.qbuy.app/app/Views/themes/magazine/index.php')
 7 SYSTEMPATH/View/View.php(227): CodeIgniter\View\View->CodeIgniter\View\{closure}()
 8 SYSTEMPATH/Common.php(1180): CodeIgniter\View\View->render()
 9 APPPATH/Common.php(91): view()
10 APPPATH/Controllers/HomeController.php(53): loadView()
11 SYSTEMPATH/CodeIgniter.php(932): App\Controllers\HomeController->index()
12 SYSTEMPATH/CodeIgniter.php(497): CodeIgniter\CodeIgniter->runController()
13 SYSTEMPATH/CodeIgniter.php(366): CodeIgniter\CodeIgniter->handleRequest()
14 FCPATH/index.php(78): CodeIgniter\CodeIgniter->run()
CRITICAL - 2024-06-10 10:04:00 --> Attempt to read property "name" on array
in APPPATH/Views/themes/news/partials/_main_slider.php on line 175.
 1 APPPATH/Views/themes/news/partials/_main_slider.php(175): CodeIgniter\Debug\Exceptions->errorHandler()
 2 SYSTEMPATH/View/View.php(224): include('/var/www/company.qbuy.app/app/Views/themes/news/partials/_main_slider.php')
 3 SYSTEMPATH/View/View.php(227): CodeIgniter\View\View->CodeIgniter\View\{closure}()
 4 SYSTEMPATH/Common.php(1180): CodeIgniter\View\View->render()
 5 APPPATH/Views/themes/magazine/index.php(30): view()
 6 SYSTEMPATH/View/View.php(224): include('/var/www/company.qbuy.app/app/Views/themes/magazine/index.php')
 7 SYSTEMPATH/View/View.php(227): CodeIgniter\View\View->CodeIgniter\View\{closure}()
 8 SYSTEMPATH/Common.php(1180): CodeIgniter\View\View->render()
 9 APPPATH/Common.php(91): view()
10 APPPATH/Controllers/HomeController.php(53): loadView()
11 SYSTEMPATH/CodeIgniter.php(932): App\Controllers\HomeController->index()
12 SYSTEMPATH/CodeIgniter.php(497): CodeIgniter\CodeIgniter->runController()
13 SYSTEMPATH/CodeIgniter.php(366): CodeIgniter\CodeIgniter->handleRequest()
14 FCPATH/index.php(78): CodeIgniter\CodeIgniter->run()
CRITICAL - 2024-06-10 10:04:01 --> Attempt to read property "name" on array
in APPPATH/Views/themes/news/partials/_main_slider.php on line 175.
 1 APPPATH/Views/themes/news/partials/_main_slider.php(175): CodeIgniter\Debug\Exceptions->errorHandler()
 2 SYSTEMPATH/View/View.php(224): include('/var/www/company.qbuy.app/app/Views/themes/news/partials/_main_slider.php')
 3 SYSTEMPATH/View/View.php(227): CodeIgniter\View\View->CodeIgniter\View\{closure}()
 4 SYSTEMPATH/Common.php(1180): CodeIgniter\View\View->render()
 5 APPPATH/Views/themes/magazine/index.php(30): view()
 6 SYSTEMPATH/View/View.php(224): include('/var/www/company.qbuy.app/app/Views/themes/magazine/index.php')
 7 SYSTEMPATH/View/View.php(227): CodeIgniter\View\View->CodeIgniter\View\{closure}()
 8 SYSTEMPATH/Common.php(1180): CodeIgniter\View\View->render()
 9 APPPATH/Common.php(91): view()
10 APPPATH/Controllers/HomeController.php(53): loadView()
11 SYSTEMPATH/CodeIgniter.php(932): App\Controllers\HomeController->index()
12 SYSTEMPATH/CodeIgniter.php(497): CodeIgniter\CodeIgniter->runController()
13 SYSTEMPATH/CodeIgniter.php(366): CodeIgniter\CodeIgniter->handleRequest()
14 FCPATH/index.php(78): CodeIgniter\CodeIgniter->run()
CRITICAL - 2024-06-10 10:07:51 --> Attempt to read property "name" on array
in APPPATH/Views/themes/news/partials/_main_slider.php on line 175.
 1 APPPATH/Views/themes/news/partials/_main_slider.php(175): CodeIgniter\Debug\Exceptions->errorHandler()
 2 SYSTEMPATH/View/View.php(224): include('/var/www/company.qbuy.app/app/Views/themes/news/partials/_main_slider.php')
 3 SYSTEMPATH/View/View.php(227): CodeIgniter\View\View->CodeIgniter\View\{closure}()
 4 SYSTEMPATH/Common.php(1180): CodeIgniter\View\View->render()
 5 APPPATH/Views/themes/magazine/index.php(30): view()
 6 SYSTEMPATH/View/View.php(224): include('/var/www/company.qbuy.app/app/Views/themes/magazine/index.php')
 7 SYSTEMPATH/View/View.php(227): CodeIgniter\View\View->CodeIgniter\View\{closure}()
 8 SYSTEMPATH/Common.php(1180): CodeIgniter\View\View->render()
 9 APPPATH/Common.php(91): view()
10 APPPATH/Controllers/HomeController.php(53): loadView()
11 SYSTEMPATH/CodeIgniter.php(932): App\Controllers\HomeController->index()
12 SYSTEMPATH/CodeIgniter.php(497): CodeIgniter\CodeIgniter->runController()
13 SYSTEMPATH/CodeIgniter.php(366): CodeIgniter\CodeIgniter->handleRequest()
14 FCPATH/index.php(78): CodeIgniter\CodeIgniter->run()
CRITICAL - 2024-06-10 10:09:20 --> Undefined property: CodeIgniter\Database\MySQLi\Result::$name
in APPPATH/Views/themes/news/partials/_main_slider.php on line 175.
 1 APPPATH/Views/themes/news/partials/_main_slider.php(175): CodeIgniter\Debug\Exceptions->errorHandler()
 2 SYSTEMPATH/View/View.php(224): include('/var/www/company.qbuy.app/app/Views/themes/news/partials/_main_slider.php')
 3 SYSTEMPATH/View/View.php(227): CodeIgniter\View\View->CodeIgniter\View\{closure}()
 4 SYSTEMPATH/Common.php(1180): CodeIgniter\View\View->render()
 5 APPPATH/Views/themes/magazine/index.php(30): view()
 6 SYSTEMPATH/View/View.php(224): include('/var/www/company.qbuy.app/app/Views/themes/magazine/index.php')
 7 SYSTEMPATH/View/View.php(227): CodeIgniter\View\View->CodeIgniter\View\{closure}()
 8 SYSTEMPATH/Common.php(1180): CodeIgniter\View\View->render()
 9 APPPATH/Common.php(91): view()
10 APPPATH/Controllers/HomeController.php(53): loadView()
11 SYSTEMPATH/CodeIgniter.php(932): App\Controllers\HomeController->index()
12 SYSTEMPATH/CodeIgniter.php(497): CodeIgniter\CodeIgniter->runController()
13 SYSTEMPATH/CodeIgniter.php(366): CodeIgniter\CodeIgniter->handleRequest()
14 FCPATH/index.php(78): CodeIgniter\CodeIgniter->run()
CRITICAL - 2024-06-10 10:15:58 --> Call to undefined function getSubCategoriesByParentId()
in APPPATH/Views/themes/news/partials/_main_slider.php on line 136.
 1 SYSTEMPATH/View/View.php(224): include()
 2 SYSTEMPATH/View/View.php(227): CodeIgniter\View\View->CodeIgniter\View\{closure}()
 3 SYSTEMPATH/Common.php(1180): CodeIgniter\View\View->render()
 4 APPPATH/Views/themes/magazine/index.php(30): view()
 5 SYSTEMPATH/View/View.php(224): include('/var/www/company.qbuy.app/app/Views/themes/magazine/index.php')
 6 SYSTEMPATH/View/View.php(227): CodeIgniter\View\View->CodeIgniter\View\{closure}()
 7 SYSTEMPATH/Common.php(1180): CodeIgniter\View\View->render()
 8 APPPATH/Common.php(91): view()
 9 APPPATH/Controllers/HomeController.php(53): loadView()
10 SYSTEMPATH/CodeIgniter.php(932): App\Controllers\HomeController->index()
11 SYSTEMPATH/CodeIgniter.php(497): CodeIgniter\CodeIgniter->runController()
12 SYSTEMPATH/CodeIgniter.php(366): CodeIgniter\CodeIgniter->handleRequest()
13 FCPATH/index.php(78): CodeIgniter\CodeIgniter->run()
CRITICAL - 2024-06-10 10:16:00 --> Call to undefined function getSubCategoriesByParentId()
in APPPATH/Views/themes/news/partials/_main_slider.php on line 136.
 1 SYSTEMPATH/View/View.php(224): include()
 2 SYSTEMPATH/View/View.php(227): CodeIgniter\View\View->CodeIgniter\View\{closure}()
 3 SYSTEMPATH/Common.php(1180): CodeIgniter\View\View->render()
 4 APPPATH/Views/themes/magazine/index.php(30): view()
 5 SYSTEMPATH/View/View.php(224): include('/var/www/company.qbuy.app/app/Views/themes/magazine/index.php')
 6 SYSTEMPATH/View/View.php(227): CodeIgniter\View\View->CodeIgniter\View\{closure}()
 7 SYSTEMPATH/Common.php(1180): CodeIgniter\View\View->render()
 8 APPPATH/Common.php(91): view()
 9 APPPATH/Controllers/HomeController.php(53): loadView()
10 SYSTEMPATH/CodeIgniter.php(932): App\Controllers\HomeController->index()
11 SYSTEMPATH/CodeIgniter.php(497): CodeIgniter\CodeIgniter->runController()
12 SYSTEMPATH/CodeIgniter.php(366): CodeIgniter\CodeIgniter->handleRequest()
13 FCPATH/index.php(78): CodeIgniter\CodeIgniter->run()
CRITICAL - 2024-06-10 10:16:00 --> Call to undefined function getSubCategoriesByParentId()
in APPPATH/Views/themes/news/partials/_main_slider.php on line 136.
 1 SYSTEMPATH/View/View.php(224): include()
 2 SYSTEMPATH/View/View.php(227): CodeIgniter\View\View->CodeIgniter\View\{closure}()
 3 SYSTEMPATH/Common.php(1180): CodeIgniter\View\View->render()
 4 APPPATH/Views/themes/magazine/index.php(30): view()
 5 SYSTEMPATH/View/View.php(224): include('/var/www/company.qbuy.app/app/Views/themes/magazine/index.php')
 6 SYSTEMPATH/View/View.php(227): CodeIgniter\View\View->CodeIgniter\View\{closure}()
 7 SYSTEMPATH/Common.php(1180): CodeIgniter\View\View->render()
 8 APPPATH/Common.php(91): view()
 9 APPPATH/Controllers/HomeController.php(53): loadView()
10 SYSTEMPATH/CodeIgniter.php(932): App\Controllers\HomeController->index()
11 SYSTEMPATH/CodeIgniter.php(497): CodeIgniter\CodeIgniter->runController()
12 SYSTEMPATH/CodeIgniter.php(366): CodeIgniter\CodeIgniter->handleRequest()
13 FCPATH/index.php(78): CodeIgniter\CodeIgniter->run()
CRITICAL - 2024-06-10 10:16:01 --> Call to undefined function getSubCategoriesByParentId()
in APPPATH/Views/themes/news/partials/_main_slider.php on line 136.
 1 SYSTEMPATH/View/View.php(224): include()
 2 SYSTEMPATH/View/View.php(227): CodeIgniter\View\View->CodeIgniter\View\{closure}()
 3 SYSTEMPATH/Common.php(1180): CodeIgniter\View\View->render()
 4 APPPATH/Views/themes/magazine/index.php(30): view()
 5 SYSTEMPATH/View/View.php(224): include('/var/www/company.qbuy.app/app/Views/themes/magazine/index.php')
 6 SYSTEMPATH/View/View.php(227): CodeIgniter\View\View->CodeIgniter\View\{closure}()
 7 SYSTEMPATH/Common.php(1180): CodeIgniter\View\View->render()
 8 APPPATH/Common.php(91): view()
 9 APPPATH/Controllers/HomeController.php(53): loadView()
10 SYSTEMPATH/CodeIgniter.php(932): App\Controllers\HomeController->index()
11 SYSTEMPATH/CodeIgniter.php(497): CodeIgniter\CodeIgniter->runController()
12 SYSTEMPATH/CodeIgniter.php(366): CodeIgniter\CodeIgniter->handleRequest()
13 FCPATH/index.php(78): CodeIgniter\CodeIgniter->run()
CRITICAL - 2024-06-10 10:16:05 --> Undefined variable $categoryChild
in APPPATH/Views/themes/news/partials/_main_slider.php on line 175.
 1 APPPATH/Views/themes/news/partials/_main_slider.php(175): CodeIgniter\Debug\Exceptions->errorHandler()
 2 SYSTEMPATH/View/View.php(224): include('/var/www/company.qbuy.app/app/Views/themes/news/partials/_main_slider.php')
 3 SYSTEMPATH/View/View.php(227): CodeIgniter\View\View->CodeIgniter\View\{closure}()
 4 SYSTEMPATH/Common.php(1180): CodeIgniter\View\View->render()
 5 APPPATH/Views/themes/magazine/index.php(30): view()
 6 SYSTEMPATH/View/View.php(224): include('/var/www/company.qbuy.app/app/Views/themes/magazine/index.php')
 7 SYSTEMPATH/View/View.php(227): CodeIgniter\View\View->CodeIgniter\View\{closure}()
 8 SYSTEMPATH/Common.php(1180): CodeIgniter\View\View->render()
 9 APPPATH/Common.php(91): view()
10 APPPATH/Controllers/HomeController.php(53): loadView()
11 SYSTEMPATH/CodeIgniter.php(932): App\Controllers\HomeController->index()
12 SYSTEMPATH/CodeIgniter.php(497): CodeIgniter\CodeIgniter->runController()
13 SYSTEMPATH/CodeIgniter.php(366): CodeIgniter\CodeIgniter->handleRequest()
14 FCPATH/index.php(78): CodeIgniter\CodeIgniter->run()
CRITICAL - 2024-06-10 10:31:30 --> Attempt to read property "name" on array
in APPPATH/Views/themes/news/partials/_main_slider.php on line 144.
 1 APPPATH/Views/themes/news/partials/_main_slider.php(144): CodeIgniter\Debug\Exceptions->errorHandler()
 2 SYSTEMPATH/View/View.php(224): include('/var/www/company.qbuy.app/app/Views/themes/news/partials/_main_slider.php')
 3 SYSTEMPATH/View/View.php(227): CodeIgniter\View\View->CodeIgniter\View\{closure}()
 4 SYSTEMPATH/Common.php(1180): CodeIgniter\View\View->render()
 5 APPPATH/Views/themes/magazine/index.php(30): view()
 6 SYSTEMPATH/View/View.php(224): include('/var/www/company.qbuy.app/app/Views/themes/magazine/index.php')
 7 SYSTEMPATH/View/View.php(227): CodeIgniter\View\View->CodeIgniter\View\{closure}()
 8 SYSTEMPATH/Common.php(1180): CodeIgniter\View\View->render()
 9 APPPATH/Common.php(91): view()
10 APPPATH/Controllers/HomeController.php(53): loadView()
11 SYSTEMPATH/CodeIgniter.php(932): App\Controllers\HomeController->index()
12 SYSTEMPATH/CodeIgniter.php(497): CodeIgniter\CodeIgniter->runController()
13 SYSTEMPATH/CodeIgniter.php(366): CodeIgniter\CodeIgniter->handleRequest()
14 FCPATH/index.php(78): CodeIgniter\CodeIgniter->run()
CRITICAL - 2024-06-10 10:31:48 --> Attempt to read property "name" on array
in APPPATH/Views/themes/news/partials/_main_slider.php on line 142.
 1 APPPATH/Views/themes/news/partials/_main_slider.php(142): CodeIgniter\Debug\Exceptions->errorHandler()
 2 SYSTEMPATH/View/View.php(224): include('/var/www/company.qbuy.app/app/Views/themes/news/partials/_main_slider.php')
 3 SYSTEMPATH/View/View.php(227): CodeIgniter\View\View->CodeIgniter\View\{closure}()
 4 SYSTEMPATH/Common.php(1180): CodeIgniter\View\View->render()
 5 APPPATH/Views/themes/magazine/index.php(30): view()
 6 SYSTEMPATH/View/View.php(224): include('/var/www/company.qbuy.app/app/Views/themes/magazine/index.php')
 7 SYSTEMPATH/View/View.php(227): CodeIgniter\View\View->CodeIgniter\View\{closure}()
 8 SYSTEMPATH/Common.php(1180): CodeIgniter\View\View->render()
 9 APPPATH/Common.php(91): view()
10 APPPATH/Controllers/HomeController.php(53): loadView()
11 SYSTEMPATH/CodeIgniter.php(932): App\Controllers\HomeController->index()
12 SYSTEMPATH/CodeIgniter.php(497): CodeIgniter\CodeIgniter->runController()
13 SYSTEMPATH/CodeIgniter.php(366): CodeIgniter\CodeIgniter->handleRequest()
14 FCPATH/index.php(78): CodeIgniter\CodeIgniter->run()
CRITICAL - 2024-06-10 10:31:49 --> Attempt to read property "name" on array
in APPPATH/Views/themes/news/partials/_main_slider.php on line 142.
 1 APPPATH/Views/themes/news/partials/_main_slider.php(142): CodeIgniter\Debug\Exceptions->errorHandler()
 2 SYSTEMPATH/View/View.php(224): include('/var/www/company.qbuy.app/app/Views/themes/news/partials/_main_slider.php')
 3 SYSTEMPATH/View/View.php(227): CodeIgniter\View\View->CodeIgniter\View\{closure}()
 4 SYSTEMPATH/Common.php(1180): CodeIgniter\View\View->render()
 5 APPPATH/Views/themes/magazine/index.php(30): view()
 6 SYSTEMPATH/View/View.php(224): include('/var/www/company.qbuy.app/app/Views/themes/magazine/index.php')
 7 SYSTEMPATH/View/View.php(227): CodeIgniter\View\View->CodeIgniter\View\{closure}()
 8 SYSTEMPATH/Common.php(1180): CodeIgniter\View\View->render()
 9 APPPATH/Common.php(91): view()
10 APPPATH/Controllers/HomeController.php(53): loadView()
11 SYSTEMPATH/CodeIgniter.php(932): App\Controllers\HomeController->index()
12 SYSTEMPATH/CodeIgniter.php(497): CodeIgniter\CodeIgniter->runController()
13 SYSTEMPATH/CodeIgniter.php(366): CodeIgniter\CodeIgniter->handleRequest()
14 FCPATH/index.php(78): CodeIgniter\CodeIgniter->run()
