CRITICAL - 2024-05-07 04:27:21 --> Uncaught ErrorException: Undefined variable $activeTheme in /var/www/news.qbuy.app/app/Views/errors/html/error_404.php:2
Stack trace:
#0 /var/www/news.qbuy.app/app/Views/errors/html/error_404.php(2): CodeIgniter\Debug\Exceptions->errorHandler()
#1 /var/www/news.qbuy.app/system/Debug/Exceptions.php(282): include('...')
#2 /var/www/news.qbuy.app/system/Debug/Exceptions.php(285): CodeIgniter\Debug\Exceptions->CodeIgniter\Debug\{closure}()
#3 /var/www/news.qbuy.app/system/Debug/Exceptions.php(156): CodeIgniter\Debug\Exceptions->render()
#4 [internal function]: CodeIgniter\Debug\Exceptions->exceptionHandler()
#5 {main}
  thrown
ã€Previous Exceptionã€‘
CodeIgniter\Exceptions\PageNotFoundException
Page Not Found
#0 /var/www/news.qbuy.app/system/CodeIgniter.php(991): CodeIgniter\Exceptions\PageNotFoundException::forPageNotFound()
#1 /var/www/news.qbuy.app/system/CodeIgniter.php(385): CodeIgniter\CodeIgniter->display404errors()
#2 /var/www/news.qbuy.app/index.php(78): CodeIgniter\CodeIgniter->run()
#3 {main}
in APPPATH/Views/errors/html/error_404.php on line 2.
 1 [internal function]: CodeIgniter\Debug\Exceptions->shutdownHandler()
CRITICAL - 2024-05-07 02:27:59 --> ini_set(): Session ini settings cannot be changed after headers have already been sent
in SYSTEMPATH/Session/Session.php on line 294.
 1 [internal function]: CodeIgniter\Debug\Exceptions->errorHandler()
 2 SYSTEMPATH/Session/Session.php(294): ini_set()
 3 SYSTEMPATH/Session/Session.php(240): CodeIgniter\Session\Session->configure()
 4 SYSTEMPATH/Config/Services.php(674): CodeIgniter\Session\Session->start()
 5 SYSTEMPATH/Config/BaseService.php(252): CodeIgniter\Config\Services::session()
 6 SYSTEMPATH/Config/BaseService.php(193): CodeIgniter\Config\BaseService::__callStatic()
 7 SYSTEMPATH/Config/Services.php(641): CodeIgniter\Config\BaseService::getSharedInstance()
 8 SYSTEMPATH/Config/BaseService.php(252): CodeIgniter\Config\Services::session()
 9 APPPATH/Config/Globals.php(29): CodeIgniter\Config\BaseService::__callStatic()
10 APPPATH/Config/Globals.php(120): Config\Globals::setGlobals()
11 SYSTEMPATH/Autoloader/Autoloader.php(312): include_once('/var/www/news.qbuy.app/app/Config/Globals.php')
12 SYSTEMPATH/Autoloader/Autoloader.php(289): CodeIgniter\Autoloader\Autoloader->includeFile()
13 SYSTEMPATH/Autoloader/Autoloader.php(267): CodeIgniter\Autoloader\Autoloader->loadInNamespace()
14 APPPATH/Config/Routes.php(7): CodeIgniter\Autoloader\Autoloader->loadClass()
15 SYSTEMPATH/Router/RouteCollection.php(267): require('/var/www/news.qbuy.app/app/Config/Routes.php')
16 SYSTEMPATH/CodeIgniter.php(800): CodeIgniter\Router\RouteCollection->loadRoutes()
17 SYSTEMPATH/CodeIgniter.php(447): CodeIgniter\CodeIgniter->tryToRouteIt()
18 SYSTEMPATH/CodeIgniter.php(366): CodeIgniter\CodeIgniter->handleRequest()
19 FCPATH/index.php(78): CodeIgniter\CodeIgniter->run()
CRITICAL - 2024-05-07 02:28:01 --> ini_set(): Session ini settings cannot be changed after headers have already been sent
in SYSTEMPATH/Session/Session.php on line 294.
 1 [internal function]: CodeIgniter\Debug\Exceptions->errorHandler()
 2 SYSTEMPATH/Session/Session.php(294): ini_set()
 3 SYSTEMPATH/Session/Session.php(240): CodeIgniter\Session\Session->configure()
 4 SYSTEMPATH/Config/Services.php(674): CodeIgniter\Session\Session->start()
 5 SYSTEMPATH/Config/BaseService.php(252): CodeIgniter\Config\Services::session()
 6 SYSTEMPATH/Config/BaseService.php(193): CodeIgniter\Config\BaseService::__callStatic()
 7 SYSTEMPATH/Config/Services.php(641): CodeIgniter\Config\BaseService::getSharedInstance()
 8 SYSTEMPATH/Config/BaseService.php(252): CodeIgniter\Config\Services::session()
 9 APPPATH/Config/Globals.php(29): CodeIgniter\Config\BaseService::__callStatic()
10 APPPATH/Config/Globals.php(120): Config\Globals::setGlobals()
11 SYSTEMPATH/Autoloader/Autoloader.php(312): include_once('/var/www/news.qbuy.app/app/Config/Globals.php')
12 SYSTEMPATH/Autoloader/Autoloader.php(289): CodeIgniter\Autoloader\Autoloader->includeFile()
13 SYSTEMPATH/Autoloader/Autoloader.php(267): CodeIgniter\Autoloader\Autoloader->loadInNamespace()
14 APPPATH/Config/Routes.php(7): CodeIgniter\Autoloader\Autoloader->loadClass()
15 SYSTEMPATH/Router/RouteCollection.php(267): require('/var/www/news.qbuy.app/app/Config/Routes.php')
16 SYSTEMPATH/CodeIgniter.php(800): CodeIgniter\Router\RouteCollection->loadRoutes()
17 SYSTEMPATH/CodeIgniter.php(447): CodeIgniter\CodeIgniter->tryToRouteIt()
18 SYSTEMPATH/CodeIgniter.php(366): CodeIgniter\CodeIgniter->handleRequest()
19 FCPATH/index.php(78): CodeIgniter\CodeIgniter->run()
